<?xml version="1.0" encoding="UTF-8"?>
<robot generator="Robot 6.1.1 (Python 3.11.3 on win32)" generated="20240412 14:38:38.060" rpa="false" schemaversion="4">
<suite id="s1" name="Suite" source="C:\Users\quems\Desktop\Teste_estudos\nuclone-appium-robot\testes_robot\suite.robot">
<test id="s1-t1" name="Ver meu saldo" line="7">
<kw name="Open Application" library="AppiumLibrary">
<arg>http://localhost:4723/wd/hub</arg>
<arg>appium:automationName=UiAutomator2</arg>
<arg>platformName=Android</arg>
<arg>appium:deviceName=xiaomi</arg>
<arg>appium:app=C:\\Users\\quems\\Desktop\\Teste_estudos\\nuclone-appium-robot\\app\\nuclone.apk</arg>
<arg>appium:udid=17fbb02b</arg>
<doc>Opens a new application to given Appium server.
Capabilities of appium server, Android and iOS,
Please check https://github.com/appium/appium/blob/master/docs/en/writing-running-appium/server-args.md
| *Option*            | *Man.* | *Description*     |
| remote_url          | Yes    | Appium server url |
| alias               | no     | alias             |
| strict_ssl          | No     | allows you to send commands to an invalid certificate host like a self-signed one. |</doc>
<status status="PASS" starttime="20240412 14:38:38.354" endtime="20240412 14:38:54.461"/>
</kw>
<kw name="Wait Until Element Is Visible" library="AppiumLibrary">
<arg>accessibility_id=card-hero</arg>
<arg>10</arg>
<doc>Waits until element specified with `locator` is visible.</doc>
<status status="PASS" starttime="20240412 14:38:54.461" endtime="20240412 14:38:56.522"/>
</kw>
<kw name="Click Element" library="AppiumLibrary">
<arg>accessibility_id=show-balance</arg>
<doc>Click element identified by `locator`.</doc>
<msg timestamp="20240412 14:38:56.524" level="INFO">Clicking element 'accessibility_id=show-balance'.</msg>
<status status="PASS" starttime="20240412 14:38:56.522" endtime="20240412 14:38:56.715"/>
</kw>
<kw name="Wait Until Element Is Visible" library="AppiumLibrary">
<arg>accessibility_id=user-balance</arg>
<arg>5</arg>
<doc>Waits until element specified with `locator` is visible.</doc>
<status status="PASS" starttime="20240412 14:38:56.715" endtime="20240412 14:38:57.417"/>
</kw>
<kw name="Element Text Should Be" library="AppiumLibrary">
<arg>accessibility_id=user-balance</arg>
<arg>R$ 5.500,00</arg>
<doc>Verifies element identified by ``locator`` exactly contains text ``expected``.</doc>
<msg timestamp="20240412 14:38:57.431" level="INFO">Verifying element 'accessibility_id=user-balance' contains exactly text 'R$ 5.500,00'.</msg>
<status status="PASS" starttime="20240412 14:38:57.417" endtime="20240412 14:38:57.556"/>
</kw>
<kw name="Capture Page Screenshot" library="AppiumLibrary">
<doc>Takes a screenshot of the current page and embeds it into the log.</doc>
<msg timestamp="20240412 14:38:58.648" level="INFO" html="true">&lt;/td&gt;&lt;/tr&gt;&lt;tr&gt;&lt;td colspan="3"&gt;&lt;img src="data:image/png;base64, iVBORw0KGgoAAAANSUhEUgAABDgAAAkkCAYAAAD508+vAAAAAXNSR0IArs4c6QAAAARzQklUCAgI
CHwIZIgAACAASURBVHic7N1pcBxnnuf3X2bdN26Q4AXeNymSoiSydUtNtXq6W9Pd0z3HenYdtmNt
h2NfeF84wi/GsQ47wn7hd47wztq7+2K9szHunumZ6elDal0UJZEtniIp3jdIgriBus+s9IsiiigU
QNwAk/x+GAqhsvJ4CkChMn/5PP/H+IuNf2kLAAAAAADAwcylbgAAAAAAAMBcEXAAAAAAAADHI+AA
AAAAAACOR8ABAAAAAAAcj4ADAAAAAAA4HgEHAAAAAABwPAIOAAAAAADgeAQcAAAAAADA8Qg4AAAA
AACA4xFwAAAAAAAAxyPgAAAAAAAAjkfAAQAAAAAAHI+AAwAAAAAAOB4BBwAAAAAAcDwCDgAAAAAA
4HgEHAAAAAAAwPEIOAAAAAAAgOMRcAAAAAAAAMcj4AAAAAAAAI5HwAEAAAAAAByPgAMAAAAAADge
AQcAAAAAAHA8Ag4AAAAAAOB4BBwAAAAAAMDxCDgAAAAAAIDjEXAAAAAAAADHI+AAAAAAAACOR8AB
AAAAAAAcj4ADAAAAAAA4HgEHAAAAAABwPAIOAAAAAADgeO6lbgAAOElv/q568veULiWVK6clSX4z
pKArpGZvu5b5V8tjeJe4lQAAAMCzh4ADeAIkSsM6nziuol3Qt5remfUFcsku6ouh9+U2PNoVfVFR
d+M8t/TZdC93U7cyl3U/d0tFOz/l+su8q7U7ekBtvhWL0LrZsR/+mynj4T8AAADgSUPAgadWoZxX
d+62unN3lCgNKWtlJEkBV0BRd7OW+1dphX+dvKavZruR4oAupc6oydOqzeHnFrSNlm3pQvKErqXP
q6yyJOla6ry2RfbNan9XU2fVX+iWJPX039XG0A7tjLwo02A02mz057t1bPgjxa2BGW3XU+hSz0CX
VvjWam/sVTV4mheohTOXL2d1K3NZA4VelW1rxtu3+1ZoY3iXTEY4AgAgSUpbSZ2NH5PH9Gh/wxuL
fvyyyhou9Gmg0KeUNaJkaUSZUlIlu6SSXZItWx7DI7fhVsAVVtgdU9TdoCZPm5q87XIZrkVv83hp
K6GuzDX1FR4oYyWUtlJL3aRZCbkiCroiavMu1+rgRoVc0aVukuLFQcWeoHPRhUbAgaeOZZd0LX1e
l1NnJ7zbnrSKSloJ3c/f0tnEV9oc2qnN4T0yDVNDhT4dGfq1inZB93I31eFfq4g7tiDtTFtJ/X74
Qw0V+2uWZx8Oe5iNbDlT/dpWWVfT5zSQ79aLjW8rvECv42mUshI6Mfyp7uVvzGk/9/O3dL/vlraE
9mp/w+vz07i5tCd3WydHDitljVQDtZkImBFti+ylBwcAAKr0hryZuaRzid+rZBcladECjpJd0v3c
Ld3NXld/4UH1+JPJ25bytpQupzRQ7Kkud8mtZm+7VgXWa+UEN/4Ww6XkKV1InVr04y6EtJVU2kqq
v9CtC6lT2h7ep62zvHE5H25nrqhgF56pgMP4i41/OfM+ysATKmOldGzoAw2VZnbHvcndos2RPTo5
8pmKdkGSFDDD+m7bny5I74fhYr8+H/yN8nauuswltzaHd2lzeI/cxuyyx5Jd0oXkcV1Lf1Mz/MBv
BvV68w8WLKwZ71zi2JTr7IoemHD5cLFfIVd0ST5gpcpwoQ/6f1atrzFWg7tVbd4VWuZfpZi7SWF3
TCW7qEwpqXhpUL35+7qXu6lsuf6uQ6tnuV5veU9+M7gYL6NOojSsj/v/TqnyyKy2D5kxvdb8PTV5
2wg4AACQdHT4Q93P3axZ9pPl//WCHjNtJXQldVZ3stemDDVmyiW3VvjXamtkz6INcz469Dt1528v
yrGWSoevUwebDi36cW9nruhk/DO92/YnT0RPksVCD45ZyJezchluuQ3PnPZjy1a6lKhZZhouBV3h
Oe13vFw5o+FCv7LljCzbksfwKOSKKOppks/0z3h/lm0pXhxU0hpRoVyQyzDlN0Nq8DTPe9tnImOl
9MnAP9RcXMbcjeoMbtUy38qHbTOUsZLqzd/XtdRZpR+uO1Qa0LHhD6vb+YyAXml+d0HCjZHigI4M
/kaFMeFGi2eZXmh8UyFXpLrMlq3BQq+6c7c0VBxQzkqPGWYTlN8VUpOnRR3+tWr2tsuQIbfh1u7o
Qa30r9fJkcNKWJWL2Vw5o88Hf6XXW95blJ/R2eTsAo7hYr8+6P+5wq6oDrX+ZNFDjsnCjSZ3uw42
HVKjp7VuG7fhlt8bUJO3TWuDWyVJV1Jf62zy98qP6VHTX3ygX/X+R73V8sMJ97PQLiXPVMONgBnW
xtBOdfjWTPg97is80Kn44WrYFzJjer35+2rytkmq/A0wDZOgAwDwTBsfbiykjJXSheQJdWWvz6oX
5nRYKqkrd01duWta4V+nnZH9irgbFuRYknQxeeqpDzckqTt/WxeTp2Y9BH02RsONDl/nMxVuSAQc
01ayi+rJ39WdzDXdyV7Wt1t/olZvx5z22ZW9piNDv6pZ1uZZoXfa/nhO+x01XOzXheRJ3cpemvB5
l1xaG9yubeG9inmaptxfyS7pevq8LiZPK12OT7jOav8m7YjsV7O3fU5tnynLLunY0AfVcMOUS7uj
B7Q+tK3uIizqblTU3ai1wS26nDqtK6lzKutRLQKfEdBrLd9TzD3192SmUlZCRwZ/XRNubAzu0K7o
gWqYYtklXU9/oyupc8rb2Qn3k7TiSlpx9Re6dSV9Tj4joM3hXdoQ2iGXUelq+HbrH+nrxJe6man8
/NPllD4f/LVeb/mBfGZg3l/bTNmya342lXDjZyraeQ2Xcjo8+A/6dutPFu0ierJw4/noazPuWrg5
/JzWhbbpy6EPdDd3rbo8W07p44G/13vL/tmizrRiy1Zf4b4kyWN49WrTH0xaADVViutC8sTDdX0K
u2I60Ph2NdzIWmmdih/RCw1vLlkvGwAAnhVllXU9/Y0uJE9Oq8eGS25F3DGF3DF5Da88pkeGDBXt
oorlgtKluBJWfMp93c/d1IPcHW0J79aW8B65Ztm7eDJpK6GL44alhFxhbQ3vU6tv+RN9UT7+HHas
tJVQf/6BLqVO1dQRuZg6pTWLVJMjXhzUyfhnkqQO/5oFP96ThoDjMcoqayD/QF3Z67qZvVRzN3au
cuWsTo4cmbf9jXcldU4n4588NuG1ZOl65pxuZr7RSw2HtD60bdJ1c+WMPhv4R/UV7z/2uF25q+rK
XdWLDW9rU2jXrNs/U9fS56vDUky59ErTu1POYOE23Orwdep6+kK12OJChhtlu6yvhj+qGZayNbxH
OyIvVB/fy93Uufixas+S6crbWZ1LfqXr6QvaHTuglf51chku7Y29orJt6Xb2qiQpYY3oi8Hf6K3W
H8/Pi5qBVb71anx4kSxp0nBDqlyE7294Y1F7CBwe+GVNuGHKpTea/3DWHwwew6vXmr+nL4be1+0x
IWO2nNSJkc90sPHbc27zdOWsTLW2S8zd/Nj3ht8V1BvN70myJcNQ2BWtntTky1l9OfS+MlaKcAMA
8MywZetu9rpcRmUIx2JJW0l9NfyRBot9j10v6mpQh79TK/ydapzmUNJkaUR9+W715O+qJ3+35mbf
qLIsXUyd1r3sTR1oOjSvw1buZK7VPA65wnqr5ceOOL943Pc35IoqFIyqw9+pjwf+tibkuJO5tuC9
OOLFQR0erNxA9xhedfg7F/R4TyICjnFs2YoXB3Uve1PXMxeVtIYW5DjnEseUKSemXnEWbmQu6nj8
o2mvX1ZZR0fel98V1IoJ3gS2bH05+Nspw42xvhr5SCFXZFE+BArlvC6nzlYfT3d6zrEFRaWFDTck
6ULyRE1B0Y3BHdVww5atC8kTupQ6U7NN0Ayrw79Gy/1rFHJFFHCFJFXuoqetpB7k7qg7d0eZh4FI
ppzSseEPtTW8R9sj+2XI0PMNr6tYLup+/lZl23JWZZUXfRaMnsI97Y4drBueMVG48U7rHy/qMI6b
mYuKW4PVxy659GbLj7TMt6pu3d78XV1PX1Rv/l61J1PIjKndt1IbQtvUPmYbQ4ZeaXpX5pCpm9kL
1eU3Mue1JrBh0U6Shov9sh7eqYlMcXLiNjwT9ugq2SV9OfS+egpdWhuYPAwFAOBpkraSOjnymfoK
92XKpR8v/68W5bg9+bv6aviTml6/Y3kMnzaHdmpFYN2sgoeIu0ERd4PWh7YpX86pK3tdV1JnJ6wj
lrBG9HH/32lfwytaHdg442NNpO/hrH+jtob3OSLcmC6v6dPW8L5qTwqp8pq3aeECjtFwY/ScusM/
8VDkpx0BxxgZK6Ujg/+o/uKDBT1OX/6erqS/XpB958tZnYwfrlve5lmh9aEd8rsCylgpXUmd1Uip
dvaO0/HP1eFfU5dKduduq7twp26fO8L71eLtUL6c09XU1xos9dY8fyZ+VB3+zgW/C9+du119I8fc
jY/tiTJqscMNSRopPQrLmj1t1RoUtmx9Nfyx7uYezdgRMEPaFtmntcEtE37/Rj+UlvlW6bnYt3Qr
c1kXk6eqd+kvpc4oVUroxca3ZMjQi41v6avhjxUvDehg4zuLGm40uFs1UupX0c7rg/6f6Z3Wn1bD
iych3LBsS6fjX9Qs2xd7vS7cGC7268TIp+ot3KvbR7oc181sXDezF9TuXan9DW/UvIaXGt9SX+G+
UtajAp+n418sWsAxWOiVZZckSS2TDB87E/9C8dKQ9kRfnjDg6M/f14N8l2zZk+4DAICnye3MFZ1J
fFkdzjFRL4eFOu7J+BHZE/TENuXShtA2bQnvmbchxz7Tr42hHVob3KxrqfO6nP66bghLSUV9NfKJ
slZam8PPzfmYWStZ87jVt7zm8cC3v1Ry5yVZ/voZEccrZiwV0pZCrY8f/psdKirenVcxb8ntNRVd
5pu3bVw5n6Lnt6j5w5cnfU3jX/N8Gh9uSFJnYPOCHe9JRsAxRtEuLni4UbJLOj7y2dQrzlJP/p4K
5dqkd21gmw42Haq5qF0b3KIP+n6m4dKjLm8jpX6NFAfqLi67c7frjvNSwyFtDO2oPl4d2KD3+/66
5i74cKlXidLwgoYGlfY9Cl86JwkExpoq3CjbZd3JXqkWjJwv+2Kv6Njw75S3snqx8e1qzY2LyZM1
4UaHr1MvNL4x7RoNhgytC27VqsB6HR/+tFqs6W7uhsLJqHZEXpDLcC1J9WZJeqf1p/pd/881XOqr
CTkk6YP+ny9puCFJNzOXau5WNLrbtSlcO7xqfBDzOL2Fe3VBjstw67WmP9Cv+/+qut5IqV/x4tC0
6t/MhS1bw8XB6qw67b6VNc9bdkl9+fu6lD4tQ4bWl7Yp6mmseR/ZsjVU7Kue2C1WZXUAAJbSqfjn
daHG4+ovzIfr6Qv6OvFlzWx4o1b612ln5AWFJ5gVz5atkeKAHuTuKFGKK1dOPyxQn5VhmAqYAfld
IQVcQcXcTVruX1P3ee42PNoa2au1oa26mDypm5lLde04l/xKxXJBO6IvaC7GDt2QVFObYvDbX2hk
/9nxm9SwSmUN38mp73JKvRfT6jzQqLWThBVly9aNT4fUdaq+hmDHrog2vd0sl8ec0zaWP6/hh20e
DTnG19sY/5rnS6Gcrws3Qq6wWsYFLM8KAo4prPJtkGGY6spdnZf9XU6d1vC4ng7TVbJLupg8obvZ
m/Kbfm2J7K27A5wq1U8BuTX8XN0de4/h1dbwXh0deX/c9vG6C8xEsX6YztrglprHXtOnzeHdOh7/
pGZ5upRc8IAjMaZnxERDCsaaTrhxdPgD5a3MvAccQVdYb7X8qGbZvdxNXUydrj7eGNyh3bGDs/rg
9BheHWw6pLPxo7qW+UZSpSdHg6dFK/3r5tb4OfCaPh1q/UldyCFpycMNSbqbrR0D+mJjbe2PVCle
E8RMx+hr/F7bf1Y9CWnytqszsEW3s5er693MXNCe2CtzfAWPV7bLipcqwaPXDFRPZmzZup+7pVMj
R5QYMxTvyNCv1BnYqn0Nr8r/8M6QZVvqzz8KfxeyojoAAE+KiXpQTL3N3AKQy6mv60IFQ4Z2Rw9q
Q2h73b6HCr26k72q+7muCYeXPGyUila+OrueVAkqoq4GrfCv1ergxpqww28GtDf2itp9q3R8+BOV
VNub41L6jNaHtleHTs+3xM7Lkz4X785p4GpGD84nlM9M7+dz/eMh3T1TCSpiK3xqWOFXsqegoa6s
us8lZdu2tn23bc7bjLZ9bC+OhVYo53VkXLghaVF60T+pCDjG8RherfZv0orAWrX7VspvBnQ1fX5e
Ao54cUjnEo+mz2xwtypXztTN2jCZi8mTNdNv9gze1ffa/mnNHeDN4ee0IbSzZrvJxl5N9Eep9LAb
+1jWuOQ6ZMbknqCS8kT7m80Hw0xlxxR/fdwUqNMZlnJ0+AM9yHfJYyz8eDXLLulc/NHPs8PXOetw
Y5QhQ7tjB5W2UtWeHGfjx7Tct3req1/PxGjI8UH/z6rDVUYFzajebHlvScKNol3Qg3xX9XGDu7Vu
dqSjwx+o+HD8a9CMTrt2TtHO6+jwBzr0sLeKJG0M7agJOG5kLuu52MsL+gGUL2eVftglstndKpfh
rhZL+2LoN7JkKWCGFXJFlLHSypQTupm9oKi7QTuiL8iQIWtM77aIq0neWUwvDQDAkyz/sAe0b8xn
3ES9KKb6zJ7rZ/qOyPM6Gf+semyP4dVLjW9pmW91zXqJ0rC+SZ6c01S1CWtEifQZXU5/rbXBLdoe
eV5+M1h9foW/U2+0/EBfjJmpUJJW+dcvWLghadJhKaWcpZP/76PaHd6AqUL28dcamcFCNahYsTui
ze+0yDAqP6Mbh4d0+6sRPTif0qq9UUWW+We9zVRtH6+/0K2TI4clSc83vD6r2TlHw42R0mDdcxvG
9LR/1ixulcEnXMgV0Y+X/3MdbDqkNYGN1buX86Gssk7GD9eEBfsbXpdrBhlTz5gLsdF9DhR7apa5
DY98pr/mv8mnMaofBxZ2109dFBnXAyNdjldDgrGyVn1Q87jAYb5YY0IZt+GZcJ3p1twYvdidyd36
2bqe/qY6W0rADOmFxvmZNcSQoRca31DArHzwZMopXU9/M+f9zsSuyIHqf6O8pk/vtP5UDe5HQUaD
u1Xfb//zJQk3pMpdj7FdTzsDm2qe783frdbcGG3rgYZ3pr3/3sI9dWWvVx8v861WyHzUrTRbTmqo
8PjK6HOVKsWrBUabvcskVUKPUyOfy5KliKtJh1p/onfb/lRvt/6oOjTqbvZ6dfxtzspUZ5Fq9S5f
0rAMAID5ZMvWjcxF/abvP+nj/r9d6uaoM7hZz8dekyFDITOsN1r+sCbcKNoFnYl/rg/7/2ZO4cZY
tmzdzFzSb/v+WpdTZ1S2H4UGDZ6Wyo0od4skaaV/vV5ofHNejjsb3oCp1c/HtO9PO/TCf7FyyvWH
ux4N3V/zQkM1qJCk1S/EJlxvNtvM1MmRz5S2UkpbKZ0cOTxhmPY4jws3GtzNT/Q0uwuNs9QxJuqV
MF9upi9V76hL0sbg7imHU4wXdTfXFTiMzPKXt2gXdHncjB2N7jY1e5bVrbvC36nrmXM1y25lrmjT
mJ4iRbugK6nadRrcrYq5m2fVvpmY6g/CUhQUnYotW1fT56uPt0X2TbvmxnR4DK+2RfbpVLwyFfGV
1DltCu9etK5qu6MHJlw+GnKMDlE51PqTJa3unCqNL3BVm55fT1+UVPldfqf1p/KaPm0IbZckHRv5
YFrHuJu9odWBDdXHK/xrdTXzqMjwULFfzQtUtPNR/Y3KiUqDp/J+zJRSSpUr3VTXBDZUh9FEXA3a
F3tdQ4U+NXiaZMolSUpZier7rMXbXq0fM1v/y7X/pubxX2z8yydyOwDA0y1tJXRy5Ij6CpWZAscX
1lwqncHNavOtkM8MyGW4qsvTVkJfDr2veGn4sdv7DL8i7ph8ZlABV0Cm4VLWyihnZZSxktUbbOOV
7KLOJ4+rJ39PBxsPVc/Rgq6w3mz5oYaLfWryti/Z0AeXz9S3/rs1Ml2V45dyUxd9TQ9UfqYujyl/
U+2NUE/QpVCzR+nBolIDhTltM1NjbzTPpjbHZOGGpGdyatixCDgWQcZK6XTi8+pjvxnS7uhLM97P
zuh+JUqD1ZBjd+SAWqcxHWqunFXuYe+Kkl1UsjSiC8nTdbOo7I29MuGFywr/Wi3zrlZP4VEPkq9G
PlS6FFerr0OFcl7XUucUtwZqtnsuenDOF0LTYciYNOR4EsMNqTKrRe7hHfGgGa6raSJJI8UBleyi
WryPLxA0UHggt+FRg6elZvna4BZdSp5WppxS3s5qsNCrFm99gLXYRkOO0a+XUtqqHW4SrisGFVeD
u7UuiJlJyJG24jXjcaPjCoNlFrCidtkua7DYW31/jP7em4ar+r65mbmsoCusFYF1Crui2hDaLju4
TYZhVNcZKT56b0fcDXM6sRkfNowumyp0WOztAABPv8MD/6jMZHUrltj4XtCDhR59OfQ75e3shOvH
3I1a4V+r5b41avS2PvazOlEa1oNclx7kbqt/XG9wqTJ84tOBv9fLze9WewKYhlntCbpUDMPQmLxn
WgrZSgjij7om/I54Qy6lB4sqpMtz2mYxnRj5dNJwQ5Iupk7pYurUhM+tCWzU/oY3FqppTwQCjkVw
Jv5ltXu3JD0fe3VW49ZCrqi+3foT5ayM3KZn2nf8H+Ru64vh3076vMfw6qWGb6vDv2bC512GS99q
+o6ODP5K/cVH496+SR2XJvlMeCH2llYF1k+rfQtl4nDj+4o9ATNAdOduVb/u8K+eoGBUnz4e/DtJ
0rrgVu2NvVK3ji1bp+Of62bmkiTpreYfqsn7qNiRIUMd/jW6nrlQPeaTEHBISx9sjKqr4D1uiFah
XKj23BhvuiHH+F5XXlft0LdieeGGQ1l2SQMPi4P6zZACD0+Wwu6Y1gd36nrmnDLlhE7GP9PZ5O8V
dcXUGdyijaFd1cLEZbus/kJlH6ZcCk1QuR0AACeaKtyY6Cba2JsWUz0/X0aKg/ps8NeyVF8rL+pq
0LbIPq0MrJ/2caPuRkXDjdoc3q2BQo++SRyvm0kyYY3o4/6/1xstP3B0cfFSvhJCmObE3xvTZT5c
z5rTNovlxMinujOuQP50PQvhhkTAseDu527pZvZC9fFK33p1TnC3froMGfNa1MdjePV2y4+n7CUw
2jVtdCaMxznQ8E714m+pTN5zY+nDDUkaGnNHfPkEwdLYGiejAcbYkGN8uDF+m7H7Hg04xh5zsQwX
+zVU6NdQsU/DxcrvzfgL/nZvZfxko6dNTZ42NXlbF60mR9l+9MHkNjx1JwZTDaGZ6XCViSxkPYtC
OaeUVenG2uRplefha3Ebbr3Y+KaaPC26mbmkeGlYhXJO/eWM+uMPNFDo0UuNb8tteFSyixooVGZ+
Crli8lNgFACARVW2S3XT1ZpyaVf0Ja0PbaubLXEmWrzL9HrLD9Sdu6OTI5/V9BAZ7QHs5IBj2qUt
7Em+no99T8N0winCjekh4FhAhXJeJ0Y+qz52yaW9Da8+UVP2FO2CPhr4W+2JvvzYGg2J0rCODf1u
ynBDko6PfKSSXdDm8HNL8lqf5J4bo/LW2JlfInXPt/lWaE1gY/WP2NiQQ1JduLEmsFFtEwxXCo3Z
d26CIrALoTd/V9fTF9Wbv6d0uX7u8Lr1HwYeY4OPkBnTqsB6bQhtX9CwI+h6VCm8ZBeVK2driguP
DTcqc4z/g9YFt9cEeFOFHKMBTnU/Vm3XUt88FjMeL2OlqoWNW7zL5TJcsmVXC/NuCu/W5vBzSlsJ
3cpc1sXUaeXLGd3OXtH2yPNq9LQqZ6WVe3iHq8nTNmkhXwAAnlRpK6Gv48fkNb3zepE3m1lWZqPJ
267nY69VZ1fxm0EdbDw0YQ2vfDmr7twd9eTvKmMllbWyKtuWgq6Q/K6Q2nwrtMLfWXOOKEkd/jV6
q/WHD8/3KzfFVvrXa3Vw47y/Hswc4cb0EXAsoAvJE0paQ9XHz0W/tSQX2Q2eFu2PVX6pC+W8kqW4
unJXq4WUinZBx+OfqFDOa2f0xbrtM1ZKhwd+qbhVO9ZrlX+Dmj3typWzupu9Ub2YtWTpRPxTGTK0
OfzcAr+6Wk4INyQpM2Zq4Il65Bgyqn+Ixocc478e/aM10Qfq2H1nx4QqC+FG+qLOJo5NK9SYSroc
1+X0aV1On1bIjGl39IDWh7bNQytrNY/ruTRY6NEK/9q69QrlfLX30mgQM92QI+SK1fxsxvekiSzg
kI9E6dF89zF3kwwZipeGdHL4U8kwtCf6LTV52xVyRbU9sl+Fcl4XUidkq1ytoJ4oDVdP4Jq9rTJn
Ovh1nL/Y+JezKvq52NsBAJzPlq2b6Us6l/x99bx3Jhd6M53ZYiF1BjfLbXrUl7+vreG9deePaSup
bxIndDd3o1pcfKx8KSuVBvQgf0dnE0fV5l2h3dGXamq4hVwRvd7yni4kT8iUoe3RF+bUO+RJYD5s
/lQ/S9P96FxtNtsstP0Nb0z6u3sxOXnNjQZ38zMVbkgEHAtmsNBTqVHxUMTVpM7gluoc25OxVa6u
4zLc8zKzS6Onvsv/c9YBfT74m5qaGl8nv9SqwIbqTAujTse/qAs3Xmv6Qc3MEDujL+ro0Pu6n39U
W+J4/BMt861WzLN4BT2dEG6MN1nSP1XIIT0+3JDG/WFeoL/BXdnrlamuJgg2PIZXy7yr1Oht0zLf
o6Eooz0jCuV8dehKT/6eevN3NVTsqxluky7HdXTkfZ1NHNPzDa/V/N7N1fheL0OF3rqAY2y4MWo0
yJhOyLEtsrfmcV/+fs3jqYaHzVZZZQ0+HFoiVcbbSpXeQ92FO5KkUDqm/Z5muQy3MlZS93O3JUkB
M1I9cRotMGrIVKPn8UXLpmu2AcNibwcAcLZjQx/WnJvOh6Xsib3Sv04r/evqll9JndWF5MkJa3RM
pq9wXx8N/ELrglv1XPRb1YkB3IZ70tnwnMjtr7wuKz9xWFEqVHq6un3mnLaZKY/hrZ7vhsYVRrMX
mwAAIABJREFUlJ2p7ofnb+M1uJv1avP35rRvJyLgWAC2bJ0cMzRFkpLWkP625/+ectv+4gP97MH/
JUnaE3lZO6IvLEgbQ66o9jW8qvf7/7pmeVf2Wk3AkbFSupW9WLPOxuDuuotMvxnQvthrut9X+yFy
O3tZuz0H57n1j3TnbtdcxM813HDLo5KKD/d9Z9LCq3MVMINKWpVAIGulJx3bOFHIMWqqcEOScmN6
bQTM4KTrzUaqFNfR4Q/qamqM9Ubze2p/zHTIXtNXfb7y/wPqzd/V7wZ+XrduuhzXZ0O/VLt3pQ42
vlOd2nQu/GZAEVejkg/rVNzKXNHOcTMcnRg5POHQrOmEHO3elTXhYm/+XnV6VkkKmw3zWlNnrLJd
rk57V5kmrnKcmKdFTe52DZV6dSPzjQYLPfKZPiVKcaXLcZkytTt6oLr+aIFRt+GuhiQAADjBfIcb
T5qyyjo98rluZS/Pantbtm5kLipZiutg06FpT2DgJP5o5XI3myjJKpbl8jwKJWxJmcHKeX+gwTOn
bWbqYNMhnRw5LEl6vuH1We8nXhyccEaV0XDjSSnsv5ic3efoCdZXvD/1Skus0dNWt2yoWDt17Eix
/g3T6pv4jnPU0yjfuIvo0RkcFkJZZZ1PfFW3fC4FRTuDm6pfn0/8fsG6JvrHXNSOn6p0vNGQY03g
0RjI6YQblX0/moLUP48X0l3Z6/pV3189NtxYKL2Fe/pV339UV/b6vOyv1dtR/TpuDepe7mbN87uj
L8ljTPzhcGzkA11PX6hZtiG0XQca3pHH8Or15vdqnruUOlPzeFN451ya/ljFcl7xhx94Te5WeczK
SYvX9Olg0yE1u9tVlqWhUq8eFLqULscVNhv0UuMhrQ9ukyFDlm1poFjpBeI3Q/P6OwQAAObmaurs
pOGGz/BrpX+9NoV2aVNop1b41k56PtNXuK+vhj9ZyKbOiCs/fxflkeWPiqPHu2sL8id7cirmKsN5
Im2+OW0zarptb/V26N22P9O7bX9Wcy46U7ezV+qWPcvhhkQPjgVhyFDQjCpTfvyF60K4kDxRHWMo
VYa57IhM3AvElCmXXNUihJJk27Vj9kaLEY71uEvq8RfcUw3JmYtb6ctKWCM1yx6FG7MbFrMtsk93
stdUtAtKWCO6mbmk9cH5r/3Q5GlRf6EyPOhB7o6W+VY/dv3RkGN0+ESHv3NaXSQf5O7UHHM+XEqe
1snE4XnZ12wV7bw+G/ql9sfe0Jbwnjnta3N4V81MR+fix7TCv7b6/Q27Y3qj+Qf6dPAfJpypZrKe
HKsDG2o+WPry93Q396gXjtvwaFN495za/jipUrw6BrfZ216drcWQoUZPq77T9qc6Hf9cl9OnFXU1
a3/Da2rzraiZ1SVVGqlOcR1zN1a7rwIA8CSxZasre11uwz1hLa2nVfRhfa2xN+TCroh2RQ9ouX9N
Xf2Msl3WvdwNnUt8pWy5tvj8XIdJzKfouS0a3n92XvbVtMYvX8hUPl3WjU8H5fteq0ItXmUGC7r6
YeVGkNtnqmV9YE7bjG37Yho/PMVjeJ/pcEMi4FgwawIblC1PXdTxXu5GTSDhM4Na/vBiN+Sun11j
Kt252+op3K1Zti64TcEJ/miNFAdqwg1JCoxbzzfBm2Og0KN1E1z0J0sjyo37YznRcedD0S7UFdOZ
j5obPjOgLeHndD5ZqZ9yMXlKqwMb5r3LXod/ra6kz0mS7ue6tDtWnrKIkyFjRh/atmx1jwk4Oubp
A3+pw42xvk4cnXPA0eJdrjX+LbqTq9wBGSz16nLytLZG9lXXafet0jutf6wvht7XSKm/bh8ThRxj
P1iKdkGfDf26Zpt1ge0L2hU0XqoMuzFlqtm7rC4QMw1Tzd42NReWaUNo54TTFfc+DOEMGYp6mhxf
aAwA8PRJWwmdHDmivsJ9mXLpR8v/ywWtk2HLfmJmROzwr6mZXWW5b7Veavz2pDX8TMPU6sBGLfev
0ZdDH1Rvtq30r9fu2MINKZ9IyBVW2kpVH6ethEKuqCSp+cOXJUnxXZdl+/Jz6k/t8pra8m6bzv5N
jxK9ef3+392TaRoqlx/tdcuhFrkDrrltk/cpcn5Lte2jr2n8a55P93O3a76Hld7D33+mww2JgGPB
THcs1S8e/DuV7EfFGWOuRr3S9N0J1y3ZJV1MntDd7E35Tb+2RPbWXfC2ejvqAo4TI4f1UuPb8pmP
ultlrbROxY/UHaNt3PCT6AQFQq+kv9ZK/zp1+Dury4p2QV/Hj9at2+xdNuFrmaurqbPKjQmQ5rOg
6MbQTt1MX1S6nFKunNHV1Fltj+yf837Hava2y28GlStnlC2ndDtzecLQaC5uZS4r83B6T58RmHAq
sdlYF9he0+NhKc1X75rnG17VvZ5r1cDvVOKIop5mrRjzO97oadX32/9cXdnrupm+qIKdqw7RCZpR
9ebv1fXaGHV06Hc14V/ADOu5BT6RGCj0SJJaPMu13D9xD6G1wa1aG9w66T6GCpXaI6bhUusCFUMF
AGA2JpohpTzuxt2zoDO4WX5XUPHisDaGdkyrt6XH8Orlpnd1NnFUHsOjHdEX625ifNj/cxky9Hbr
H0mSftP7V9oZfUmrAuvnpd0BV6Tm4rw//0ChYLT6uPnDl2vCgonkylmdePCvJUltwy9pw5GJz602
SFqXv69zid/rQeHRzb9Wz3Ltih5Qx993Sn8/923G6x83VD/gmvnN68fpzj2qMTMabsTGTRbxLCLg
cJCLyZM6mzxWfdwzeFffa/unNbOUrA1u0flUbV2KrtxVDfT2aE1gg4KusFJWQrezV6tdz0cFzahW
jKvM7DeDE17Qfjz4C63xb1azt02Fck53szfrZlqRNG9/BMcaKvTpSupc9fF8z5biMtzaHn1Bx0cq
YxGvpM5pbXDrvPZGMWRoU2inziUrP6uLydNaNY89RYp2QReTj3q4bA7vmre7Dd9qekca0pKHHOsC
2+dt2qugK6x9sdd1PP6xpMpJ0yeDv9CLDW9rU2hXzbqrAxtmPJNLi7ddXbmr1cevN3+/JnBcCP2F
brV6luvV5u9Vf68s26q5mxB0heU2Ji+Qlaz2AnEv2GwvAADM1NheGzM1nz0wxg8Pme/9T9cy3yot
G1fUPVEa1oXkSQ0WelW2LcU8zdoSfk7tD2e1cxtu7Yu9Ouk+01a65lWkyymdHPlMUU/jrIeCj9Xm
7dBA4VEAcCl1Sh3+zhn1PvCbAf35in85veP5Vujt1h8rV86qUM7JY3inLPQ+m21GFcp5XRrX27xt
DrU2Jtp/d65LEuHGeAQcDtKT76p5XFZZA8WemoAj5mnWC7G3qhdqozLlhC6lT0+6b1NmXS+PUbuj
L6knf7eupsid3BXdydUXtqluFzlQM7f2fBgq9OnI0K+r02CNLyhatss6OvyBHoz7XkmPPoTG/n/U
6IfT6LKxH1aWSrqUOv3YD4HZ2BDaoevpC8qUU8qW0zo+/KkONh2a84eiLVvHhz+tjq0MmmFtCO2Y
jyZXTSfkaPeuVNvDD9GZaPetUoO7dcKhIKPWBbZX2jCPNod3K20ldCF1orrsq5GP1Ju/r5ca35pT
+LQ9sl9uw6fj8Y+0P/bGgocFRbugiLtB+xteq5nu9ffDHyluDcm2Ja/h01utP5z0JGWw0KvhUmWK
2MCYWVgAAFhKtzNXdCbxZc0Q75l4UoaXLKR7uZs6MXy4OjOgVCkk2j/UrR2R/bMe3ltSUUeHPtBb
LT+a8zCINcGNNcPN01ZKHw/8rbaG96nVt7w6XGW++c2A/GZ97Yz52iZtJdSff6BLqVM1PVSkymue
L9252yraeUki3BiHgMNBou7mulkrIhO8+TeHd8tluHUy/umERRHHC5sNOtD09qSFLsPumN5u/ZGO
Dn2ggeL0ZkXZE3lZ26PzO6wjXhzSkaFfTzoV7OPCDelRaDH+/xOtM9697K15Dzhchlu7Ywd0bPhD
SVJ3/rbOxo9qd+zgrD98bdk6Gz+q7vzt6rLdsQM1hSPny2Qhh8fwanfkoLZG9s56399v/3OdTRzT
pdTp6h/vUQsRbozaG3tFGStdMzXy7ewlDeQfaFtkr9aHdkw6rnVUykrocvKMVvg7a+pabA7vUqOn
aVahz0y5DY9ebvpOtXdGvDikI4O/rvaychsebYvslexHtToqbJXKBfXk7+pq6ny1l1ezt/2ZOCEE
ADz5TsU/X9KhKBPdIHvSnIsfqwk3RtmydT55XKsCGxSa5XCJlJXQVyMf6+Wmd+d0bhByRbUtvK8u
5DgZ/2zW+3ySbQvvm9fQZrTO3vOx1wg3xiHgcJCd0f1KlAarIcfuyAG1+lZMuO6G0HZ1+NfoWvqc
7mSuTTh8pNndrvWhHeoMbp6yu3zM3aRDrT/VnewV3UhfVE+hPkTwmUGtDWzWxtDOee+5IUnX0udm
HW7MhSmX1ocmr1MwFyv967Q1vKc6fei1zDdKWym90PjGjHsMFO2Cjg9/WhNubA3v0cpxw47m0/iQ
o927Ugcb31HYHZvzvndHD2h9cJuODn9Q/Z1fyHBj1MtN31E00aCzyUc1ZVLlER2Pf6IziS+0LrhN
UXejvKZfATOokl1SvpxTvpxRf75bd/M3JEmX0qf0nZY/UavvUXfExQg3pMrJl9vwyJatRHFYhwd/
qYQ1VH2+ZBd1Iv7ptPblN0OTzsQEAMBiexbrbMzUtsjz1cKj463yr5803IgXB6s9gG27LGNcPQ+X
3NXzmt78vbphMTNv5z6NFAdrzl2fRh2+Tm0bU7x+rtJWQt3523o+9po6g5vnbb9PC+MvNv7lkxk9
YkK2bOWsjNymZ9oXwLZsZayk8lZOJbsoj1kZP+Y3g7NuR76cU9ZKqVguyDRMeUyfwu7Ygs6y0JW9
rhMjnyroCulg03fmZfzfdCz0WEpbtr4a/kR3c9erywJmSNsi+9QZ3Dzl99SWrVuZy7qYPFUz5dcq
/3q92PjWotx5v56+oIg7qvY5ftA9bv9S7SwlC22g8ECfDf5KmXJy1vtwGx690/JTNc1TgdeZGikO
6JOBf1C6HJ965XEMmQqaEe1reFVrAvPXpRIAgLn4fOi3dcO2Ry33rdbLTe9Ouu5Mnz82/JF6co+e
X+ZfrQONb0/7+aV0O3OlLuRY6V+vFxvfnPTccqQ4qI8H/q4aInkNn95b9p9Lkn7+4N8oZIb13fZ/
Mu9tvZg8VTc74tNiW3jfvIYbknQ1fV5ew0u4MQkCDjhKvpyT1/RN66L9xMhh3c5OXiNEqvQE+Xbr
j5e8voAtWxeTJ3UxVVsnJWCGtcK/Rsv9qxVyRavtzFpppa2kHuTuqDt3pzpbyqit4T3aHtnPsII5
KpTz+mrkY93OXp7xth7Dqw3BndoeeX5Jfr9s2bqaOls3P/pYll2qnviMLTZqGC41e9q0IbRjyd8b
AABgdu5kr+rUyOeyVFJnYJP2Nbw25Y2zG+mLOp34XNLiBRxSpVfCncw19RW6lbWSdfUrnCLkCivg
iqjN26E1wY0LUkskXhxkWMpjEHDgqVWySzoxclj3cjcmfD5ohnWw6ZAaPa2L3LLJ3cvd1Ln4MaXL
s/ujHjTD2h07sKDDUp5F+XJOd7LXdCt9UX3Fx1dsb3K3a31om9aHts/brDizZT/8N8VKFWOyMOPh
PwAA4GyFcl5FuzCjmhvHhj/SvdyNRQ04Ro3tOb0UM9LA+ajBgaeW23DrQOPbup9br5uZSxopDqpU
Lirsjmqlf53WhbYt+FSdM7XSv07Lfat1Pf2NrqTOKW9np7Wdzwhoc3iXNoR2LEhB0Wedz/RrU2in
NoV2qmSXlCqNKFmKK1kaUckuKOSOqdHdoiZv21I3tca0ggrOGwAAeGp5TZ+8mtmMJ883vKqR/j4V
ylNPVjDfxp63EG5gNujBgWeG01JgW7YGC73qzt3SUHFAOSutrFWZ1SLgCsrvCqnJ06IO/1pmuQAA
AMC8GSkOqCt7TbuiByRJp+JH5DcD2h6Z31kSgflGwAEAAAAAABxv4aa8AAAAAAAAWCQEHAAAAAAA
wPEIOAAAAAAAgOMRcAAAAAAAAMcj4AAAAAAAAI5HwAEAAAAAAByPgAMAAAAAADgeAQcAAAAAAHA8
Ag4AAAAAAOB4BBwAAAAAAMDxCDgAAAAAAIDjEXAAAAAAAADHI+AAAAAAAACOR8ABAAAAAAAcj4AD
AAAAAAA4HgEHAAAAAABwPAIOAAAAAADgeAQcAAAAAADA8Qg4AAAAAACA4xFwAAAAAAAAxyPgAAAA
AAAAjkfAAQAAAAAAHI+AAwAAAAAAOB4BBwAAAAAAcDwCDgAAAAAA4HgEHAAAAAAAwPEIOAAAAAAA
gOMRcAAAAAAAAMcj4AAAAAAAAI5HwAEAAAAAAByPgAMAAAAAADgeAQcAAAAAAHA8Ag4AAAAAAOB4
BBwAAAAAAMDxCDgAAAAAAIDjEXAAAAAAAADHI+AAAAAAAACOR8ABAAAAAAAcj4ADAAAAAAA4HgEH
AAAAAABwPAIOAAAAAADgeAQcAAAAAADA8Qg4AAAAAACA4xFwAAAAAAAAxyPgAAAAAAAAjkfAAQAA
AAAAHI+AAwAAAAAAOB4BBwAAAAAAcDwCDgAAAAAA4HgEHAAAAAAAwPEIOAAAAAAAgOMRcAAAAAAA
AMcj4AAAAAAAAI5HwAEAAAAAAByPgAMAAAAAADgeAQcAAAAAAHA8Ag4AAAAAAOB4BBwAAAAAAMDx
CDgAAAAAAIDjEXAAAAAAAADHI+AAAAAAAACOR8ABAAAAAAAcj4ADAAAAAAA4HgEHAAAAAABwPAIO
AAAAAADgeAQcAAAAAADA8Qg4AAAAAACA4xFwAAAAAAAAxyPgAAAAAAAAjkfAAQAAAAAAHI+AAwAA
AAAAOB4BBwAAAAAAcDwCDgAAAAAA4HgEHAAAAAAAwPEIOAAAAAAAgOMRcAAAAAAAAMcj4AAAAAAA
AI5HwAEAAAAAAByPgAMAAAAAADgeAQcAAAAAAHA8Ag4AAAAAAOB4BBwAAAAAAMDxCDgAAAAAAIDj
EXAAAAAAAADHI+AAAAAAAACOR8ABAAAAAAAcj4ADAAAAAAA4HgEHAAAAAABwPAIOAAAAAADgeAQc
AAAAAADA8Qg4AAAAAACA4xFwAAAAAAAAxyPgAAAAAAAAjkfAAQAAAAAAHI+AAwAAAAAAOB4BBwAA
AAAAcDwCDgAAAAAA4HgEHAAAAAAAwPEIOAAAAAAAgOMRcAAAAAAAAMcj4AAAAAAAAI5HwAEAAAAA
AByPgAMAAAAAADgeAQcAAAAAAHA8Ag4AAAAAAOB4BBwAAAAAAMDxCDgAAAAAAIDjEXAAAAAAAADH
I+AAAAAAAACOR8ABAAAAAAAcj4ADAAAAAAA4HgEHAAAAAABwPAIOAAAAAADgeAQcAAAAAADA8Qg4
AAAAAACA4xFwAAAAAAAAxyPgAAAAAAAAjkfAAQAAAAAAHI+AAwAAAAAAOB4BBwAAAAAAcDwCDgAA
AAAA4HgEHAAAAAAAwPEIOAAAAAAAgOMRcAAAAAAAAMcj4AAAAAAAAI5HwAEAAAAAAByPgAMAAAAA
ADgeAQcAAAAAAHA8Ag4AAAAAAOB4BBwAAAAAAMDxCDgAAAAAAIDjEXAAAAAAAADHI+AAAAAAAACO
R8ABAAAAAAAcj4ADAAAAAAA4HgEHAAAAAABwPAIOAAAAAADgeAQcAAAAAADA8Qg4AAAAAACA4xFw
AAAAAAAAxyPgAAAAAAAAjkfAAQAAAAAAHI+AAwAAAAAAOB4BBwAAAAAAcDwCDgAAAAAA4HgEHAAA
AAAAwPEIOAAAAAAAgOMRcAAAAAAAAMdzL3UDAADPNsM05HKbMkxDhmHItm2VLVu2ZatcLi918wAA
AOAQBBwAgEXn8bsVbPIrEPMq2BxQbHlIvrBHbp9bpXxJ2eG8MvG8ciN55dNF5ZMF5VNF5dNF2WV7
qZsPAACAJxABBwBg0XiDHrVsiGnFrlatPdihZVubFGzwS8YkG9hSqj+jnstD6r08pL6rI0r2pRXv
TiszlCPsAAAAQBUBBwBgUTSuimjj6yu1870NalkXk1QZniJbsst25etRtmTbtgzDULg1qPUtAW14
daXKpbKGbifVdbpXd0/1qvfykBIP0ioVrCV6VQAAAHhSEHAAABZcy7qYnv+zrdr6nTXyBj0yDEMy
JKtYVrI3o1yyoGK2pFLekuk25A245fF75I95FGoKyHBVghDTZaplfUwt62Pa9OZKdZ8d0L2v+3T7
qx4N3ozLKlGzAwAA4FlFwAEAWFDh1oCe+6NN2vqdNfKFvZItZeI53fyiWz0XB5XozaiQKqqYK6mU
K8lwmfIG3HIH3PJHPIq0h9S0OqKmNVE1rY0p1OSXbCncHNSmN1dr9QvLtPZAh6580qWrH3cpM5xf
6pcMAACAJUDAAQBYMIZpaN3BDm16Y1Ul3JDUc3lIx//DBd07069kX2bKOhqmy1Sw2adwS1DR5aFq
/Y7WdTEZpiF/2Ku1BzrUsi6m1fvadfYX13XnRM9ivDwAAAA8QVyvNX/vXy11IwAAT6dIe1C7/3CD
Vu5pk2wp8SCtT/6Pk7p+5L5yyYI0jRqhtm2rkC4p1Z/V0O2Eei8N6u6ZPvVfH5Yv7FGo2S/TbcoX
9qqps1LANBD16cE3AypbFCEFAAB4VhBwAAAWTMe2Zm3/3jqFW4IyTEOn//qKLv3ujkr50qz3WcxZ
SvVlNHA9rq4TPUoP5tS4OiJfyFPp7dHkV9uWRjV3xnTvbL+K2dkfCwAAAM5hLnUDAABPr2CzX+G2
oGRIZausO1/1KJ8qzMu+i7mShrqSOvmfLusX//IzXf7wjkr5ymwqgahPm95cpT/4VwcVaQ/Oy/EA
AADwZCPgAAAsGG/ALX/YI0nKJQoqZIvzfoxS3lLv5SH98n/8Qkf/7XmVcpZkS96gR50vLtO7/9MB
Qg4AAIBnAAEHAGDBGC5TpqvyUWPlrSkLis6FXbZ19N+e1/v/6++VTxdkl225PC6t3teu1/7FHgUb
fQt2bAAAACw9Ag4AwFPlm1/d1N/9y88U707Ltm25fS6tf3WF9v7JFnkDnqVuHgAAABYIAQcA4Klz
+3iPfvs/H1PiQVpSpSbH1m+v0dpvdVR7lAAAAODp4l7qBgAAnM0wDYVbA4ouC8kX9Mjld8kwDElS
++YmqfKlXH6XVu9fpujy8KT7sm1bVrGsUrakXCKvZF9WuURBtj3zoS33zvTpi39zTm/893sVbPSr
qTOqrYdWq+/KkIbvJifdzuN3q3FVWNGOsDx+t4xp5CFW0VZ2OKfB23FlhvKzau9ETJepSHtQTWui
8oU9Mt3GlNuULamQLGjobkKJBxmVrfK8tAUAAOBJR8ABAJgVwzDUuDqiVXva1LG7Re1bmhVu9csf
9lVDDdNtyDArD4Ixv177F3sk29bo9b9hSDVZgC0VckXl4kXFu1Pqvzas3stDunu6V4mezIzaZ5XK
unHknpZtbdaen2yU6TK1ev8yrX6+XcnejEoFq24bb9CjDa+t0K73NmjZ9mb5w97qa3nssQqW4t1p
XT9yT2d+fvWxAcp0udymlm1v1p6fbFLnC8sUbPZPq/eJbdlKD2XVdbJXZ35+Td3n+mWVCDmeBqbL
1Mv/7W5tfnOVgi1+FVJF3T3Vq8P/5xml+rJL3TwAAJYcAQcAYMZ8IY86D3Ro6ztr1PnScvnDXtm2
XQ0zJmRILs/UF+huv0vBmF9NqyNae2C50oNZ3fmqR1cP39O1T+/KKtYHE5PJxgu68NubWrmnVe1b
mhRs8GvdtzrUdbK3LoQwTEPtW5r0rX++W81ro5KtaYUbkuTyutTUGdWe9k0q5iyd/KtLysbz027n
RMKtAb34z7Zpw2srZZrmtNtiuAyFW4LaeqhTvohXH/5vxzVyPzWntszE2//D/lkVdC3lLeVTReXi
BQ11JXTraLdyyfmZUvhp8YP//WVt+faa6uNA1KdYR1jLtrXoP/z5b1XIzP8sRQAAOAkBBwBgRoJN
Pm3/7jrt/uFGNXVGZLpM2eVKuFG2ysqnitXZUtw+l7zBSmFPu2wrny6q/JjeBIZpyONzy+1zVS7o
bSnUFNC2767V8h0talwZ1td/c03ZxPTCA9u2NXgzoasfd6l1Q4NMl6mVe9vVuCaqkXupmqEkHp9b
q59vV3NnVJJUzJWUi+dVKjy+94NhGPJG3ArG/PIE3Nr4xipd/uD2nAIOwzTUtCaqtQc6ZJqmyuWy
MiN5FdOlKbf1hNwKxnwyXaY6X1im5nUNlaEq5cXpxbHx9ZWKdUw+DGm6rGJZAzdGdPG3t3T6/7uq
Ym7q1/40W/lcq7a8vWbC51rWx7TvTzbr2L//ZpFbBQDAk4WAAwAwbYGYT7ve26B9f7xZ4bZgdXn/
jbiufdql3ivDKmVL1WEnG15bqb0/3STDNJSN5/XFvz6r4buT9yYwDMn0mAo1+tW+rVkbXulQpD1U
GQ6zKqJ9/2SLvGGPjv0/36iQnd7d6nyqoPtn+zXclVTz2phCjX4t396s7rP9NT0EXB5TzWujlZ4o
hqG7Z/oqYcpIvto2qTKkZvzXnS8t174/3SJf2KPGlf8/e3ceHdd9nnn+qRVAYSX2lSQIgCAJkuAq
cZNJSlwkmbJE2ZatyHG8JONO5kxmJt3TycxJp92d5cxJ0n3a4z5OOm33xJElj2VZolbLkiWKqyiS
4gJxAwEQXEDsALHXXjV/QKQIVhVQQBVQuOD3c45s4966t96SaKHqqd/vfdNkS43t16vFalZmcaps
KVYpKPVeHdTpl+vVWd93p5bbz333f0tSXmWmVn+1WnlVWbLYLcoqTZXZZlIgtgUlM85iM6tgSbYK
lmRr/e8u1aH/elZn9zUmuqyEKarJHXcVT15V1swVAwDALEXAAQCIii3ZqsXby8aEG35PQGdeadC5
N5rU1zIUsqUgq/Tzb/L9br9aP+1W+8XeCZ/LYjWr4VCLzr3RpBVPVGjVl6tkMpuUOi8ewyRcAAAg
AElEQVRZK/Ys0kivS5+8WB/1qoTe64NqO9+tnEWZCgaCKlyWraQ025h6TebR16jPgoKhzhG1nO7Q
yK2Jk4G0/BT5PH4lySar3SLzeFt1omGSLEmWOz+6Bj1qv9Crm2e7JrzU5/FryV2rR2xJ1jtNX40q
Ldehx/79RhXX5urX/+FYostJiIlWBLkHIwd+f/jWXjmyk8Oee/XfHNSVIzdjqg0AgNmCgAMAEJW8
xVla+ztLlJY3Gm54Rrw68t/qdO7tZo30uCJfOIWBIn5fQCM9Lo30uHTr2qC6mvq089+uHw05clO0
7LFytV8YbT4ajeEel3qvDkjB0S0lueVZsqfaJl+YEcRpgsusY5Jq91bJbDbprX//UaKrmXGNB1o0
1ONUWk5KyLmAP6BL716LeK012TK6GiiMaCbzAABgFFEMvwMA3O8c85K07NFy5VVmjfba8AV0/KcX
VLevafxwIw6cA26deblBh/7hrGQa7U+RX5WlJbsWjPbqiILf69dQt1OuIY9kkjJLUiN+4MPstuLJ
Sm367vJElzHjXIMevf0XH2moe+w0Ia/Tpw9/cFrXTrYnqDIAAGYP3t0BACaUUZiqpY8uvLPVof79
6zr/6+boplzE4QvigD+gEz+7qEWbi1VSmyeL3aKimhwV1eRGvYrDNeSVe9Cj5HS7zBaz7CmjWzeC
c3XFwyzUWtet5mOtYc9Z7BalZiercFmO8irH7yfxwLdq9OmbVzTYMbnRwUZ35chN/fen3tDih8uU
UZAq16BbjQda1N82nOjSAACYFQg4AADjsiZZVLIqT6nZyVJQGuwYVsOHLeprmbnRo9Job4lj/3xB
X/7PW6WglFmSprzKzKgDDr8nIK/Tf2fiiy3VRsAxw3qa+3ToR2cnfNyyxxZq1//1oJLT7WHPJ6fb
tfn3V+qdv77/+nG4hzz69PWmRJcBAMCsxBYVAMC4bElWFdXkjo5+NUnt9b3qrJ+4UWi8BQNBddb3
qL919Nvq1OxkzZufMdoYNJrr/YE742ul0Uam8Vhdgvi78OurevPPjyjgj9xEtnxT0QxWBAAAjIAV
HACAcZmsUvpdI2GHOpwa6nImpBaf26/2Sz3KLBkdHZucbpM9zSavy5eQejB9Gg+0qOnwTVVtLQt7
PrMkTUU1OWo73zPhvUpX56vioRLlL56nzKI0JaVaZUm2yOf0yzXk1a1r/Wq/0KtP32zSUGd0f7ZL
avNUtT18bQ37b9yZeFO2Ol/LHitX0YpcObKSZLGb5ezzaKjbqevH23T+7eaot5hs/t7KiL1jPn2t
ST3N/ZKk9c8tVWre581IxwsBl+yYr9LV+Xd+7msZ1JmXGyaspWxNgSq3lqqoJkcpWUlKybBLFpPc
A165BtzqvtKn5qNtajzQIp/HH9XrAwAgVgQcAIBxmcxmJaXbZfps9KnX5ZPXlZgPLAFfUM5b7ju1
2FNtsqdYRQeCuenSb65FDDgkKa8ya9yAo3rHAm34do2KluWEX62TJWVIyq/KUvWOBdr0ByvU8OEN
ffiDUxpoH7+/R8GSbG34Vk3Yc94Rn/puDmnHv1mnJTsXyGQZ++SpOSnKrcjUwgcLtekPVurECxd1
6Ednx12xIknrv7E04radltOddwKOFU9WKH/xvHHvddvyJyrG/Hz9ZMe4AcfiR+Zry7+qVX5V+D4p
t6e8lNTmqXZvlYZ7nDr5wiV9/NMLE74+AABiRcABAJiUYFBTGv0ar+f2uj8PV8w2s8xWdlvOVTfr
usY9n5YbOjJVkswWsx7//gbVfHHRnTAsGrYUq5Y9Vq6FG4v07l8f16X3Io9eHc+8sjR97UePRBUy
WJMt2vjd5SqpzdNLf/T+rF3tYLaY9cRfb9bS3QsntbUrNSdFW/94tZY+Vq5X/+RD3boxOG01AgDA
u0IAgLHMZFNQenQklKt//Ck9ZnvomGCr3aIv/2Cblj9RMalw426OrGR98T9u0uKH50/p+uV7ol9B
cdv8dQV68m8fmtLzTTe7w6av/nC7lj66cMr/n8ivytLX/3HHpP++AAAwGQQcAAB8hokqs8tE42Kd
t1whx7b+8WpVbCmJ+bltKVbt+D/Wyu6wTf7iKYYAVdvKtOrpyqldPI12/tl6lW8qjvk+mSVpeuJv
tkTdGBgAgMniNwwAAJiVKrdF7r8hKaRPRvaCDK15ZnHEx3tGvGr8sEW9Nwblc/qUVZauxQ+XyTEv
OezjM4rStP53l+rIf6ubfPG3BSXXkEfeYa9SspJlTQ5ddXK3TX+wUuffvhpT49yeK/0K+D8P6/Iq
s2Sxhf9Oq+dK/5htX73XBsacX/roQi3fs2jc5wv4AhrudirgD8qRnRyxEertWh7+k7X6zd98HM1L
AQBgUgg4AAD3h+DErUNMJvakzBbZCzK08qmKiOfdQ15dPdY25tjKvZWyhNm2IkmuQY9e/O676rx8
a8zxY//vOX3jf+xW2l2Tgu5WvrF4agFHULrwTrOOP39R7RdGG6Hakq1aubdCW/6wVikZSWEvyyhK
Vc2e8qgmmUTy2p8dGvPz//L+V5SaE75fyf4fnFLjgZaI99ryvdqIW30CvoA++UW9Tjx/4U7YZHfY
VLu3Upv/1cqIDVFXPlWhkz+/dKcpKgAA8cIWFQAAPsMWldmhfEORvvrDh5WSGT4EkKSbZ7tCVjmM
t6Xl0rvXQsINSeprGdLJFy9FvG6ibTKRHP3JOb3+fx6+E25IoxOIPvl5vfb964Pyj9NMtPqRBVN6
znhb9thC5ZRnRDz/4Q9O6f2/OzlmJY1nxKsTL1zUr/54v3wRpi1Z7Batf25p3OsFAIAVHAAAYEbk
Lc7Wjn+7Puw5i9Ws5Ey7ciuylFeRNW4fi6A/qBM/uxhyvOVUp4Y6w493bRhnlULzsTZti3AuKdWm
pDS73EPjNzy922D7sA7+19MRz1870a6Lv7kaMqL1tpLa3KifazrVfDHy1pS28z06/nzoP4Pbbpzu
1KevN2l1hC1DVdtL9c5fxVwiAABjEHAAAO5PbEeZcYVLs1W4NDvm+1z67TU1f9Qacvyj/3FuSvfr
uNQ7un8p3B8Jk5RR4FDXJAIOrzsw4WPO/KohYsBhd9hUUpunm2fHH5M73cb7Z3XxN1cnvP7kzy9p
1Veqwm5xSc1JmRWvEQAwtxBwAAAAw2j9tFvv/OXUG1TaHTal5iQrJStJFtvn/TqCwWDEHiwmS/zD
sJYzXRrqGlFaXvjeH0U1OQn98F9UkxOxb4eC0uUPrk94j57mfvVcGVBuZWbY8wvWFxJwAADiioAD
AAAYwvWTHdr3pwcntV2kanuZqh8uU25FljJL0yI290yEvpahiAFHSlb4yS4zJXtB5N4bw71O9bUM
RXWf3uv9EQOOjMLUKdUGAEAkBBwAAGBWcw16dPynF3T0x59Gfc2qr1Rp43eWK7M4bRori41zwB3x
XFKabQYrCZWSFTkIGu6NXHfIY7tdEc8lpSf2NQIA5h4CDgDAfSmeLTiCwdv/gXjxOn3qburT5Q9u
6NRLl6NetWG1W/Tk3z2kqq1l01xh7CJNGZEkuyOxb9GSIox4lSSf0xfx3L3unXRzN3sqAQcAIL4I
OAAAwIxov9irltOdYc/5PH55hrxyD3nUe21Q1463K+CfuFnnvZ76T19Q5UOlEz8wqDH3N1vNk36u
WFntlojnAt4EB2aT/1sflmW81+gnFAQAxBcBBwAAmBFdl3v12789MW33X/3VxeOGG303hlS3r0FX
PmpTd2OffJ7PV1D86alvhJ32MZ1sjsgrGFzD0fcZmQ4jfZG3lthSon/7mJQa+bHuwcS+RgDA3EPA
AQDAbVP8QtlkEmNnZ4HVX10c8VxrXbd+8UfvT6pB6XRLzw/fYFSSPEPeGawk1FC3M+K59MLIdd8r
oyhyDxT3YGJfIwBg7pn59ZgAAABxlr0gQ/lV88KeC/gDeuevjs2qcMMxL0lZpZE//Hdf6Z/BakJ1
XOxRMMIWkuR0u0pq86K6T25F+AkqktTV0Dul2gAAiISAAwBwXwhKNAKdw3Irs6QIi2j6bgyp8/Kt
mS1oAkt2LpDFFv5tWMAf0I1POma4orEG2kfUc3Ug4vmluxdOeI+qbWVyzAs/7jboD6rpSOtUywMA
ICwCDgDA/YkdJXNKanb4D9LSxA1Es+enyxTHLUZpecnKq8ga9zErnqyMeK6neUDO/uhHscbCmhR5
t3LLmfANYSVp2WMLlZafMu691/3OkojnOhv7NNgxMnGBAABMAgEHAAAwPNdA5O0nmUWpKt9QFP5c
cZqe/NsvxDXwsjts2vM3WzSvLD3s+e3/+1oV1eREvL7xYEv8ipHkc0ceR1u6KvJWk09+fkl+b/hx
Ko55yXrir7coJTMp7Plt/+saLXigMOK9P32tMeI5AACmiiajAADA8Dou9igYCIadhGKymPTFv9yk
w/9wVhffvS73kEfzytK1/IlFqv1yldJyxl+JMJURsgXV8/TNFx5Twwc31H6hR84BjzIKU1X5hVKV
rcmPeJ3P7den++L74d816FWkThirv7pY6fkp6qzvk8liUlKaTe///UlJUldjn5oOtWjxw/PDXrtg
faG+/f99UfXvXx+dSuP2K7MkTZVbS1W8IjdiPQNtwzrzckOsLwsAgBAEHAAAwPB6rw+q41KvCpeF
XxmRlufQo3+xUbv/fIP8noCsyZao752SYZ9STSkZSVr5VKVWPhV5O8q9zr15Rb3XB6f0fJH0XOlT
QXX4BqwWm1nVOxaoescCSZLX6bsTcEjS+3//iUpq85QaIQTKKErV+m8sjbqWoD+o9//TJ2NG9AIA
EC9sUQEAQKP9R4NTbEIaDIoGprPA0Z+cm3DUr8lsmlS4IY1+iJ8JQz1OHfqHs3G/75UYmnn2tw7p
t393UgF/+K0qk3XmVw2q/+21uNwLAIB7EXAAABCGyXT7P+L7WEyfy+9f14kXL07+wqDkGozcwyN3
goah9/K5/RMGLffyjHj11p8f1XC3c3IXRuHcm1fU1dA35esvvnNV7/zHY/K5Ylt1ceblBv3mbz6O
6R4AAIyHgAMAAMwZ7//dSX30k3MRm2PeK+AP6NCPzujir69GfExJbeRGnOEMtI9o/w9OKeCLrobh
Hqfe/v4xNX80fWNT3/zzwxrqmvrUkrrXmrTvTw+qpzny6NhInANuHfzhab3zV8em/PwAAESDHhwA
AGBOOfDD07r6UZse+NYylW8oCtskNOAPqOV0lw7/w1ld/6RDizYVa/Uzi8Per6gmR7mLMtV9pT/q
Gj7+5/NqrevWQ39Uq9LVeTJbQmtwDXp05fBNffiDUxpon96RqR31t/Qvv/trbf/f1qpqW1nEbTqe
EW/EezQeaFHjgRY9+HvLtGTXQhVUz4vcgDUo3boxqOZjbTr64zoNdcZ/ZQoAAPci4AAAAHHzD4+/
mugSJEnXTrbr2sl2OXKSVbmlRFml6UpKt8sz7NVg54iaDraov234zuOvHG3V/73q+bjWcONUh178
/XeVVZqmyi+UKi3PIWuSRSO9LvXdHFTD/hZ5Xb6o7/dfHvpFTPUMtI/otT87JEdOshZtLFZOeabs
qTb5XD65BjzqqL+lq8faJrzPxz+9oI9/ekGpuSkq31Ck9HyHkjOTZLGZ5bzl1kifS611XeqovxVT
vQAATBYBBwAAmLNGelyqe60poTX0tQzp5IuXElrD3UZ6XDr35pWY7zPc7YzLfQAAiBd6cAAAECOm
qAAAACQeAQcAADFiigoAAEDiEXAAAAAAAADDI+AAACBGbFEBAABIPAIOAABixBYVAACAxCPgAAAg
RsGAFLy9goOwAwAAICEIOAAAiJHP45ff7Zckmcwm2ZIsMiUo5DBZTDKZP3/ugD+QkDoAAABmGgEH
AAAx8o745Br0Sp8t4kgvcMhsTcyv2CSHTfZU251anH1uBfz0BwEAAHOfNdEFAAAwW4zpE2oyKdo1
GM5+t0Z6nJLmSUGpqCZXDftb5PT6p6HKyMwWszJL0pRR6JAk+b0BDXaMKOBjFUe8Xd5/Xb3N/WHP
eVy+Ga4GAABIBBwAAIwKSn6PX7dTDbPVFPUqjIHWYd26MaiFG4IymUxatLlYZ351Wc4B9zQWHCqj
yKEF6wuVkpEkSepq7NNgl/Pz/iCIm6FOp4Y6nYkuAwAA3IUtKgAAaLRJqGfYd6d/hS3ZKqvdEtW1
rkGPOi71arh79ANvRmGqVj5VJWtSdNfHg91hU8WWEi3YUCiZRl9P06Gbd2oCAACY6wg4AACQFPAF
NdTzWRgQlJIzkpScmRTVtcFgUNeOt6vtQo+CwaBMZpNq9pSrdm/lNFb8OYvNogUPFGrts0vlyEyW
JHVevqWrH7XKPeSdkRoAAAASjYADAACNTkLpvTpw5+f0fIfSclOivr6/bVj1713TQNuwZJKS0+3a
/L2V2vwHK2W2TN+vW4vVrMUPl+nhP1mrrNLUz1aieHX+7WZ1XLrF9hQAAHDfoAcHAMBYpmn8asAf
UF/LoDzDXtlTbcosTlX2wgxZrGb5o2jSGQwEdem315VdnqU1X1us5HS7HPOS9eC3l2n+AwU69pNz
un6yI6p7mUymqMbMpuWnaPPvr9SyxxfKnmKTyWyS3xfQ+beadf7tZnmcrN4AAAD3DwIOAMC4goGA
PMNeBf1BmSwmFa/I1brnquVzjz8hxGQxacH6wtEP6kHJPeST3xvbNI9gICj3kOfOz9nzM7X8iUUa
bB+e8Nr86myl5afcCQ7cQ96Q1Q0jt9xqOdOl8o1FMlvNKqrJUUZRqm7dGIyqPp/br49+/KnScpO1
7NFyWZMtsjtsmr+mQGVr8jXc5VTL2S4NtI/I6/RFXF1htphVuCz7zs8ZBQ6tfKpCCzcUSZKSUm3K
rcjSwgdH//6aLKN/j/2+gC6/f13H/vk8vTcAAMB9h4ADADAuvzugjku9KluTLwWlstX5o/87Gp99
fg8Gg+pqvDUmnJgKn9uvrsY+BXwBma1m5ZRnaGP58knVIklDXSMa7hpRMDA2YHD2uXX9RLvKNxZJ
QWnBA4UqWJKtvptDIY+NxOvy6Z2//Fj9bcNa9ztLZHfYZLGZZZJJ6QWpWrLDIZl0p5nphExSRlGq
avdWff5SAkEpOBoi3f7ZNeRR/W+u6+A/ntFIjyu6ewMAAMwhlq05e76f6CIAALNXwBeUs9+t0tUF
SkqzRT06VZJkGt36Mdgxoo9/ekEdF2LrCREMBuV1+pSWm6Ks0nRZbJOrRZLcwx598uIlNX/UJp9n
7CqU2ytMytYUKiUzSbZkq4KBoNov9Mg1GH04EwwGdeOTDrWe7VJ6QapsyRYFg8HRoMMS3faTcV+K
ySST2aSAP6CRPrd6rvTryD/W6fjzF2kqCgAA7lumf1f1j3QfAwCMy2KzaP7afK3+6mJllqbLejtY
GO+DejAovz+owY5hnXvzipoO3IxLTwiTyaTshRla+/VqFa/Mk9VuGS1jgloCgdHmm02Hbursqw0a
jrDKwZGVpPXfXKYHfneZzBaTfG6/Pvx/Tqnu1SZ5Xb5J12s2m7XggQLNX1+owmU5Skq1yWI3yzRO
41GTSUrJtCstzyFJ8jp9Gu52yfPZ8wf9Afncfg33ONV4oEVNR1rZkgIAAO57BBwAgKjZU2zKKHYo
OSNp4lUIwaA8I171tw5PavVDtCw2i9LzU5SamxLVlBKfx6+B9mE5e90KBMbvBVK2Ol8P/+u1KqrJ
lST1XhvQb//+pK4ebZvw2vGYLWYlZ9qUnJ4ka5IlYiZjSbJo8cPzteFbNVJQ6rh8Syd/dkGdl2+N
vha3XyO9bjkH3FOuBQAAYK6hBwcAIGoep1fdTf2JLkOS5Pf61XdzSH03h+J+7/aLvTr31hWlFzqU
lutQ9sIMbfr9FfIOe3XjdOeU7xvwBzTS69ZI7/jBhC3ZquLluXd+9jp96r0+qI76W1N+bgAAgLlu
EpuXAQC4P3hdPjXsv6HL79+40xi1dFWeHvqfV6niC6UJrg4AAADhsIIDAIAwBtpHdPqly0rLTdGi
zSWyJlk0f12BHFnJSstO1qdvXFHAH9vY26jF0JgVAADgfsEKDgAAIui+0q+jPzmnayfa70xcya3M
1Kb/aYU2/v5yOXKSp+V5TSaTklLtn/0w2nPDf8/EFwAAAIxFwAEAQATBYFAdl3r14X85pasftyng
G12xkVmUprXPVuvx729U5dZSWSYzOjcK1iSzssvTpc8WbniGvYx/BQAAmIBla86e7ye6CAAAZq2g
5Oxz6/rJdtkcNhUty1EwGJQ9xaaskjSVrSnQvLJ09bUMydkXn6km2QsytOUPa2VLsSoYCOrKkVY1
Hmi5E7AAAAAgFAEHAABR8Iz4dO3jdt1qGVTZ2gLZkqwyWUxKSrMrv3qeluxeoLyKTA33uDTS61Iw
MLW+Gcnpdj32FxuVW5Elk0waaB/Whbeb1X6xN86vCAAAYG4h4AAAIEoBf1Cd9bd07o0mpWYnK2dR
lkySzFaz7Ck2FVRna+VTlaMBSLJFzn63PMM+ySSZZJLJZAq5p8lkkslsktlsVkltrp7+z9tVtDxH
JrNJwUBQTYdv6tQv6uV10YMDAABgPKZ/V/WPtGYHAGCSLDaLFm0p1sbvLFf2wgzZU6wyf9aLIxgI
ymQeDTP6bw7p2ol2dTX2abjHqZEel5wDHplMkiM7Rak5yZpXlq7yTcWj218CQZksJgX9QbWe69aH
PzitG6c6EvlSAQAADIGAAwCAGDjmJanioVJV75ivvMosOeYly5ZslW4v1giONiu9HXiEE/QHR1d5
mEySSfKMeNV+oVdH//unuvpx28y8EAAAAIMj4AAAIA7sDptKa/O0+OH5yq3MlGNeslLmJSklI+nz
sEO6MxlljM/OuwY9GmgfUcvpTn3y4kX1XB2YidIBAADmBGuiCwAAYC7wjHh15aNWNX/cpozCVOVV
ZSm/ap5yFmUoNcchu8Mqa5JFVrtF1iSLTCbJ5wnI5/HLNeCR85ZLnY19unasTTfruhXwMzEFAABg
Mgg4AACIo2AgqP7WIfW3DqnxQIssNouySlKVnJmkJIdN9jSb7I7RX78+j1/uYZ+GOkc00Dos50B8
xswCAADcjwg4AACYRn6vn60mAAAAM8Cc6AIAAAAAAABiRcABAAAAAAAMj4ADAAAAAAAYHgEHAAAA
AAAwPAIOAAAAAABgeAQcAAAAAADA8Ag4AAAAAACA4RFwAAAAAAAAwyPgAAAAAAAAhkfAAQAAAAAA
DI+AAwAAAAAAGB4BBwAAAAAAMDwCDgAAAAAAYHgEHAAAAAAAwPAIOAAAAAAAgOERcAAAAAAAAMMj
4AAAAAAAAIZHwAEAAAAAAAyPgAMAAAAAABgeAQcAAAAAADA8Ag4AAAAAAGB4BBwAAAAAAMDwCDgA
AAAAAIDhEXAAAAAAAADDI+AAAAAAAACGR8ABAAAAAAAMj4ADAAAAAAAYHgEHAAAAAAAwPAIOAAAA
AABgeAQcAAAAAADA8Ag4AAAAAACA4RFwAAAAAAAAwyPgAAAAAAAAhkfAAQAAAAAADI+AAwAAAAAA
GB4BBwAAAAAAMDwCDgAAAAAAYHgEHAAAAAAAwPAIOAAAAAAAgOERcAAAAAAAAMMj4AAAAAAAAIZH
wAEAAAAAAAyPgAMAAAAAABgeAQcAAAAAADA8Ag4AAAAAAGB4BBwAAAAAAMDwCDgAAAAAAIDhEXAA
AIApKVmZq6Kl2XG9Z+GyHJWszIvrPQEAwP3BmugCAACA8ZSszFX2gow7P7dd7I35noXLcpRXkXnn
55t1XTHfEwAA3D9YwQEAACbl3nAjtzIr5pUc94Yb2QvSWckBAAAmhYADAABEzWI1y5GdEnI8lpDj
3nDjNkd2ssxW3qoAAIDo8K4BAABEze8LqPloq1yD3pBzUwk5IoUbrkGvmo+2KuALTLlWAABwfyHg
AAAAk+Lz+OMSckwUbvg8/phrBQAA9w8CDgAAMGmxhhyEGwAAIN4IOAAAwJRMNeQg3AAAANOBgAMA
AEzZZEMOwg0AADBdCDgAAEBMog05CDcAAMB0sia6AAAAYHy3Q47yTcVKTreNOZdbmSVHboocWUkh
1xFuAACAeGEFBwAAiIvxVnIQbgAAgOlGwAEAAOJmvJDjboQbAAAg3gg4AABAXE0UchBuAACA6UDA
AQAA4i5SyEG4AQAApgsBBwAAmBb3hhyEGwAAYDoRcAAAgGlzO+QYaBsm3AAAANOKMbEAAGBa+Tx+
XTvZkegyAADAHMcKDgAAAAAAYHgEHAAAAAAAwPAIOAAAAAAAgOERcAAAAAAAAMMj4AAAAAAAAIZH
wAEAAAAAAAyPgAMAAAAAABgeAQcAAAAAADA8Ag4AAAAAAGB4BBwAAAAAAMDwCDgAAAAAAIDhEXAA
AAAAAADDI+AAAAAAAACGR8ABAAAAAAAMj4ADAAAAAAAYHgEHAAAAAAAwPAIOAAAAAABgeAQcAAAA
AADA8Ag4AAAAAACA4RFwAAAAAAAAwyPgAAAAAAAAhkfAAQAAAAAADI+AAwAAAAAAGB4BBwAAAAAA
MDwCDgAAAAAAYHgEHAAAAAAAwPAIOAAAAAAAgOERcAAAAAAAAMMj4AAAAAAAAIZHwAEAAAAAAAyP
gAMAAAAAABgeAQcAAAAAADA8Ag4AAAAAAGB4BBwAAAAAAMDwCDgAAAAAAIDhEXAAAAAAAADDI+AA
AAAAAACGR8ABAAAAAAAMj4ADAAAAAAAYHgEHAAAAAAAwPAIOAAAAAABgeAQcAAAAAADA8Ag4AAAA
AACA4RFwAAAAAAAAwyPgAAAAAAAAhkfAAQAAAAAADI+AAwAAAAAAGB4BBwAAAAAAMDwCDgAAAAAA
YHgEHAAAAAAAwPAIOAAAAAAAgOERcAAAAAAAAMMj4AAAAAAAAIZHwAEAAAAAAAyPgAMAAAAAABge
AQcAAAAAADA8Ag4AAAAAAGB4BBwAAAAAAMDwCDgAAAAAAIDhEXAAAAAAAADDI8J0JBIAACAASURB
VOAAAAAAAACGR8ABAAAAAAAMj4ADAAAAAAAYHgEHAAAAAAAwPAIOAAAAAABgeAQcAAAAAADA8Ag4
AAAAAACA4RFwAAAAAAAAwyPgAAAAAAAAhkfAAQAAAAAADI+AAwAAAAAAGB4BBwAAAAAAMDwCDgAA
AAAAYHgEHAAAAAAAwPAIOAAAAAAAgOERcAAAAAAAAMMj4AAAAAAAAIZHwAEAAAAAAAyPgAMAAAAA
ABgeAQcAAAAAADA8Ag4AAAAAAGB4BBwAAAAAAMDwCDgAAAAAAIDhEXAAAAAAAADDI+AAAAAAAACG
R8ABAAAAAAAMj4ADAAAAAAAYHgEHAAAAAAAwPAIOAAAAAABgeAQcAAAAAADA8Ag4AAAAAACA4RFw
AAAAAAAAwyPgAAAAAAAAhkfAAQAAAAAADI+AAwAAAAAAGB4BBwAAAAAAMDwCDgAAAAAAYHgEHAAA
AAAAwPAIOAAAAAAAgOERcAAAAAAAAMMj4AAAAAAAAIZHwAEAAAAAAAyPgAMAAAAAABgeAQcAAAAA
ADA8Ag4AAAAAAGB4BBwAAAAAAMDwCDgAAAAAAIDhEXAAAAAAAADDI+AAAAAAAACGR8ABAAAAAAAM
j4ADAAAAAAAYHgEHAAAAAAAwPAIOAAAAAABgeAQcAAAAAADA8Ag4AAAAAACA4RFwAAAAAAAAwyPg
AAAAAAAAhkfAAQAAAAAADI+AAwAAAAAAGB4BBwAAAAAAMDwCDgAAAAAAYHgEHAAAAAAAwPAIOAAA
AAAAgOERcAAAAAAAAMMj4AAAAAAAAIZHwAEAAAAAAAyPgAMAAAAAABgeAQcAAAAAADA8Ag4AAAAA
AGB4BBySPHInugQAAAAAAKaEz7SjrIkuIBF6Ax1q9Terw39dXYFWOYPDCsif6LIAAAAAAJg0syxK
MaUqz1ysAst8FVvKlW0uSHRZM+6+Cjj6At1q8tXpiv+iBgI9iS4HAAAAAICYBeTXcHBAw/4BXfVf
UoY5R4ssS1VhXaksc26iy5sx903A0ea/qjrvEbX4mxJdCgAAAAAA02Yg0KMzgcPqDrRppW2ziiwL
E13SjLgvAo6b/iad8hxQZ6Al0aUAAAAAADAjWvxN8gTdWmPfqhJLRaLLmXZzvsnoULBP57zHCDcA
AAAAAPedzkCLznmPaSjYl+hSpt2cDzjqvafYlgIAAAAAuG+1+JtU7z2V6DKm3ZwOOHoDHbrsO53o
MgAAAAAASKjLvtPqDXQkuoxpNacDjpv+KxoJDie6DAAAAAAAEmokOKyb/iuJLmNazemAo9N/I9El
AAAAAAAwK8z1z8hzOuDoC/YkugQAAAAAAGaFuf4ZeU4HHAOB3kSXAAAAAADArDDXPyPP6YAjIH+i
SwAAAAAAYFaY65+R53TAAQAAAAAA7g8EHAAAAAAAwPAIOAAAAAAAgOERcAAAAAAAAMMj4AAAAAAA
AIZHwAEAAAAAAAyPgAMAAAAAABgeAQcAAAAAADA8Ag4AAAAAAGB4BBwAAAAAAMDwCDgAAAAAAIDh
EXAAAAAAAADDI+AAAAAAAACGR8ABAAAAAAAMj4ADAAAAAAAYHgEHAAAAAAAwPAIOAAAAAABgeAQc
AAAAAADA8Ag4AAAAAACA4RFwAAAAAAAAwyPgAAAAAAAAhkfAAQAAAAAADI+AAwAAAAAAGB4BBwAA
AAAAMDwCDgAAAAAAYHgEHAAAAAAAwPCsiS4AiEZNTY1MJtO4jxkYGND169dnqCIAAAAAkjRv3jzd
unUr0WUABBwwhkceeUQWi2XcxzQ0NBBwAAAAADNo6dKl2rVrlw4cOKAzZ84kuhzc59iiAgAAAACY
tNvhhtls1rZt27Rq1apEl4T7HAEHAAAAAGBS7g43JMlkMhFyIOEIOAAAAAAAUVuwYMGYcOM2Qg4k
Gj04AAAAAABRu3HjhlpaWjR//vyQc7dDDkkx9+RITU1VRkaGMjIylJaWJrvdLovFIqvVKp/PJ7/f
L6/Xq8HBQQ0NDamvr0/Dw8MxPSeMjYADAAAAABC1QCCgffv2ae/evSorKws5P5WQw2Qyqbi4WKWl
pSouLlZhYaGSk5MnXZvL5VJ3d7fa2tp0/fp1tbS0KBAITPo+MCYCDsxqdrtdZWVlE46IlSSHw6Hk
5GS5XK4ZqAwAAAC4f/n9fr322mt66qmnVFpaGnI+2pAjKSlJmzZtUlVVlVJTU2OuKzk5WaWlpSot
LdX69evl8/nU3Nysixcvqrm5mbBjjrNszdnz/UQXMV1Oew8kugRM0YIFC/Twww9rx44dWrJkSVQB
R0ZGhtauXauysjL5fD719vbOQKUAAADA/SkQCKihoUElJSXKyMgIOW8ymbRw4UK5XC61t7eHvYff
71dhYaEWLVo0LTWazWbl5OSourpatbW1stvt6u3tldfrnZbnM4I19q2JLmHaEHBgViksLNSTTz6p
devWKSsrK6pg424mk0mZmZlavHixFi9erL6+PvX3909TtQAAAMD97XbIUVZWpvT09JDz0YQcLS0t
khR2u0s82Ww2lZaWatWqVXI4HOrs7Lwvgw4CDoMi4DAOk8mkLVu2aNeuXUpLS4vLPVNSUrRkyRJZ
rVbduHEjLvcEAAAAMJbf71dDQ4Pmz58f9r38bAo5pNFVHYWFhaqtrZXJZFJbW5uCweC0P+9sQcBh
UAQcxmA2m7Vnzx6tWLFi0is2JmIymVRSUqKUlBQ1NzfH9d6TlZSUJIfDoaSkpDt/2Wy2uKbG4Z7D
bDbL5/PF7TkSITU1VQsWLFBVVZWqq6tVXV2t8vJyFRcXq6CgQCkpKRoZGZHf7090qQAAAPclv9+v
y5cvGybkkCSLxaKysjItXrxYnZ2dGhoampHnTbS5HHDQZBQJt3v3blVWVk7rc9TW1mpgYEAnT56c
1ucZz6pVq7Rp06Yxx3w+n1544YW49QtZv3691q9fP+bY+fPn9e6778bl/jPJYrFoxYoVWrZsmfLz
8ycMvwKBgLq6ulRXV6cLFy7QQAoAAGCGud1uvfLKK/ryl7+s/Pz8kPPRNB49duyYJGnjxo3TVue9
srOz9bWvfU0nT57UkSNH7qvVHHMNAQcSatWqVVqyZMmEj+vt7VVjY6Pa29s1ODgot9sti8Wi5ORk
ZWdnq6ysTJWVlbJaI/+R3rhxo5qbm9XT0xPPlxATq9WqnTt36qWXXuJfpHdZvHixtm3bNqlO2maz
WQUFBdq5c6c2bNig/fv3q6mpaRqrBAAAwL1cLpfeeOMN/d7v/V7Y9+ZTCTl8Pp/a2trU09Oj4eFh
eb1eWa1WpaSkaN68eSosLJTD4YipbpPJpPXr16u4uFhvvfWWhoeHY7ofEoOAAwmTlJQ0YTLb29ur
Dz/8UNeuXYv4mNbWVp07d07Jycnatm2bli5dGvZxVqtVmzdv1uuvvx5T3fFWXFys1atX69SpU4ku
JeHMZrN27doV8Z9htNLT0/XEE0/o448/1rFjxwiPJnB7O9PdPB4PI5cBAMCkpaWl6Utf+tK4XzxG
G3IMDQ3J6XRGNd41Pz9fS5cu1fLly2W326dcf0lJiZ599lnt27dP3d3dU74PEoOAAwmzfPlyJScn
Rzx/8+ZNvfbaa3K73VHdz+Vy6Z133pHH41FtbW3YxyxatEjz5s3TrVu3plTzdNm8ebOampru64kv
FotFe/fuHXfP5eDgoAYGBjQyMiJpdM55ZmZmxLFkGzZskMVi0eHDh6et7rlgxYoVeuihh8Yc++ST
T3Tw4MEEVQQAAIwoOztbX/nKV6JahRtNyHHu3Lmon7uzs1OdnZ06duyYNmzYoFWrVslsNkd9/d3S
09P19a9/XW+88ca4X7Ri9iHgQMKMN+va7XbrrbfeijrcuNuBAwdUXl4e8UNvVVWVjh8/Pun7Tqfb
W1VefvnlRJeSMI8//njYcMPv9+vs2bO6ePGiOjs7w16bmZmp2tpa1dbWhnxbsH79enV3d+vSpUvT
UjcAAABGV1A8/fTTSklJifqaaEKOyXK73Tpw4IAuXbqkPXv2hP1MEA2bzaYvfelLeuONN3T16tW4
1IbpN7VIC4iDgoKCiOcuXrw45X1vfr9f58+fj3h+/vz5U7rvdCsrK9Py5csTXUZCrFu3Lmyj2a6u
Lr3wwgs6cOBAxHBDkvr7+3Xw4EG9+OKLGhwcDDn/yCOPTOqXLQAAAKJ3e+XGVN5v3Q45Vq1aFdea
Ojo69OKLL0ac2BINq9WqJ554YtZ+fkAoAg4khM1mk81mi3i+ra0tpvuPt5QsKysrpntPp61bt06q
seZckJGREbYXS09Pj15++eVJNYXt6enRvn37Qsbi2u32Ge3EDQAAcL/IyMjQV77ylZB+XpMxXSGH
0+nUyy+/HJeQIycnJ46VYboQcCAhJtoPF2tTyL6+Pg0ODob9KxgMTjhyNFHsdrt27tyZ6DJm1JYt
W0K2lXg8Hr366qtTanLZ3d0ddgvSihUrWMUBAAAQR3a7XU899VRcvqCbTMiRmpoqi8US1X29Xq/2
7dungYGBKdd2+3XGOqkF048eHEgIt9stn88XsbtySUmJ6uvrp3x/p9OpH//4x1O+fqaEC1vKy8tV
XV0d0+s3ioyMDFVVVYUcP378eNitJtE6ffq01qxZM6aJrdlsVnV1ddz2dwIAANzvdu/eHdeVDdH2
5CgrK9Pu3bvlcrnU3NysTz/9dNwV4E6nU2+++aa+/vWvT7nxaEZGhnbv3q1XX311StdjZhBwIGH6
+/sj/guxpqZGdXV1c340U2trq1JSUpSdnT3m+Pbt23Xjxo0700Kmk9lsDhml5ff75fV6J3Ufi8US
su1oovusWLEi5JfM4OCgPvnkk0k99708Ho8uX76slStXjjleVVU15YDDZrOpuLhYubm5SktLk9Vq
VSAQkNPpVG9vr27evDnlvjHh/hl4vV75/f6Qx5WVlSk/P1+pqakym83yeDwaGBhQS0uLent7J3wu
u90e8vc8XNBosVhCphwFg8FJN/41mUzKzs5WUVGR0tPTlZSUJJPJJLfbreHhYbW1tam7u3vC0W8A
AGB2WbVqVdgearGKJuS4dOmSzGazdu3apZqaGtXU1KihoUHvvfdexPcqHR0dOnPmjNasWTPl2hYu
XKi1a9fG/F4V04eAAwlz5cqViAGH1WrVU089NefnT/v9fr377rt65plnxnzoTElJ0fbt2/XWW29N
ew2VlZX64he/OOZYfX293n777UndZ/Xq1SGjRs+cOaP9+/eP+9z3unTpUlw+7DY2NoYEHIWFhTKZ
TJPaApWXl6f169eroqJi3HnuktTe3q4zZ87o0qVLk3qOoqIiPfPMM2OOnThx4s5425SUFD344IOq
qakZd657T0+PPv7443FX/+zdu1fFxcUT1rRq1aqQJaI+n08//OEPJ7xWGh2vtmrVqgnHQUuj36qc
P39ep06dmnJIBAAAZk52dnbI+76paG9vV2FhYcjxaEKOCxcuyGw2a8eOHXcmJebm5uqVV16JuB3l
2LFjWr58+bjvpyayadMmNTY2qr+/f8r3wPShBwcSpr6+ftwPgenp6Xr22Wf1wAMPTHkpmRG0tbXp
7NmzIccXL16sioqKBFQ0M1JTU0NWrkiK2zjX9vb2kD9fVqs16lFhNptNjzzyiJ577jlVV1dPGG5I
owHKo48+queee065ublTqvvuWiWpoqJC3/72t7V69eoJfxnn5OTo8ccf1549e8Zt4jvdVq9erW99
61tat27dhOGGNBrgrFu3Tt/61rdCQikAADD77Ny5M6r3RuNpaWnRL37xi4gjWKPpyXHu3Dl98MEH
d97zzZs3T08//XTEhqdut1vnzp2LqW6r1aodO3bEdA9Mn7n7qRGzXldX14R9JqxWqzZv3qzvfve7
Wrdu3ZxtEnnkyJGwSfOOHTti6kg9m4VbReByueK2Ysftdmv//v06dOjQmL+iWR3icDj01a9+VStX
rpxSQ9q8vDw9++yzWrRo0VRKlzQasKxcuVJPPPHEpP8MVFVVJaRZrclk0uOPP65t27ZN6U2P3W7X
I488os2bN09DdQAAIB6WL18e1WrQidTV1SkQCOi1116LKeSoq6vT/v37x4Qc470PunjxYkx1S9L8
+fPD9pFD4rFFBQl18OBBzZ8/f8KOxGlpaXrooYe0efNmXb16VY2NjWpubp6RHhUzwev16r333tPT
Tz895gO1w+HQ1q1b9e677yawuumRl5cXcqyrqyuuzxFuZcxEbDab9u7dq/z8/LDn29vb1dPTo5GR
EdntdmVmZqq0tDTkA73VatWePXv06quv6saNG5Ouo6ysTDU1NWP+PHg8HnV0dGhoaEhms1np6ekq
KCgI20W8urpaDQ0NamhoGHO8q6srZGVLWlqaMjMzxxwbGhoKWXp5b0+Qe+3cuVPV1dUhxwOBgFpa
WtTR0aGRkRFZrValpaWprKws7CqeBx54QD09PXFbzQMAAOLDZrPF5YsIv99/J9S4HXI8+eSTWrhw
Ychjo9mucvbsWZlMJm3fvl3S6Jc9RUVFYRuPdnZ2amRkJOaJKLe3qsQ6/RHxRcCBhBoeHtYrr7yi
Z555Jqq9cGazWYsWLdKiRYsUDAbV2dl5J/Do7OycgYqnz/Xr13X+/HktX758zPGamhrV19fr2rVr
CapseqSnp4cc6+npSUAlY33hC18IG25cuXJFH374Ydj9lklJSaqtrdXGjRvHbKeyWCx67LHH9C//
8i+THnl7d+DgdDp19OhRnT9/PiRkSElJ0YYNG8J+s7FmzZqQgOODDz4Iedy6detC9tHW19fr4MGD
Ude7ZMkS1dTUhByvr6/XgQMHIvbWqKys1K5du0JWqTz00ENqamqadLNbAAAwfdasWROXUakdHR1j
moHGI+Q4c+aMzGaztm7dKmm0mX2kySrt7e0xrbSVRvuQLF26VBcuXIjpPogvtqgg4bq6uvTyyy9P
eja1yWRSQUGBHnzwQT333HP6zne+o02bNoX94GwUBw8e1NDQUMjxHTt2xNQMaTZKS0sLOTbZECDe
Fi5cGLYHxMcff6zXXnstYjMpt9ut48eP66WXXpLP5xtzLjU1NaZ9mr29vXrxxRdVV1cXdgWF0+nU
/v37dfz48ZBzxcXFcZlLPxGTyRT225zTp0/r7bffHrdxaGNjo/bt2xeydSgtLU0LFiyIe60AAGBq
bDab1q5dG5d7hVu1ezvkcDqdYa+JZrvKqVOndOjQIUlSeXl5xMfdunVrkhWHt379+rjcB/FDwIFZ
oaOjQy+88IKampqmfI/MzEw9+OCD+s53vqPdu3dr3rx5caxwZrjdbr3//vshxzMyMrRly5YEVDR9
wm2rmOwI0ngL1w28sbFRR48ejer6trY2vfPOOyHHq6qqIm55GU9/f79eeumlqMK/Y8eOhX1DUFRU
NOnnnazi4uKQ5q39/f1RrwBpbW0N++3HeG9MAADAzKqpqYlbb7hIX36EG1N/t2hCjpMnT+rw4cNy
OBxh329KihiiTFZ2djZfyMwyBByYNVwul15//XW98sor6ujomPJ9zGazli1bpm9+85vatm2b4Zp0
XrlyJWzvgZUrV6qkpCQBFU2PcL9wPB5PAioZtWDBgpDJJz6fL+yWjvE0NDSE3U60bt26Sd0nGAzq
vffei/oXsN/vD/u84XqdxFu4cc9Xr16d1Ljfe7fSSDJkSAkAwFwVz6aakd7zJSUlTdjgPZqQ48SJ
Ezpy5EjE7TT3rriNxVyeemhE9ODArHPt2jVdu3ZN5eXlWrFihcrLy6c0JtZsNmv16tWqrq7Wu+++
q+bm5mmodnp8+OGHIc1XTSaTdu3apeeffz6u/1JOlKlMJ5lOK1asCDn26aefjru9IpKjR4+GpPlV
VVVKSkqKepVKW1vbpJuThptAMxMBX11dnerq6mK6R29vb8ixeOzxBQAA8dHY2KjS0tK43CvStLVo
tytH05Pj+PHjEd9v2my2qJ4nGvGYyoL4YQUHZq3m5ma9/vrr+qd/+ift379fV69enVLDQYfDoSef
fNJQe+Ru91W4V1ZWljZu3JiAiua+cL+wp9o0qr29PeQDu9lsntSbgql05A632mO8ZZ6zSbjQbq71
nQEAwMjOnz8ft9W2kd6f+Hy+qKckRrOSI9L7qXj1KLtx40bERqZIDAIOzHpOp1NnzpzRq6++qh/9
6Ef65S9/qRMnToT9tjoSk8mkLVu2jPsvwNnm8uXLamxsDDm+Zs0aFRQUJKCiuSsnJ0cpKSljjg0N
DcU0mefKlSshx8rKyqZ8v2iE2xIyldVPAAAA9/J4PDp79mxc7pWVlRXx3GRWXUcTcoQTbnvtVJw4
cSIu90H8sEUFhhIIBNTS0qKWlhYdPnxYmZmZWrFihWpqaqJazr5161a1tLRMKhxJpA8++EBlZWVj
thmYzWbt3r1bP/vZzybV42C2mU0zw8P1qYh17HC4PjLZ2dkx3dOIzGazsrOzlZeXp6ysLNntdtnt
9pClqZGagAEAgNnj5MmTqq2tjXmVZXFxccRz586dCzt6PpJotqvczWw2x6UJe3t7e9j+Z0gsAg4Y
Wn9/vw4fPqxjx45p1apV2rBhw7h76sxms7Zt26aXX355BqucuuHhYR04cEC7du0aczwnJ0cPPvig
PvroowRVFrtwI08T1RA23DLJvr6+mO4Z7vp7V4nMZQsXLtTSpUtVUVER132uAAAgcVwulz755JOY
t0w7HA7l5eWFHRfb2tqqxsZGVVZWRn2/yYQc5eXlEXuARCsQCEy6ET1mBmuXMSf4fD6dPHlSzz//
/IQTWMrKykKmZcxm58+fD5sOP/DAA4Z6HfeaTT0XwgUPse4xDddM9H5omllQUKBnnnlGe/fu1ZIl
Swg3AACYY44fPx7zF0GStGzZsojn3nvvvUk/R7TbVeLxhVNdXV1MUx8xfQg4MKf09/frV7/61YRb
UOI55mom/Pa3vw1psGo2m7Vr1y7D9lgYGhoKOZaoACBcij+VhrYTXR/rtwWz3ZIlS/S1r31t3HHG
gUBAbrdbg4ODY/4K9+cBAADMPvFavbB8+fKIq3ddLpdeeeWVaQk5zp07F9Mq6MHBQR05cmTK12N6
ze1327gvud1u/frXv9Y3vvGNiKOh4rHvbiYNDAzo8OHD2r59+5jjBQUFWrt2rSEbHA0ODoYcS9SK
lHCrSWJdeRDu+nh1Hp+NKioq9Oijj4b8f87n86mhoUFNTU3q7OzUwMBA2P4rDodD3/ve92aqXAAA
EINr167p7Nmzqq2tnfI97Ha7HnjgAR06dCjs+f7+fv385z/Xzp07475d5dixY5I0pa02H3zwwZx+
T2d0BByYk7q7u9XS0hJxakVmZuYMVxS7s2fPavHixSHfjm/YsEGNjY26detWgiqbmnBNPHNzc2Uy
meLWgLS2tjYkaKivrw8JV8KNV411u0y4byTCPc9ckJycrB07doSEG9evX9c777yj4eHhBFUGAACm
y4EDB1RSUhLTF1Rr1qzR5cuXI273cLlceuONN1RcXKzly5ervLz8zorfYDAol8sVdsvJdIUcJ06c
CDspD7MHAQcSYvv27aqoqAh77sSJE3EZQdXe3h4x4EhUr4dYBINBvffee/rGN74xZquD1WrVzp07
9ctf/jKB1U1ee3t7yDG73a7i4mLdvHkz5vsnJydr+/btIR+6L1++HPLYcPPWxxtfFo1w14fryzEX
hJti1NraqldffdXQk34AAEBkfv//z96dR0dVJvj//1RVkspKAoQsZAFCIIggW1gkQFAU7FZBcUFb
nXbGUedIj316pnum256256g9npmepXt60dPq6Ngj7rIomwgqIiIQwmJASNiSkEgISQjZl6rfH/5S
31SqUktSqeQW79c5nGPde+u5z/NUwNxPPUunPvjgA33ve9/r8+/WZrNZN998s9asWaOWlpZer6uo
qFBFRYWkb3/3jYyMVGtrqzo7O7VixQqNHTvW5T2BDjlOnz7N1BQDMObkfRhee3u74uLi3P4J1PQR
d7t0GF1tba3jH+Lu0tLS+jVEcDA0Nja6XSvFnyGInqSlpbmEG21tbaqvr3e51l09kpKS+nX/5ORk
l2PuVgoPBe7WtNm9ezfhBgAAIa62tlbvv/9+v/6fHx8fr9tuu83n6cEdHR1qaGhQe3u7bDab1q9f
rzNnzri91pc1Ofbs2eN1TY6LFy9q06ZNARtljIFDwIFB4elBLysrSxaLpd/3GDlyZK/njDxkvqCg
wO0wvgULFiguLs7v8gZi/QlflZSUuBybNGlSQBbjdPfQXVlZ6fbampoal1EcsbGx/Qo5srKyXI4F
YmTKUNTz75rNZgvZtgIAAGelpaX68MMP+/Xwn5qaqjvuuEORkZF+v3egQ46GhgatX7+edTcMgoAD
g+LMmTO9Jr1Wq1W5ubn9Kj8+Pl7jxo3r9fylS5f6Vf5gstls+vDDD136Lzw8XDk5OX6X527aRG8r
WgdaUVGRSzuio6P7PRolMjLS7UiQr7/+utf3lJWVuRzztH2ZJ8nJyRoxYoTTMZvNpvLy8j6VN5SF
h4e7DEvt7Oz0+5uc3hYEBgAAQ9+xY8e0bdu2focc3/ve99yOgvVmoEKO+vp6vfXWW4Z+drjSEHBg
ULS2turs2bO9np83b16va3R4ExERoe985zseRwGcPn26T2UPFdXV1W53TunLQ6K73UxGjRrld1kp
KSl+37u+vl7Hjx93OZ6bm9uvPcpzc3NdRqG0t7e7HTHS5fDhwy7Hpk6dqpiYGL/vn5eX53Ls+PHj
Q3YNjv78MuJuKlh4eLjf/TZ16tQ+1wEAAAy+oqIibd26td/TVe655x4tXLjQ7y/cukIOd+u8Sf6H
HHV1dXrzzTcJNwyGgAODZvfu3b0+WJnNZt1yyy1atGiRX/+4JSUl6e677/a4jkd7e7tOnjzpd32H
mj179ujixYv9Lqe+vt5lUaeIiAiNGTPG5zLGjx/f57Uzdu/e7TJNJjo64RuncgAAIABJREFUWt/9
7ndlNvv/T1RqaqpmzZrlcrygoMDj0MLy8nKXqT9hYWG6/vrr/Qp7cnJy3PZdQUGBz2UEm7tpSr5O
E7LZbG53h/Fn9Mv48eM1d+5cl+OM6gAAwFiOHTumtWvX9ms6h9lsVm5urv76r/9a+fn5GjVqlNf3
WK1W5eTk6I477vD4pZuvIcf27dv11ltvqaGhoU9twOBhFxUMmqqqKhUVFWnKlCluz5vNZs2aNUvT
pk3TmTNnVFFRoerqajU2NqqtrU1ms1kRERGKi4tTUlKSMjMzlZqa6vWh6MCBAyGxXafNZtPWrVt1
zz339CkI6O6bb75xWX164cKFqqio8Po/qPHjx+u73/1unx9G6+vrtWvXLscq110yMzO1YsUKbd68
2eOq2t2lpaXp1ltvdemPhoYG7d+/3+v7d+3apZUrVzq1JTs7WwsWLNCuXbu8jnRIS0vT0qVLXY5/
/fXXQ3qBUXf968svE13Kyso0ceJEp2Nz587VmTNnPLbbZDJpxowZWrhwoduf4UCsxQIAAIKrtLRU
a9as0S233NKvLWQjIiI0c+ZMzZw5U01NTaqoqFBdXZ1aWlrU0dGhiIgIxcTEaNSoUUpOTvZ5DT9f
dldxN7IXxsBvjxhUO3bs0IgRIzR69OherwkLC1N2dnZAdtf45ptvtHfv3n6XM1ScP39ehYWFbkcs
+OPIkSMuAUdiYqLuvfdeffLJJy7TiUwmk1JTUzV9+vQ+rfvRU2FhoVJTU13KGjt2rL7//e/rwIED
Onr0qNvFYc1ms1JSUnTNNdcoJyfH5UG5s7NTmzZtUnt7u9d6lJaW6uDBg5oxY4bT8dzcXCUnJ2vn
zp2qqqpyeV9UVJRmzpyp3Nxcl/tfvnxZO3bs8HrvweRuF5nRo0dr+vTpOnz4sGOoqclkchvyFBUV
uQQc4eHhWrVqlb744gsdPXrUKVS0Wq0aN26cZs6c6XGebVhYmMxmM7uxAABgMLW1tVqzZo2uu+66
gExDjY6ODthOe5JvIQeMiYADg6qzs1MbNmzQihUrArY9bG9qa2u1YcMGt8PxjWz37t0aP368EhIS
+lzGyZMndfHiRZfdMEaMGKGVK1eqoaFBNTU1stlsioiI0MiRIwO+EOmWLVsUGRnpMr0jOjpaCxYs
UF5enurr61VfX6/29nZFRETIarVq+PDhvX7Tb7fbtWPHDr929Pjss8+UnJzsErplZGTovvvuU21t
rS5evKjGxkZZrVbFxsZq9OjRbkcgdHR0aPPmzUN27Y0uXbvIREdHOx2/7rrrdO2116qmpkZhYWEa
Pny4XnzxRZcRH2fOnNGpU6dcdo4JDw/XokWLtHDhQsd2buHh4YqNjfVpxI/ZbFZsbKzbrX0BAMDQ
1tnZqY8++kglJSVasmSJhg0bNthVckLIEZpYgwODrrm5WW+//baOHTs2YPc4c+aMXn/9dUNvD9ub
jo6Ofq9abbfbtXHjxl5HOcTGxiozM1Njx47V6NGjXcINm82mr776qs/37ypj3bp1vZZjMpkUHx+v
jIwMZWVlKT09XaNGjeo13Ojo6NDGjRv9rldnZ6fWrVvXaygyfPhwZWdna9q0aZo0aZLS09Pdhhtt
bW16//33DbFdqt1u73UoZmRkpEaPHq2kpCSFh4f3Gkxs2bKl1zVhTCaT4uLiNGLECMXFxbmUYbPZ
tGPHjl4XvAUAAMZ15swZvfrqq9q3b9+Q+6LRlzU5YCwEHBgSOjs7tWXLFq1du1Z1dXUBK7e+vl6b
N2/W2rVrh/y36P1RXl7e77mCFy9e1DvvvOP2IdOTpqYmrV+/3u1uKP6y2Wzatm2b3n//fb/r0V15
eblef/11FRcX9+n9ra2teuedd7Rv374+TY+orKzU66+/3utWZUPRl19+6VMY09t6L62trXr77bc9
7o7kTn19vdavX69Dhw6ppqbG5Xx6erpf5QEAgKGnvb1du3bt0ssvv6yioqIhNf2UkCO0WPJH3vLP
g12JgVLY/ulgVwF+qqur06FDh1RVVaXo6Gi33/Z6Y7PZVFZWpt27d2v79u1DZnHH9PR0ZWRkOB27
dOlSwEaunDt3TpMmTXIZXXHhwgWfd41paGhw/E8nMTHR4yKP9fX1Kiws1KZNm3Tx4kVFR0e7LBj7
zTff9Okhv6amRgcPHtTly5cVGRnp05SGhoYGnTp1Sh999JG+/PJLNTU1+X3f7ux2u0pLS/X111/L
YrEoISHBY3/Y7XaVl5dr586d2rlzp18L2Q4bNkxXX32107HLly+rqKjIrzqPGjXKZX7qxYsXfQp6
7Ha7jh07JovFouTk5F6DjIKCgl5H+nR0dOjrr79WbW2thg0bptjY2F7v19TUpIKCAm3atMkRbMTE
xLhMUYqKimLYKAAAIaKtrU0nT55UUVGR7Ha7Ro4cGdRFxTs6Otz+jmMymTR27Fi1tLT0us1sKJkZ
kT/YVRgwpl9MeL7v49qHuJcanxrsKqCfrFarMjIydPPNN3vdKaSqqkq7du1SRUWFTwtKwjOTyaTk
5GQlJycrOjpaFotFzc3Namxs1Pnz51VbWxu0ulitVqWmpiohIUFRUVGyWCxqa2tTS0uLmpubVVVV
NeB7lJtMJiUlJWnUqFGKi4uTxWKR3W5Xc3OzampqVFlZGTKjhKxWqzIzMx2/dLS2tury5cuqrKz0
q59jYmKUnp6uuLg4RUZGymazOX5+zp8/369pVQAAwPjCwsI0btw4TZo0SWPHjh2QsKO5uVknTpxw
fAlzxx139DoF1m6365NPPgn5L1ceinlysKswYAg4YAiPP/64162fiouL9cEHHwSpRgAAAAACxWKx
KCMjQxkZGUpJSVFSUpIiIiL8LqelpUXnz59XeXm5ysrKdP78eacpMZGRkVq5cmWvO7ldCSFHKAcc
7KICAAAAABhUnZ2dOnPmjNP05ri4OMXHxys2NlZxcXEKDw+XxWKRxWJRR0eHOjo61NbWpqamJl26
dEm1tbUuu7311NLSonfffVd33HGH25CD3VWMjYADAAAAADDkXL58uV8Lz/emtbVV7777rlauXKmU
lBSX84QcxsUuKgAAAACAK0pra6vee+89VVRUuD3P7irGRMABAAAAALjitLa2au3atTp37pzb84Qc
xkPAAQAAAAC4IrW1tWndunUeQ478/HwNHz48yDVDX7AGBwxh+/btMplMHq+pr68PUm0AAAAAhIq2
tjatXbtWK1asUEZGhtM5m82mDz/8ULW1tYNUO/iDgAOGUFRUNNhVAAAAABCi2tvbtW7dOq1YsUKZ
mZmS/l+4cezYsUGuHXzFFBUAAAAAwBWvo6ND69at09mzZwk3DIoRHAAAAAAASOrs7NS6deuUkZGh
s2fPDnZ14CdGcAAAAAAA8P+z2WyEGwZFwAEAAAAAAAyPgAMAAAAAABgeAQcAAAAAADA8Ag4AAAAA
AGB4BBwAAAAAAMDwCDgAAAAAAIDhEXAAAAAAAADDI+AAAAAAAACGR8ABAAAAAAAMj4ADAAAAAAAY
HgEHAAAAAAAwPAIOAAAAAABgeAQcAAAAAADA8Ag4AAAAAACA4RFwAAAAAAAAwyPgAAAAAAAAhkfA
AQAAAAAADI+AAwAAAAAAGB4BBwAAAAAAMDwCDgAAAAAAYHgEHAAAAAAAwPAIOAAAAAAAgOERcAAA
AAAAAMMj4AAAAAAAAIZHwAEAAAAAAAyPgAMAAAAAABgeAQcAAAAAADA8Ag4AAAAAAGB4BBwAAAAA
AMDwCDgAAAAAAIDhEXAAAAAAAADDI+AAAAAAAACGR8ABAAAAAAAMj4ADAAAAAAAYHgEHAAAAAAAw
PAIOAAAAAABgeAQcAAAAAADA8Ag4AAAAAACA4RFwAAAAAAAAwyPgAAAAAAAAhkfAAQAAAAAADI+A
AwAAAAAAGB4BBwAAAAAAMDwCDgAAAAAAYHgEHAAAAAAAwPAIOAAAAAAAgOERcAAAAAAAAMMj4AAA
AAAAAIZHwAEAAAAAAAyPgAMAAAAAABgeAQcAAAAAADA8Ag4AAAAAAGB4BBwAAAAAAMDwCDgAAAAA
AIDhEXAAAAAAAADDI+AAAAAAAACGR8ABAAAAAAAMj4ADAAAAAAAYHgEHAAAAAAAwPAIOAAAAAABg
eAQcAAAAAADA8Ag4AAAAAACA4RFwAAAAAAAAwyPgAAAAAAAAhkfAAQAAAAAADI+AAwAAAAAAGB4B
BwAAAAAAMDwCDgAAAAAAYHgEHAAAAAAAwPAIOAAAAAAAgOERcAAAAAAAAMMj4AAAAAAAAIZHwAEA
AAAAAAyPgAMAAAAAABgeAQcAAAAAADA8Ag4AAAAAAGB4BBwAAAAAAMDwCDgAAAAAAIDhEXAAAAAA
AADDI+AAAAAAAACGR8ABAAAAAAAMj4ADAAAAAAAYHgEHAAAAAAAwPAIOAAAAAABgeAQcAAAAAADA
8Ag4AAAAAACA4RFwAAAAAAAAwyPgAAAAAAAAhkfAAQAAAAAADI+AAwAAAAAAGB4BBwAAAAAAMDwC
DgAAAAAAYHgEHAAAAAAAwPAIOAAAAAAAgOERcAAAAAAAAMMj4AAAAAAAAIZHwAEAAAAAAAyPgAMA
AAAAABgeAQcAAAAAADA8Ag4AAAAAAGB4BBwAAAAAAMDwCDgAAAAAAIDhEXAAAAAAAADDI+AAAAAA
AACGR8ABAAAAAAAMj4ADAAAAAAAYHgEHAAAAAAAwPAIOAAAAAABgeAQcAAAAAADA8Ag4AAAAAACA
4RFwAAAAAAAAwyPgAAAAAAAAhkfAAQAAAAAADI+AAwAAAAAAGB4BBwAAAAAAMDwCDgAAAAAAYHgE
HAAAAAAAwPAIOAAAAAAAgOERcAAAAAAAAMMj4AAAAAAAAIZHwAEAAAAAAAyPgAMAAAAAABgeAQcA
AAAAADA8Ag4AAAAAAGB4BBwAAAAAAMDwCDgAAAAAAIDhEXAAAAAAAADDI+AAAAAAAACGR8ABAAAA
AAAMj4ADAAAAAAAYHgEHAAAAAAAwPAIOAAAAAABgeAQcAAAAAADA8Ag4AAAAAACA4RFwAAAAAAAA
wyPgAAAAAAAAhkfAAQAAAAAADI+AAwAAAAAAGB4BBwAAAAAAMDwCDgAAAAAAYHgEHAAAAAAAwPAI
OAAAAAAAgOERcAAAAAAAAMMj4AAAAAAAAIZHwAEAAAAAAAyPgAMAAAAAABgeAQcAAAAAADA8Ag4A
AAAAAGB4BBwAAAAAAMDwCDgAAAAAAIDhEXAAAAAAAADDI+AAAAAAAACGR8ABAAAAAAAMj4ADAAAA
AAAYHgEHAAAAAAAwPAIOAAAAAABgeAQcAAAAAADA8Ag4AAAAAACA4RFwAAAAAAAAwyPgAAAAAAAA
hkfAAQAAAAAADI+AAwAAAAAAGB4BBwAAAAAAMDwCDgAAAAAAYHgEHAAAAAAAwPAIOAAAAAAAgOER
cAAAAAAAAMMj4AAAAAAAAIZHwAEAAAAAAAyPgAMAAAAAABgeAQcAAAAAADA8Ag4AAAAAAGB4BBwA
AAAAAMDwCDgAAAAAAIDhEXAAAAAAAADDI+AAAAAAAACGFzbYFQAGy4oVKzR58mTH6w0bNqioqCig
98jJydHKlSsdr0+cOKF33303oPcYaq7ENl+pFi9erGuvvdbxuq2tTWvWrFFlZeUg1qpvgvHvAQAA
AAYWAQcCwmQyafTo0UpPT9eIESMUFRWlsLAwtba2qqmpSVVVVTpz5owuXbo02FXFEBIZGan58+dr
+PDhOnfunPbu3SubzTbY1YIPUlJSNHfuXMfrzs5OrV271pDhBgAAAEIDAQf6xWKxaO7cuZoxY4aG
DRvm9fpz585p9+7dKikpCULtMNTdfPPNmjhxoiRp4sSJMplM+uKLLwa5VvDGbDbr1ltvldn87SxH
u92uDz74QKdOnRrkmgEAAOBKxhoc6LPk5GQ99NBDys/P9ynckKS0tDTddddduvXWWxUWRr52pUtL
S3N6nZmZOUg1gT8WLFigxMREx+tt27bp6NGjg1gjAAAAgBEc6KOUlBTde++9ioyMdDput9tVV1en
hoYGtbe3KyIiQsOHD1dMTIzTdVOmTNGwYcP0+uuvMyXhCnbhwgWnn42qqqpBrA18kZyc7LTuxuef
f66CgoJBrBEAAADwLQIO+M1qtequu+5yCjc6Ojr0xRdfqLCwUI2NjS7vSUpK0rXXXuu0iF9mZqZu
uukmbdq0KSj1xtCzadMmXXfddY41OD7//PPBrhI8MJvNuvnmmx1TUwoLC7Vz585BrhUAAADwLQIO
+G3+/PmKjY11vPZl54SqqiqtX79e5eXlWrp0qeP4tGnTdOTIEZWVlQ1onTE0Xbp0SevWrRvsasBH
UVFRjhDKZrOxlg4AAACGFNbggF9MJpOmTJnidOyzzz7zeeeEgoICffXVV07HFi5cGLD6ARg4jY2N
On78uI4fP67i4mLZ7fbBrhIAAADgQMABvyQkJDiN3rDZbDp8+LBfZezatcvpdUZGhqKjowNSPwAA
AADAlYkpKvBL93BDkpqamtTS0uJXGbW1tbp06ZLi4+MlfTuvPyUlxactJhMTEzVmzBiNHDlSkZGR
MplMamlpUXV1tUpLS3XhwgW/6tIfqampGj9+vOLi4hQREaHm5mZVV1eruLhYly9fDsg9TCaT0tPT
NWbMGMXExCgqKkotLS1qaGjQuXPndPbs2aAu0hroNicmJjr9TF24cMHtGi7uREREaMyYMRo9erRi
YmJktVrV2tqqxsZGnTt3TmVlZWptbfWprLFjxzr+u6GhQdXV1U51nDBhguLi4hQdHa2WlhZdvnxZ
JSUlOn/+vG8N7UWgP98xY8bIZDJJklpbW51GVlmtVmVnZyspKUlxcXGy2+1qaGhQeXm5Tp06pc7O
Tq/le/u8IiMjlZKS4njd3t6uc+fO+Vz/ESNGOO3I1PVvhSdms1ljx45Venq6EhISZDKZ1NTUpPr6
ep08edLpswQAAEBoI+CAX9rb251eR0ZGymw2+/2QXVJSolGjRjleexvqnp2drQULFig1NdXjdZWV
lfrkk0905swZv+rjj/T0dH3nO99x2iazu6VLl+rYsWPavn17n+9hNpuVm5urefPmuexA011ra6v2
7t2rPXv2qKOjo8/382ag2pyXl+e08OyGDRtUVFTk8T1hYWFauHChZsyYIavV2ut1ra2tOnTokD77
7DO1tbV5LHPVqlWOhTNPnz6tN954QykpKbrxxhuVnp7u9j2LFi3S+fPntXnzZp+naHUZqM931apV
slgskqTq6mq98MILCg8P18KFCzVr1qxet2ZuaGjQxx9/7DJ9rKeen9e6det07Ngxp2vuuusux31s
Npv++7//W83NzV7rLknLly93+ju+Zs2aXgMOk8mkmTNnuqwJ1N3111+v8+fPa9u2bazzAwAAcAUg
4IBf6uvrZbfbHd8Sh4WFKTs7WydOnPCrnA8//NCn60wmk2688UbNmjXLp+tTU1N1zz33aPfu3QOy
u8PMmTO1dOlSR/vdMZlMmjx5sjIzM1VYWOj3PWJiYrRq1SolJyd7vdZqtWrhwoWaOnWq3njjDdXW
1vp9P2+C0WZfxcbG6t577+01aOnOarVqzpw5Gj9+vN544w3V19f7dI+oqChdddVVWr58uSP06E1y
crL+4i/+Qu+//76OHj3qU/nB+nzDw8MVExOj++67TyNHjvR4bWxsrG699VYlJCS4TCHzR0tLi06d
OqWJEydK+jbImThxog4dOuT1vfHx8U7hRn19vUpLS91eGxUVpTvuuEMZGRley01OTtZ9992n7du3
a9++fT62BAAAAEbEGhzwS1NTkyoqKpyOLVu2TMOHDx+Q+33nO99xCTe6FjosKCjQgQMHXIbxm0wm
5eXl+RyK+Oqqq65y+6Df2NiosrIynTp1StXV1Y7RKLGxsX4voBoTE6MHHnjA5eG3sbFRp06d0ldf
faWTJ0+qoaHB6XxCQoLuv/9+jRgxog8t610w2uyriIgIfe9733MJN2pqanT8+HEdPnxYxcXFLlNc
Ro4cqXvuuUcRERE+3ScxMdEp3Oia6nHy5El98803LlM5zGazbrnlFmVmZnotO5ifb2RkpFO4YbPZ
dP78eZWUlKi0tNTtqIoFCxYoLS3N53u4c+TIEafXkyZN8ul9Pa87evSo25FdkZGRuv/++13Cjbq6
Oh0/flxFRUUqLS11+pxMJpOWLFmiq666ytdmAAAAwIAYwQG/7dmzR3fccYfjdWxsrB588EF98skn
OnToUMDWhJg8ebKmTZvmeG2z2fTpp59q7969LveIj4/X8uXLnaYTLFq0SEVFRX6vEeJOTEyMli1b
5vSg39DQoK1bt6qkpMSpPgkJCZo/f75T3X21fPlyp7CopaVFH330kYqKilxCnJycHC1dutQxxSE2
Nla33367XnnlFZ/WU/AmWG321fz5851GIjQ1Nen99993WbvFbDZrzpw5ys/Pd4QUI0eOVF5enj7+
+GOv9+maXtHa2uqYttF9alZkZKTmzp2refPmOcq3WCy66aab9OKLL3r8+Q/m52u1Wh1TeA4dOqRP
P/3UKfwxm82aPn26lixZ4mizyWTS3Llz9d5773ktvzclJSVqampyLBw8ZswYRUZGev172DXqo0vP
oKTL8uXLnUKuhoYGbd682WXL2sjISN14442OXZ9MJpNuuOEGnTp1yue1WQAAAGAsjOCA306cOOEy
5DwyMlI33XST/uZv/kZ5eXmKi4vr933mz5/v9Hrbtm3as2eP2wfIS5cu6e2333b65jsyMlLjx4/v
dz2kb7eyjYqKcrxubm7Wq6++qhMnTrjUp66uTps2bdJHH33k1z1mzJjhtNhlW1ub1qxZoyNHjrjc
w2636+uvv9af//xnpwfHpKQkl37rq2C02Vcmk0lTp051OvbBBx+4XZjWZrNpz549+uSTT5yOT5s2
zeuUky6NjY165ZVXVFhY6LLuTEtLiz799FNt2bLF6fjIkSM9BjyD8fna7XZt375dmzZtchnZYrPZ
dODAAe3YscPp+NixYz1OR/LGZrPp+PHjjtcWi8UlvOgpJibGaeRIVVWV28VBp0yZ4vR3urGxUa++
+qpLuCF9+zl98MEHOnnypONYbGysZs+e7Vd7AAAAYBwEHOiTzZs3a//+/S7H4+PjtWjRIq1evVoP
PvigFixY4NN6CT1FRUU5LULa1NTkdW2HlpYWl+CltwUi/REREeG0sKIkbd++3evuDvv27XNZgLE3
JpNJ8+bNczr2ySefeN2lo7a2Vlu3bnU6lpub6/N0jN4Eo83+iI6OdlpIsqGhwenB1Z29e/c6rbvR
82fKk40bN6qmpsbjNYcOHVJxcbHTsZ4hTJfB+nwPHTqkvXv3erzm4MGDTouwWq3Wfk916rlYqbdp
KpMmTXIKVdytZ2IymbRgwQKnY1u2bPH4M2m327Vjxw6nqS7XXHNNvwIcAAAADF1MUUGf2O12bdu2
TSdPntTSpUtd1uAwmUxKTU1VamqqFi5cqOrqah06dEiHDx/2acpIW1ubXnnlFcfr9vZ2rzutSHJ5
YOxtdwV/ZGdnO+3WcenSJa87fXQ5duyYT/P+s7KylJCQ4HhdX1/v82KdR48e1bXXXqukpCRJ345c
mTJlig4cOODT+90JRpv90XP3j7CwMJlMJo8/E3a7XV9++aVTwObr1B1v4UmXzz//XBMmTHC8TktL
U2xsrMsaGoP1+fYcneFOZ2enqqurNXr0aMexmJgYXbx40af6uVNeXq7a2lrHvwtjx471OE2l+wgP
u93udnrKuHHjnP6dqa6u9mlx4+rqapWVlTnWSImPj1dKSorfO98AAABg6GMEB/rl1KlT+tOf/qTN
mze7HVLeJTExUUuWLNHq1au1aNEir99Ad3Z2qrKy0vHHU9nd9ZxOEB4e7tP7POm56KK7KRr9NW7c
OKfXR48e9esePR8Ie5bnr2C02R+XL1922iY1MjJS11xzjdf37d+/X1u2bHH88fXnyFeVlZWqq6tz
OuZuK+PB+nx9XWui54Kjnrbf9VX3URyepqlERUU5LdB69uxZl4BI+jZ0686fkUJnz551et09zAEA
AEDoIOBAv9lsNh08eFAvvPCCXnvtNRUWFrp9QJG+nfqQl5enhx9+uN/TR8xms6KjoxUTE+P4ExkZ
2a8y3UlJSXF63dvWlf3Rsy9Onz7t1/t7rkXR3we4YLTZHz3XdZCkm266SUuXLg34zjH+6tk37rZ/
HWqfb089wxZf1yrxxNdpKhMnTnS6X28jhXr267lz53yuS1VVldNrb9vmAgAAwJiYooKAKi0tVWlp
qbZu3aqMjAzl5ORo0qRJLlNFhg0bpvvuu0/vvfeeyzoG7pjNZo0ZM0Y5OTlKSUnRyJEj+73OhK96
1v3ChQsBv0fPRVm9rc3Q08WLF9XZ2SmLxSLp2ykGZrO5z6MugtFmf23fvl1jxoxx1M1sNmvWrFma
NWuWqqurdfbsWcefQOyc46ueUzm6dg/pbqh9vsFQV1enc+fOOUYDjR07Vlar1WVUSU5OjuO/Ozo6
XIKsLt2n+EjS4sWLlZeX51Ndegaf3RfPBQAAQOgg4MCAsNvtjrBj+/btys7O1vz5852G75vNZt12
2216+eWXPU4dyMnJ0fXXX+/ygBMsPYOUgXh47v7AZbPZXKYMeGO329Xc3Ox4+DeZTIqOju51JI03
wWizvxobG/Xyyy9rxYoVTlMapG+nQCUmJmrWrFmy2+06d+6cjh49qq+++mrAtwRtampyeu1uFNFQ
+3yDpaioyBFwdE1T6T7dxmq1asyYMY7XxcXFvX5ePfu15ygjfwRiCg4AAACGHgIODDibzaYTJ07o
xIkTmj17tq6//nrHkPSwsDBdf/31euutt1zeZzKZdMMNNyg3N9flXHt7u2pra9XS0uK0NkNUVJTb
NRD6o+cClz3X+egvk8nk+GZecp0u4KueC2j2Z/2RgW5zXzU0NOhZsHduAAAgAElEQVS1115Tdna2
Zs+erTFjxrjsiGEymZSenq709HTl5+dr79692r1794CNduj+8ye59vtQ/HyD5ejRo1qyZImj/Tk5
OU4Bx/jx451+1npOa+mu589kfwRiCg4AAACGHgIOBNW+ffsUHh6u/Px8x7GsrCzFxMSosbHR6dp5
8+Y5hRs2m01HjhzRoUOHVFFR4XYHjaysLK1atSqgdW5vb3ca0RAREeHyUNsfdrtd7e3tjgdWi8Xi
dYcQd3o+8PZn5MJAt7m/SkpKVFJSopiYGOXk5CgzM1Pp6ekuU0GsVqsWLlyo7Oxsvfnmm36PnPBF
z37vvuWqNDQ/32Bpbm7WqVOnHDvNZGVlOU1T6b7bTlNTk8taI911n6IjSV988UWfw6La2to+vQ8A
AABDGwEHfGY2m50eeu12e58esr788kvNmzfPMUy86xv37nPvIyMjtWDBAqd7+bpeR6C1tLQoJibG
8To6OtplWkIg7tH1AGsymRQTE+PX9AOLxeI0hL9rSkN/6jPQbQ6ExsZGHThwwLFlanx8vCZOnKhr
rrnGsa2q9O3OJrfeeqvbkUL91b2fJPfBw1D7fIPpyJEjjoDDYrFowoQJ+uqrrxQWFqaxY8c6rjt2
7JjHwKL7FB3p27C0ZygKAACAKxvjdOGz9PR0/ehHP3L8efTRR/tUTmdnp8uilT2/ec/JyXEakn7s
2LFBCTckqb6+3ul19wfnQKmpqXF67e/6AklJSU7D7i9duuT3CIHugtHmgXDp0iXt27dPL730kj7/
/HOnc+PHj3e7w0l/jRo1yqUOPQ21zzeYSkpKnNZw6dpNJSsryykw7W33lC49A7aB+CwBAABgbAQc
8FnPB7fo6Og+L9bX85vanuso9Hx4KSsr69N9AqGiosLpdfdvnQOlZ/u6vvH2Vc/r+9tfwWizPxIT
E5WUlOT40/PnxZ3PPvtMlZWVTsfGjRsX0HqZTCaXBU973lMaep9vMHV2djqNzho3bpysVqvT9JTa
2lqv276Wl5c7vc7KygpsRQEAAGB4BBzw2aVLl5yG1ZtMJk2ePNnvcsxms0aOHOl0rOeIgZ47Jvj6
bbW7LTr76+zZs06vJ0yY4PMWtb4ujNhzdMqkSZN8Do8sFoumTp3qsTx/BaPN/rjnnnv00EMPOf7E
x8d7fY/dbtfp06edjrnb4aQ/srKynKZNtLe365tvvnG5bqh9vsHWfWHRsLAw5eTkOAUU3kZvSHL5
LKdOncpuKAAAAHBCwAG/9NzlYOHChS5rEHgzdepUp/fYbDaXb2d7bkva81tyd2JiYnTdddf5VRdf
lJaWqq6uzvE6Ojpas2fP9vq+8PBwp3VEPPnmm2+c+iAyMlILFy706b1z587VsGHDHK8vXbrU7wfg
YLTZHz2nNGVnZ/v0vp4Lc/q63e20adO8XmMymVzaWlxc7LLIqDT0Pt9gKysrcxoBlp+f7xQ2edo9
pUtJSYlTGZGRkVqyZInPdcjNzdVNN93EDioAAAAhjN/04Jc9e/Y4jeKIiYnRgw8+6FMAIX37YLp0
6VKnYydPnnRZLLDncPVJkyZ5vEdSUpK+//3vO32bLslp14W+stvt2rt3r9OxvLw8j9MdIiIidPvt
t2vEiBE+32fXrl1OI1Vyc3N19dVXe3zP+PHjXR6UP//8835viRqsNvuq5wNwXl6e1/vEx8e79J+v
UztuvPFGr9NZ8vPzNXr0aKdjBQUFvV4/lD7fwdB9lEb3v6cVFRU+7Wpis9m0e/dup2PTpk3T/Pnz
vb533rx5uuGGGzRjxgzdf//9foeyAAAAMAZ2UYFfmpubtX79eq1atcoxFWHYsGG67777VFpaqq++
+kplZWWqra11PMzFxsYqLS1NU6dOdVlLoK2tTdu2bXO5T3FxsRoaGhwPQmazWatWrdKXX36p48eP
q76+XmazWUlJSZo0aZKmTp3qNsyIiooKSLsPHDigqVOnKjU1VdK3wcndd9+tgoICHTx4UDU1NbLb
7YqJidHEiRM1Z84cDR8+3K97nD59WgcOHNCsWbMkfTtCYPny5RozZoz279+vqqoqx7UjRoxQbm6u
Zs6c6bQeRXFxsQ4dOhSAFgenzb46evSo5syZ41icMzo6Wn/5l3+pQ4cO6fDhw7pw4YLj581qtWrS
pElatGiR05SlyspKr+s8dAkPD9fdd9/t2KHl4sWLjnOpqamaP3++Jk6c6PSeY8eOuYxE6m6ofb7B
duTIEbdhhC/TU7ocPHhQ2dnZTv+O5OfnKyMjQ7t371Z5ebnj58BsNisrK0tz5851Ckd7hqAAAAAI
HQQc8FtpaanefPNN3X777U4PkJmZmY4HCbvdrvb2doWFhfU6JLy1tVXvvPOO210n2tra9NFHH2nF
ihWOB7ywsDDl5eUpLy+v17pdunTJaX2G7kP7+8Nut2vDhg1O3/6azWbNnj1bs2fPlt1ul81mcwlZ
6urqlJCQ4PN9tm/frmHDhjk9wE2bNk3Tpk1TW1ubmpubFRkZ6XbtgYqKCn3wwQd9bKGrYLXZ17qs
XbtWDzzwgOMBNSIiwlGXzs5ONTQ0yGKxKCYmxmUR0tbWVm3cuNHn+3V0dCgsLEy5ubnKzc119H1U
VJTbtUjq6urcBnU9DaXPN9hqampUWVnpCMykb0dlHD161K9yPvjgA919991KS0tzHMvKylJWVpba
2trU2Ngoi8Wi2NhYl397Ghoa9NZbb7G9LAAAQIhiigr6pLS0VC+++KKOHTvmdgFQk8mkiIiIXsON
8vJyvfrqqyotLe31HseOHdO2bdt8Ho5/4sQJvfLKK071sVqtSkxM9On93tTU1OjNN9/U5cuXXc6Z
TCaXB/2ysjK9+eabft2js7NT7733ng4ePOjSrxEREYqPj3f78HvixAm9/vrrPq8x4atgtNlXdXV1
eu2111RdXe1yzmKxKD4+XrGxsS7hRl1dndasWeOyjocnb775ptO2pF1931u48eabb/r00DzUPt9g
6zla4/Tp0y7bv3rT0tKiNWvWuA1GIiIiNHz4cA0bNszl356Kigq9/PLLbn9+AAAAEBoYwYE+a2xs
1Lp165SYmKgZM2ZowoQJHne36Ojo0OnTp3Xo0CGVlJT4tDNKQUGBKioqtGjRIo0bN87t9qCVlZXa
vXu3Tpw4IenbBR27f0s8YcKEgD3UnD9/Xi+88ILy8/M1ZcoUtw+jtbW12rt3rwoLC2UymWS3233a
1rSLzWbT5s2bdfDgQce6F+52JrHZbCotLdWXX36pU6dO9atdngSjzb6qqanRyy+/rOnTp2vGjBke
w6va2lodPnxYe/fuVUdHh1/3KS0t1QsvvKAFCxbo6quvdrv7SlNTk4qKirRz5063C4v2Zqh9vsF0
9OhRXX/99Y7wwZfFRd3p6OjQ+vXrVVBQoGuvvVZjx47tdfee2tpaFRQUqKCgwJBrlwAAAMB3pl9M
eN63/TcN6KXGpwa7ClecYcOGadSoURo2bJjCw8PV1tamlpYW1dTUqLq6ul8PGFFRUUpLS1NcXJzM
ZrMuX76sqqoqp90+gslisSgjI0PDhg1TRESEGhoaVF1dHfBviMPDwzV69GjFxMQoOjpaLS0tamxs
VGVlZdC/0Q9Wm30VExOj1NRURUdHy2q1qr29XU1NTTp//rzbqU+9+cd//Eenb/yfffZZx3+bzWaN
Hj1a8fHxioqKUktLi+rr61VeXh6QB+ah9PkaVVhYmEaPHq3Y2FhFR0fLZrOpoaFBFy5c8GkBUwAA
gCvJQzFPDnYVBgwjOBBQ9fX1qq+vH5Cym5ubVVJSMiBl90VnZ6fOnDkz4Pdpb2/X2bNnB/w+vghW
m33V2Ng44D8TXdsYe1pAtD+G0udrVB0dHR6nuwEAAODKwBocAAAAAADA8Ag4AAAAAACA4RFwAAAA
AAAAwyPgAAAAAAAAhkfAAQAAAAAADI+AAwAAAAAAGB7bxAK44rW2tspsJu8FAAAAjIyAA8AV7ze/
+c1gVwEAAABAP/GVJQAAAAAAMDwCDgAAAAAAYHgEHAAAAAAAwPAIOAAAAAAAgOERcAAAAAAAAMMj
4AAAAAAAAIZHwAEAAAAAAAyPgAMAAAAAABgeAQcAAAAAADA8Ag4AAAAAAGB4BBwAAAAAAMDwCDgA
AAAAAIDhEXAAAAAAAADDI+AAAAAAAACGR8ABAAAAAAAMj4ADAAAAAAAYHgEHAAAAAAAwPAIOAAAA
AABgeAQcAAAAAADA8Ag4AAAAAACA4RFwAAAAAAAAwyPgAAAAAAAAhkfAAQAAAAAADI+AAwAAAAAA
GB4BBwAAAAAAMDwCDgAAAAAAYHgEHAAAAAAAwPAIOAAAAAAAgOERcAAAAAAAAMMj4AAAAAAAAIYX
NtgVAELR8uXLtXjxYpfjHR0d+od/+IfgVwgAAAAAQhwBBzAA0tLSNHXqVJfjHR0dg1AbAAAAAAh9
TFEBAAAAAACGR8ABAAAAAAAMj4ADAAAAAAAYHgEHAAAAAAAwPAIOAAAAAABgeAQcAAAAAADA8Ag4
AAAAAACA4YUNdgWAUDN69GglJSW5PWcymZSTk6OSkhJ1dnYGuWbAwEpISNDYsWOVmpqq6OhoWa1W
dXR0qKWlRTU1NSorK1NZWZlsNttgV7VXodCGQAiFfgiFNgAAAP8QcKDf7rvvPqWlpQWsPLvdLpvN
pra2NrW3t6u2tlZ1dXUqLS1VcXGxOjo6AnavQBg+fLiWLVumOXPmaMyYMRo2bFiv11osFv3+979X
R0eHTp06pYMHD2rbtm06c+ZM8Co8QH784x/LbB68QWEvvfSSLl68OGj39yYU+8disSgvL08LFy7U
pEmTlJKS4vU9TU1NKi4u1v79+7V9+3ZduHAhoHXyVyi0IRBCoR9CoQ0AAKB/TL+Y8Lx9sCsxUF5q
fGqwq3BF+N3vfqdJkyYF5V4dHR2qqKjQsWPHVFBQoM8++2zQAo/JkyfrgQce0PTp0xUW1ves0G63
69ChQ1qzZo0KCwsDWMPgGTVqlNasWTOodXjkkUd0+vTpQa1Db0Ktf6KionTXXXfplltu0fDhw/tc
TkdHh/bu3as1a9bo+PHjAambr0KhDYEQCv0QCm0AACCYHop5crCrMGAYwQFDCQsLU2ZmpjIzM7Vs
2TI1NjZq165deuedd4I2CiI+Pl4PP/ywbrjhBlksln6XZzKZNH36dF1zzTXauXOnfvOb36ixsTEA
NQ0eX74pvZKFUv8sXrxYjzzyiEaNGtXvssLCwjR//nzNnTtX27Zt0/PPPx+Un/1QaEMghEI/hEIb
AABA4LDIKAwtJiZGy5Yt0/PPP68nnnhCI0aMGND7TZgwQc8//7yWLVsWkHCjO7PZrMWLF+u5555T
VlZWQMseaImJiYNdhSEtFPrHYrHo8ccf1xNPPBGQh8meZd9000364x//qAkTJgS07J73MXobAiEU
+iEU2gAAAAKPgAMhwWKx6LrrrtOLL76oxYsXD8g9Zs+erV//+tcD/rCampqqf/u3fzPUL9ah8AA/
kIzeP2FhYXrmmWd06623ymQyDdh9Ro8erX//93/X9OnTA152KLQhEEKhH0KhDQAAYGAQcCCkxMXF
6Wc/+5n+6q/+KqDlTpkyRb/85S8VExMT0HJ7Ex8fr6eeeqrX3ViGGqM/wA80I/eP2WzW008/rdzc
3KDcLzo6Wk899ZQmT54csDJDoQ2BEAr9EAptAAAAA4c1OBByzGaz7r33XoWFhelPf/pTv8uLi4vT
z3/+c1mtVp+ut9vtqqysVHl5uRoaGtTY2KiYmBgNHz5cGRkZPj/sJiYm6oc//KF+/vOf96f6QZGQ
kDDYVRjSjNw/jzzyiM8Pk2VlZdq3b5+++uorlZeX6/Lly4qMjNSoUaOUnZ2tGTNmaMaMGV4X5Y2K
itITTzyh1atX69KlS7QhQEKhH0KhDQAAYOAQcGDA7du3T+vWrfPrPREREYqLi1NsbKxGjBih8ePH
KysrS/Hx8T6Xceedd+rcuXPauHGjv1V2snr1ap9Cierqam3YsEFbt25VTU1Nr9fNmDFDK1asUF5e
ntcy58yZoyVLlmj79u1+1TnYPO1c0NraqsrKygGvQ2tr64Dfo6+M2j9Tp07V7bff7vW6yspKvfji
i9q5c6fb8+Xl5SosLNTbb7+tpKQkPfzww8rPz/c4vSA5OVmPPfaYnn32Wb/r3V0otCEQQqEfQqEN
AABgYBFwYMDV1dVp7969ASlr+vTpWrlypebMmeN1kU+TyaRHH31UhYWFqqio6NP9xo8fr/z8fK/X
7dixQ7/+9a992rK2sLBQhYWFWrhwoX70ox8pLi7O4/UPP/ywPvvsM7W1tflc72Dz9AB//Phx/f3f
/30QazP0GLV/Hn30UZnNnmcyHjhwQE899ZTPu01UVVXpV7/6lQ4cOKDHH3/c47fnixcv1oYNG1RU
VORXvbsLhTYEQij0Qyi0AQAADCzW4IChHDx4UE8++aQee+wxlZaWer0+KipKq1ev7vP97rzzTq/D
lzds2KBnn33Wp3Cju88++0y//OUv1dTU5PG6kSNHasmSJX6VHWyeRtZcvHgxiDUZmozYP3l5ecrJ
yfF4zZEjR/Tzn/+8T1tpbt68Wf/1X/8lm83W6zVms1n33HOP32V3CYU2BEIo9EMotAEAAAw8Ag4Y
0qlTp/SDH/xA+/bt83ptbm6u11+M3bFYLJo/f77Ha06cOKE//vGPfpfd5ciRI/rNb37j9bobb7yx
z/cYaGaz2eMoFE/Tda4ERu2fm2++2eP5uro6PfXUU34He919+OGHXqeQzZ49W6mpqX0qPxTaEAih
0A+h0AYAADDwCDhgWM3NzXr66ad19uxZj9eZzWatXLnS7/LnzJmj6Ohoj9e89NJL6uzs9Lvs7j7+
+GPt37/f4zVXX3210tLS+nWfgZKUlORxlEtVVVUQazP0GLF/hg8frhkzZni85s9//rPq6ur6fa+X
XnpJtbW1vZ63WCxaunSp3+WGQhsCIRT6IRTaAAAAgoOAA4bW3NysX/3qV15DhtmzZ3tds6Onq6++
2uP5kydP6sCBA36V2ZsXXnhBdru91/Nms1mzZ88OyL0CLTk52eP5ofgAH0xG7J9FixZ5DGUuXLjQ
78V7uzQ2Nmrr1q0er5kzZ47f5YZCGwIhFPohFNoAAACCg4ADhnf69OleV8vvEhcX5/UbwJ7GjBnj
8fyRI0f8Ks+TU6dO6cSJEx6vyc7ODtj9AsnbDjPnz58PUk2GJiP2j7cwbefOnf0eudTd+vXrPZaX
nZ3t91a7odCGQAiFfgiFNgAAgOAg4EBIeOutt7xe421ERk8jRozweP7o0aN+lefNp59+6vF8VlZW
QO8XKN4e4Pu6g02oMGL/TJw40eP5HTt2BPR+1dXVKikp6fW82Wz2O6AMhTYEQij0Qyi0AQAABAcB
B0JCSUmJqqurPV6TmZnpV5mxsbEez3uap90Xhw8f9ng+IyMjoPcLlJEjR/Z6rqmpqU87GoQSo/VP
SkqKx21tL1265HW0UV9423rTn4AyFNoQCKHQD6HQBgAAEDwEHAgZX3/9tcfzSUlJfpXnbc2OhoYG
v8rzpri4WC0tLb2ej4yMlNVqDeg9A8HTw8dQ3QI1mIzWP1OmTPF4/uTJkwNyX29TvrxNGesuFNoQ
CKHQD6HQBgAAEDwEHAgZ3kZweNqq0x1vc7qHDRvmV3ne2Gw2r1uGxsfHB/SegeDpAT7Qo1yMyGj9
k56e7vF8aWnpgNzX27fw3hZr7S4U2hAIodAPodAGAAAQPAQcCBn19fUez0dERPhVnqfRFNLA/ILb
1NTk8fxQDDg8LbY3FEcoBJvR+iclJcXj+fLy8gG5b1VVlcef/6SkJJ93QgqFNgRCKPRDKLQBAAAE
T+/7rgEG09bW5vG8yWTyq7yLFy96XNhz2rRp2rx5s19lenP48GGPU19sNltA7xcInkIXbyNSrgRG
6x9vU7kqKysH7N61tbWKjo52e85isSglJUXnzp3zWk4otCEQQqEfQqENAAAgeAg4EDI8TQWQvI+O
6OncuXMetyecNWuWrFarWltb/SrXk+eeey5gZQWDxWLxOPWnqqoqiLUZeozYP95GCXmbCtYfdXV1
SktL6/X8qFGjfHqgDIU2BEIo9EMotAEAAAQPU1QQMrxt6+rvoqDetoFNSEjQ3Xff7VeZocbbMO2h
+AAfTEbsn96+se4ykKNOvO0o4y3E7BIKbQiEUOiHUGgDAAAIHkZwIGRMnjzZ4/nz58/7Vd6ePXvU
2trqceeSVatWqaCgwGsYEqq8rUPSs8/HjBmjGTNmKCsrSxkZGYqLi1NUVJQiIiLU1tamlpYWVVVV
qaKiQkePHtW+ffu8rq0ylBmxfzxtj2y32wf08wjUGjSh0IZACIV+CIU2AACA4CHgQEiYMGGC14dJ
b9vI9tTc3Kz9+/crLy+v12usVqt++ctf6p/+6Z9UXFzsV/mhwNv8+IqKCsXHx+u2225TXl6exo4d
63UtlMzMTEnS8uXL1dHRocOHD2vjxo3auXNnwOodLEbsH0+L8XZ2dg7oOjDepnv5uk1yKLQhEEKh
H0KhDQAAIHgIOBAS7r//fq/XHDp0yO9y3333Xc2fP9/jQ+eIESP0n//5n/rf//1fvfPOO37fw8g8
DdFubW3Vgw8+qKVLl3odZt6bsLAwzZw5UzNnztTJkyf1hz/8QUeOHOlrdYPOaP0TFhYms7n3mYsd
HR19LtsX3h5WfXmgDIU2BEIo9EMotAEAAAQXa3DA8KZOnap58+Z5vOb06dM6efKk32UfOXJEu3fv
9npdZGSkHn30UT3//PMeR3yEmsTExF7PWa1W3XbbbX1+eO9p/Pjx+vWvf61HH300IOUFg9H6x9sD
m91u73PZvmhvb/d43petnkOhDYEQCv0QCm0AAADBRcABQxsxYoR+9rOfefyWT5I+/PDDPt/jd7/7
nWpra326dvz48frnf/5n/eEPf9CyZcs8LjAZCoK9yJ7FYtGdd96pX/3qVwoLG/oD0IzWP0O9T739
PZdCow2BEAr9EAptAAAAwcX/nWFYCQkJeuaZZzRq1CiP11VXV2vjxo19vs/Fixf1L//yL2ppafH5
PRMnTtSPf/xjvfbaa1q9erXGjBnT5/sPZYO1i8CcOXP09NNPD/kAyWj9EwoPbKHQhkAIhX4IhTYA
AIDg4rcHGNLkyZP1+9//XhMmTPB67f/8z/+oubm5X/c7ePCgnn76aV2+fNmv940cOVK33XabXnjh
BT333HO69957lZCQ0K+6DCWD2Zbc3Fz94Ac/GLT7+4L+AQAAAIJnaI//BHqYOHGi7r33Xl177bU+
fTu9d+9ebdu2LSD33rt3r/7u7/5OTz75pDIyMvx6r8lkUnZ2trKzs/XAAw/owIED2rp1qz7//PMB
3QVgoPmzTWJ1dbWOHj2qM2fO6MKFC2psbFRHR4fi4+OVkJCg0aNHa/r06UpNTfW5zJtvvlmHDx/W
xx9/3JfqDzj6BwAAAAgeAg4MOKvV6tdDmfTt3OuuB7vExERdddVVmjBhgtLT071uo9nlzJkzeuaZ
Z/pSZY9l/u3f/q0ef/xxLV68uE9DqMPDwzV37lzNnTtXlZWVeu+99/T++++rs7MzoHUdaBaLRXFx
cV6vq6ys1CuvvKJPPvnEpzAnOztb3//+970uHCt9Gxw98sgj2rt3rxobG32qd7DQPwAAAEBwEXBg
wC1atEiLFi0K6j0rKyv15JNP9ntqijuNjY169tlntW3bNj322GN+j+boLjU1VatXr9add96pd955
R+vWrQtgTQdWdHS0Tp48qXHjxrldDLCzs1Pr16/XSy+9pLa2Np/LLSkp0S9+8QvNmzdPP/7xj72O
gkhMTNS9996rF1980e82DCT6BwAAAAgu1uBAyDlx4oR++MMfqrKyckDvs3//fj388MN6/vnn+32v
5ORkrV69Wr/97W+VlZUVoBoOrMuXL+uxxx7TypUr9fTTT2vDhg06ffq0Ojs7dfnyZT3zzDN67rnn
/Hp4727Pnj366U9/qrq6Oq/X3nzzzYqJienTfQYK/QMAAAAEFyM4EDI6Ozu1efPmfj009uWe7777
rtauXaubbrpJt912m8aNG9fn8roWT3311Vf1xhtvBLCmA6e5uVk7d+7Uzp07JUlxcXGyWq2qrq7u
d9klJSV64okn9Nvf/lbh4eG9XhcbG6tly5bpvffe6/c9A43+AQAAAIKDERwICcXFxfrJT36i3/72
t0ELN7qz2WzatGmTHnnkET322GPasGFDnx9gw8PD9dBDD+knP/nJkN8G1Z3Lly8H5OG9S3FxsU9h
T35+fsDuOZDoHwAAAGBgMIIDhnbw4EG9++672rNnz2BXxaG4uFjFxcX6wx/+oNmzZ2vx4sWaO3eu
TwtOdrd06VKNGjVKTzzxhDo6Ogaotsbwf//3f8rPz1dmZmav1+Tk5Cg2NlYNDQ1BrNnQQP8AAAAA
jOCAwX300UdDKtzozmaz6csvv9S//uu/6u6779Z//Md/6NixY36VMWPGDP30pz8doBoah81m08aN
Gz1eY7FYNGfOnCDVaGi5UvrHyFsqdwmFNgRCKPRDKLQBAIBQwwgODLhvvvlGZ8+e7dN7J0yYoBEj
RvR6/v7779f27duH/AiHjo4ObdmyRVu2bNH06dP1wAMP6JprrvHpvfn5+SosLPT6APv/sXff8VFU
i///3+wmm0ACASEYwNCF0IlEegTEQhGCBQsqghfFAhaw67UgiFflevnovWJBwYeNC3IRhVgoIgLS
BQSDdCJIJwECIfX7R347vw1kW7Jtltfz8eDx2DCzM2dmZ8/OvOfMOeFu3rx5uuOOO1y2hGnWrJkW
LVoUwFKFDl/sn1AfqtiT73k4bIMvhMN+CIdtAAAAgUXAAb/btGmTXnvttXK996qrrtKTTz7pdHpC
QoJuueUWffrpp+UtXsD9+uuv+vXXX9WrVy/dd999LgMcu4nLO5cAACAASURBVLvuukuLFi3yy7C3
ZnH27Fn9/vvvLlshVGTIXrPzxf7Jzc11Od3ffcKUNZyuI08uKMNhG3whHPZDOGwDAAAILB5RQUhb
sGCB/vjjD5fz3HjjjapWrVqASuQ7ixcv1n333afNmze7nbdGjRpKS0sLQKlCm7tHfGrVqhWgkoSm
iu6fvLw8l83uLRb//mS4u2DNz893u4xw2AZfCIf9EA7bAAAAAouAAyFv+vTpLqdXrVpVd911V4BK
41vHjx/XY4895lHfHFdffXUAShTatm7d6nJ6XFxcgEoSmnyxf1xdtEVERPj1rrmroW4l93f07cJh
G3whHPZDOGwDAAAIHAIOhLxVq1Zp/fr1Lufp27evLrnkkgCVyLcKCgr0wgsvuB06tH79+hf0IxiS
dOzYMZfTK1euHKCShCZf7J/Tp0+7nF69enWvyuSN2NhYl9Ozs7M9Wk44bIMvhMN+CIdtAAAAgUPA
AVP46KOPXDZVjoyM1IgRIwJYIt86fvy4R/2IJCcnB6A0ocvdBby7O67hzhf758SJEy6n+/OCskqV
Ki6ne3pBGQ7b4AvhsB/CYRsAAEDgEHDAFH7//XetWLHC5TxdunTxeGSSUPTNN9/o4MGDLudp3Lhx
gEoTmvLy8lxOr1SpUoBKEpp8sX/cXVDWqVPHqzJ5o0aNGi6nuwtw7MJhG3whHPZDOGwDAAAIHEZR
gWlMnTpVnTp1ctqzvcVi0YgRI/TQQw+Vex0NGjRQr169nE4/ePCg0tPTy718d9avX68+ffo4nR4f
H++3dZuBu7u17i7ww50v9s/Ro0ddTvfnMejqgrKwsFB//vmnR8sJh23whXDYD+GwDQAAIHAIOGAa
mZmZWrBggcsAoEWLFurdu7cWLlxYrnXUrVtXt99+u9Pp27Zt82vAsWPHDpfTq1at6rd1m4G7TjIv
9E7/fLF/9u/f73K6v/q6iY+Pd/lIwNGjR1VYWOjRssJhG3whHPZDOGwDAAAIHAIOmMq0adPUo0cP
l50lDh06VD/++GO5Tj7dXQBGRUV5vUxvuOto1Gaz+XX9nmjevLm6d+/udPq3336rffv2+WXdtWvX
djk9KyvLL+v1htn3j7u70g0aNPCqTJ5q3ry5y+nuHt9yFA7b4AvhsB/CYRsAAEDgEHDAVI4ePap5
8+bppptucjpP3bp1ddNNN2nGjBleL9/dBeBFF13k9TK94a4TSFcdrQZKfHy8br31VqfTT5w4oZkz
Z/pl3UlJSS6nHz582C/r9YbZ94+7IYubNGniVZk81bJlS5fTd+3a5fGywmEbfCEc9kM4bAMAAAgc
OhmF6XzyySdue68fPHiw2yH+yrJv3z6XIUJsbKzbu+QV4S5ACYVHMPbs2eNyetOmTf22bnedrO7e
vdtv6/aU2ffPn3/+qePHjzudHhsbq1atWnlbNLfcXVBu27bN42WFwzb4Qjjsh3DYBgAAEDgEHDCd
nJwczZo1y+U8cXFxuuuuu7xedl5entue8Tt06OD1cj3VsGFDl9NdnegHSmZmpk6ePOl0euvWrf2y
3tjYWLcXHe7u9gZCOOwfdxdvPXv29LRYHomLi3P5SEBxcbE2bNjg1TLDYRt8IRz2QzhsAwAACAwC
DpjSrFmz3D4D3a9fv3INIejuLrer/hUqKjk52eX0v/76y2/r9sb27dudTqtdu7Yuv/xyn6+zf//+
LvtAOXv2rNasWePz9ZaH2ffPunXrXE7v3r27rFarV+VzpU+fPk5HR5KkvXv3en3sh8M2+EI47Idw
2AYAABAYBBwwpYKCAn3xxRcu57HZbLrnnnu8XvaWLVtcTr/sssv80rFd7969dfHFF7ucJxRaKEjS
2rVrXU4fOHCgT9dntVrVt29fl/Ns2rRJZ8+e9el6y8vs+2fx4sUuO+mtVauW2/V5ymq1ql+/fi7n
+fXXX71ebjhsgy+Ew34Ih20AAACBQcAB0/rmm2+0d+9el/N069bN6+ezly5d6nJ6RESERo8e7dUy
3alcubKGDRvmcp6zZ8+6vZMZKIsXL1ZBQYHT6Z06dfJpK4Xhw4erXr16Lucp79DA/mD2/XPs2DFt
3rzZ5TxDhgxRTEyMx8t05oYbblDdunWdTi8uLta3337r9XLDYRt8IRz2QzhsAwAACAwCDpjatGnT
XE63WCwaMWKEV8vcvXu322e+27Vrp7Fjx8piqfhXKCIiQuPGjVNCQoLL+datW6czZ85UeH2+cOjQ
IZdhS6VKlfTQQw+pZs2aFV5X+/btdcMNN7gtz+LFiyu0Hl82cQ+H/fP111+7nB4fH6+xY8d6tcxz
NWrUSHfeeafLebZu3erykR9XzLwNnTp10t/+9jen/xo1auTxssy8H+zCYRsAAID/EXDA1JYuXer2
zl7r1q3Vo0cPr5b71VdfuZ2nT58+euONN9yOXOFKnTp19Nprr6l9+/Zu5507d2651+MPM2bMcDni
TEJCgiZOnFihoXWTk5P10ksvuR0+d/bs2S6bsJfFYrHo9ttv14cffqj09HTNnz9fn3/+ucaMGaO4
uLhyl9nO7Pvnxx9/VGZmpst5UlNTNWrUKK+Wa1enTh29/PLLqly5ssv5Zs+eXa7lS+behssvv1y3
3nqr03/eBBxm3g924bANAADA/wg4YHrTpk1TcXGxy3nuuusur+7Qf/fddx4NA9imTRv9+9//1tix
Y70KOmrUqKG77rpL77zzjtq0aeN2/vXr14dMB5p2Gzdu1IoVK1zO06hRI02ZMkWpqaleLdtqterO
O+/UuHHjVKVKFZfz7tmzR3PmzPFq+ZL097//XcOGDVNiYqIiIiJksViMZ/n/9a9/qWrVql4v05HZ
948kTZ061e08aWlpGjdunGrUqOHxcjt37qzJkye77XNmy5YtFW6ZEw7b4AvhsB/CYRsAAIB/WXvU
vO7FYBfCX9bnLwl2ES4I/fr1U61atZxO37lzp5YtW+a39R84cEBJSUku+yCIi4tTTk6O2w5EHW3b
tk1XXXWVy970pZKWAE2bNtV1112nzp07q0GDBoqOjlZUVJQiIiJ00UUXKTExUUlJSbrmmmt0yy23
6P7771dycrJsNpvbcpw+fVovv/yysrKyPC57oGzYsEFXXXWVy7uelStXVo8ePZSamqrIyEidOnVK
J06cKHPehg0bauDAgXrkkUeUmprqdt8XFBTolVde8XpEg6uuukpDhgxxOr1atWqKi4tzG1C4Y9b9
Y5eZmakmTZqofv36LudLTExUnz59dNFFF+nYsWNlDmdss9nUrVs33Xfffbr99tvd3ik/e/asXn75
ZbfDNofrNnTs2FFJSUlOp//888/atWuXx8sz634It20AACAUXGbzrnW7mVT6+6VTXN/6NrGpOeOC
XYQLwltvveXyRPyHH37Qa6+95tcyNGnSRG+//bbLC76srCwNGzZMOTk5Hi+3T58+euSRR3zaP4M3
ioqKNGnSJH3//fdBWb8nUlJS9NJLL3kU1thlZWUpKytLOTk5KioqUlxcnKpWrerVXVdJmj59uj75
5BNvi6wJEyaoY8eOLuc5efKk274tPGHG/eMoJiZGb731lhITEz1+T1ZWlg4dOqScnBxFREQoLi5O
derUcfsojaN///vf5W55ci4zbsOoUaOUlpbmdPrEiRO1aNEir5Zpxv1wrnDYBgAAgu1vMc8Huwh+
QwsOVFiwW3BI0vHjx1W/fn2Xz6VHR0fLZrN59ajH9u3bdfToUaWkpAQ85CgoKNB7772nb775JqDr
9db+/fu1b98+de7c2eN9FB0drerVq6t27dq6+OKLFRcX5/YO6rl++OEHvfPOO+UpsoYMGaLq1au7
nCcqKkpz5sxRXl5eudZhZ8b94yg/P1+rVq1S586dPX5sJzo6WjVr1lSdOnWM8nvz/fnss8/cDgPt
DTNug69bcEjm3A/nCodtAAAg2MK5BQd9cCBsTJs2ze3FaP/+/d2OVnKu9PR0PfbYY9q/f39FiueV
kydPaty4cabp0G7JkiV69tlnA9Z8+/vvv9cbb7xR7vd7EloUFRXp7Nmz5V6HI7Ptn3P99ddfevLJ
J72+oPZWYWGhpk2bpo8++sjnyw6HbXDkrt8hZ8JhP4TDNgAAAP8g4EDY+Ouvv/Ttt9+6nCcqKkp3
332318vesmWL7rvvPi1YsMDr0Si8tXnzZj300EMV7v8h0H799VeNHDlSy5cvL/fFlzu5ubl69913
9frrr7scocSd33//3e08u3fvrnDrDUdm2j9l+euvvzR69GgtWLDA58uWSlphjR8/Xp9++qnPl21n
pm2oVKmSy+kVOTbNtB+cCYdtAAAAvscjKqiwUHhExW7r1q3q37+/y/4O6tevr9WrV+vo0aNeLbug
oEDLli3TypUrFR8frzp16ri9CPHGrl27NHnyZL3//vtOO5kMdbm5ufrxxx+1detWXXLJJS6PC28U
FhZq5cqVeumll7Ry5coKLy8zM1PXXnut02fwi4uLNWXKFO3evbvC63Jklv3jaj3Lli3TH3/8oUaN
GnndJ0hZ8vPz9cMPP+iFF17Q9u3bfVBK18yyDVdffbUaNmzodPrcuXN16NChci/fLPvBlXDYBgAA
giGcH1Ghk1FUWCh0Mupo+PDhLkfIkKRly5bpxRdfrNB6mjVrpmuvvVadOnVyO7ygM0eOHNHq1av1
008/hdwwsL7Qvn179evXTykpKeUadvXQoUP65ZdfNHfuXO3Zs8enZUtJSdETTzxx3kVRXl6ePv74
Y82YMcOn6ytLKO8fT3Tr1k19+/b1eEQgRwcOHNDy5cv15ZdfVuhCvaJCdRsmTZqktm3bljmtuLhY
gwcPVnZ2ts/WF6r7wRvhsA0AAARCOHcySsAB+ECrVq3UsmVLNWjQQM2aNXPa2emWLVu0fft27d69
W1u3btUff/wR4JIGh8ViUZs2bdSqVSs1aNBA8fHxiouLU2RkpCwWi/Lz83X27FkdP35chw8f1s6d
O7Vx40bt3LnTr+WqXLmyrrjiCjVo0EBWq1UHDx7U0qVLdfjwYb+u91yhun88VblyZV122WVq1aqV
6tatq9q1axud+hYWFio/P19ZWVk6ePCgdu3apfXr12vHjh3BLnYpobYN06ZNczr09ZEjR3Tbbbf5
Zb2hth/KIxy2AQAAfyLgMCkCDgRDx44dNWHChDKnPfbYY9qwYUOASwTATGrWrKnPPvtMFkvZ3WQt
X75cL7zwQoBLBQAAwkU4Bxx0MgoAQAjp1q2b03BDUlg+zgYAAOALBBwAAISQlJQUp9Nyc3O1ePHi
AJYGAADAPAg4AAAIEbVr19bll1/udPry5ct16tSpAJYIAADAPAg4AAAIETfffLMiIiLKnFZUVKTZ
s2cHuEQAAADmQcABAEAIiIuLU+/evZ1OX7lypbZu3RrAEgEAAJgLAQcAACHgwQcfVGxsbJnTzp49
q6lTpwa4RAAAAOZSdjtYAOVWUFCgM2fOlDmtsLAwwKUBYAYpKSnq0aOH0+mff/659uzZE8ASAQAA
mA8BB+Bj69at08CBA4NdDAAm0rJlS6fT1q1bp88//zyApQEAADAnHlEBACDIPv74Y40bN07Hjh0r
9f979+7VuHHjVFRUFKSSAQAAmAcBBwAAIWDZsmW69957tXz5cknSrl279PjjjysnJyfIJQMAADAH
HlEBACBEZGdn64UXXlDPnj21Zs0anTp1KthFAgAAMA0CDgAAQsyPP/4Y7CIAAACYDo+oAAAAAAAA
0yPgAAAAAAAApkfAAQAAAAAATI+AAwAAAAAAmB4BBwAAAAAAMD0CDgAAAAAAYHoEHAAAAAAAwPQI
OAAAAAAAgOkRcAAAAAAAANMj4AAAAAAAAKZHwAEAAAAAAEyPgAMAAAAAAJgeAQcAAAAAADA9Ag4A
AAAAAGB6BBwAAAAAAMD0CDgAAAAAAIDpEXAAAAAAAADTI+AAAAAAAACmR8ABAAAAAABMj4ADAAAA
AACYHgEHAAAAAAAwPQIOAAAAAABgegQcAAAAAADA9Ag4AAAAAACA6RFwAAAAAAAA0yPgAAAAAAAA
pkfAAQAAAAAATI+AAwAAAAAAmB4BBwAAAAAAMD0CDgAAAAAAYHoEHAAAAAAAwPQIOAAAAAAAgOkR
cAAAAAAAANMj4AAAAAAAAKZHwAEAAAAAAEyPgAMAAAAAAJgeAQcAAAAAADA9Ag4AAAAAAGB6BBwA
AAAAAMD0CDgAAAAAAIDpEXAAAAAAAADTI+AAAAAAAACmR8ABAAAAAABMj4ADAAAAAACYHgEHAAAA
AAAwPQIOAAAAAABgegQcAAAAAADA9Ag4AAAAAACA6RFwAAAAAAAA0yPgAAAAAAAApkfAAQAAAAAA
TI+AAwAAAAAAmB4BBwAAAAAAMD0CDgAAAAAAYHoEHAAAAAAAwPQIOAAAAAAAgOkRcAAAAAAAANMj
4AAAAAAAAKZHwAEAAAAAAEyPgAMAAAAAAJgeAQcAAAAAADA9Ag4AAAAAAGB6BBwAAAAAAMD0CDgA
AAAAAIDpEXAAAAAAAADTI+AAAAAAAACmR8ABAAAAAABMj4ADAAAAAACYHgEHAAAAAAAwPQIOAAAA
AABgegQcAAAAAADA9Ag4AAAAAACA6RFwAAAAAAAA0yPgAAAAAAAApkfAAQAAAAAATI+AAwAAAAAA
mB4BBwAAAAAAMD0CDgAAAAAAYHoEHAAAAAAAwPQIOAAAAAAAgOkRcAAAAAAAANMj4AAAAAAAAKZH
wAEAAAAAAEyPgAMAAAAAAJgeAQcAAAAAADA9Ag4AAAAAAGB6BBwAAAAAAMD0CDgAAAAAAIDpEXAA
AAAAAADTI+AAAAAAAACmR8ABAAAAAABMj4ADAAAAAACYHgEHAAAAAAAwPQIOAAAAAABgegQcAAAA
AADA9Ag4AAAAAACA6RFwAAAAAAAA0yPgAAAAAAAApkfAAQAAAAAATI+AAwAAAAAAmB4BBwAAAAAA
MD0CDgAAAAAAYHoEHAAAAAAAwPQIOAAAAAAAgOkRcAAAAAAAANMj4AAAAAAAAKZHwAEAAAAAAEyP
gAMAAAAAAJgeAQcAAAAAADA9Ag4AAAAAAGB6BBwAAAAAAMD0CDgAAAAAAIDpEXAAAAAAAADTI+AA
AAAAAACmR8ABAAAAAABMj4ADAAAAAACYHgEHAAAAAAAwPQIOAAAAAABgegQcAAAAAADA9Ag4AAAA
AACA6RFwAAAAAAAA0yPgAAAAAAAApkfAAQAAAAAATI+AAwAAAAAAmB4BBwAAAAAAMD0CDgAAAAAA
YHoEHAAAAAAAwPQIOAAAAAAAgOkRcAAAAAAAANMj4AAAAAAAAKZHwAEAAAAAAEyPgAMAAAAAAJge
AQcAAAAAADA9Ag4AAAAAAGB6BBwAAAAAAMD0CDgAAAAAAIDpEXAAAAAAAADTI+AAAAAAAACmR8AB
AAAAAABMj4ADAAAAAACYXkSwCxAMFotFVqtVVqtVFotFlSpVCnaRAAAAAAAot+LiYhUVFamwsFCF
hYUqKioKdpEC7oIKOCpVqqTIyEhFREQQagAAAAAAwkalSpWMG/nFxcUqKChQfn6+iouLg120gLlg
Ag6r1arIyEhZrdZgFwUAAAAAAL+x39y3WCzKz89XYWFhsIsUEBdEHxxWq1U2m41wAwAAAABwwbjQ
roXDPuBwTK4AAAAAALiQWCwWRUZGXhDdNIT9VT+PpQAAAAAALmT2LhvCXVgHHBaLRRERF0w3IwAA
AAAAlCkiIiLsn2wI662zWq0XRDMcAAAAAABcsY+yEs7CPuAAAAAAAADhf40c1gFHuDe/AQAAAADA
U+F+jRy2W1ekIh5PAQAAAADg/xPu18hhG3BYwnfTAAAAAADAOUgBAAAAAACA6RFwAAAAAAAA0yPg
AAAAAAAApkfAAQAAAAAATI+AAwAAAAAAmB4BBwAAAAAAMD0CDgAAAAAAYHoEHAAAAAAAwPQIOAAA
AAAAgOkRcAAAAAAAANMj4AAAAAAAAKZHwAEAAAAAAEyPgAMAAAAAAJgeAQcAAAAAADA9Ag4AAAAA
AGB6BBwAAAAAAMD0CDgAAAAAAIDpEXAAAAAAAADTI+AAAAAAAACmR8ABAAAAAABMj4ADAAAAAACY
HgEHAAAAAAAwPQIOAAAAAABgegQcAAAAAADA9Ag4AAAAAACA6RFwAAAAAAAA0yPgAAAAAAAApkfA
AQAAAAAATI+AAwAAAAAAmB4BBwAAAAAAMD0CDgAAAAAAYHoEHAAAAAAAwPQIOAAAAAAAgOkRcAAA
AAAAANMj4AAAAAAAAKZHwAEAAAAAAEyPgAMAAAAAAJgeAQcAAAAAADA9Ag4AAAAAAGB6BBwAAAAA
AMD0CDgAAAAAAIDpEXAAAAAAAADTI+AAAAAAAACmR8ABAAAAAABMj4ADAAAAAACYHgEHAAAAAAAw
PQIOAAAAAABgegQcAAAAAADA9Ag4AAAAAACA6RFwAAAAAAAA0yPgAAAAAAAApkfAAQAAAAAATI+A
AwAAAAAAmB4BBwAAAAAAMD0CDgAAAAAAYHoEHAAAAAAAwPQIOAAAAAAAgOkRcAAAAAAAANMj4AAA
AAAAAKZHwAEAAAAAAEyPgAMAAAAAAJgeAQcAAAAAADA9Ag4AAAAAAGB6BBwAAAAAAMD0CDgAAAAA
AIDpEXAAAAAAAADTI+AAAAAAAACmR8ABAAAAAABMj4ADAAAAAACYHgEHAAAAAAAwPQIOAAAAAABg
egQcAAAAAADA9Ag4AAAAAACA6RFwAAAAAAAA0yPgAAAAAAAApkfAAQAAAAAATI+AAwAAAAAAmB4B
BwAAAAAAML2IYBcAAABJatq0qRISEpSbm6s1a9YEuzgAAAAwGQIOAEBI6N+/v3r16qUjR45oxIgR
wS4OAAAATIZHVIAQEhUVpVq1aslmswW7KAAAAABgKrTgAILMZrPplltuUbdu3XTxxRerUqVKKioq
0n//+1998cUXwS4egmj06NFq2LChJOnjjz/Whg0bglsgAG49/PDDql+/viRp2rRp2rRpU5BLVMKM
9YkZywwE4rh1XEco1TNAKCDggEcuvvhi9evXr8LLycvL06effuqDEoWH6OhoTZgwQU2aNCn1/xYL
jat8rWHDhho+fLisVqs++eQTZWRkBLtIbiUmJhrHRtWqVYNWjoYNG6pXr15OpxcWFur06dPKzs5W
RkaGMjMzvVp+SkqKunTporZt20qS4uLiNHbsWK1du1Y//fSTioqKKlR+SerUqZNatmzp8fwZGRla
sWJFhdZptVrVs2dPtW/fXvHx8YqMjNTJkye1c+dOLVmyRHv27DH9snC++vXrG9/bmJiYCi3Ll/VW
qNQn3giFMnP+43vt27fXZZddpvr16ys2NlaSdOrUKWVmZmr9+vVat25dkEtYMYE4bh3XUdF6xlc6
d+6sQYMGKSsrS++++66OHz8e7CLhAkXAAY/Url1baWlpFV5Obm4uP/AO7r777lLhxm+//abdu3dL
krZt2xakUoWnIUOGqF27dpKkYcOG6amnngpyicyjQYMGXn3/MzMzlZ6ervnz57ucr06dOhozZowu
vfTSUv8fGRmp1NRUpaam6sYbb9Q///lP7dq1q1xlt+vevbtSU1M9nj82NrZCAUfr1q01atQoJSQk
nDetffv2SktL0+LFi/XOO++osLDQlMuC/1FvBR/nP76TlJSk++67z2h5cK727dtrwIAB2rVrl6ZM
maKtW7cGtoCokBEjRqhWrVqSpEOHDunDDz8McolwoSLgAILEarXqiiuuMP6eNm2a5syZE8QShbez
Z8+W+Rq+l5iYqHvvvVcpKSl65ZVXVFBQcN48tWrV0vjx41WzZk3j/86cOaPs7GxVrVrVuCOVmJio
F198UU8++aQOHDhQ7jJVr1693O/1Vtu2bfXss88qKipKklRQUKBdu3YpNzdXCQkJio+Pl9Vq1VVX
XaWaNWvqpZdeMt2yEBjUWwgX3bp10yOPPKLIyEjj/06dOmXc5a9Ro4bRmqNRo0Z6+eWX9frrr2v1
6tVlLm/o0KHGDaI5c+Zo/fr1ft4CuJOfn2+8pr5CMBFwwCNbtmzRPffc43T6ww8/rNatW0uSZs6c
qe+//77M+XzR1DxcXHrppYqOjpYkZWdnE2742YcffqiTJ08qIiJCs2fPDnZxTOvQoUN69tlnS/2f
xWJRbGysmjZtqiuuuEKtWrWSJF122WV64IEH9H//93/nLWfEiBFGuJGdna0pU6YYLSYsFot69Oih
e+65R1WqVFFcXJxGjBih8ePHl7vc9oCjuLhYb7/9toqLi13Ov2/fvnKtx2q16oEHHjBChC1btujN
N9/U4cOHjXl69+6tkSNHymazKTk5WQMGDNDXX39tmmUhcKi3go/zn4pLSEjQ6NGjjXBjx44dZfYb
[...]
BLPMVtO8/TYUQGxNFG543F698t1jOv3rKxE/r38kxx+slMlsnJEcjOCIM85+l57+8qva/8NTGugc
mvwNPqn+0A098dmXCTcAAEBcuvNTtVp13xJJkslk0tYProzpSI6au8fCDWl+fxsKIHYmDDdcXr38
neiEG6OOPXpB+//NWCM5GMERp47+7LzOPH1Fy+5epJJ1ecoqT5XdYZPFZtFwv1MDHUO6cbpDda80
qvFYa6yrCwAAEBW7Htqg6l3lAc+NhhzS3I/kWP7mRdrxsXX+cGPUfP02FEBsTBZu7P3Hozr726tR
r4fRRnIQcETByScvTbh6rSM3Se/7z3uDnj/7myt64e+PRKwew71OHfvfCzr2v7EdggkAABArZkvo
AcuxCDlW3Fuh2z66VhZrmEHUIRb0A4DxPC6vXvqHIzr3zLU5O+exRy9IvjcWHg0RcnjDjPCIBQIO
AAAAxK1nv3pQkkJ+EzqXIcdk4cbFF6/76woAz371oOTz+UdISG+EG986onPPzV24MerYz8ftrjIu
5Djz9BW9+K3IfUk/WwQcAAAAiGuxDjlWvnWxbvuTNTITbgCYhme/dkg+n1S1s0wep0cvfuuIzj9f
H7P63BpynHyiTi9/73jM6hMKAQcAAADiXqxCjpVvW6zbPkK4AWBmnnvkkDxOjxpPtOvCntiFG6NG
Q46kdLv2/+vJGNcmGAEHAAAAFoS5DjlWvX2Jtn9kjcyW0GtrEG4AmIpIrtMYCaMhx3xEwBHHMooc
ylmaoaQMu2zJCUpITpDZYpJryC3XgFvOAZe6m/rVcq5D7mFPrKsLAAAQdXMVcqy6b4m2f5hwAwDm
EgFHnEjOTNSizQUqXJWj7EUZSs1Pkt1hm9J7vR6f+tsHRsKO852qP9yi5pNtUa4xAABAbEQ75Fh1
/1Jt/+PVhBsAMMcIOAwso8ih6t3lKt9YoKxFaWHndk7GbDEpNT9FqfkpKlmXp/XvqdZg97CaTrTr
0ssNqtvbEOGaAwAAxFa0Qo7V76jUtg+tItwAgBgg4IiBoR6n9nzj9aDnu5r6Jn2vxWbR8rdUaOnt
JcqvyQr74TlbSel2LdlRrCU7irX9I6tVf6hFp566rLaLnVE5HwAAwFyLdMix5p2V2vqHhBsAECsE
HDHgHvZMe+9ii82ide+u0oq3ViglKylKNQstJStJy+5ZpOq7ytVwtFWH/uusWs52zGkdAAAAoiFS
Icfa/6tKW/9wZOvEUAg3ACD6CDgMoLQ2X7d/bK3Six0xrYfZYlLZhnyVrM3V2d9c1b5/OcHipABk
T7UpIdES62pMmc8X6xoAmG+mGnKEs/bdVdr6B4QbABBrBBzz3Op3VGrrH66UZYbra0SD2WrWirct
Vl51pp7+//arr20w1lUCECPFa/N0z+c3KzF1aosazweuIYJZAMGmEnI4+11Br2WUOLT1gytlMhFu
AECszZ+7ZgRZcW+Ftv/xqnkVboyXW5mpe7+0TVa7cb65BRA5Rgw3JKnt4s1YVwHAPPXsVw/q4ovX
Q75mMplC7lBnd9gINwBgnpifd85Qal6ytnxwVdgPzPkiZ2nGpMM2AcQfo4YbXdf7dHlfU6yrAWAe
myjkmA7CDQCYewQc89Sqty+V3ZEQ62pMSdWucllsjOIAFgqjhhuuIbde/t7RWFcDgAHMNuQg3ACA
2CDgmKfyl2fFugpTZnckqHRdXqyrAWAOGDXc6Gsd0DN//ZquH2mNdVUAGMRMQw7CDQCIHRYZnaeS
0uyxrsK0pGTP7da1AOaeyWIOGW7UH7qh/o75udiwe9ijjqs9urCnnl2fAEzbRAuPhkK4AQCxRcAx
T5kMNrbGbJnfa4UAmD2zxRQUbpx5+ope/NaRGNUIAKJvqiEH4QYAxJ7BbqMBAPMF4QaAhWKy6SqE
GwAwPxBwAACmjXADwEITLuQg3ACA+YOAAwAwLYQbABaqW0MOwg0AmF9YgwMAMGWEGwAWuvGBBuEG
AMwvBBzz1OMPviSz1TgLdw71OGNdBQBRRrgBACMINgAYya+//KosCYGTNzwub4xqE10EHPPUQOdQ
rKsAAH6EGwAAAMY02DUc6yrMGdbgAABMiHADAAAARkDAAQAIi3ADAAAARkHAAQAIiXADAAAARsIa
HACAIGefrVd7XWesqwEAAABMGSM4AABBCDcAAABgNAQcAAAAAADA8Ag4AAAAAACA4RFwAAAAAAAA
wyPgAAAAAAAAhkfAAQAAAAAADI+AAwAAAAAAGB4BBwAAAAAAMDwCDgAAAAAAYHgEHAAAAAAAwPAI
OAAAAAAAgOERcAAAAAAAAMMj4AAAAAAAAIZHwAEAAAAAAAyPgAMAAAAAABgeAQcAAAAAADA8Ag4A
AAAAAGB4BBwAAAAAAMDwCDgAAAAAAIDhEXAAAAAAAADDI+AAAAAAAACGR8ABAAAAAAAMj4ADAAAA
AAAYHgEHAAAAAAAwPAIOAAAAAABgeAQcAAAAAADA8Ag4AAAAAACA4RFwAAAAAAAAwyPgAAAAAAAA
hkfAAQAAAAAADI+AAwAAAAAAGB4BBwAAAAAAMDwCDgAAAAAAYHgEHAAAAAAAwPAIOAAAAAAAgOER
cAAAAAAAAMMj4AAAAAAAAIZHwAEAAAAAAAyPgAMAAAAAABgeAQcAAAAAADA8Ag4AAAAAAGB4BBwA
AAAAAMDwCDgAAAAAAIDhEXAAAAAAAADDI+AAAAAAAACGR8ABAAAAAAAMj4ADAAAAAAAYHgEHAAAA
AAAwPAIOAAAAAABgeAQcAAAAAADA8Ag4AAAAAACA4RFwAAAAAAAAwyPgAAAAAAAAhkfAAQAAAAAA
DI+AAwAAAAAAGB4BBwAAAAAAMDwCDgAAAAAAYHgEHAAAAAAAwPAIOAAAAAAAgOERcAAAAAAAAMMj
4AAAAAAAAIZHwAEAAAAAAAyPgAMAAAAAABgeAQcAAAAAADA8Ag4AAAAAAGB4BBwAAAAAAMDwCDgA
AAAAAIDhEXAAAAAAAADDI+AAAAAAAACGR8ABAAAAAAAMj4ADAAAAAAAYHgEHAAAAAAAwPAIOAAAA
AABgeAQcAAAAAADA8Ag4AAAAAACA4RFwAAAAAAAAwyPgAAAAAAAAhkfAAQAAAAAADI+AAwAAAAAA
GJ411hVA7Nz10EZV7SqTJLXVdenRjz8f4xoBAAAAADAzBBxRsuOja+XITZIktV7o1OGfnItxjaYv
rSBFux/epIxih5pPd+g3f3lAXrc31tUCAAAAACAIAUeUlKzNU2ZZqiTJZDbFuDYzs+Kti5VfnSVJ
WrS5UFU7S3XumWsxrhUAAAAAAMFYgwNhuYbcgY8H3WGOBAAAAAAgthjBgbBO/KJOGUUOZZSmqulk
uy693BjrKgEAAAAAEBIBB8Jy9rv03NcPxboaAAAAAABMiikqAAAAAADA8BjBEUMWm0UW68gCpB63
Tx6nx/9a4cocZZenyZZq03DPsJpOtKuzoXfa5yhZl6fM0lRZ7VYNdg6p4Vir+toHp/Res9Usq20s
A3MOTG0NDkdukgpX5CgpM1EWq1mDnUNqPNGm3taBadc/uyJdBcuyZHPY5PP41H9zUI3H2jTQOTTp
e8P9++YszlDB8izZUhLUcr5Tjcdap10vAAAAAMD8QsARQ3d+Yp2qd5dLki7va9Rv/vKAlr+lQuve
VaX0YkfgwT6p6XS79v3zCbVd7Jy07FVvX6J1766SIy854Hmv26uGo6068B9nJi2j6s5S7Xxwg//x
D975xIQhR9n6fG147zLlVWXKbA0cHOTz+nTj7E0d/slZ1b/eMum5176rSsvfXKGMEkfQa163V40n
2nTwP8+q5WxH2DLG//s2Hm/T818/pDs+Vauy9fn+nW0aT7QRcAAAAABAHCDgmCesNovu/FStlr+l
IvQBJqloZY7u+5vb9MvP7VPbhZthy3rTp2u17M2hyzFbzSrbWKC8mix1XZ/+iJBwNrx3mTb83jKZ
LaG3xDWZTSpcka23fHmbDv7ojI7+7HzI42zJVt3zha0qrc0Ley6z1azS2nwVrsjRy989prO/vTpp
/ax2i+79i+3KWZIe+IJv0rcCAAAAAAyAgGOeKFyZo4Skkf8dnfW9unGmXUM9LjnyklS8NlfJGYmS
JLvDpm0fWqknPrM3ZDkb3rssINxwD3vUcLRVXQ19Mpml9GKHStbmKTHVpoLl2RGp+8q3LtbG318m
k2kk3Bjqderaa826ea1XPp9PWWWpWrStSIkOmyxWs7Z8YIUGu4Z07plrQWXtfnhzQLjRXtel+iOt
6mvpl8VuUV5NlhZvLZIlwSyr3aIdH12rtroutV/qmrCO+dVZ0hvZi8fp0cDNIXncPg32DEfk3wAA
AAAAEFsEHPNEQpJVXrdXB398Vkd+ei7gtZTsRN39uS0qXDESSBStylF6oUPdzX0Bx2WVpWndu6r8
j3tb+vXbrxxU6/mbQcftfniTsituGc0wA46cJG1833J/uNFZ36tffWmfepr7A45L/8l5veVLW5W1
KE0ms0mb3r9Cl/c1ydnv8h9TtbNM5RsL/I8P/fisDv04eCpNxdYi3f25zf6QY+07Kyff7cUkeT0+
nXi8Tscfv6D+jsnX8AAAAAAAGAe7qMwjr/3oTFC4IUn9HUM68G+n/I9NJpOK1+YGHbfibYv9o0B8
Xp/2fPNIULghSTfre/T0X+zXQNfsb/JX3b9USel2SSOLkD7zldeCwg1J6m7u03OPHJJ7eGShT0d2
kqruLA04pmJrkf/ntotdIcMNSbqyv0lXX2v2P86vyZpSXV/799N69QcnCDcAAAAAIA4RcMwTXQ19
YdelkKTmU+0a7nP6HydnJQYds2jT2OiHhmMTL57Zc6NfDYdnv7jm4u1jocSV/Y3quNod9tj2y11q
OtHmf1ywInCKzJmnr2jPN17Xnm+8rld/cHLC87bVjU1JSXwjYJlId1Ofjj4a/t8XAAAAAGBsTFGZ
J1xDk2/B6hp0y+6wSZJsSQkBr6XmJSs1P8X/ePwIh2hJL3QovXBsl5OrByY/54UXrmuwa2Tdi46r
PQGvXT8y+e4qo9zj/r3Gb2UbzlS3uAUAAAAAGBMBh4H4vGNbfphuuafPrcz0L6IpKWCkRLTkLxtb
uFO+kVEjk7mwp14X9tRPqfzENJtKa/OVVZ6mxFSbrEkWmd44oSM/eZJ3AwAAAAAWEgKOOJGUbvP/
7PP61HEl/FSRSBk/NcQ15NZwr3OCo6cuvyZb699TrZJ1ebLaLREpEwAAAAAQ3wg44oQ1cex/pcfl
nZNzJowLH9wuT0TKXHXfEm37o9WyJIwNUfG4vRroGJRrwCOfb2QUiy3FGjAlBwAAAACwsBFwxAn3
0FjAYLbOzdqxruGxc1oTZj/SomxDvrZ/eI3MlpFpKB2Xu3X88Yuq29vg331l1OoHluq2j6yZ9TkB
AAAAAPGBgCNODHaPbX1qtpiUvSh9wh1NImGoe9j/c0KiVYlpNg31zHyayrrfqfaHG20XO/X4gy8F
BRsAAAAAAITCNrFxovVCp3/6hiQVrcyJ+jlvnO2QRk9pkkrW5k36HrPVLFuyVbZkqyy2wFEf+dVZ
/p/P/fYa4QYAAAAAYMoIOOJEX9ugepr6/Y/LNxdM+p5bd2KZrp7mfnU39Y2dc9Pk53zTp2v1ocfu
14ceu1+7P7vJ/7wjNylgQdHhawGsBgAAIABJREFU/olHgrD4KAAAAABgPAKOOHLlQLP/55LafBWt
yg17bFZZmso2Fs76nJf3Nfl/rthWpKyytLDHJmXYVVKb73/cVtfp/3moxxkwAiV/WXbYctIKU7Ty
bYtnWmUAAAAAQBwi4Igjp568pOG+kZEPZotJu/5svfLGTfsYlVedpbd8eavsjoRZn/PEExc10DWy
/octOUG7H96kjOLUoONS85L15i9uVUpWoiRpsHtYZ39z1f+6e9ijzqu9/sfL7lmkxduLgspZvL1I
Dzxyuxy5yf7n5mpRVQAAAADA/MUio3Gk50a/Dv/0vLZ9aJUkKbUgRQ88cruaTrSpu6lPJrNJGSWp
KlqVE7FQoL9jSId+dEa3f2KdTCaTsivS9e5/3Klrr99QT1O/XENuZZamqnxTgewOmyTJ6/Fp/7+c
1EDnUEBZp391WTs+vlbSyBSUe76wRa3nO9XT0i+L1aKMEoeyyoNHiJjMJmUUp6qrsTfoNQAAAADA
wkDAEWeO/fyCUnOTtOr+pZJGgoKyjcFrYwz2DOvagWbV3L1o1uc8/esrSsxI1Mb3LpPZYlJCklVL
d5SEPNY16Nb+H5zUueeuBb128qlLyqnM0LJ7RupkMpmUX5Ol/JqsoDJOPnlZtb9T5X8urzqTgAMA
AAAAFjDG9sehl793XC9+60jAAqCjPC6vrh5o1hMP7lXrhc4Q756Zw/99Vr/64itqPtUuj8sb9ry/
+OzLOvWry2HLeeGbh7Xv+yfU1zYQsoz6Qzf0+IMv6fX/OiPngMv/Wmnt5Du4AAAAAADil+mLlf/k
m/wwY0orSJ78oDhXvCZPmaUOWWwWDXYOqeFYW9DUkEhLyU5U4YocJWUmymwxaeDmkK4fadFQz8Q7
o9yqaFWushelyWIfqXvTyXb1tgYHH0C09dyY27872i4AkTCXbRftFoBIoM+F2WKKSpxrPN6qxuOt
c3rO/o4h1e1tmHU5TSfb1HSyLQI1AgAAAADEO6aoAAAAAAAAwyPgAAAAAAAAhkfAAQAAAAAADI+A
AwAAAAAAGB4BBwAAAAAAMDwCDgAAAAAAYHgEHAAAAAAAwPAIOAAAAAAAgOERcAAAAAAAAMMj4AAA
AAAAAIZHwAEAAAAAAAyPgAMAAAAAABgeAQcAAAAAADA8a6wrAADATNz10EZV7SqTJLXVdenRjz8f
4xoBAAAglgg4MKm0ghTtfniTMoodaj7dod/85QF53d5YVwvAHKneVaayTQXKqciQPTVBCYlWuYbc
Gup2qv1yl64eaFbd3oZYVxPAAmRLtmrXQxvDvu5xe+Xsdaq/c1iNx9rUdLJtDmu3sNF/BIJllqRq
yx+ujFh5HVd6dPBHpyNWXjwg4MCkVrx1sfKrsyRJizYXqmpnqc49cy3GtQIQbYu2FGrL+1cqqyIt
6LWEJKuSMxOVtShNVTvLtO7dVXrx20fVdrEzBjUFsFBZbBZVbC2a0rEb37tMfR2DOv9svY7+7Jyc
A+4o125ho/8IBLOn2abcZk2FLTkhYmXFCwIOTMo1FNgBcA3SIQDi3aq3L9G2D6+WxTpuqSaf5Bxw
yTnoVkKiVXbH2IdqbmWm7vub2/TMVw7q+pGWGNQYACbnyE7S+vdUq3pXqZ7/28NqPNYa6yrFran2
HyvvLFXN3YskSc5+l3771weiXTUAcYyAA5M68Ys6ZRQ5lFGaqqaT7br0cmOsqwQgimp2l2v7R9bI
bDFJGumknn36is49W6/2y13+43IrM7Xi3grV3L1IZotJdodNOx9cr8f/7CX1NPfHqvoAFrDTT13W
tddv+B9bbRYlZdiVvShNRavzlFHikCQ5cpN175e26sVvH9HFF67Hqrpxbar9x7TCFJXW5kmSBnuG
57KKwJzrvN6rX3/51QmPueszG/0jM84/f23Ce6/BbmdE6xcPCDgwKWe/S899/VCsqwFgDqQVpmjr
h1b5w42BriE9/eUDajnXEXRs28VOvfitTrVd7NQdn6iVTFJKVpI2v2+5nv0abQaAudfXMairB5rD
vr7q/qXa/L7lsqUkKCHJqjs+vk5djf1qu3BzDmu5MNB/BIIN9zonbKMkyef1+X8euDk86fEIxDax
AAC/jb+3TEnpdkkjH7B7vvF6yHBjvNO/vqJL+8a+XVi8o0RpBSlRrScAzMTJJ+r0m786IGe/S5Jk
S0nQzk/XxrhWAIBIYQTHHMmuSFfBsizZHDb5PD713xxU47E2DXQOTfpei80ii3Xk21SP2yeP0yNJ
MlvNKl2Xp7Qih6w2i/o7BtV0ok197YMhy0kvdCi/JlMpOcnyuL3qbe5T/ZFWf3nhmK1mWW1jWdhU
F+Uqrc1TRkmqrHarBjoH1Xi8TX1tY3WzJY/8+Xk9PrmHJ66DJFntFpXW5suRlyyr3aLBriG113UH
DJmfDqvdopK1eUorTFFColXOfpdu1veq8TjzcbEwJabZVLFtbOGry682qf71qa2ncex/L2rJbcWS
JIvVrMqdZTr832cnfE+kr+lRZqtZ5RvylVqQInOCWQPtg7p+tFWDXRMPfQ7X1uYszlDB8izZUhLU
cr4z7Jz9aLTzUz03gKlrONqqQ/91Vtv/eLUkKXtxump2l+vcs1NbANOWkqCy9flKzU+R1+PVYOeQ
Gk+0qb9j4mt9/HXudnr9O4pYbBaVb8iXIz9FZotJ/R2Dun64RUM90x96Pp/6ShP1H612i3+koEym
gPeN9g+lwH+ncGh7gfnZh5GkwpU5yi5Pky3VpuGeYTWdaFdnQ++0frfptkMEHFG29l1VWv7mCv+c
z/G8bq8aT7Tp4H+eVcvZ8N+Q7npog5buKJEkXXzpul769lFtfO8yVe8uV2KqLeBYj9Oja6+36JXv
HfOHCfk12dr8/uUqWpUjszVw0M5wn1Pnnrmm/T88FfYDpOrOUu18cIP/8Q/e+cSEIcfqd1Rq7TuX
ypGbHFg3t1eNx9q0/19PKmdxun9bt47L3fqfjz4Xtrz0Qoc2/cEKla/Ply3llpWCfVJXQ59O/rJO
J5+8FLaM8VKyE7XlD1aqYltRyJWHB7qGdOG563rtR6cnDX+AeLL09pKAa+zsb69O+b0tZzvU09yn
tMKRti6vKjPssZG+pkfZkq3a+PvLVXN3ueyOwLbRPezR1YPNevX7JwKC1vHu/MQ6Ve8ulyQ1Hm/T
818/pDs+Vauy9fkymUc+uBtPtAV1DiLRzs/03ABm5vhjF7Xi3sX+63b5vRWTBhxpBSna+P8sU8XW
4oCbcEnyuLxqPt2uA/92Wq3nQ093edOnalW1q0ySdObpK9r/w1Pa/L7lqnxTWcCizdJIm3XlQJP2
/8vJsF9cjTcf+0oT9R9/7wd3B/UTJSkpza4PPXa///Hxxy5q3/dPhCyfthcYM1/6MJf3Neo3f3lA
y99SoXXvqlJ68S3l+qSm0+3a988nJt15b6btEAFHlNiSrbrnC1v9iyaFYraaVVqbr8IVOXr5u8em
dDORmGrXA1+7XTlLM0K+brFZtHhbkXKXpOuxP31RZRsKdNtH1ighKfT/arvDpjXvrFRmWZqe+sIr
U/rdJrLroQ2q3lUeum5Ws8o25CuvJlN1U1zQq2JrkXb+2YagD34/k5RR6tCOj61V+aYC/eavDkw4
GiRnaabu/dKWkB+qo5IzErX2XZUqXpOrX/2ffVNKLoF4kF+T5f95oGtI9YduTHB0sAsvNChnSbok
qfdG6EVGI31NjzJbTHrbX+9QwbKskK9b7RYt3VGigposPfX5fbpZ3zNheVa7Rff+xXb/7+M3Ni02
au38VM4NYPYu7WvU+t+tliTlLsmQLdka9gucsg352vngBiVnJIZ83ZJgVsnaPD3wSLaee+SQLu+b
eEH25KxEPfC125W9OD3k61a7RZV3lKqgJktPPvyKupr6wpa10PpKtL3AxGLah7FZdOenarX8LRWh
DzBJRStzdN/f3KZffm5f2PWPZtMOEXBEye6HNwf8wbTXdan+SKv6WvplsVuUV5OlxVuLZEkwy2q3
aMdH16qtrkvtlyYeQjhapnvYo8bjbepq6JXPN/KtQun6PCUkjvwvTc1P0d2f26LcpRmy2i0a7nOq
/vUW9bQMyJZkVUZJqorX5PqHB5ZtyNfqB5bqxC/qZvw7b3rfioBwwz3sUcPRVnU19MlkltKKHCpd
l6dEh00r37Zk0vJKa/N012c3+n8nj8ur64db1HqxU+4hj1LzklS2ocCfDJZtLNCb/89WPfX50EGN
1W7RPQ9v8l8oXrdXVw/eUNvFTrkG3XJkJ6t8c4Eyy1IlSbmVGdr10AY9+bnZBz+AEWSWpfl/7m4I
35kO5+CPTk/4eqSv6fGyK8Y+xFsvdKr9UpcGe5xKybSreE2uUvNH1gRx5CZr98Ob9D9/En7UmCTl
V2dJb4ya9jg9Grg5JI/bF7DCf7Ta+amcG8DsNZ9ok94IOCw2i8o2FKhub0PQcQUrcnT3w5v9IyNc
Q25dPdCs9kvdMpmlzLJUVWwpki0lQVa7RTv/dL06r/VMOAx70eZCSSPTdJtPtevm1W65h71yFCSr
tHakrySN9Od2P7xJj35iT8hyjNpXOv9cvT+QySxLU/GaXEkjfcdzz1z1H9d8uj3ovbS9wMRi2Ycp
XJnj/2K9s75XN860a6jHJUdekorX5vpDYrvDpm0fWqknPrM3qIzZtkMEHFFQtbNM5RsL/I8P/fis
Dv34TNBxFVuLdPfnNvv/cNa+s3JKq013NfTpt399QB1XugOezyxJ1T2f36KsipGblMIV2ZKkjivd
+vWXXlVv60DA8cVr8nTPFzf7P0SrdpbNOODILEnVmncs9T/ubenXb79yMGiYZmZJqu7+/OaAm5FQ
bMlW3f6xdf4P7IGuIT371UNBw6rM1pO685Pr/Punl63P1/r31OjwT88FlbnyviVjw6R80kv/cDQo
iTzwH6e0+7ObtGTHyFoCpbX5WrS5UFdfY/VixL/xw//6I/xtXDSu6Vu5hz3a+52jOvdM4DBzi82i
nX+2XpV3lEoaCUNqf7daR/7nfPjCTCM3Hicer9Pxxy8Eza2Pajs/ybkBREbjyXb5vD7/8O20ouAh
2marWW/6VK0/3Oi90a+n/+o1tdcFDq3OrkjX279ym5IzE2VLSdCmD6zQb//qwITn72sb0PN/ezio
HUwrGAk18qtHRqTlVmZq9TsqdeLxiwHHGbmv9Np/jAXi6//vGn/A4Rp2a+93joV9H20vMAUx7MMk
JFnldXt18MdndeSWNiYlO1F3f26L/x61aFWO0gsd6m4O/FJttu0Qu6hEQcXWsUX62i52hfyDkaQr
+5sCPgzGDw8Pxz3s0bNfOxgUbkhSZ0Ov9v/wZMBzriG39nzzSFC4IUmNx1t1ftyNQFZ5WtAaHVO1
8u2L/Wmdz+vTnm8eCTkHtbOhd0pDGVfetzTgD3vvt4+GnP/odXu15+8Oq+nkWMK/6oElQXNjJalw
ebb/57a6zpDDrLxur174+8Ma6BqrX/mmgqDjgHiUkGzx/+ya4mLCUxWNa/pWr/zT8aBwQxr59mLP
3x5W1/WxD9CqnWWTlvfav5/Wqz84EbKTG812frJzA4gMj9Mj1+BYW5eYYgs6Zs07Kv3fEnpcXj37
yKGgcEMa+TLp2GNjAcSiTQVy5CaFPbd72KNnH3k9ZDvYc6Nfz/7NwYBvW2t2BbdZC7GvRNsLTE1M
+zA/OhMUbkhSf8eQDvzbKf9jk8mk4rW5QcfNth0i4IiCM09f0Z5vvK4933hdr/7g5ITHttWNDfNJ
fGNrxoncvNYz4YIs1w7dCJg/euNMx4R7u98Yt2CM1W6Z8MN4ImUbxj7YGo5NvBhTX9ugrh2ceG5/
1Z2l48pr1eVXmyY8/rUfnfHPK0vOSFTNPcHzvqz2sZu3ieaeOvtdOv3UFdW93KC6lxvU1Tj9ofqA
EY0POH2eiVetn65oXNPj3bzaozNPXwn7usfp0Zlnxl7PKk9TbmX4hVC7m/p09NHwIzyi2c5Pdm4A
keMa1x+wOYJv+KveNNZ2XTvYrBtnwi+0d+qXl/yhhMVm0dLbS8Me23m9V80n28K+3nOjXxeeq/c/
zlmSoaxx0wilhdlXou0FJhfLPkxXQ5+O/iz8uZtPtWu4b2yHqOSs4HWNZtsOMUUlCq4fmdq2ipLk
Hhq3ZZYtMnmTc9DlT+XbLwWP9BhvqMcV8Dgxza6e5tCLA4aTnJmotMIU/+NrU1mY0Bd+xSZHbpIy
y1P9jy+9HDwf9lbNJ9vUcbXbP/WlaGVO0FDO7qY+ldbmS5LyarJUeWepLr4YerHTcEkmgOmL1jU9
nmeSbQQlqe7F69rygZX+tYcKlmeHDYwn2w47mu38VLfiBhAJ4fsjqXnJ/mm/kiadguEe9ujm1R4V
rx75RjJ36cTTcSdz/vl6rXln5cgDk1S4Mtu/QPJC7SvR9gKTi2UfxjU0+XXkGnT7d7uzJQUvjjzb
doiAYw4kptlUWpuvrPI0JabaZE2yyPTGyi+O/PArw86Yd+zD2uedeOnnW1/370k+DblLM/zzV6WR
ZG42ilbmyDS6J7pPqn99ahdh+6Uu/4f2rd9ySNKZp6+qele5EpKssljNuuszG7X83gpdO3hD9Qdv
TLqrArCgmKbfFoQTrWt6uvraBjXQMShH3ki7m3Hr1mWzMOftPICIsCSMfVN463an+TVZY22XRtYp
qrkr9E5xo7zjwtaUCVb/n4r2S10a7B5W0hvfmqYXjwUa9JVG0PYCszfX19H4+09TiMxktu0QAUcU
5ddka/17qlWyLi9gqE28SUwfN2fVp5Drg0yrvHFbsDkHXSHXDwmlr21sn3h7WnAa2H6pSy9++4hu
/9ha2R02mcwmFa/OVfHqXG37w1XqbenXjfM3dWVfU8hV1IF45x50S2kjHelItlnRuqZnYrDb6Q84
bCmz/whcKO08EK9GF+iUpKG+wFGttw6dvu0ja2Zc9kwNdo4FHOPXzFjofSXaXmD25ut1NNt2iIAj
Slbdt0Tb/mi1LAljsZTH7dVAx6BcAx753piiYUux+rcvNKrxH+Aetzfg24sZlZc0rjzX1MtyBQyh
Cn2RXnzhulrO3lTt71Zr8Y5i/w4yMkmpBSlKLUhR5R2l2vyBFTr28ws6/evwc/qBeDN+SKM9NXix
vZmK5jU9XR7X2De0VtvsPgIXUjsPxKPcysyA63eoM3A7UOssAwrLDBduH889blRJQuJYO7iQ+0q0
vcDszffraDbtEAFHFJRtyNf2D6/xT/fouNyt449fVN3ehqCFUlY/sHTa3wjMN+6hsd/JYjXLbDXP
KuQYv6L5dDoH44MW13D4+V89N/r14reO6OXvHdeS24pVvCZXuUsylFme5r/I04scuuOTtcqvydKe
vzs8g98CMJ7+9kH/0OX0wulP38gqS/MvQOUa9vgXOI72NT0dlnEderdz5mUutHYeiEeja2VIknxS
44nART/H92U8Lq+OPxZ+HaBQ+m/OfieO8SGEa1x/a6H2lWh7gdkzynU003aIgCMK1v1Otf8Ppu1i
px5/8KUJV4A1uoHucd94mKSsRekht1CbqqFx2/3YkhPkyE0KGFIZjiNnbAcYZ9/kNy4ep0cX9tTr
wp6RVcqTMuyq3lWu1Q8skeONebM1dy/SjbM3J9ydAYgXbXVdKntjX/S0whRlFDnU1TT1lfF3PrhB
eVUjO5M0nWrXLx58SdLcXdNTkTRuSp2zf+ZlLrR2HohHFdvGtkrsbe0Pmtc9NG6bVovVrKM/v6Dh
XqfmUmJG6DZrofaVaHuB2TPadTTddohtYqMgv3psj+Bzv702r/9gIqH1/E15PWOLxRSuyJ7g6Mk1
nWr3D4uSSSrfOLW91XOWZPh/nskiWINdwzr2vxf0xGdeDth7funtJdMuCzCi+sMt/g0FzBaTKneV
Tfm9SRl2ZZWPLVjXeW3sGozVNX2rtIIUpWSPde676ntnXNZCa+eBeFO2Pl8Fy8eu4yv7g3dIab88
rt0xSYs2Ta3tipTsinQlj1tro/N67NvVWPeVaHuB2TP6dTRZO0TAEWGO3KSARVqG+ydO+ufTgi4z
NdTjVPe4/c8XbS6c9D1mS/g/vb62QXVeHbvxWHzb5B+aBSty/EPrpeCdXKrvKtMHfvpWfeCnb9X7
//veCf/du5v71HB4bDXy8TdEQDxrPtWu1nHbpi67u3zKbdTyt1QEHHt5X6P/52hc07eayhodlW8q
HdvxKcRw9KlaiO08EE8S02y67U/W+nchcQ64dOznF4KOa6/rVF/72KiIyjtL56yOklS9c2zHFp/X
p6YTY+3gQuwr0fYCszffr6NItEMEHBE21OMcS9Ql5S8LP5ohrTBFK9+2eC6qFXVXD4x981GyNlfF
a/PCHptRnKpFWycOQc6/UD9W3rpcVWyZ+PjN71+uN3Yz0mD3sM7+JnCYZFdjv5IzEpWckaiUrCQt
3TFJR2DctrdT2c8ZiBcnf1nnH8XhyE3WHR9fN+l70gpStOr+Jf7H7XVdun6kNeCYSF/Tt8osS9Xq
d1SGfd2WbNXyexb5H7fVdc54VMhCbeeBeJCal6y3//VtyigZW2fo8E/PBwQZ411+ZSysLd2Qr8o7
Ju4/JGcm6u1f2THplz3pRQ7lVmWFfT0lO1FVu8cClZbznepuDpwyGC99Ja97rD01m8NvUU7bC8ze
fL+OItEOEXBEmHvYE5CoL7tnkRZvLwo6bvH2Ij3wyO3+eUOSZI7AatuxcuqpSxrqG0kATWaTdv6/
tcqvCb5gcpZm6t6/2Ca7Y+IdGk4+UaeuhpEPcpPJpDs+XauSdcGhicVm0c4/XR+wUNiJX9QF7AYh
SS1nO9Re1+V/vOn9y1W4Mifkucs2FmjRprFOQusbCyUCC8H55+p1adzoi+q7yrXroQ2ypYTepjW3
Kkv3fmmbfxi11+PTwR+fCTou0td0KFs/uFKr7l8a9LwtJUF3fXaTUgvGVgE/8/TVScsLZ6G284CR
5ddka9sfrdbvfPcu5VZm+p+/+NJ1Hf3Z+bDvO/bzCxp4Y70Lk8mkOz5ZG3Y6Rm5lpt7+ldtUWpun
e76wRVU7w0/zsyVbdc/DG0PeXCRnJmr3w5sDpqecefpy0HHx0ldyjvsG2Z5iU87ijJDH0fYCszff
r6NItEMsMhoFp391WTs+vlbSyLCee76wRa3nO9XT0i+L1aKMEkfAXPVRJrNJGcWp6mqc+bzwWOlt
HdDh/z6n7X+8WpKUmp+i+7+2Q00n2tTd1CeT2aT04lQVrc6Z0mrf7mGPXvrHo7r3S1uVkGRVckai
3vqX29V4vE3tdV1yDbrlyElS6YZ8pY27abl+pFWHf3IuZJn7f3hKb/nSVlntFjlyk/XAI7er5dxN
tZ6/qcFupxLTbMpZkqGiVTn+YezDfU6deKwuAv9CgHHs/cejSs1LHlkw1CRV7ypXxZYiNZ5sV1/r
gDxOr+ypCcoqT1NuZaZ/oSpJOvrohYARXaOicU2P5/X4ZEkwa8efrNGKN1eo7VKnBrudSsmyq2hN
nlKyxm4Umk+16/Svg28WpmMhtvOAEax462JV3jE28sFqN8uWahvbYnCUTzr968t66R+OTlheX/ug
Xvnucd31mY0yW82ypSTo7oc3a+V9S9R8ukND3cNKTLMrZ0m6Stbm+Vf2720ZUMPR1gnLTit06IGv
7VDDsTZ1XOmWa8ittIIUlW0sCGizGo+36dwz14LeHy99peZTHSMjB00j/731r7ap/lCLvG6vbtb3
6uQTY2XT9gKzN9+vo9m2QwQcUXDyqUvKqczQsjeGQ5tMJuXXZCm/JnAoomvQrZNPXlbt71T5n8ur
zjRs43v8sYtKy0/2f4NqtVv8OzKMN9gzrJtXelS8JjfotfEaj7Xq2a8e1M6HNijRYZPFalbZ+nyV
rc8PeXz96y165isHwpZ3/UiL9n7nqHb8yVolJFllMptUsDxbBctDD80a7nPq+a+/Pq1dJIB4MNg1
rCc//4p2f2aj/xq2pSRMOPzZ6/bq8E/P61CI0RujIn1Nj3f1QJOS0u0qXJmjrIo0ZVUEfzBLUldD
n5792sEplTmRhdrOA/OdIydJypl4PYibV3t09Ofndf65+gmPG1W3t0Fmi0m3f2KdbMkJkkkqWpmj
ojDfKrZe6NRzXz2ogc7w28R2N/XJ55UyShwq31Sg8jALmHbW9+r5rx8KW0489JVu1vfo+tFWldaO
jD5JyUryt63nnwsMdmh7gdmb79fRbNshAo4oeeGbh3XzWo/WvGNpwNAeaWQv9cZjrTrw76fV1dCr
lW+rGPnAlFRam+ffAseIXv7ecd281qN1765SWqEj4DWPy6vrR1r02r+f1ur7l/gDDp/XF6ooSdLV
15r180/s0eb3LVfZxoLgqS0+qfN6r049eUknn7w0af3OPXNNnfV9qn1PtUrX5YVcuMY54NK1Qzd0
6D/OEG5gwRrudeqpL+5T1c4yrXz7EuVWZoQcfTXc51TDsTYdf+yibpzpmLTcSF/To4Z6nHr2a4e0
6feXq+aeciWl2wNedw26dfnVRu375xMa6onMNo8LtZ0HjMTj9Gh4wKWhTqdaL97U9cMtuvhSw7TL
ufDCdbVd7NKG31+msg0FsjuCp+0NdA3pwnPX9dqPTsvjnHhXAueAW7/64j5tet9yLb29JGgaoHPA
rSuvNmrf9ydvs+Khr/TCN1/Xzj/doJK1ef51QiQF/uw/lrYXmK35fh3Nph0yfbHyn8LfXRpcWkHy
5AfNgaJVucpelCaL3aLBziE1nWxXb+tArKsVdcVr8pRZ6pDVbtVA55Aajrb6v83Y/fAm/xDSplPt
+sWDL01ansVmUcmaXKXmJ8uaaNVQ17DaLnWp40r3jOpntVtUsi5PqbnJsiZZ5R50q6uxT02n2ift
mGBh6bkxt9frfGm7xnPkJCl/WZaSs5JkSTDL2edUd/OAGo9PPAR7IpG+pscr25Cv9EKHzAlm9bcP
6vrRVg33RibYCGWhtvNQ8flTAAAGtklEQVSY3+ay7ZqP7Va0mK1mlazLU1peshJSEuQecOvm9d5J
28O7Htqoqje2326r69KjH39e0khbWFabJ0d+iswWk/rbB1V/uEXOfte062b0vlJ+Tbbyl2XJbDap
v31ADcfbNNg1HPZ42t74Q59r7s3362i67RABB2Li3f+wS7mVI4tIXdzboGe/8lqMawSEx4ctACMi
4JhfwgUcAMbQ58JssaQwIsaRk6TbPrJm0uMKV+UqZ8nYPuw3Tk8+rB0AAAAAgImwBgciwpZs1T1f
3KL86ixlFDv00j8cDTm0KassTTs/Xetf8Xaga4j5kAAAAACAWSPgQERkLUpX9qKRURllGwv07u/s
0rUDzbpxtkMDN4eUmG5X4YpsLd5ePLaQlk86/JPzUZ0XDwAAAABYGAg4EBE3znTohb8/rDs+vk62
lAQlptpUvbtc1bvLQx7v9fh09GfnA/Y2BwAAAABgpgg4EDEXX7iujkvdI9v5bMhXUpo95HGtFzp1
+CfndGV/0xzXEAAAAAAQrwg4EFE363v03COHJEll6/OVW52llEy7PC6v+jtGtoptv9wV41oCAADM
rfPP16v1YqckTbj1KQBg5gg4EDX1h1tUf7gl1tUAAACIuetHWnT9CP0iAIgmtokFAAAAAACGR8AB
AAAAAAAMj4ADAAAAAAAYHgEHAAAAAAAwPAIOAAAAAABgeAQcAAAAAADA8Ag4AAAAAACA4RFwAAAA
AAAAwyPgAAAAAAAAhkfAAQAAAAAADI+AAwAAAAAAGB4BBwAAAAAAMDwCDgAAAAAAYHgEHAAAAAAA
wPAIOAAAAAAAgOERcAAAAAAAAMMj4AAAAAAAAIZHwAEAAAAAAAyPgAMAAAAAABgeAQcAAAAAADC8
uA44fD5frKsAAAAw5+gDATCaWLRbtJXxJ64DDo/LG+sqADA4t8uzIM4JIL7MdR+IdgvAbMXi3o37
xfgT1wGH10kiB2B2vMNz347E4pwA4stc94FotwDMVizu3bhfjD9xHXC4hj3y+UjlAMyM1+uTa3ju
v5V0DXvk9fKBC2BmfD7vnLddtFsAZiMW7ZbE/WI8iuuAw+PyyNnPkEkAM+MacMsTg2HXHpdHrgH3
nJ8XQHxw9nvmvO2i3QIwG7FotyTuF+NRXAcckuTsd8s1wB8tgOlxDcS2s+4aoO0CMH2uAY+c/bFp
u2i3AMxELNstifvFeGONdQWizefzaajXKa/XKluKRSZT3Gc6AGbB5/PJ2e/WcJ8rpvXwen0a7BmW
15sgW4pVJpMppvUBML/5fF45+0duEmK1KwDtFoDpmA/t1kg9uF+MJ3EfcEgjf7TDfS65h71KsFtk
tplkSTDzwQtA0kin3Ovxyjs8suZGLIZIhhPQdtlNMlvMMptpuwCM9G88Lq+8zvnVdtFuAQhnvrZb
3C/GjwURcIzyuObPRQQAU+Vvu/piXRMAmBraLQBGxP2i8TH+BgAAAAAAGB4BBwAAAAAAMDwCDgAA
AAAAYHgEHAAAAAAAwPAIOAAAAAAAgOERcAAAAAAAAMMj4AAAAAAAAIZHwAEAAAAAAAyPgAMAAAAA
ABgeAQcAAAAAADA8Ag4AAAAAAGB4BBwAAAAAAMDwCDgAAAAAAIDhEXAAAAAAAADDI+AAAAAAAACG
R8ABAAAAAAAMj4ADAAAAAAAYHgEHAAAAAAAwPAIOAAAAAABgeAQcAAAAAADA8Ag4AAAAAACA4RFw
AAAAAAAAwyPgAAAAAAAAhkfAAQAAAAAADI+AAwAAAAAAGB4BBwAAAAAAMDwCDgAAAAAAYHgEHAAA
AAAAwPAIOAAAAAAAgOERcAAAAAAAAMMj4AAAAAAAAIZHwAEAAAAAAAyPgAMAAAAAABgeAQcAAAAA
ADA8Ag4AAAAAAGB4BBwAAAAAAMDwCDgAAAAAAIDhEXAAAAAAAADDI+AAAAAAAACGR8ABAAAAAAAM
j4ADAAAAAAAYHgEHAAAAAAAwPAIOAAAAAABgeAQcAAAAAADA8Ag4AAAAAACA4RFwAAAAAAAAwyPg
AAAAAAAAhkfAAQAAAAAADI+AAwAAAAAAGB4BBwAAAAAAMDwCDgAAAAAAYHgEHAAAAAAAwPAIOAAA
AAAAgOERcAAAAAAAAMMj4AAAAAAAAIZHwAEAAAAAAAyPgAMAAAAAABgeAQcAAAAAADA8Ag4AAAAA
AGB4BBwAAAAAAMDwCDgAAAAAAIDhEXAAAAAAAADDI+AAAAAAAACGR8ABAAAAAAAMj4ADAAAAAAAY
HgEHAAAAAAAwPAIOAAAAAABgeAQcAAAAAADA8P5/iwcjr2kwjpsAAAAASUVORK5CYII=
" width="800px"&gt;</msg>
<status status="PASS" starttime="20240412 14:38:57.556" endtime="20240412 14:38:58.648"/>
</kw>
<kw name="Close Application" library="AppiumLibrary">
<doc>Closes the current application and also close webdriver session.</doc>
<status status="PASS" starttime="20240412 14:38:58.648" endtime="20240412 14:38:59.136"/>
</kw>
<status status="PASS" starttime="20240412 14:38:38.350" endtime="20240412 14:38:59.152"/>
</test>
<status status="PASS" starttime="20240412 14:38:38.060" endtime="20240412 14:38:59.154"/>
</suite>
<statistics>
<total>
<stat pass="1" fail="0" skip="0">All Tests</stat>
</total>
<tag>
</tag>
<suite>
<stat pass="1" fail="0" skip="0" id="s1" name="Suite">Suite</stat>
</suite>
</statistics>
<errors>
</errors>
</robot>
