<?xml version="1.0" encoding="UTF-8"?>
<robot generator="Robot 6.1.1 (Python 3.11.3 on win32)" generated="20240415 17:24:00.974" rpa="false" schemaversion="4">
<suite id="s1" name="Suite Testes" source="C:\Users\quems\Desktop\Teste_estudos\nuclone-appium-robot\testes_robot\suite_testes.robot">
<test id="s1-t1" name="Caso de Teste 2: Arrastando para o lado e entrando na tela de pagar" line="13">
<kw name="Abrir app" library="config_source" type="SETUP">
<kw name="Open Application" library="AppiumLibrary">
<arg>http://localhost:4723/wd/hub</arg>
<arg>appium:automationName=UiAutomator2</arg>
<arg>platformName=Android</arg>
<arg>appium:deviceName=xiaomi</arg>
<arg>appium:app=C:\\Users\\quems\\Desktop\\Teste_estudos\\nuclone-appium-robot\\app\\nuclone.apk</arg>
<arg>appium:udid=17fbb02b</arg>
<doc>Opens a new application to given Appium server.
Capabilities of appium server, Android and iOS,
Please check https://github.com/appium/appium/blob/master/docs/en/writing-running-appium/server-args.md
| *Option*            | *Man.* | *Description*     |
| remote_url          | Yes    | Appium server url |
| alias               | no     | alias             |
| strict_ssl          | No     | allows you to send commands to an invalid certificate host like a self-signed one. |</doc>
<status status="PASS" starttime="20240415 17:24:01.323" endtime="20240415 17:24:16.544"/>
</kw>
<kw name="Wait Until Element Is Visible" library="AppiumLibrary">
<arg>accessibility_id=card-hero</arg>
<arg>10</arg>
<doc>Waits until element specified with `locator` is visible.</doc>
<status status="PASS" starttime="20240415 17:24:16.544" endtime="20240415 17:24:18.412"/>
</kw>
<status status="PASS" starttime="20240415 17:24:01.323" endtime="20240415 17:24:18.412"/>
</kw>
<kw name="Entrando na tela de pagar" library="steps">
<kw name="Swipe" library="AppiumLibrary">
<arg>0</arg>
<arg>0</arg>
<arg>100</arg>
<arg>0</arg>
<doc>Swipe from one point to another point, for an optional duration.</doc>
<status status="PASS" starttime="20240415 17:24:18.412" endtime="20240415 17:24:19.766"/>
</kw>
<kw name="Sleep" library="BuiltIn">
<arg>5</arg>
<doc>Pauses the test executed for the given time.</doc>
<msg timestamp="20240415 17:24:24.766" level="INFO">Slept 5 seconds</msg>
<status status="PASS" starttime="20240415 17:24:19.766" endtime="20240415 17:24:24.766"/>
</kw>
<status status="PASS" starttime="20240415 17:24:18.412" endtime="20240415 17:24:24.766"/>
</kw>
<kw name="Fechar app" library="config_source" type="TEARDOWN">
<kw name="Capture Page Screenshot" library="AppiumLibrary">
<doc>Takes a screenshot of the current page and embeds it into the log.</doc>
<msg timestamp="20240415 17:24:25.625" level="INFO" html="true">&lt;/td&gt;&lt;/tr&gt;&lt;tr&gt;&lt;td colspan="3"&gt;&lt;img src="data:image/png;base64, iVBORw0KGgoAAAANSUhEUgAABDgAAAkkCAYAAAD508+vAAAAAXNSR0IArs4c6QAAAARzQklUCAgI
CHwIZIgAACAASURBVHic7N1pkBz3neb3J7Pus280Go1G474IggRAUgQlkZREShppRjua0Ry7MWGH
x3bY3tgI+8X61YTDjnB4I/zGrxwT61ivXni9ttfSWJrVrGZEXSR1ACJxEQDRuIFGo++z7sqsqky/
qO5CF/ruru5Ggt9PBINdVZlZWegjM5/8/35/468O/rUrAAAAAAAADzO3ewcAAAAAAAA2ioADAAAA
AAB4HgEHAAAAAADwPAIOAAAAAADgeQQcAAAAAADA8wg4AAAAAACA5xFwAAAAAAAAzyPgAAAAAAAA
nkfAAQAAAAAAPI+AAwAAAAAAeB4BBwAAAAAA8DwCDgAAAAAA4HkEHAAAAAAAwPMIOAAAAAAAgOcR
cAAAAAAAAM8j4AAAAAAAAJ5HwAEAAAAAADyPgAMAAAAAAHgeAQcAAAAAAPA8Ag4AAAAAAOB5BBwA
AAAAAMDzCDgAAAAAAIDnEXAAAAAAAADPI+AAAAAAAACeR8ABAAAAAAA8j4ADAAAAAAB4HgEHAAAA
AADwPAIOAAAAAADgeQQcAAAAAADA8wg4AAAAAACA5xFwAAAAAAAAz/Nv9w4AAAAAwGfNqDWgiltR
0t+quD9Z91qhktOYPSjLKchvBtXm36GmQNs27SngHQQcwDMgU57RtcxHKru23mj5qvxGcF3bqbgl
/Wb6J/IbAb2Y+JwS/uYG7ykAAAA2aqjYr19M/kCS9Ebr1+oCjjv5a7o486HKbqluneOJMzqV/IIM
GVu6r4CXEHDguVVyLA1Z/Roq9itdnlaxkpMkhX1RJf2t6gr3qDu0TwEzVLfeTGlCN3NX1BJo15HY
y5u6j45b0afZC7qbuybHdSRJd3LXdSx+el3bu527qnFrSJI0Yg3oYOyETsRfk2lsXzVa2bU1ULyv
UWtQp5NvKGhG6l535epG5oIMw9C+yDFFfLFt2lMAALBVXLkqVvLKV7KyHUu2W5TtWnLcilzXleTK
MEyZhk8BI6CgEVHQDCnqiynsi8n0cKV9ybF0IfX+oq8NFh/od9M/lySdSLyqjuAuZSspXU2f143M
RbUFOtUbObyFe/tExS1rpjQhQ6Zagzsauu18JaNHhTsat4eVq2SUr2Qauv2tEvUlFfPF1RHs0p7I
IUV9ie3eJaVKk5+p0T8EHHjuOG5Zd/LXdSv7iUqOteD1bDmlbDmloeIDXTV/p8OxF3U49rJMw9SU
PaZfT/9YJcfWYOG+ukP7FwwZbJR8JavzMz/VtD1e93zBya17mwUnX/vadR3dyV7VhDWkzzW/o9gm
fY6lpEpT6i/e1t3cdeUr2bm90qnk5xWaDTkqbkn3C326kj4nV46upT9ST+SgDsVOqC3QKdPwbek+
AwCAzeO4jjLlGaUrU8qVM8pV0ipU8rKdgizHUsm15bgVOXIkuTLlk2n45DcCCpkhBc2wIr6YYr6k
Yv6Ekr4WJf0tnjtfuJG9qHR5WiEzLMsp1r12PfOxpGq48XLy87XnTcOn303/XA/yfVsecLhylS9n
lCpPzX5vpFY1LuC4mb2kG9mLDdvedspX0spX0hq3h3Qje1HH42d0dJ03Lhuhv3BbtmsRcABeVajk
dG76J5ouTaxq+ZJj6dPMBQ0VH+pI/JQupj5QybElSWFfXFFffFP2c7o0rt9M/X3dQc1n+HU4fnJD
o0ZeSpyV3/Drbu767N0Pabo0oV9O/Xu93fqtTQtrnubI0bmZ9zRhj9Q935+/rbJjqzO8Wz75NVka
1aP8HbmzB8uSa+t+/oZGrH59ue3bag60b8n+Pu+mS+N6XLynEWtg1eu0BHYo4W/S7tD+LQ/HAADP
l5JjadIe1XR5QjPlKaVLU8pXMnLcyrLrVVRWxS2rJEuF2s0SyTRMRXwJJf0tag60qtnfrvZg54JR
os+iSXtU1zIf6XDspAqVnAaK92qvFSt5jdvVkbg94QN16+2LHFFHoGtbylOm7LEN3YBbzrnpn2rY
ergp234W3Mhe1HRpUmdb3t3y9+4v3NbF1Af6esefb/l7bycCjnWwnYJ8hl8+I7DkMrlyesPvE/Un
GvJHrOKWNVWq/mGyHUt+w6+QEVVToLUhF/Bzqe58puHb8lKDQiWnX0z+rYrzDoDJQIv2Ro9qZ7BH
UV9MkqF8JatR+7HuZK/Vhr9NlyZ0fvqntfVCZkRfbP36ppR2zJQm9Oupv5c9L9xoC+7Ua81frvt+
uHI1aY9q2Hqo6dKECpX8vDKbmCK+qFoC7eoK7VVbsFOGDPkMv04mzqo7tF8XUx8qU56WJFmVvH41
9R/0dtu3tuT7YsioldzMV3JtPSzc1uPiAxkyVHbLtXBjvrJTls/gz9NGjVkD+iRzXqPW4JrXnVvn
Y72vnvABvdHy1QXlXAAALKfs2hqzhjVZGta4PaxUaWrFUGM1HNdRrpxSrpzSqPVICX+L2oM71R7s
0o7gLgXNcAP2vvEct6KLqQ8V9cV0MvG6fjfz87rXi/NG4j5d2uA3gtt242ezwo2+7KXnOtyYM2w9
VF/20rpL0NdjLtzoCu19JspkthJXEKtUcUsasR6rv3BH/flbeqfjj9UR3LXk8j8a+zcLGgOt1Z92
/Zcb+gNdrOR1O/+J+jKXVXLtRZfZHd6nF+KvqCPUve73GSje1YeT/6HuuR3Bbn2140/Wvc21ctyy
zk3/pBZumIZPJ5Ova3/0+IKQKOFvVsLfrH2Ro7qZu6zb2at1B9uQGdGbbd9U0t/a8P3MVTL69dSP
68KNg7ETejHxei1MmSuxuZO9JsspLLqdbHlG2fKMxq0h3c5eVciM6FD8RR2KnpBp+NUW7NQ77X+k
K5nf6kGuT1K1tvFXUz/W222/vyV3OJYbLrry74Yhw8O1tc+Ce/lPdW5eaLcRA8V7+sHId/Vux3fU
EuhoyDYBAM8vV66m7TENWf0atQaUKk/VRpYuxjRMBcywQmZIvtmyFKkaCFRUke3Ysp3iouGI4zpK
lSaVKk1q3B7SVGhUXaFetQV3PnN9Ou7kr2nMHtQXWr+usC+64PX5N4fmzl8fFm7p/PTP6pb7067/
alv7qzVCvpJR31NlKVFfQsfip9UR7HqmL8pduUvehM5XMhq3h9WXvVTXR6Qve1G9W9STI1Wa1MXU
B5KkXeHeTX+/Zw0BxzIcOZq0hvWoeE8P8n0qLnGx+SyaLo3rV1M/Vnr2Dv5SHhcf6HHxgV5tfntd
pRGWU9DFmQ/Xu5sNcyd/vVaWYho+faHl6yuGNj7Dr65gr+4Zn9YOmJsZbjiuo9/N/KyuLOVo4pRe
iL9aezxYfKCr6fNrbqxkOQVdT3+ke7kbeil5Vt3hfTINn04lvyDHrag/f1uSlClP69dTf68vt/9R
Yz7UEmZKE0qXlv/ZW07FLWnEfqQD/hfoFL4Oi4UbsdmThp7wgTWXnJQcSyP2Y/VlL+ulxOuUrAAA
llRtLn5PQ8WHGrOGlhyxETLDSvibFfc3K+ZLKOgLK2iE5JNfPqN67K+4rhxVqg1IHUvFSl65SlrZ
ckbZSkruU6NF06VpZcopzZQmtSu8V3vCB56ZspVMeUZXUr9V0t+iuK9Jk/aIbLd6Tpgtp5QuT8lv
PhkdbrtFhRVV1IyqN3JYRSenweLDTd1HV64eF+/JJ792hfdu6nv1F+7UPY76EvpK27c9MVp0uXPT
qC+h3khCu0K9+vnkD+rO6fsLdzZ9FEeqNKkPp6o3ngNGULtCBByfea5cpUqTGiw+0L38jRUDgs0S
MILrHqKfq2T0y8m/ndfYcWUfz7yvhK95zX/MrmbOK7fNXY5LjqVb2U9qj08mX1/ViJT5DUWlzQ03
JOlG9kJdQ9GDsRO1cMOVqxvZC7qZuVy3TsQX165wr7pCexTzJRWZTfsLswf4YeuRhor9tbrUQiWr
89M/1dHEKR2PvyJDhs40vaWSU9JQ8UF1GacgR05D72o4cmp/7GdKE/okfW7JUUOrUVFFN7NXFDFj
2hXeWy15mX2PzQo8cuW07hduaMQaqJVnxH1J7Qjt1s7Qbu2PHl/T9qq9RB5rzHqsbKVastYZ6tbO
UI/2R45vWkhQcixdnPlV7XHACOqV5rd0IPqC7uU/1YXUBxq1Hst2FzbgXUpnqFt7Iof0atNbm7HL
AIDnRLacVn/xlh7m79SVDM/xGX61Bnco6W9Rwt+spK9JcX+Lwr7oqo7vtlNUrpJRtpJWujSlmfKk
Ju2R2rmcVG2yPm4Nzfb5yGpv5PCmndutxZD1UCXXVqls6x/G/13da1fT55Utp/S55q/IbwRUdktK
laeU9LdqR6hHO0I9GrMGNjXgyFeyupj6QGPWoEzDp2/v/E837b0k1XqNzDkWP+2JcGO1AmZIx+Kn
ayMppOpnPqbNCzjmwo3S7DleV7j3ufo3XS0CjnkKlZw+nPo7jdvDG97WgdjxZYfizefK1Z3ctbrn
DsVfXHfAcTH1wYJwoy3QqcPxk4qYMWUqM+rLXKpddM25kv6tusK9q76AHLce1wUL22XI6q/NlpIM
tKzqQnSrww1JSpWnal+3BnfoxcTrkqrf/49mfqHHhSdNpsK+mI4nzmhv5Mii34+4v0lxf5M6Qz16
KfmGHhZu6UbmYq1Hx83MZWXLab3W/GUZMvS55i/rdzO/UKo8qbPN7zY03EiVpnRu5j05riPT8Cld
mlbJtRftrbEWM6UJ/Wrqx4r7mxQwAipUcnq1+UvqDu9r0J4/cS1zXn2Zywsu+rOVtLL5G7qfv6F7
+U/1StPbK5ZoTJfGdSH1/qJ9L0atQY1ag+rLXNaxxKnaz0Aj9eUu1+4INQfa9fmWrylbSeuHI99d
8Du/WnP7/UnqnF5qOrvp0ycDALwnVZrU7fxVDRYeqOKW614zDFMtgXZ1hnarI7hLTf7WdZVhB82w
gmZYLYEOOaFezZSmNB4c0pg1qAl7pG60iOUUdW92JrdD0RNqC+7c8GfciB3Bbr3a/Hbdc3dy1zVT
mtD+6DHtiRySz/DrQOy4bmU/0Y3MRXUEdtVKWewNlr4vp79wW1fSv1HZqb5HI/qkrOTpa5WOYFfd
44l3fqvsi32qRFa+YVbKVWTnK4p1BJddrjBVUnqoKLtYUSBkKrEz3LB1fIWgEteOqu1nT2a+efoz
reXm81o9HW5IUm94e6YT3m4EHPOUXLsh4YYkvdr0pVUvO2oNLAg4DkReWNf7TtojelS4W/dcR7BL
X2n/tvzGk1/GPeFD+vHYv62bVnSqNKZMeXpVF/kVt6yPUttfmiJJQ8X+2td7o4sHAvOtFG44rqNH
xdvaGzna0P08nfyizjnvyaoU9bnmd2q1k33Zi3XhRld4r15rfrvu+7UcQ4b2RY6qJ7xfH828r+HZ
dP9x4Z7i/qReiL8q0/BtWvfm/uLtBbOlNErZLWlm3ow4N7IX1BXqbWjd6W+n39P9/I0Vlxu1BvXT
8e8v24diujSun47/TS1gWIrtWvokfV6ZclpvtHx1Xfu9lPu56mcJGEF9vuVrmiqNNawXh+1a+njm
fU3aYw3fbwCAd03ZY7qV+0TD1sMFN/iSgRZ1hnq0M9ittmDXght4xUpemfKMbNdS2S2p5Nq1gMRv
BOQ3AgoYwdmSlqZayYk5OxqkOdCutkCnxuxBjVgDdaNlHdfRYOG+So6lo7GXN9RzbqNaAh0Lzh9G
igOaKU1oZ3iPdof3S5JOxF/TSHFA4/awfjT2f6gz1C3XlYZmz++aA+0yjMaOZr2U+tWCUGO5PhON
8HQ59vzeFJPv/Eap164uu36l5Gi6v6DxWzmN9uXU+3qz9i0RVjhlV/fen9LApZkFr3W9mNShr7TJ
HzQ3tE4lYmtmdp/nQo6n+22stQR9tUqOtSDciPoSag91LbPW84uAYwU94QMyDXNBnVgj3cpdqXu8
J3JQTYGFIUPFLetG9oIGCvcVNsM6Gj+9oKRk1H68YL0XE59bcLEc8cV0NH5Kl9O/qXs+V86sKuC4
mbus6dLYistthfllRDuDe5ZddjXhxvmZ91Ss5BsecER8MX257dt1zw0WH6gvc6n2+GDshE4mz67r
gOI3gjrb8q6ups/pbu66pOpIjmZ/+6aMepCqdbZz77UaITOs9uBOxXxJGYahYiWvCXtk1WVOY9aQ
xu1BdYZ61rvLda5lzteFG52hbh2Nn9bO4G4FzJCmS+MaKN7TzdnRHbZr6YPJH+kbO/7JgjtPJceq
CzcCRlDHEtWeFy2Bjlofi5vZS7XRHffzN9Qa6NDR+KmGfJ5cOV0bpfFK81vKVtINCzfmu5+/oaAZ
1CtNbzd82wAA77mTv1YrhZ1jGIY6Qz3qjRxWZ7C7bqh8oZJTqjSpjDOjTDmlbHlGllNU2Smr7JZU
dm0ZMuU3/PKbQfmNQK1nR7W0pVlNgVYFzYhMw1R7sEstgQ61+neo33dXQ8X7dQ07x6xBOa6jzwc7
Vn0DabtEfDG90/7Hup79SPdzfXo0exMs7kvqQOwFHYm91PDgYaOjbhst8+LNxV9wpdRQURN38hq+
lpZdWN1Ik7u/mNLjK9WgomlXWE3dYWVHbE0NVLcj19Wx39uh+f+s61lnbt/nj+LYbIuFG1K1uehn
tY8dAcdTAkZQeyKH1B3Zp85gt0JmRHfy1zYt4Jiyx2p/uOYcip5cdNkb2Yv6JH2+9njEeqxv7viL
ujBkpjS5YL22YOei20sEWhY8V9bKw99SpSldTT3Zj+ZAu6xKvm40yFYqzpu6KrrMFKirKUs5P/Oe
houPtqRezXHLujrv+9kV3rvucGOOIUMnk2eVq2RrIzk+SZ9TV6hH5iZMuzpQvL/q4XbNgXadSb6p
5kCbQmZIkqmyaylbTutm7rLu55c4mM3jytXN7JWGBBy5clp9mSfh4v7o8QWjEubutvSED+i98e+p
5NrKVtK6mjm/4OL+k8y5unDjqx1/UnenJmCG1BM+oJ7wgbpRI1fT59fV+HPRz1RJSao2FD0QfUE/
GPnXG97mUm5mr+hY7DQNRwEAMg1ThmHURm+Yhk+7I/t1IPKCWoM7asvZTlFjdrXsMVWeVLacquuf
Uc9RxS3XNWcfswZng44WNQfatCO4WztCXfIZAfkMv3aG9yjmTypkhvSocKdu2yuNrtwOb7X9waLP
R3wxvdr0JZ1JvinLKcpn+BQwQw25YJ2byW/+jZrFyuq38+J4qbKUcrGii//2SQlwMOyTXVw+5MhP
2rWgYtfJpI58tV2GaUiudO+DKfV/NK3h6xntPp1UYmd43eustO9PG7eHdHF2NPyZpjeXnZ1zKXPh
Rqq88PrvYPTEmrf3vPD2/EINFvMl9Mdd/5nOtryrPeGDCm1B1+Xb+frSlJZAhzrDuxdddsR6VPfY
kaPJ8mjdc/six/TF1m/U/bdUjeNc34r5QsbyF/aOHF1Mf6CKnvwxebXprXX3C2mE+XWePiOw6DKr
7bkxXKz+Gy/2b9Nod/LXa0PVwr6YXmt+uyEHE0OGXmt+W+HZsKdQyepOfvWjLNZisT4Ti2kOtOsb
HX+urvAeRXwxmYZfpmEqaEbUGuzUGy1f16HY4sHeet9zJfcKN2onO52h7mVLLloCHfrSvJOQm9kr
C5aZ/9yX2v5g2V4db7R8VZ2zw2Rt19K9wsolMqsRmP1dPxY/rXv5Tze9AfAnmfMrLwQAeO4djp5U
V2ivDMNQ0AzpQOwFHYudqYUbjutopPhIfdlLupG5pIf5m5q2x5cJN5ZmOUVN2MO6l/9UfbmLupX7
RBP2iFxVL9IT/mYdjZ3SodiLCs32r0gGWnQsfvqZH73xNNPwKeKLKWiGN3yO6MrV/UKf/n78/9bP
J37QoD3cesGwTz1nmnX6z3bp1f9k8Wum+WYePZkFs/e15mpQIUmGtOfVptpr0/2FDa2zVhdTv1K+
klG+ktHF1Ie1n9/VWi7caPK3PdPT7G42RnDMs9UX6dlyWnef6r1xNP7ykg0gk/62BRd3CbP+h7cr
vHyJxnyDTw0llKSmQPuy6zzI99X1vDgUO9mwcoH1WqmZ63Y0FF1JtbHsk9DheOJMQw+6fiOo44kz
ujQ7he+d7DUd3oQhjaeTb0hy1Z+/veSsKSEzrDPJN1ccQXI8flqT9oimlih9MmRqZ6hbp5Jf3Ohu
S6r2vplzdBVTdu0I9ag50F7rCTJmDWjH7M/+2LxtNQfaa88v52j8dO33edQakBrQcHQuVOkJH9CF
1Psb3t5KHhfuSQsHgq3of7r7T+se/9XBv34m1wMArE5ToE3H46cV8ycUNqPaGzlU65VRciw9LN7W
QOGuZkoTS563+Y2AAmao2nfD9MuQUS1XccrV2Ueeuvnkuq6m7XGlSlOaDI6qJ3JQe8IHZBp+hX1R
HYq9qKAZ1kxpQp2hnk0r1/WCuYvosdnzjtWM2H4W+UKm3vinvTL91fPZ8ipKVLIT1RuhvoBP4Zb6
G6GBmE/R1qDyU7Zyk6UNrbNW+XmN39fTm2OpcEPSpk/x+6wj4NhGd58avRE2I9oTPrjk8i8mXlW6
PFm7KHop+bra19ksabFmpPujx5cdtVKo5HQ59eva44gZ1UubMAvEWs0fEvm0ZzHckKRJe1RWpVrS
E/HFtTdyZMEyM6UJld2S2oPLNwiasIflNwJqfiqc2hs5or7MJRUqWVlOQZP2qNob3EE8aEZ0Kvl5
lR1bDwu3F12mLdip5kDbituK+RLaGe7RdGl80RS7OdCuM01vLfic6zU/LJxr7LWSnaGeWsAxYg/W
goxR+8m29kSW/h2u21bwyV2HRo1Kkar/TjF/UiPWwn48jWa7lnLl9JrKVJ4OG+aeWyl02Or1AABr
0xRo03F/ojpKc/ZmXaGS0/3CDT3I36qd98wXMiPVvhqBZsV8CYXMcDXgUECGYajsVntyzB1vsuWU
MuVU3QWh41Y0Zg0qV8nIdiztixyZDUqC2h89rmIlv+ppaJ9X70/+SIVNnMFjqximobX2mS/NhiCh
hE+L9WYNxXzKT0l2ztnQOlvpQur9JcMNqTqBQV/24qKv7Ykceu57qBFwbBPLyS+YYvVI/KVlez9E
fQm90/4dWZWC/KZ/3Xf8y66tj2Z+ueD54/Ezy653Of0bFZ0nQ7HONL9Zm7rqWbR4uPH7SvrXccu5
wYath7Wvd4X3LDjoTtlj+uXkDyVJ+2LHdCr5hQXLuHJ1Of1rPcj1SZK+1PaHdXWuhgztCvfqXu7T
2ns2OuCQqv+uneHdelx8oPIiU5jFfU2zPTeWZxo+xX1N8hn+RbfTEdy5ad+71Z70rOZzrNZm9Xl5
KXlWkpYcUdNouUqKPhwAAEmqOzctVvLqy13SQP7uguN6yAyrPdRdPbb7mpXwt6x4Tmk7RWXKKWUq
M5qwRzRuDdUFHblyWrezV1RyLR2Kvlgr64jM68/muBWVXEsBI9zQGdmedSuFG4vdLJw/i4ohY80l
FM+KslUNIUzf4ud6ps+cXa6yoXW2yoXU+3q0zt6Qn4VwQyLg2DYP8jcXXIDsixxbcT1DxoZCBUeO
Ppp5X5Ol+t4dp5u+sOxd9qHiw7rZJnaH96t3kVEHz4qlR25sf7ghSdPzpj7tCvUueL0872djLsCY
H3I8HW48vc6Tbe+pBRzz37PRfPIvGRJUpzJb3UmEaZhLbsdn+LRojL5OMV+i1qNiujS+bM+MOVP2
k/KZ2Lzaxvl9bqbt1c0uNF16Mo1drIF1kvNHhmyFwBI9fgAAn20FJ6f+/K262UwMw1RnaLc6Q7u1
I9i9pvOyoBlWWzCsNnVqR7Bb48EujVqPNVzsrwUollPU3ex17QjsqpsS1pWrCWtIY6UhWU5RETOm
XaFeNa1ihCk8brW5jLvE143Y9iqs5mYb4cbqEHBsg7Jr60b2Ut1z+6PHFPc3LbFGY7hydS1dPy2m
VK3XPxpbugdBybF0IfVB7bFPPp1u+uIzO9TvWR65MadYeTISZrEmQB2hbu2JHtKjfPWP2PyQQ9KC
cGNP9NCic7vHfE/urBcWGRraCBW3pMnSqMrzmr3OV6zkVXYtBY3lm/a6clWoZOuaxs43U5pQsZJX
1Bff8D5LUmeop/a7MFC8t2LAUXKsulKSncEnfTZ2BJ/8249agyo51oojNAaKT2ZPamQfm7n37Qx1
N7T0ZSmrCYYAAJ89YTOqnaFeDVsP5bqu/GZAPZGD2hs+opZgR915ZMUtV6eLraRUcm2VXXt2naAC
RlAxM65koKU2QiTqi6s3clhtgU7F/Im6EpioP153DHblarD4QPdynypTnlHYF1WunNZMaVIvJV9/
rpox5isZXUmfa/hU7l4dvfE8IdxYPQKObdBfuLNgas1DWzCVz83sJV3LfFT3XHOgXa+3fGXZYXqf
Zi8oXZ6uPX656Y1nKiyYzwvhhiQVnCff/8giI3IMGbU/RE+HHE9/vSda/aO1WOA0f9vFSm7B6xs1
15H7Uf7OknOoT9gjypbTag0uH3AUK3mNW0NyltjOuD2iG9kLejn5RkMasnaGumsBx83MZfWEDyx7
sf5x6gPZs3OMz/W5mNMS6Kg1ILVdSx+nPlh2Vpbp0rhuZi7XHvdEDmz04yywJ3Jo0wOOnlX2Lpnv
rw7+9bqafm71egCAjYn4YjoePy3T8ClXSakrtEd7I0frSkbKrq1Ra1DTpTGlyynlKinZjq2KW5Lr
uvKZAQWNkGL+uBL+ZjX529QZ3F0bzRz3N+lI7CWFzagGCndlyNCB2Au1kRmuXD0u3tPN7GUZMnUs
cVoRM6Yhq1/9+VtqDXboSOzlTf13GChWe971zOuz15e9pI7groaVDrty9SDfp2uZ36nsVEezrOWC
dqWG/V5mzl7irPQZ5xqXrnedzfZK09tLfk/7speW7LnR5G/7TIUbEgHHlnNcR33Zy3XPdQR3qT20
9rmP1+JO/qoupn5V91zMl9Bbrb+vkLl0ycukPaLrmY9rj5P+Fu2NHK3Nob0UV05tGZ/h37IZarwQ
bjxtydKOFUIOaflwQ3oqcd+Ev8E3Mhd0JX1uyXBDknKVjG7mLuuN4NeX3dZj6/6yjTHLbkm3kVcV
MwAAIABJREFUsp9o1BrSN3f8k3Xv85wD0Rd0P39Do9agbNfST8e/r7fbfn/BDCglpxpYzB/5NNfn
Yr6Xkmf1weSPJKm27KtNby0YyTFmDej9yb+rhSWdoW71hBsfcOyPHNOV1G83tRfHsfipda233oBh
q9cDAGzM3OwquXJa7aGddTcoJu0RDVn9GrUGlC5PL3oxWa6UZCmvTHlaIxpQzJ/UVGhMu0K92hHa
LUOG/EZQ+6LHlPAlJRnqCHXXzovs2SbrQSOsg7ET2hXeK0OG4v6k+vO3NGmPSLEFb9tQ2XJ60efH
7SG5bmXREbhrdX76ZxpaZHbEjXhWR2qvlT9cTSsq1uJhRdmu9tHwh8wNrbNWASNYO0fb6CiioeLD
RZ9v8rfpzdZvbmjbXkTAscWGrAe1WRjmHIk3fvrO+R4Wbul307+oey5sRvRW6x8o4W9ecj1X7oJQ
JF2e1t+M/KsV33PcHtb/O/wvJUmnkp/XC4lX17HnKxsu9tcdEDcabviNQK2Oc7j4aE3T7q5F2Iwp
68xIqpaOLFWetFjIMWelcEOqL4UJm40/ghuGsWy4Med+/qZ8RrA6hZwvIdPwSar+jBUreT227uvi
zIdLjt6Y48qV2cDflVea3tZ7499TybVlu5bem/gbtQQ61BnarZAZ0pQ9rlHrcS2MkKS4L6mZ0rhm
5vXQmBM0QrVl7+dv6HHhnjpDu9Ua7JDlWBq1Htf13ggYQb3R/LWGfZ75AmZIrzS/pXPTP92U7feE
969qOlwAwGdbwt9cd77pytVIcUD38tc1bg/V9ehYSa6c1v3yDU2XxlVw8toTPijT8MmUWXdMcuUq
W04pXZ5WU6BV3aFetc8LPnLl6kjaRpW9rtdEaVSOnFpYs16NDjeeJ6Fk9XK3mCmpbDvyB5+EEq4r
5Weneg03Bza0zlq93vKuLqY+lCSdaXpz3dtJlSYXnVFlLtzYrKb2zzICji3kylXfU703or74uoZ5
r9Zg8YF+PfX3dc8FjKDebvtW3YwbSxmzN7+Gf70cOQtKbqSNNRTtjR6uNeW8lvmddoZ7NiV8ivii
yparAUeukl62/8piIcdqwo25bc9/z0bbFzmma+mPVjVK4E7uqibsEXWFexT3Nck0TBUqWY1bQxqx
Hq8Ybsw5HD+50d2uaQl06Ksdf6Kfjn+/FkxMl8brQoinZStpfZI+v6rt266lgeK9un4bc2K+hN5u
+9amzkByIPqCRq3BBX13Nqo50K43WjYnmAEAPN8m7GH1ZS8s2vzcbwSqPTRmR3rYjq18JbOgP9e0
Pa6bzmUZMtQbOVz3Wtm19ah4T2PWkEpOUUEzIn84UDtnmrBHdCt3RTF/Uj3hQ5v0KVdvavaco5H9
uLzOVwyqEm7MCNRE15ML/PSQpda9T0qmMyNFlWZnQknuCG5onfn7vhodwV36esefr/JTLK2/eHvB
c5/lcEMi4NhSE9bggpr4o/GX5TPWn/4tZ9Qa0IeTf1f3nN8I6Ettf6D2YNeK6xsy6maaeNY8zN9U
Zl5vEGl+uNG6rm0ej5/Wo8IdlRxbmfK0HhRuav8qZrdZq5ZAu8atIUnSsNW/4kFtLuToDu2TJHWF
e1cVvAxbj+res9Eivph6IgdXfQE9XRrTTGlcPqM660rFLa862JCkpL9Ze586kdmolkCHvr3zL/VJ
5pxuZq80dNtLORp/WS8lzm7JgWeuF0ijQo790eOLlt4AALAauUp6QbgRNEPaEdqt5kCbYr6kgkZA
rqpTnmfLaU2XJzVmDdT6S0jV0Rxj9mBdwFF2bd3L39Dd3A3FfDHF/U3V0R65jHaHD2jKHlVf9qKK
Tl5H4i+t6mbfZuqYPR8PGKs7prpyNVC8J7/82hXeu4l7tr0SV49q5rWrDdlWy56IglGf7HxF9z6Y
UijeoVhbUPkpW3d+Vh354A/51LY/uqF15u/7Vhoq9tc9DhjBz3S4IRFwbKmbuU/qHpsyVzU17HpM
2CN6f/JHqujJ/MymTL3ZurDHwHL2RA6q6Kw8+8ZA4X7dHOdhM1Ir74j5G9+derGZaBrRcyNoRnQk
/rKup6sjQ25kLmpP+EBDmlrO1xXaq9vZ6h/uweIjnUw6MleYStWQsaaDmSu37o9eV2j1667FodgJ
jVj9KjtlSYYqbqnu526x/Zr/s7IcUz75Db+kainMkU0KBANmqNa8acwa0MgmjVzaGezelrKORoQc
PeH9OhY/RVkKAGBD2gNd2hXeVyuriPubtS96RF2hXsX9TQtu4LhylS5NqzXQrvu5PuVnb7wlAy3q
CT3pYVV2bd3NXdfd3HW1h3Zpf+SI4v4WTZfGVXTys+HGJeUrWR2Nv6w94cPb3mdiNTcc5+QrGV1M
fagxa1Cm4dMf7vzLTd1/V+6mbj/qS9S+l1L18831omj72eclSemTN+WG7Q3N4eIPmTr69Q5d/f9G
lBkt6nffHZBpmnKcJzfYjrzbJn/Ut6F1fMWg4teO1vZ97jM9/ZkbaajYX/ce1XDj9z/T4YZEwLFl
ZkoT6n9qap+DsRN1naRXUnHLupG9oIHCfYXNsI7GTy96wTtTmtD7k3+7oGzgi23f0K5w75r2+0zT
W6ta7ofWd5WtPLloTfpb9fmW31vTe63F7dzV2nRgUmMbih6KnqgdQK1KXrdzV3U8/sqGtztfW7BT
IV9UViWvYiWr/sKthoddDwu3VJidrSdkRtQW7Gzo9ue0BTr15bZvz47KMDViP9LN7JUFvWbWKmJG
dTh+UnvCh+Q3Aio6BTUFNr9h7I5Qz3N5Eb9SyNEcaNdri/y+B8wwU8ECABom7m/Ssfhp+U2/rEpR
e6IHtTt8YMkbPYYMNQValfA3KWiG9CDXJ9Pw6WDshDrD1eN1ybF0N/+p7uaua0eoWwejL9TKWrrD
+zQ5G27kKlkdjZ9ST+TgijeWnhWLzZDiuEvfSPKKqC9ed3E+bg+rN/IkAGj72efrwoLFWE5BHw//
b5KkHdOf04EPFzaBl6QDkvZbg7qa+V3d6OaOYJdOJl5X1w97pR9ufJ2njdvDdY8b3fNlyHrSe2Uu
3JibQeizjIBji9zOLRxmdSD6wpq2cSN7sa72f8R6rG/u+As1BZ6UY+QrGb0/+e9VdAp16waMoD7N
XNSnmcWnEJrv8y1fW7b56Habssdqox+kxs+WYhp+vZB8VR/PNma9nb2qfZFjawqjVmLI0KHYiXkj
RS6pp4EjRcqurRvzvteH4i9uWgpvGj41zyt/OeB/QREzpl9N/XjVIzUWbFM+HY6f1PH4K7UZeGLa
vF4VnxWvNr2lqdLYouFTyAypY4NNzgAAWI3mQJuOxc7IcgpqDe6om/VkzB5WwcnKdV2FfVG1+TsV
8ydlGj71ho8obMTkM4zaMctxK7qTv6Z7uRvqDO3Wsfhp2U5RN7KXFPc3KeFv0rg1rHwlq2OJU8uG
KY2SKk2pNK9B+XrNH7WxVo0cgWHIqJ+ZrwE6grs0MS8A6Mte0q5Q75pGH4TMiP6i+79Z3fuFuvWV
0B/JcgqyHUsBI1ibbriR68wpOdaC3osdwcbNmllyLA0Xq8EL4UY9Ao4tkKtkdDd3ve65XaE9a76j
PjIvPZSqTTYny6N1AUemPKNsZeF0VCXXrvsjspy1dLPealP2mH49/eNaKv90Q1HHdXR+5r3aL/x8
hmHIdd26/8+Zm4ll7rn5M7NU3LL6cpd0OvnFhn6WQ9ETupe7oUIlq2Ilp49m3tfZlnc3fDBy5eqj
mfdVrOQkSRFfXIeiJxqxy6syV0oT9zetexSH3/BrT/jQlk0v/FkRMEP6Wvuf6CcT39vwCBsAADYi
7k8qPu/mRaY8oweFmxq1BpSvZCVXCvmiagvu0L7IMbUHd8o0zAUz3I1Zg7qb+1TtwS4di59Wwt+s
VGlKQTOkCXtYU/aY4v6kjidOqzu8f0uC/KKTqzUPXa/+wm1dSf+mru/IWjzrNyx6I4fUl31yMy5f
yejnkz/QsfhpdQS7Gl7OMSdkRhQyIysvuM518pWMxu3h2XKo+hKV3kjjmtoOWf21EI1wox5XD1vg
Xv76gkaKh+Mvr3k7SX/bgialCXNzfvmfRanSlH49/eMlp4JdLtyQnoQWT/9/sWWeNlh40PCAwzT8
eil5Vudnp/EcLj7U1fQ5nUyeXfdByZWrq+lzGp43H/ZLybMytzgoMGQosKFeGYb8ZmP7nqCKkAMA
8Cy6k7+m/vztuvKLcjmlXDmlYiWvsy3vLjrSdcC6p5Jj6Wjs5doI5GSgRfsix2S5BRkylPS3bGm5
5Y7QbknaUMhxKfWrbS1FmX8u2ujRG1K1H8Wx+JkFIcfF1AcNf69nwbH4mYaGNnN99s40vUW48RRv
FJ95mOUU1Je5XPdc0t+iXaG19cKQpBcTr6oz1F17/FLydbXPe/y8u5u/tu5wYyNMw6f9sc1pBtsd
3qejiVO1x3dz13Vu+qcqr2La1aeVXVvnpn9aN1roaOKUusP7GrKva+HIUWF2BMl8hky1BHbocOyk
jsVPqSvUI/8iQYgrp67HChprLuSgtwYA4FnhuM6SF/TLNbyvzK5jGtWGj9Um6w81bPdXR4RGDm35
8c6Qoc5Qj9oD6+9/9jz02VjJsfjpTWuC/yzpCu3Vsfjphm0vX8lo2HqoM01vLZgmGYzgWJVD0Rd1
KPriutYNmRH92a5/2pD9iPoSeqf9O7IqBflN/6IpdmeoZ9W1aI30hzv/ctPfY0dotx4V7ijii+uN
lq/W9dwwDVNvtHx9U953s7tIH4+/omw5o8eFu5KqIzl+Mv49HU+cUW/k8Ip1oq5cPSzc0o3MxVpZ
iiTtjhxoeHPU1TJk6NXmL+lG9oLGrKFa8r8z1K0zTW9Vv3eGoWIlr0+zH+t29mptmaS/WUfiLyu5
BQ1FP8sCZkhfbf8OIzkAAM+EQ9ETKjl2bXaVOclAi47FzyzZp2xnqEfDxYe6mbusXeG9KlSyGijc
kyTtCG7vjcCOULcMw6dxe6ju+bh/5b5iO8N7NLLEjbuu8J66c9Onl326jGel17sjBzQ67/XOp16P
mDFZ8/r7rbXEYzlnW95VX/ZS3UiO58mx+JmGhhuSNEi4sSzjrw7+dePHHAGbxHaKCpihVQUOF1If
qD9/a9llQmZE77T/8aobBm0WV676shfVl6lvRhT2xdUd7lVXaI9ivqQis/tZqOSVq6Q1bD3SULG/
NlvKnKOJUzoef2Xb6y8d19G4Paib2csatYb0TvsfLZhzvuza+sn492XK0OH4Se2NHN6UqWCxuJJj
6ScT31NrYEdtphUAALbDTGlSfbnLGik+lOM6ag606Uj85WV7Z9hOUZ9mL2iw+FABI6CSY6k50K59
0WPaFd677edCWJ18JaP+wh2N20PKV7IL+ld4RdSXUNQXV0dwl3ojhzall0iqNElZyjIIOPDcqrhl
fZz6QIOzKf7TIr64zra8+0wN0x8sPtDV9Pl1/1GP+OJ6KXl2W8pSAAAANipVmtKgdV9lt6T2wK4F
oxUWU6jkNGz1q+Dk5DcCag/sVGuwk3DDg+aPnN7sUdR4PhFw4Lk3VHyoB4U+TZcmVXFKivmT2h3e
r/3RYwqa4e3evQUct6w7+eu6k71WNxxwOSEzokPxF3UoemLLG4oCAAA0kuOW5chZsixl6fUcmQYt
BoHPMgIOfGZ4LQV25WrSHtWw9VDTpQkVKvlaj42wL6aIL6qWQLu6QnvVxl0KAAAAAJ9x3OrFZ4bX
AgBDhtqDO9Ue3LnduwIAAAAAzzzGcAEAAAAAAM8j4AAAAAAAAJ5HwAEAAAAAADyPgAMAAAAAAHge
AQcAAAAAAPA8Ag4AAAAAAOB5BBwAAAAAAMDzCDgAAAAAAIDnEXAAAAAAAADPI+AAAAAAAACeR8AB
AAAAAAA8j4ADAAAAAAB4HgEHAAAAAADwPAIOAAAAAADgeQQcAAAAAADA8wg4AAAAAACA5xFwAAAA
AAAAzyPgAAAAAAAAnkfAAQAAAAAAPI+AAwAAAAAAeB4BBwAAAAAA8DwCDgAAAAAA4HkEHAAAAAAA
wPMIOAAAAAAAgOcRcAAAAAAAAM8j4AAAAAAAAJ5HwAEAAAAAADyPgAMAAAAAAHgeAQcAAAAAAPA8
Ag4AAAAAAOB5BBwAAAAAAMDzCDgAAAAAAIDnEXAAAAAAAADPI+AAAAAAAACeR8ABAAAAAAA8j4AD
AAAAAAB4HgEHAAAAAADwPAIOAAAAAADgeQQcAAAAAADA8wg4AAAAAACA5xFwAAAAAAAAzyPgAAAA
AAAAnkfAAQAAAAAAPI+AAwAAAAAAeB4BBwAAAAAA8DwCDgAAAAAA4HkEHAAAAAAAwPMIOAAAAAAA
gOcRcAAAAAAAAM8j4AAAAAAAAJ5HwAEAAAAAADyPgAMAAAAAAHgeAQcAAAAAAPA8Ag4AAAAAAOB5
BBwAAAAAAMDzCDgAAAAAAIDnEXAAAAAAAADPI+AAAAAAAACeR8ABAAAAAAA8j4ADAAAAAAB4HgEH
AAAAAADwPAIOAAAAAADgeQQcAAAAAADA8wg4AAAAAACA5xFwAAAAAAAAzyPgAAAAAAAAnkfAAQAA
AAAAPI+AAwAAAAAAeB4BBwAAAAAA8DwCDgAAAAAA4HkEHAAAAAAAwPMIOAAAAAAAgOcRcAAAAAAA
AM8j4AAAAAAAAJ5HwAEAAAAAADyPgAMAAAAAAHgeAQcAAAAAAPA8Ag4AAAAAAOB5BBwAAAAAAMDz
CDgAAAAAAIDnEXAAAAAAAADPI+AAAAAAAACeR8ABAAAAAAA8j4ADAAAAAAB4HgEHAAAAAADwPAIO
AAAAAADgeQQcAAAAAADA8wg4AAAAAACA5xFwAAAAAAAAzyPgAAAAAAAAnkfAAQAAAAAAPI+AAwAA
AAAAeB4BBwAAAAAA8DwCDgAAAAAA4HkEHAAAAAAAwPMIOAAAAAAAgOcRcAAAAAAAAM8j4AAAAAAA
AJ5HwAEAAAAAADyPgAMAAAAAAHgeAQcAAAAAAPA8Ag4AAAAAAOB5BBwAAAAAAMDzCDgAAAAAAIDn
EXAAAAAAAADPI+AAAAAAAACeR8ABAAAAAAA8j4ADAAAAAAB4HgEHAAAAAADwPAIOAAAAAADgeQQc
AAAAAADA8wg4AAAAAACA5xFwAAAAAAAAzyPgAAAAAAAAnkfAAQAAAAAAPI+AAwAAAAAAeB4BBwAA
AAAA8DwCDgAAAAAA4HkEHAAAAAAAwPMIOAAAAAAAgOcRcAAAAAAAAM8j4AAAAAAAAJ5HwAEAAAAA
ADyPgAMAAAAAAHgeAQcAAAAAAPA8Ag4AAAAAAOB5BBwAAAAAAMDzCDgAAAAAAIDnEXAAAAAAAADP
I+AAAAAAAACeR8ABAAAAAAA8j4ADAAAAAAB4HgEHAAAAAADwPAIOAAAAAADgeQQcAAAAAADA8wg4
AAAAAACA5xFwAAAAAAAAzyPgAAAAAAAAnkfAAQAAAAAAPI+AAwAAAAAAeB4BBwAAAAAA8DwCDgAA
AAAA4HkEHAAAAAAAwPMIOAAAAAAAgOcRcAAAAAAAAM8j4AAAAAAAAJ5HwAEAAAAAADyPgAMAAAAA
AHief7t3AADw2Wb4DPn8pgzTkGEYcl1XTsWVW3HlOI7kbvceAgAAwAsIOAAAWy4Q8SvWGlY4GVSs
LaJkV0zBWECBsE+lYkXFGUv5VFHFGVtWriQ7a6uYKcnKl+RWSDwAAACwEAEHAGDLBGMBtR9oUveL
Hdr3Rpd2Hm1VpDksGUus4ErZ8YJGb05q9NaUxm7PKDOeV3oop9x0kbADAAAANQQcAIAt0dKT0KG3
duvEPzqg9n1NkiTDNCRXch23+vUcV3JdV4ZhKN4RUay9Wwfe3C2n7GiqP6OBS6MauDiq0VvTSo/k
VLYq2/SpAAAA8Kwg4AAAbLr2/U165R8f1dGv9SoYDcgwDMmQKiVHmdG8ihlb5WJZZasi028oEPYr
EAlUS1hawzJ81SDE9Jlq39+k9v1NOvylHg1endDglTE9/GhEkw9SqpSc7f6oAAAA2CYEHACATZXo
iOjlPz6ko1/rVSgelFypkCrq3m+GNXpjUunRnOxcWaViWeViWYbPVDDiVyDiVygeULwzptY9CbX1
JtS6t0nR1rDkSrG2iA5/qUd7Xu3UvrNduvXLAd3++YDyM0UakwIAAHwGEXAAADaN4TO0741dOvT2
nmq4IWnk5pQ+/j9vaPDKuNJj+RX7aJh+U7HWkGLtUSV3RtV9skN7z+5Sx/4mGaahcDyova/vUtu+
ZvWc7tTVH9xV/8cjW/HxAAAA8Azxvdn6zf9hu3cCAPB8SnZG9eI/OqjdpzokV0oP5/XL/+Wi7v5q
UMW0vaqRFq7jys6VlR0vaKo/o9G+aT2+MqaJuzMKxgOKtYVl+k2F4gG19ibVfbJd4aaQhj+dlEMT
UgAAgM8MAg4AwKbpOt6mF76xT/H2qAzT0OV/d0t97z1SuVhe3wZdqVQsKzue18S9lB59PKLsZFEt
PUmFYgGZPlPRlrB2HGlR694mDV0dV6mwzvcCAACAp5jbvQMAgOdXtDWsxI6oZEhOxVH/R6OycvbG
N+xKpUJZUwMZXfx/buoH//wD3fzZo9psKpFkSIe/vFvf+O/PKtkZ3fj7AQAA4JlHwAEA2DTBaLVR
qCRZaVt2odTYBqCuVC5WNHpzSj/6q1/rt9+9rnKxIrlSMBJQ72s79fX/7nVCDgAAgM8AAg4AwKYx
fKZMX/VQU7Ycuc7m9cRwK67O/e/X9JN/8TtZOVuu48oX8KnndKe++M9OKdoS3rT3BgAAwPYj4AAA
PFeu/919/fCff6jUUE6u68of8unAF3fp9J8dVjAa2O7dAwAAwCYh4AAAPHcefjSif/gfzys9nJNU
7clx9N1e7TvbJdO/hkOfsYb/NtuztC8AAADPIP927wAAwNsMn6FEe0SJnTGFogH5wqYMo3qV3Xm4
pXbB7Q+b2vPKTiW7Yktuy3VdOSVXpUJZxbSlzFhBxYy9rtKWx1fG9Jt/dU1f+q9PKdISVmtvUke/
2qux29OaHsgsuV4g4lfL7riSu2IKhPwyzJUTg0rJUWHG0tTDlHLTVsNKcUy/qWRnVC17kgrF/KsK
Z5yKKztb0vTjtFLDeTllpyH7AgAA8Kwj4AAArIthGmrpSajn1A51nWxX55FWJToiCsWDtVDD9Bu1
gCDSFNab/+xlyXXlzl7/G4ZqX0uanQa2pEK6pPRQVuN3pjV6a1qPL48qNZxf0/5VSo7ufTionUdb
9fJ3Dsn0mep9pVN7XulUZixfm3FlvmAsoINvduvktw6o83ibwvM+y7LvZVeUGs7p3oePdfn7dzT9
OLPhZqq+gKmdx9v08ncOa++rOxVtC9X6mSzHrbjKTRX16OKornz/joaujatSIuR4Hph+U1/4L07q
8Jd7FG0Ly86WNXBpVB/+r5eVGSts9+4BALDtCDgAAGsWigW09/UuHf3aXu393E6F40G5rrv8aAej
etG+En/Yp0hTWK09Ce19vUv5yYIefjSqO+8P6M4Hj1WxFwYTSymkLX36Dw/U/XKHOo+2KtIc1r43
dunRhdEFozgMn6HOI6164z8/qba9yWpAscpyD1/Qp9bepBLfOaxSsaIL/9dNFVLWqvdzMYmOiF77
j47r4JvdMk1z1fti+AzF2yM69m6vwomAfvY/f6zpx9kN7ctavPPfvqLIOhq6lq2K7KytQtrWdH9a
D84Nq5hpwJTCz5E/+Bdf0NF39tQeR5IhNe3ar53H2/Rv/uN/kJ0rbePeAQCw/Qg4AABrEmsN6/jv
7dPJbx9Ua29Cps+U61TDDafiyMqWpNkSDV/Yp2Ck2tjTdVxZuZLc5UomTEOBkF/+kK96Qe9K0daI
jv/eXnWdaFNzT0KffP+OCunVhQeu42ryflq3fzmgjoPNMn2mek7tUGtvUjOD2bpSkkDIrz2v7FBb
b1KSVCqWVUzZKpeWD1QMw1Ao7lekKaxAxK+Db/fo5nv9Gwo4DJ+hlj1J7Xu9S6ZpynGqJTB2vrzi
usGoX5Gm6miP3ld3qnVfU7VUpbI1ozgOvtWjpl1LlyGtVqXkaOLejG78w0Nd/t5tlQorf/bn2e6X
O3T0K3sWfa19f5NO/9kRnf/u9S3eKwAAni0EHACAVYs0hXTiWwd05k+PKL4jUnt+/F5Kd99/pNFb
0yoXK7Wyk4NvduvUnxyWYRoqpiz9+l9eXXY0gWFIZsBQrCWizmOtOvCFbiU6ozIMQy27E3rlHx9R
KObXuX/9qez86u5WWzlbQ5+Ma3ogo7a9TYq2hLXzhVYNfjL+/7N358Fx3ved5z99o3HfB3EQIsAL
IAnwPnRQ4imJinXYshUrieX1ZDW7lZ2a1GxSm5lJKrObZGd3k9lKMvE6nhlXJbYljS3LokzdMsXD
FG8SvA+AJEgQxH2jge5GH/sHRIoguoFGdwONB3y/qmgLz9PP7/k2Sam7P/37fX9jZghYrGZll2eM
zkQxmXS7rl11v6jXcK/3Xm3S6JKaB/+5fH2hVv32EjlSbMoqSZUtJbaXV4vVrIx5KbI5rVJQ6r45
oLq3r6r9au+9Wu7e+/7/l6S8igzVvrxIeZWZstgtyixOldlmUiDyiS+zgsVmVsGSbBUsyda631mq
g98/ozPvNiS6rIQpqsqdcBZPXmXmzBUDAMAsRcABAIiIzWnVoqdKx4Qbfm9AZ35Zr/N7rqv39qDc
g94xvScyS1Lv/bPPE9Cd851qvdQ96b0sNrMaDt7W+T3Xtfy3FqjmxYUymU1KzkrSsl0VGur26ORb
VyKblRCUepoG1HKhSzmPZCgYCKpwSY6S0mxjAg7Tl7NH7tY/0D6s26c7NNTjnvQWqXlO+T1+KcUm
q90icwSNSSdkGl32cpd7wKvWS91qPtMx6aU+r19L7ps9YnVY7zV9NaqUXKee/tMNKlqRq4/+9yOJ
LichJpu15B0Mv5znX/7qBSVnh142tPuPD+raoeaYagMAYLYg4AAARCRvYaZWvbJYqXlTr0luAAAg
AElEQVSj4YZ3aERf/PCcLnx4Q65ud/immlE02/SPBOTqcsvV7VbPzQF1NPRp2x+tkclsUkpukpY+
Xa7WS91qOtUW0XiDXW513+yXgqNLSnIWZMiWbJt6YUYQjM8OLrOOSap5oVJms0kf/PnhRFcz4xr2
35ara1gpOc5x5wL+gC5/civstbYky+hsoBBMvBMEAMwhk3d7AwA89JKzklS1s1x5lZmjvTZ8AR37
8SWd3X1Nrq4Jwo1YBUe/ua57p14H//GsZBqdaZG/MFNLtpfJmmSZfAyN7nLi6hwenWFi0lfLP2A4
y79WoY3fW5boMmace8CrD//8iFydY3dLGRn2af/f1enmidYEVQYAwOzBuzsAwKTSC5O1dGf5vaUO
V/Y26dJHNyLb5SIOqyMCvoBO/PSSFmwqUvGKPFnsFhVW5aioKjfiWRzuAa88AyNKSrPLbDHL7rTK
ZDaNaTSK6XXnbKcaj94Jec5ityg526nCqmzlVUzcT2Ld71Xpwp7r6m+b2tbBRnftULP+y0u/0qIt
pUorSJan36trB2+r944r0aUBADArEHAAACZkTbKouCZvdA1/UBpoG1LDvib1NM3c1qPSaG+Jo/90
US/99WYpKGUWpyqvIkNNp9simkHiHwloxO27t+OLLWW0N0Vw2qaf4EFdjX06+P+dnfRxVU+Xa/uf
rFNSmj3k+aQ0uzZ9b7k++quj8S5x1vMMenXuvWuJLgMAgFmJJSoAgAnZ7FYVVueOznQwSW1XutV+
tWfG6wj6g+q42q2+ltFvq5Ozk5RVliZbUmRZfdAfHDNbw2Ixx2V2CeLv4keNev/PDk3YRLZ8Y9EM
VgQAAIyAGRwAgAmZrSal37cl7GDHkAY7hie4YvqMuANqvdytjHkpMplMcqTZ5UixaWTYl5B6MH0a
9jfr+m/uqHJzScjzGcWpKqrOUcuFrknHKqnNV8Xj85S/KEvpRalyJNtkTTJrZDgg96BXPbf61Xqx
Wxfev6aB9sj+bhfX5Gnhk6Frq993+96ON6Ur81X1TLkKq3OVnJkkq92koT6vXJ3Dunm8VZc+vBHx
EpNHX18eNtA79951dd3okySt/fZSpeR9tWuKdYJ+M4u3zldJbf69n3ubB1X3dv2ktZSuKlDlE8Uq
qs5RUqZDzjSHTBbJPTAid59HnTf61PjFHTUcbJbPY7A9igEAhkXAAQCYkMlskj3VLtOXW5+ODPs0
kqAPLAFfQO5e971a7Ck2moXOYZc/vRk24JCkvMrMCQOOxVvLtP61ahVV5YScrePMlNKVrPyFmVq8
tUyb/sUy1e+/rQN/f0p9LRP39yhYnK3136kOeW5k2Ke+5kFt+TdrtGRbmUyWsTdPznEqd0GG5q8r
1KbvLdeJNy7p4A/OKuCbeNvjNd9eGnbZzu269nsBx7KvLVD+oqwJx7pr2XMLxvzcdLJtwoBj0ZZS
Pfp6jfIXhu6TcneXl+KaPNW8UKmhrmEdf/OKjv3zxUmfHwAAseJdIQBgSoJBTd+uKRHce8T9Vbhi
sZpltrLacq66c65jwvMpueO3TJUks9WsZ/5sg6qffeReGBYJm9OqqqfL9ciGQn3yV8d0+bPwW69O
JLMkTS//5y0RhQzWJIs2/A/LVFyTp5/9wd5ZO9vBbDXruf/jUS3dMX9KS7uSc5za/Ae1WrqzXO/+
r/vV0zQwfUUCAB56vCsEABhLcObSFRM9OhJquHfiXXostvFvY6wOi77+/27WsucWTCncuJ8zM0nP
/odNWrSlNKrrl+2KfAbFXaWrC/S1//PxqO433ewpNr38t09q6c6phRv3y1+YqW99f+uUf18AAJgK
Ag4AAL7EjiqzS17lxNvFDvd4xh3b/Ae1WvBoccz3tjmt2vpv1sieYpv6xVGGAAufLFHtS5XRXTyN
tv3xWpVvnBfzOBnFqXruLx9lWRkAYNrwCgMAAGalifpvSFJ/29jmnNnz07Xy5UVhH+8dHlHDvmb1
NPVrZNivrNI0LXqqRM6spJCPTy9K0drfWaJD/3hu6sXfFZTcg16NuHxyZjpkTbJM+PCN31uhCx82
xtQ4t+tGvwL+r8K6vMrMkLNdRh/bN2bZV/fNsUtIlu6cr2W7HpnwfgFfQK5OtwL+gJKzkyYMMPIq
MrXlD1fp4786FslTAQBgSgg4AAAPh+Dkq1tM7Bs7a2TPT9fy5yvCnve4RtR4tHXMsRUvVMhiDx0g
uAe8evP3Px23xfHRf0rVt//LTqXmh+7nUb5hXnQBR1C6+HGjjv/kklovjjZCtTmtWvF8hR79lyvk
THeEvCy9KFnVux6JaCeTcN77k4Njfv5fPv26knNCP799f3dKDfubw4716Os1YZf6BHwBnfrZFZ34
6aV7TVntKTbVPF+pTa8vD9sQdfnXKnTizSv3mqICABAvLFEBAOBLLFGZHR7ZUKRv/N1TcmaEDgEk
6c6ZjnGzHCZa0nLl01vjwg1J6mka1Ik3L4e9brJlMuEc/tF5/erf/uZeuCGN7q5y8q0r2v1HB+X3
hm8munhLWVT3jLeqZ8qVU54e9vz+vzutX//1yTE7znhdIzr+xiW986/3yecO/RwtdovWfntJ3OsF
AIAZHAAAYEbkLczStj9aE/KcxWaWI92h3IoM5S3InLCPRdAf1PGfjg8lmk53aKB9OOQ19Qeawo7X
eLRF0sqQ5xzJNjlS7fIMTtzw9H4DrUM68A91Yc/fPN6qS5/cHLdF613zanIjvtd0qn42/NKUlgtd
OvaTS2HPN51u1/k911T7jdBLhhY+WaKP/vJozDUCAHA/Ag4AwMOJLVJmXOHSbBUuzY55nMu/vqUb
h++MO37kR+ejGq/tcvfo1seh/kqYpPSCZHVMIeAYmWB2xl1n3qkPG3DYnTYV1+Sp+czE2+ROt8Il
4f+sLn9yc9LrT7x5RTUvLQy5xCU5xzkrniMAYG4h4AAAAIZx51ynPv6L6L/5t6fYlJKdJGemQxbb
V/06gsGgTGFCL5Ml/mHY7boODXYMKzUvdG+MoqqchH74L6rOCdu3Q0Gpft+tScfoutGnrhv9yq3I
CHm+bG0hAQcAIK4IOAAAgCE0nWzT7v/t4JSWiyx8qkSLnipT7oIMZZSkhm3umQi9zQNhAw5nZmLr
zJ4fvvfGUPewepoGIxqn+1b4gCOjIDmq2gAACIeAAwAAzGruAa+O/fiSDv/XyHczqf3GQm14bZky
5qVMY2WxcfeFD2ocqbYZrGS8iRq8DnZ7Ih5nqCt0TxRJsofZZQUAgGgRcAAAHkrxbMERDEawBy2m
ZGTYp85rvbr6+W2d/vnViGdtWB0WPf8fH1fl5pJprjB2I57wvTpsyYkNOBzp4e/ve2D3mok8uNPN
mHuk8DYUABBfvLIAAIAZ0XqpW8117SHP+bx+eVw+eQe86r41oJvHWxXwBaZ8jxf+78dV8XgE4UZQ
Cvi/Gt9sNU/5XrGy3tcD5EHBkak/93gKxun2Fnv45xjwEQoCAOKLgAMAAMyIjvoeffb/nJi28Ve+
vGjCcKP39qDO7m7QjcMt6rzWK999Myj++MSrIXf7mE72CWYwuF2R9xmZDsO94Zeh2JIjf/toTwk/
E8Q9ODKlmgAAmAwBBwAAd0X5hbLJZGLb2Vmg9usLw567c7ZTP/uDvVNqUDrdUvPDN9n0uCJfBjId
BjuHwp5Lm0Jz0Iyi8D1QvAOz588CADA3zPx8TAAAgDjLnp+u/IVZIc8F/AF9/FdHZ1W4kZyVpMzi
1LDnu673zmA147Vf7lbQHzrxS0qzq7gmL6JxcheE3kFFkjoaeqKqDQCAcAg4AAAPhaBEI9A5LLci
Qwoziab39qDar86uD9NLtpXJYgv9NizgD6jpZOheJTOlr2VIXTf7w55fumP+pGMsfLJEzqykkOeC
/qCuH7oTdX0AAIRCwAEAeDixomROSclxhj1ntkz8die7LG10mVGcpOYlKa8ic8LHLPtaRdhzXY39
Gu6LfCvWWFjt4VcrN9d1hD1X9XS50vLD/55L0prfXhL2XHtDr/rbwi+DAQAgGgQcAADA8NwTBAIZ
RSl6ZENRyHOZxan62n98PK6Bl91p066/eFRZpWkhzz/1r1epqDon7PXXDtyOXzGSRjzht0QpqQ2/
1OTkW5flD7ObizMrSc/9xaNyZjhCnn/yX61U2drCsGOff+9a2HMAAESLJqMAAMDw2i53KxgIhtwJ
xWQx6dn/sEmH/vGMLn1yS55Br7JK07TsuUdU89LCCWd/SNFtIVuwOEu/++OnVf/5bbVd7NJwv0dp
hala+ESxSlbmh73O5/Hr3O74fvh3D3iVodDNPmu/sUip+clqv9ojs8UkR4pNv/6bk5KkjoZeXftN
sxY9VRry2rI1hXrtjV26uvemOq/1yefxK704VZWPF2ve8tyw9fS3DKnunfrYnxgAAA8g4AAAAIbX
fWtAbZe7VVgVemZEap5TO//9Bu34t+vl9wZkTbJEPLYz3R5VTc50h1Y8XyE9H345yoMuvH9D3bcG
orpfOF03+lSwOHQDVovNrMVby7R4a5kkaWTYdy/gkKTP/9NJlazIVXKYECi9KFlrXl0acS1Bf1B7
/9OJMVv0AgAQLyxRAQBAUjAYVDDKJqTBYJAGprPA4R+dn3SrX5PZNKVwQ5LSJ9jqNJ5cXcP6zQ/O
xH3cG19E38yzt3lQn/31CQX84Ze5TMWZX9bryq9vxWUsAAAeRMABAEAIJpMi7stgMpm+vACJdHVv
k068eWnqFwZHl3GEM9FWp6H4PP5Jg5YHeYdH9P6fHdZg5/DULozA+T3X1dEQ/bazlz6+qY//4qh8
7thmXZz5Rb0+/qtjMY0BAMBECDgAAMCc8eu/PqkjPzoftjnmgwL+gA7+4Iwuf9wY9jHzVoRvxBlK
f9uQPv+70wr4IqthqGtYH/75Ed04PH3bpr7/p4c02BF9eHJ29zXt/pMD6moMv3VsOMP9Hh34hzp9
9JdHo74/AACRoAcHAACYU/b/5zo1HmnVuu8sVfn6opBNQgP+gJrrOvSbH5zVrZNtWrBpnmq/sSjk
eEXVOcpdkKHO630R13Dsny6o5VynHv+fVqi4Ni/kVrXuAa+uH7qjA39/Sn0t07tlatuVHv3ktQ+1
+V+t1sLNJWGX6YwMjYQdo2F/sxr2N2vd71Vpyfb5KlicFb4Ba1DquT2gxiMtOvzfzmmgPf4zUwAA
eBABBwAAiJsfPPfLRJcgSbp5olU3T7QqJSdJFY8VK7M4VY40u7yuEQ20D+v6b26r947r3uOvf3FH
/9eqn8S1hqZTbXrj9z9VVmmqKh4rUWqeU1aHRa4ej/qaB1S/77ZGhn0Rj/e3m38WUz19LUN6708O
KiUnSY9snKec8nTZU2zyuX0a7h9Rx9Ue3TjaMuk4x/75oo7980Wl5jpVvqFIqXnJcmbYZbGZNdTr
0XCvR3fOdqjtSk9M9QIAMFUEHAAAYM5ydbl1Ns7brk5VT9OgTrx5OaE13M/V5db5PddjHmewczgu
4wAAEC/04AAAIEbsogIAAJB4BBwAAMSIXVQAAAASj4ADAAAAAAAYHgEHAAAxYokKAABA4hFwAAAQ
I5aoAAAAJB4BBwAAMQoGgqOzOCTJdO9/AAAAMIMIOAAAiJFvxC+fJyBJMplNsiVZZDInJuQwWUxj
7h30BxJSBwAAwEwj4AAAIEYjQ365B7zSl5M40gqSZbYm5iXWkWyTLdl2r5bhPo8CfvqDAACAuc+a
6AIAAJgtxvQJNZkiXmgy3OfRcPewpCwpKBVV56j+89sa9vqnocrwzFazMopTlV6YLEnyjwQ00Dak
gI9ZHPFWv++Wuhv7Qp7zun0zXA0AAJAIOAAAGBWU/F7/vfYZZqsp4lkY/Xdc6mka0Pz1QZlMJj2y
cZ7qflGv4QHPvZkUMyGjKFllawrlTHdIkjoaejXQMaxggBkc8TbQPqyB9uFElwEAAO7DEhUAADS6
1evI0Mi9/hW2JKssdktE17oHvWq70iNXp1uSlF6YohXPV8rqiOz6eLCn2LRgU7HK1xdIptHnc/03
zXJ18iEcAAA8HAg4AACQFPAHNdj1ZRgQlJzpdiVlOCK6NhgI6tbxVrVc7FIwGJTJbFLVrkdU83zl
NFb8FYvdovlrC7Tqt5fImZEkSWq/2qPGIy3yuEZmpAYAAIBEI+AAAECSz+tX943+ez+n5icrNTcp
4ut7W1y6+uub6m9xSSYpKc2uR//H5dr0+8unteGoxWbWoidL9NQfrlZmcYqCwaC8QyO6+GGj2q70
sDwFAAA8NAg4AADGYpqe7VcDvoB6mwflHRqRTFJGUYqy5mfIYovspTLoD+ryr2/p4keNozuqSHJm
JWn9a1X61ve36JENRRGPZTKZZIrgeablO7Xtj9Zo579fr8x5qTKbzQr4g7r4wQ1d/PDG6HMBAAB4
SNBkFAAwoWBgtDdF0B+UyWLSvOW5WvPbi+XzTLxDiMliUtnawtEP6kHJ4xqRfyS23TyCwaA8Lu+9
n7Pmp2vZc49ooHVo0mvzF2crLd95LzjwunwKBsfObhju9ai5rkPlG4pktppVVJ2j9MIU9TQNRFSf
z+3X4R+dV0quU1U7y2VNssjutKl0ZYFK/j5frg63bp/t0ECrSyPu8fe/y2w2q7Aq+97P6fkpWv58
hco3FEoa3Qo2tyJT89eN/v6aLKO/x35fQFf3NunoP13UIL03AADAQ4aAAwAwIZ/Hr7bL3SpZmS8F
pZLa/NF/jsSXn9+DwaA6GnrlvS+ciLaWjvpeBXwBma1m5ZSnK+e7y6ZUiyQNdgxrsGNIQf/YgGGo
16Obx9tUvqFICkrz1xaoYHGWeu8MjntsOCPDPn38l0fV3zqo1a8skT3ZJovNLJNMSitI1pKtZZJJ
95qZTsokpRclq+aFr/p5BANBKTgaIt392T3o1dVPbungP56Rq8sd2dgAAABziOWJ7F1/nugiAACz
V8Af1HCfRyUr8+VItU2tn4RJCvgDGmgb1rEfX1DrpZ6wsxYiEQwE5XP7lZKbrMyS1IiXfNytRZI8
Lq9OvnVFjYdb5POOnYXiHwnIZJJKVhXImeGQLcmqYEBqv9R1b9lJpHU2nWzXnbOdSi9Ils1hVTAY
HA06LJEtP5nwqZhMMplNCvgDGu71qOt6n7744Tkd++kleQZYlgIAAB5Opn9X+X26jwEAJmSxW1S2
Kl+131ikjOJUWe1fBgsTfVAPBuX3BTXY7tL5Pdd17eCduPSEMJlNyp6frtXfWqSi5XmyOiyjZUxS
SyAQlHdwRNcO3dG5X9ZrMMwsh+TMJK393SVa+ztVMltM8nn82v/3p3V29zWNDPumXK/ZYtb8tQUq
W1Ogwqqc0RkddrNMlvDhjMksOdMdSs1zShqdFeLqcsv75f2D/oB8Hr9c3W5dO3Bb1w/dYUkKAAB4
6BFwAAAiZk+2Kb0oWUlpjsmXWHy5m0ffHZfcg94xS0TiwWK3KD3fqeQcp8wThAV3+bx+DbS6NNTj
UcA/cS+Q0pX5euoPV6moOleS1H2rX3v/5qRuHG6Z9NqJmK1mOdPtcqTZvwpmQrA4LFr0VKnWf6da
CkptV3t08o1Lar/aM/pcPH4NdXs0POCJ++8rAACAUdGDAwAQMe/QiDqv9SW6DEmS3+tXz+1B9dwe
jPvYrZe7deGDG0ovTFFKrlPZ89O14XvL5HWNqKmuPepQIeALyNXtlqt74h4ZNqdV874MVyRpxO1T
960BtV3pie7GAAAADwG2iQUA4AEjwz417G/S1b235Bkc7b1RUpOnx//nGlU8XnyvnwcAAABmD2Zw
AAAQQl/LkE7/vF4puclasGmerA6LSlcXyJmZpNRsp87tua6AL7ZtbyMWQ2NWAACAhwUzOAAACKPz
Rp8O/+i8bp1ovbfjSm5Fhjb+i+Xa+L1qpeQkTct9TSaT7Km2L3+Q/B6//A/s+AIAAICxCDgAAAgj
GAiq7Uq39v3tad082nJvxkZGUYpWf2uxnvmzDarcXDy17WojYLVblF2efq/Xh8flk2eQ7V8BAAAm
Ynkie9efJ7oIAABmraA03OdR04k22ZJtKqrKUTAYlM1pU2ZxqkpXFiqrNFW9twc13OeJ/X4mKXt+
mh5/fYVsTquCgaBuHGpWw4HmmVsSAwAAYEAEHAAATCYoeYd8unm8Vb23B1W6Kl82h1Umi0mOVJvy
FmVp6Y75yl2QKVeXW0M9bgUD0fXNSEqz65k/3aCcBZkyyaT+1iFd/KhRrZe64/ykAAAA5hYCDgAA
IhTwB9V+pUcX9lxXcnaSch7JkEmS2WqW3WlTweJsrXi+QmWrC2RLsso94JF3yCeZRvtqmExfbr9i
+uqXyWySyWyS2WJW8Ypcvfg3T6qoOkcms0nBQFDXDjXr9H+/qhG3L4HPHAAAYPYz/bvK79OaHQCA
KbLYLVrwaJE2vLZM2eXpsjutMltHe3EEA0GZzKNhRl/zoG6eaFNnQ69c3cMa6nJruN8rk0lKyXYq
OSdJWSWpKt84b3T5SyAok8WkoD+oO+c7tf/v69R0qi2RTxUAAMAQCDgAAIhBclaSKh4v1uItpcqt
zFJylkO2JOvoDA1JCkrB4FeBRyhBf/DeLA+ZJO/wiNouduuL/3pejUdbZuaJAAAAGBwBBwAAcWBP
salkRZ4WPVWqnMoMJWclyZnpkDPd8VXYId3bGWWML8+7B7zqbx1Sc127Tr55WV2N/TNROgAAwJxg
TXQBAADMBV7XiK4fvqMbx1qUUZii3MoM5S3MVs4j6UrNccrmtMrqsIz+sltlMkm+Eb98Xr88/V4N
9XjU0dCjm0db1Xyukx1TAAAApoiAAwCAOAr6g+ptHlRv86Aa9jfLYrcoc16KkjIcciTbZE+xyp5i
k6TRcMM1osH2YfXfcWm4Pw7bzAIAADykCDgAAJhGfq+fpSYAAAAzwJzoAgAAAAAAAGJFwAEAAAAA
AAyPgAMAAAAAABgeAQcAAAAAADA8Ag4AAAAAAGB4BBwAAAAAAMDwCDgAAAAAAIDhEXAAAAAAAADD
I+AAAAAAAACGR8ABAAAAAAAMj4ADAAAAAAAYHgEHAAAAAAAwPAIOAAAAAABgeAQcAAAAAADA8Ag4
AAAAAACA4RFwAAAAAAAAwyPgAAAAAAAAhkfAAQAAAAAADI+AAwAAAAAAGB4BBwAAAAAAMDwCDgAA
AAAAYHgEHAAAAAAAwPAIOAAAAAAAgOERcAAAAAAAAMMj4AAAAAAAAIZHwAEAAAAAAAyPgAMAAAAA
ABgeAQcAAAAAADA8Ag4AAAAAAGB4BBwAAAAAAMDwCDgAAAAAAIDhEXAAAAAAAADDI+AAAAAAAACG
R8ABAAAAAAAMj4ADAAAAAAAYHgEHAAAAAAAwPAIOAAAAAABgeAQcAAAAAADA8Ag4AAAAAACA4RFw
AAAAAAAAwyPgAAAAAAAAhkfAAQAAAAAADI+AAwAAAAAAGB4BBwAAAAAAMDwCDgAAAAAAYHgEHAAA
AAAAwPAIOAAAAAAAgOERcAAAgKgUr8hV0dLsuI5ZWJWj4hV5cR0TAAA8HKyJLgAAABhP8YpcZc9P
v/dzy6XumMcsrMpRXkXGvZ+bz3bEPCYAAHh4MIMDAABMyYPhRm5lZswzOR4MN7LnpzGTAwAATAkB
BwAAiJjFZlZydtK447GEHA+GG3clZztktvFWBQAARIZ3DQAAIGL+kYBuHG6Re8A77lw0IUe4cMM9
4NWNwy0KjASirhUAADxcCDgAAMCU+Dz+uIQck4UbPo8/5loBAMDDg4ADAABMWawhB+EGAACINwIO
AAAQlWhDDsINAAAwHQg4AABA1KYachBuAACA6ULAAQAAYhJpyEG4AQAAppM10QUAAADjuxtyPLKx
SElp9jHnciszlZzrVHKmY9x1hBsAACBemMEBAADiYqKZHIQbAABguhFwAACAuJko5Lgf4QYAAIg3
Ag4AABBXk4UchBsAAGA6EHAAAIC4CxdyEG4AAIDpQsABAACmxYMhB+EGAACYTgQcAABg2twNOfpb
XIQbAABgWrFNLAAAmFY+j183T7QlugwAADDHMYMDAAAAAAAYHgEHAAAAAAAwPAIOAAAAAABgeAQc
AAAAAADA8Ag4AAAAAACA4RFwAAAAAAAAwyPgAAAAAAAAhkfAAQAAAAAADI+AAwAAAAAAGB4BBwAA
AAAAMDwCDgAAAAAAYHgEHAAAAAAAwPAIOAAAAAAAgOERcAAAAAAAAMMj4AAAAAAAAIZHwAEAAAAA
AAyPgAMAAAAAABgeAQcAAAAAADA8Ag4AAAAAAGB4BBwAAAAAAMDwCDgAAAAAAIDhEXAAAAAAAADD
I+AAAAAAAACGR8ABAAAAAAAMj4ADAAAAAAAYHgEHAAAAAAAwPAIOAAAAAABgeAQcAAAAAADA8Ag4
AAAAAACA4RFwAAAAAAAAwyPgAAAAAAAAhkfAAQAAAAAADI+AAwAAAAAAGB4BBwAAAAAAMDwCDgAA
AAAAYHgEHAAAAAAAwPAIOAAAAAAAgOERcAAAAAAAAMMj4AAAAAAAAIZHwAEAAAAAAAyPgAMAAAAA
ABgeAQcAAAAAADA8Ag4AAAAAAGB4BBwAAAAAAMDwCDgAAAAAAIDhEXAAAAAAAADDI+AAAAAAAACG
R8ABAAAAAAAMj4ADAAAAAAAYHgEHAAAAAAAwPAIOAAAAAABgeAQcAAAAAADA8Ag4AAAAAACA4RFw
AAAAAAAAwyPgAAAAAAAAhkfAAQAAAAAADI+AAwAAAAAAGB4BBwAAAAAAMDwCDgAAAAAAYHgEHAAA
AAAAwPAIOAAAAAAAgOERcAAAAAAAAMMj4AAAAAAAAIZHwAEAAAAAAAyPgAMAAAAAABgeAQcAAAAA
ADA8Ag4AAAAAAGB4BBwAAAAAAMDwCDgAAAAAAIDhEXAAAAAAAADDI+AAAAAAAACGR8ABAAAAAAAM
j4ADAAAAAAAYHgEHAAAAAAAwPAIOAAAAAABgeAQcAAAAAADA8Ag4AAAAAACA4SedKBoAACAASURB
VBFwAAAAAAAAwyPgAAAAAAAAhkfAAQAAAAAADI+AAwAAAAAAGB4BBwAAAAAAMDwCDgAAAAAAYHgE
HAAAAAAAwPAIOAAAAAAAgOERcAAAAAAAAMMj4AAAAAAAAIZHwAEAAAAAAAyPgAMAAAAAABgeAQcA
AAAAADA8Ag4AAAAAAGB4BBwAAAAAAMDwCDgAAAAAAIDhEXAAAAAAAADDI+AAAAAAAACGR8ABAAAA
AAAMj4ADAAAAAAAYHgEHAAAAAAAwPAIOAAAAAABgeAQcAAAAAADA8Ag4AAAAAACA4RFwAAAAAAAA
wyPgAAAAAAAAhkfAAQAAAAAADI+AAwAAAAAAGB4BBwAAAAAAMDwCDgAAAAAAYHgEHAAAAAAAwPAI
OAAAAAAAgOERcAAAAAAAAMMj4AAAAAAAAIZHwAEAAAAAAAyPgAMAAAAAABgeAQcAAAAAADA8Ag4A
AAAAAGB4BBwAAAAAAMDwCDgAAAAAAIDhEXAAAAAAAADDI+AAAAAAAACGR8ABAAAAAAAMj4ADAAAA
AAAYHgEHAAAAAAAwPAIOAAAAAABgeAQcAAAAAADA8Ag4AAAAAACA4RFwAAAAAAAAwyPgAAAAAAAA
hkfAAQAAAAAADI+AAwAAAAAAGB4Bh6QReRJdAgAAAAAAUeEz7ShrogtIhO5Am1r8jWrz31JnsEXD
wUEFFEh0WQAAAAAATJlZZjlNqco1FanAUqYiS7myzQWJLmvGPVQBR2+gU9d953QjcFn9ga5ElwMA
AAAAQMwCCsgV7Jcr2K+bgStK9+foEfMSLbAuV6Y5N9HlzZiHJuBo9d/U2ZEv1By4luhSAAAAAACY
Nv2BLp0JHFJnoFUrbJtUaJmf6JJmxEMRcNzxX9epkf3qCDQnuhQAAAAAAGZEc+CavCNurdJmzbMs
SHQ5027ONxl1Bft0fuQo4QYAAAAA4KHTEWjW+ZGjcgX7El3KtJvzAceVkVMsSwEAAAAAPLSaA9d0
ZeRUosuYdnM64OgOtOmqvy7RZQAAAAAAkFBX/XXqDrQluoxpNacDjjv+GxoOuhJdBgAAAAAACTUc
dOmO/0aiy5hWczrgaPc3JboEAAAAAABmhbn+GXlOBxx96k50CQAAAAAAzApz/TPynA44+gNdiS4B
AAAAAIBZYa5/Rp7TAUdAgUSXAAAAAADArDDXPyPP6YADAAAAAAA8HAg4AAAAAACA4RFwAAAAAAAA
wyPgAAAAAAAAhkfAAQAAAAAADI+AAwAAAAAAGB4BBwAAAAAAMDwCDgAAAAAAYHgEHAAAAAAAwPAI
OAAAAAAAgOERcAAAAAAAAMMj4AAAAAAAAIZHwAEAAAAAAAyPgAMAAAAAABgeAQcAAAAAADA8Ag4A
AAAAAGB4BBwAAAAAAMDwCDgAAAAAAIDhEXAAAAAAAADDI+AAAAAAAACGR8ABAAAAAAAMj4ADAAAA
AAAYHgEHAAAAAAAwPAIOAAAAAABgeAQcAAAAAADA8Ag4AAAAAACA4VkTXQAQiaqqKplMpgkf09/f
r6amphmqCAAAAAAwmxBwwBC2bt0qi8Uy4WPq6+sJOAAAAADgIcUSFQAAAAAAYHgEHAAAAAAAwPAI
OAAAAAAAgOHRgwMAAAAAMOukpqYqPT1daWlpSk1Nlc1mk8VikdVqlc/nk9/v18jIiAYHBzUwMKD+
/n4NDg4mumwkEAEHAAAAACChzGazSkpKVFpaqqKiIuXm5iopKWnK47jdbnV2dqqlpUVNTU26ffu2
AoHANFSM2YiAA7OazWZTWVnZpFvESlJycrIcDoc8Hs8MVAYAAAAgFmazWQsWLNCSJUtUXl4uqzX2
j6dJSUkqKSlRSUmJ1q5dK5/Pp8bGRl2+fFnXr18n7JjjCDgwK5WVlWnlypWaP3++zObIWsUUFxfr
9ddfV3Nzs86dO6f6+noFg8FprhQAAADAVKSkpKi2tlbLli2T0+mc1ntZrVZVVlaqsrJSw8PDOn/+
vOrq6uRyuab1vkgMAg7MKgUFBdq6davy8/Ojut5sNqu0tFSlpaXq7u7Wvn37dOvWrThXCQAAAGCq
UlJStHHjRlVVVUX8JWY8OZ1OrV27VqtXr9bFixf1xRdfaGhoaMbrwPQh4MCsYDKZtGnTJq1Zsyai
5SiRyM7O1osvvqgTJ07oiy++YDYHAAAAkAAWi0Xr16/XqlWr4rIMJVZms1nLli3TkiVLdOrUKR09
elR+vz/RZSEOEv+3Cw89s9msZ599VpWVlXEf22Qyae3atbLb7fr888/jPv5U2O12ORyOMcf8fn9c
U+NQ9/B6vYbvS5KcnKx58+YpOztbKSkpstvt8vv9Gh4elsfjUU9Pj5qamuT1ehNdKgAAAO5TVlam
rVu3KiMjI9GljGO1WrVu3TotWrRIe/fuZeb3HEDAgYTbsWPHtIQb96upqVF/f79Onjw5rfeZSG1t
rTZt2jTmmM/n0xtvvKHu7u643GPt2rVau3btmGMXLlzQp59+GpfxZ5LZbNby5ctVVVWl/Pz8SWf2
BAIBdXR06OzZs7p06RINpAAAABLIbDbriSeeUG1tbaJLmVRmZqZeeukl1dXV6cCBA7yPNDACDiRU
TU2NlixZMunjuru71dDQoLa2NvX398vr9cpiscjhcCg7O1ulpaWqqKiQzWYLO8bGjRvV2Niorq6u
eD6FmFitVm3btk0///nPWUJzn0WLFumJJ55QampqxNeYzWYVFBRo+/btWr9+vfbv369r165NY5UA
AAAIJSMjQ7t27Yq6r96DXC6XWltb1dvbq+HhYfl8PlmtVjmdTmVmZqqwsFApKSkx36e2tlZFRUX6
4IMP1NfXF4fKMdMIOJAwdrtdGzZsmPAxkTQKbWlp0YULF+RwOPTkk09q6dKlIR9ntVq1ceNG7dmz
J6a6423evHmqra3V6dOnE11KwpnNZm3fvj3sn2Gk0tPT9dxzz+no0aM6evQo4dEk7Hb7uH3mPR6P
4Zc2AQCAmVdcXKzf+q3fGvfeYqo8Ho8uXryoixcvqqOjY9LH5+XlaenSpaqurh63ZHsqCgoK9Mor
r+hXv/qV7ty5E/U4SAwCDiTMZNtCNTc3a/fu3RH3VfB4PPr444/l9XpVU1MT8jEVFRXKyspST09P
VDVPl02bNun69esPdVJsNpv1wgsvqKysLOxj+vv7NTAwcK9vicPhUEZGRsg1nSaTSRs2bJDFYtGh
Q4emre65YPny5Xr88cfHHDt58qQOHjyYoIoAAIARLV68WDt27JDFYol6jEAgoLq6Oh05cmRK/dU6
OjrU0dGhI0eOaMOGDaqtrY16pxan06mvf/3r+uSTT3TlypWoxkBiEHAgYRYsWBD2nNvt1vvvvx9V
08j9+/ervLw87IfeyspKHT9+fMrjTiebzaatW7fqnXfeSXQpCfPss8+GDDf8fr/OnDmjS5cuhU3v
MzIytGLFCq1YsWLcMqW1a9eqs7OTFycAAIBptGTJEu3YsSOm7V/7+vr0/vvvq729PeoxvF6vDhw4
oMuXL2vXrl1RNze1WCzauXOnTCaTLl++HHU9mFkzv/kw8KWJ1uRdvnw56t1FAoGALl68GPZ8aWlp
VONOt7KyMlVXVye6jIRYvXp1yEazHR0deuONN3TgwIEJpyb29fXp4MGDeuutt9Tf3z/u/JYtW2Ke
JgkAAIDQ7s7ciCXcaG1t1ZtvvhlTuHG/9vZ2vfnmm2ptbY16DLPZrB07dmjx4sVxqQnTj4ADCWG1
WmW328Oeb2lpiWn8mzdvhj2XmZkZ09jT6YknnohLgyQjSU9P18aNG8cd7+rq0ttvvz2lprBdXV16
77335PP5xhx3OBwh7wEAAIDYlJaWaufOnTGFGy0tLXr77bfldrvjWNnorPC333475pBj586dKikp
iWNlmC4EHEiIWP4DGIne3l719/eH/BUMBifdcjRRHA6Htm7dmugyZtSjjz4qq3XsajmPx6N33303
qiaXnZ2dOnbs2Ljjy5cvZxYHAABAHGVlZWnXrl0xvbfv7e3Vu+++O+4LqnDMZrNSUlIivqfP59O7
774bU687s9ms5557TllZWVGPgZlBDw4khNfrvbe9Uyjz5s2LqWeC2+3Wj370o6ivnymhwpYFCxZo
8eLFD0XPiPT0dC1cuHDc8ePHj2tgYCDqcU+fPq2VK1eOaWJrNpu1ePFinTlzJupxAQAAMMpsNmvX
rl0xfYEUCAT0wQcfTPqlVlFRkZYtW6by8vIxs51dLpcaGxt17ty5CWdp3O3v98orr0QdxiQlJWnX
rl164403FAgEohoD04+AAwnT19ennJyckOeqq6t17tw5dXZ2znBVM+vOnTtyOp3Kzs4ec3zz5s26
deuWhoeHp70Gs9k8rjGn3++POEWPZZxly5aNe5Hp7+/XqVOnpnTvB42MjKi+vl4rVqwYc3zhwoVR
BxxWq1Xz5s1Tbm6uUlNTZbVaFQgENDw8rJ6eHjU3N8vlckU1dqjfu5GRkXEvnmazWSUlJcrPz7/3
zYXH49HAwICam5vV3d096b1sNtu43/NQQaPFYhm3xVowGJxy41+TyaTs7GwVFhYqLS1NDodDJpNJ
Ho9HLpdLLS0t6urq4o0CAAAGs3nzZuXm5sY0xqlTpybsueFwOLRt27aQX4hJUkpKiqqrq1VdXa36
+np9+umnYd+rtLe3q66uTqtWrYq63tzcXG3evFmff/551GNgehFwIGGuX78eNuCwWq362te+pvfe
e29Ohxw+n0+ffPKJvvnNb4750JmcnKynnnpKH3zwwbTXUFlZqWeffXbMsStXrujDDz+c0jgrV64c
t9VoXV2d9u3bN+G9H3TlypW4fNhtaGgYF3AUFBTIZDIpGAxGPE5eXp7WrFmjioqKsDOO7mptbVVd
XZ2uXLkypXsUFhbqm9/85phjx44d0xdffCFp9BuD9evXq6qqasJ93bu6unTs2LEJZ/+8+OKLmjdv
3qQ11dbWqra2dsyxkZER/cM//MOk10pSWlqaampqVF1dPeF20JI0NDSkixcv6vTp01GHRAAAYOaU
lpaqpqYmpjE8Hk/IZcV3ZWRk6IUXXoh4WcjChQuVm5urX/7ylyGbzkvSkSNHVF1dPeH7qcnU1NSo
oaFBTU1NUY+B6UMPDiTM1atXJ/wQmJ6erldeeUVr166d9p4didTa2hpyVsGiRYtUUVGRgIpmRkpK
yriZK5LitjSntbV13N8vm82m9PT0iK63Wq3asmWLvv3tb2vx4sWThhvSaFDx9NNP69vf/nbM32jc
ndFRUVGh1157TStXrpz0xTgnJ0fPPPOMdu3aFVG906W2tlbf+c53tGbNmknDDWk00FuzZo1+7/d+
T8uXL5+BCgEAQLTMZrO2bNkS8zgXLlwIO9vC4XBMKdy4KysrSy+++GLYzQy8Xq8uXLgw5VoftGXL
ljn9+cTI+FNBwnR0dEz6YdZqterRRx/Vd7/7Xa1evXrONok8dOhQyMZHW7ZsmXC3GSMLNYtgeHg4
bjN2vF6vPv/8cx08eHDMr0hmhzidTr388stasWJFVA1p8/Ly9K1vfUuPPPJINKVLGg04li9fruee
e27Kf+8XLlyo7du3R33vaJlMJj3zzDN68sknowpY7jbZ3bRp0zRUBwAA4mHNmjVxabZ56dKlsOe2
bdsW9T2ysrImfB800X2nco81a9bEPA7ijyUqSKgDBw6otLR00q1R09LS9Pjjj+vRRx/VjRs3dO3a
Nd24cWNGelTMBJ/Pp88++0wvvfTSmA/UKSkp2rx5sz799NMEVjc9Qs1wiPdypLNnz075GqvVqhdf
fFH5+fkhz7e2tqqrq0tDQ0Oy2+1KT09XaWnpuA/0NptNzz33nH75y1/q9u3bU66jpKRE1dXVY/4+
eDwetbW1yeVyyWw2Ky0tTQUFBbJYLOOuX7x4sRoaGlRfXz/meEdHx7iZLSkpKeO2Tx4YGBg3vXOy
vizbtm0LuU98IBBQU1OT2traNDw8LKvVqtTUVJWWloacxbNu3Tp1dXU9FI12AQAwEofDodWrV8c8
jsvlUkdHR8hzRUVFYXtuRGrhwoUqLCwM2Xi0o6NDLpdr0s8fk1m9erXq6uqm3J8M04uAAwk1NDSk
d999V9/4xjciWgtnNptVUVGhiooKBYNBtbe3q7GxUQ0NDWH/I2kUTU1NunDhgpYtWzbmeHV1ta5c
uaJbt24lqLLpkZaWNu5YV1dXAioZ64knnggZbly7dk0HDhwIOdPGbrerpqZGGzduHDNd0WKx6Omn
n9aPf/zjKW95e3/gMDQ0pMOHD+vChQvjZqAkJSVpw4YN4/plSKN9UR4MOEI1xVq9evW4/ilXr17V
wYMHI6538eLFqq6uHnf8ypUr2r9/v4aGhkJeV1lZqW3bto2bpfLYY4/p2rVrU252CwAAps+aNWti
6l9xV0tLS9hzD74Xjtby5cvD7qzS2toa81Jwh8OhNWvW3OuZhtmBJSpIuI6ODv3iF7+Y8t7UJpNJ
BQUFWr9+vV599VW99tpr2rhxY8gPzkZx4MCBkNujbt26ddwuG0YXKjV3u90JqOQr8+fPH9eYVJKO
Hj2qX/3qV2H/jnq9Xh0/flw/+9nPNDIyMuZcamqqtm3bFnVN3d3deuutt3Tu3LmQy2vcbrf27dsX
sknXvHnzlJycHPW9I2UymUIuKzl9+rQ+/PDDsOGGNNoMdvfu3eOeW1pamsrLy+NdKgAAiJLNZgv5
Pikavb29Yc/F6/V/onEmuv9U1NTUzLn36EZHwIFZob29XW+88YYaGhqiHiMzM1Pr16/Xd7/7Xe3Y
sSMuawNnmtfr1d69e8cdz8jI0GOPPZaAiqZPqB4NU53lEG8PzmKQRj+AHz58OKLrW1tb9cknn4w7
vnDhQuXl5U25nt7eXv3sZz8L2wn8fkeOHAkZJESyY0qsioqKlJGRMeZYb29vxDNAWlpadPHixXHH
CTgAAJg9Yt195H7hvtSyWCwxLx25KyUlJWwj0Hgtc3c4HKqqqorLWIgPAg7MGh6PR3v27NE777yj
tra2qMcxm82qqqrS7/7u72rz5s2Ga9J548YNXb58edzxFStWzMiH1ZkSqm9EItcwlpWVjesL4vP5
przPeX19vRobG8cdn2ojqmAwqM8++yziWS2BQCDkMqZYd3OJRKjtnm/evDml7X4fXEojyZAhJQAA
c1VlZWXcxgq3BDXeGwqE280tnktgY+0XgviiBwdmnVu3bunWrVsqLy/XsmXLtGDBgqi2YTKbzVq5
cqUWLVqkTz/9NOSHztlq375945qvmkwmbd++XT/5yU/k9/sTWF18RLM7yXQKtT3puXPn5HK5pjzW
4cOHx80+WLhwoX79619HHOK0tLRMuTlpqCat8fqmZSLnzp3TuXPnYhqjp6dn3LGZWF4DAAAi09DQ
oJKSkriMFW63tXgvVw43UyOa3d7CCfUlDRKHGRyYtRobG7Vnzx798Ic/1Oeff64bN25E9Q1/SkqK
nn/+eUNt5eR2u7V///5xx7OysrRx48YEVDT3FRcXjzsWatlEJNra2tTd3T3mmNlsVmlpacRjPLjT
SSRCvYgbZWvlB3uXSGJNKwAAs8iFCxfitpw43PsTv98f1ZdLobhcrrCzScPN7Jgqj8cT9ftFTA8C
Dsx6brdbZ86c0e7du/WDH/xAP//5z3X8+PEpbSlqMpn02GOPqaamZhorja+rV6+G7EmyatWqsFuY
Ijo5OTnjZgsMDAzEtDPP9evXxx2L17ce4YR6EY9m9hMAAMCDRkZGdPbs2biM9eD29PeL16zricaZ
6P5Tcfbs2ZBf0iBxWKICQwkEAmpublZzc7MOHTqkjIwMVVdXq7q6OqKGRJs3b1Zzc/OUwpFE2rt3
r0pKSsak3GazWTt37tRPf/rTKfU4mG2imaEwXUL1qWhvb49pzFDXP4w9Jcxms7Kzs5Wbm6vMzEzZ
7XbZ7fZxU0ND9WQBAACzy4kTJ7RixYqYl8AWFRWFPXf+/PmQW89P1fnz58OeKywsjHl8j8ej48eP
xzwO4ouAA4bW19enL774QkePHlVtba3Wr18/YVNRs9msJ554Qu+8884MVhm9oaEhHThwQDt27Bhz
PCcnR+vWrdORI0cSVFnsQvURmYl+EaGEmiY51W2LH/Sw95SYP3++li5dqgULFhiu0S8AAAjN4/Ho
1KlTMS+ZTklJUV5eXsjZsi0tLWpoaIipqWl9fb1aWlpCnsvLy4vLTi0nT55MaIN8hMbcZcwJfr9f
J0+e1E9/+tNJd2AJtVvGbHbx4sWQU+zWrVtnqOfxoFDT+RL1QTjUOsxYX7BCXR+v9Z6zWX5+vl5+
+WW9+OKLWrJkCeEGAABzzPHjx0N+kTNVS5cuDXvu008/jfoePT09+uyzz8Kej8e2rj09PTpx4kTM
4yD+CDgwp/T19ekXv/jFpEtQ4rnN1UzYu3fvuA/MZrNZ27dvN2yPhVANpBI1wyFUJ+1Y11OGCjji
2bF7Nlq8eLG+9a1vhWzYelcgEJDb7VZ/f/+YXwMDAzNYKQAAiFYgENDnn38e8zjV1dVhvwjxeDx6
9913pxxy9PT06N133w3bDNVut8cl4Ni7d6+hl4rPZXP73TYeSl6vVx999JFeffXVsFuRxmPd3Uzq
7+/XoUOH9NRTT405XlBQoFWrVhkyQQ71gTZRM1JC7YUe6w4eoV6w5/I0xoqKCj399NPj/p3z+Xyq
r6/X9evX1d7erv7+/pD9V5xOp15//fWZKhcAAMTg1q1bOnPmTEwN/B0Oh9atW6ff/OY3Ic/39fXp
rbfe0vbt2yP6crK+vl6fffbZhDu9bNiwIeYl0WfOnFFTU1NMY2D6EHBgTurs7FRTU5PKyspCns/I
yJjhimJ39uxZLVq0aNy34xs2bNC1a9fiMlVwJoVac5mTkyOTyRS3BqQrVqwYF1RcvXp1XLgSanvV
WJdWhLo+3nu7zxYOh0NbtmwZF27cvHlTH3/8sYaGhhJUGQAAmC779+9XcXFxTF9QrVq1SlevXg3b
3N3j8WjPnj0qKirSsmXLVF5ePqZ/hsvlUmNjo86fPx+258Zd+fn5qq2tjbpWafQzxv79+2MaA9OL
gAMJ8eSTT2rBggUhz504cSIuW1C1tbWFDTiM2BcgGAzqs88+06uvvjpmqYPVatW2bdv09ttvJ7C6
qQv1IuRwOFRUVKQ7d+7EPL7D4dBTTz017kN3fX39uMeGCjhiDcFC7ZgyVwOOULsY3blzR7t372b6
JgAAc1QgEND777+vV155JepZEWazWc8++6zefPPNCWdetLS03HvvaLFYlJSUJLfbHbJpfShJSUna
tWtXTEu7PR6P3n//fd7b/P/s3Xl0lPWh//HPTJbJnhBICCEhBAJBZSdsAQKoiLWiuKGi1aqt3tb2
1i63Xq3n/nrtve3xtrW3x9tez22pUj0golUWBWQRF0AMBggJawiEBAghkAVCVmZ+f3AyJ5OZzJJM
JnnG9+scznGe55nv8/1+J0Sez3yXfs6Yk/dheC0tLYqLi3P5x922Ub7w9heekdTU1LjcOWXo0KEa
P358H9So+65cueJyrRR/rY8ydOhQp3CjublZ9fX1Tte6qkdycnKP7u/q/UbZnthXo0aNcjq2c+dO
/gEAAECQq6mp0fr163v0//yEhAQtXrzY67XKrl69qoaGBq//rR8aGqrFixf36Msrq9Wq9evXG27E
9NcRAQf6xIULF7o8l5mZ6ZeFMwcOHNjlOSMPmS8oKHC5U8ysWbMUGxvrc3muFtMM1GKYJSUlTsey
s7MVEhLS47JdPXR3NXTx4sWLTouexsbGKikpqdv3dzVC6fTp090urz9LTEx0eG21Wv0yCgcAAPR/
5eXl+uijj3o0xXjIkCG65557erw+RmcWi0X33HNPj9bfs9ls+uijj1h3wyAIONAnTpw40WXSGxER
oZycnB6VHx8fr8zMzC7P19XV9aj8vmS1WrV582an/gsPD1d2drbP5bkaDhgREdHt+vni4MGDTu2I
jo7u0YJV0rX/mY0cOdLp+JEjR7p8T0VFhdOx7q6ynZyc7PKh39U9jC40NNTpHyNtbW0+f5PT1YLA
AACg/zt8+LA2b97c45DjwQcf7PEo2nbJycl68MEHezQ63GazafPmzTp8+LBf6oTeR8CBPtHS0qKT
J092eX7GjBkuH1C9ERYWpltvvdXtKIQTJ050q+z+orq6Wvn5+U7Hu/OQePnyZadjgwYN8rms7iTj
9fX1LkOHKVOm9ChkycnJcVpnpaWlxeWIkXau1n0ZN26c09oS3sjNzXU6duTIkX67i0pP/jHiKsgI
Dw/3ecvfcePGdbsOAACg7x08eFCbNm3q8XSVBx54QLNnz+72mnnh4eGaPXu2HnjgASUkJHS7Llar
VRs3btTBgwe7XQYCj4ADfWbXrl1dPliZzWZ985vf1Jw5c3z65ZaUlKQlS5a4TWpbWlp0/Phxn+vb
3+zevdvtVB9v1dfXOy2yabFYulyg1ZURI0Z0e+2MXbt2OU2TiY6O1je+8Y1uTVVKSUnRlClTnI4X
FBS4nI7T7vTp005Tf0JDQ10uVOpOdna2hg8f7vL+/ZWrbXK9naZktVpdTvnyZfTLiBEjNH36dKfj
jOoAAMBYDh8+rPfee8/tgqGemM1m5eTk6IknnlBeXp7XU4aTkpKUl5enJ554Qjk5OT2a8t7U1KR/
/OMfbkf/on9iFxX0mfPnz6u4uFhjx451ed5sNmvKlCmaMGGCTp48qTNnzqi6ulpXrlxRS0uLzGaz
wsLCFBcXp6SkJA0bNkxDhgzx+FC0d+/eoNjNwmq1atOmTXrggQd6vGZJZWWl05SeOXPm6MyZM25D
Aenaw+k3vvGNbj+M1tfXa8eOHZo3b57D8YyMDC1atEgbN270+n+Sqampuv32253649KlS9qzZ4/H
93/++ee6++67HdqSlZWlWbNmaceOHR5HOqSmpmrBggVOxw8fPuxyW9z+h9Kl9gAAIABJREFUwlX/
+rL+SEVFhUaPHu1wbNq0aSorK3PbbpPJpIkTJ2rOnDkuf4YDtRYMAADwn/Lycr311lv65je/2aMt
ZC0WiyZPnqzJkyeroaFBZ8+eVW1trZqamtTW1qbQ0FBFREQoISFBQ4YM6daoW1eqq6v1wQcfsKCo
QfGvR/Spbdu2KTExUampqV1eExoaqqysLL/srlFZWakvv/yyx+X0F1VVVdq7d6/LEQu+KC4udgo4
Bg0apAcffFDbt2/XqVOnHM6ZTCalpKRo4sSJ3Vr3o7N9+/ZpyJAhTmVlZmbqkUce0d69e3Xw4EGX
IwXMZrMGDx6s8ePHKzs72+lB+erVq9qwYYPLUQqdlZeXa9++fZo0aZLD8ZycHCUnJ+uzzz5z+cAe
ERGhyZMnu/y2oL6+Xtu2bfN4777kaneX1NRUTZgwQQcOHLAPNTWZTC5DnuLiYqeAIzw8XPfdd5++
+OILHTx40CFUDA8PV2ZmpiZPnqzBgwd3Wa+wsDCZzWZ2YwEAwGBqamq0YsUKzZ8/3y/TUKOjo/22
0547hYWF2r59O//2MDACDvQpq9WqtWvX6s477/Tb9rBdqamp0dq1a4Nu+9idO3dqxIgRGjBgQLfL
OH78uC5cuOC080xiYqLuvvtuXbp0SRcvXpTVapXFYlFiYqLfFyLdtGmTLBaL0/SO6OhozZ49W7Nm
zVJdXZ3q6+vV2toqi8Uii8WiAQMGdPlNv81m07Zt23za0eOzzz7T4MGDnUK3YcOG6aGHHlJNTY0u
XLighoYGWSwWxcTEKDU11eUIhLa2Nm3cuLHfrr3Rrn0Xmc7ffMyfP18zZsxQTU2NQkNDlZCQoGXL
ljmN+CgrK9Px48ed1s0JDw9XXl6e5syZo0uXLtm/bYmNjfVqxI/ZbFZMTIzLrX0BAED/ZrVatXXr
VpWUlOjGG2/s0Tatva2urk7btm1TWVlZX1cFPcQaHOhzTU1NWr16tQ4dOtRr9zhx4oRWrlxp6O1h
u3L16lVt2bKlRwtF2mw2ffjhh10+iMfGxiojI0OZmZlKTU11CjesVquKioq6ff/2MtauXdtlOSaT
SQkJCRo2bJhGjhyptLQ0JSUldRlutLa26sMPP1RxcbHP9Xj//fe73NJ1wIABysrK0oQJEzRmzBil
paW5DDeam5u1bt06Q2yXarPZdODAAZfnIiMjlZqaquTkZIWHh3cZTGzatKnLNWFMJpPi4uKUmJio
uLg4pzKsVqu2bdvmMsjoydBWAADQ98rKyvTGG28oPz/fqxG1gdTW1qb8/Hy98cYbhBtBgoAD/UL7
ehLvvfeeX+e71dXVacOGDVqzZk2//xa9J06fPu1yFxBfXLhwQe+++67P35Y3NDRozZo1flmEyWq1
asuWLVq/fn2PvrWvqKjQqlWrdOzYsW69v6WlRe+++67y8/O7NUTx7NmzWrVqlaH+R/nll192Gep0
1NV6Ly0tLVq9erXb3ZFcqaur05o1a1RYWKiLFy86nU9LS/OpPAAA0P+0tbVpx44dev3111VcXNzn
U0CsVquKi4v1+uuva8eOHf0ueEH3MUUF/UpZWZn+/ve/a8SIEZowYUKX3467Y7VaVV5eroMHD+rY
sWN9/gs0UD7//HMNHz68R8P/zp07pzfffFNTpkzR+PHjFRkZ2eW1dXV1OnTokL766iu1trZ2a5vY
rpSUlKi0tFTXXXedrr/+eg0ZMsTjz8GlS5d0+vRp7du3T5WVlT2ug9Vq1Y4dO1RUVKQpU6Zo9OjR
bqfl2Gw2VVRUaP/+/W63o+2vrFar3n33Xc2cOVMTJ05UWFiYz2U0NTVpzZo1Gj16tMf1NRoaGnTg
wAHl5+fbp42Vl5c7TVHKzMzUp59+6nNdAABA/3P58mVt3rxZu3bt0sSJEzV27Fi/T3t2p6mpSUVF
Rdq3b58uX74csPsicEy/yPpz98e193OvXfmPvq4Ceig8PFzDhg3Tbbfd5vEBt6qqSp9//rnOnDlD
CusHJpNJycnJGjx4sKKiomQ2m9XU1KSGhgZVVVUFdGXp8PBwDRkyRAkJCYqMjFRISIhaWlrU1NSk
pqYmVVVVqa6urlfrYDKZlJSUpKSkJMXGxiokJEQ2m02NjY26ePGizp49GzSjhMLDw5WRkaHExER7
X1+6dEmVlZU+9XN0dLTS0tIUExMji8Uim82mhoYGnTt3TlVVVT2aVgUAAIwvJCREI0aMUHZ2toYP
H94rO6i1tbXp5MmTOnLkiI4fP/61+fLTnceiXujrKvQaRnCgX2tpaVFJSYlXD0J1dXVOu32g+2w2
m86dO6dz5871dVXU0tKisrKyPp3yYbPZVFVVpaqqqj6rQ6C0tLR0e3pPRw0NDewfDwAAunT16lUd
O3ZMx44dk9lsVnp6utLT05WSkqKkpCRZLBafy2xqalJ1dbUqKytVXl6u8vJyQo2vEQIOAAAAAECf
slqtTl9oxcbGKi4uTjExMYqNjVVYWJhCQkIUGhqqtrY2Xb16Va2trbp06ZIuX76s+vp6Xbp0qQ9b
gb5GwAEAAAAA6HcuXbpEYAGfsIsKAAAAAAAwPAIOAAAAAABgeAQcAAAAAADA8FiDA4awdetWmUwm
t9fU19cHqDYAAAAAgP6GgAOGcPDgwb6uAgAAAACgH2OKCgAAAAAAMDwCDgAAAAAAYHgEHAAAAAAA
wPAIOAAAAAAAgOERcAAAAAAAAMMj4AAAAAAAAIZHwAEAAAAAAAyPgAMAAAAAABgeAQcAAAAAADA8
Ag4AAAAAAGB4BBwAAAAAAMDwCDgAAAAAAIDhEXAAAAAAAADDI+AAAAAAAACGR8ABAAAAAAAMj4AD
AAAAAAAYHgEHAAAAAAAwPAIOAAAAAABgeAQcAAAAAADA8Ag4AAAAAACA4RFwAAAAAAAAwyPgAAAA
AAAAhkfAAQAAAAAADI+AAwAAAAAAGB4BBwAAAAAAMDwCDgAAAAAAYHgEHAAAAAAAwPAIOAAAAAAA
gOERcAAAAAAAAMMj4AAAAAAAAIZHwAEAAAAAAAyPgAMAAAAAABgeAQcAAAAAADA8Ag4AAAAAAGB4
BBwAAAAAAMDwCDgAAAAAAIDhEXAAAAAAAADDI+AAAAAAAACGR8ABAAAAAAAMj4ADAAAAAAAYHgEH
AAAAAAAwPAIOAAAAAABgeAQcAAAAAADA8Ag4AAAAAACA4RFwAAAAAAAAwyPgAAAAAAAAhkfAAQAA
AAAADI+AAwAAAAAAGB4BBwAAAAAAMDwCDgAAAAAAYHgEHAAAAAAAwPAIOAAAAAAAgOERcAAAAAAA
AMMj4AAAAAAAAIZHwAEAAAAAAAyPgAMAAAAAABgeAQcAAAAAADA8Ag4AAAAAAGB4BBwAAAAAAMDw
CDgAAAAAAIDhEXAAAAAAAADDI+AAAAAAAACGR8ABAAAAAAAMj4ADAAAAAAAYHgEHAAAAAAAwPAIO
AAAAAABgeAQcAAAAAADA8Ag4AAAAAACA4RFwAAAAAAAAwyPgAAAAAAAAhkfAAQAAAAAADI+AAwAA
AAAAGB4BBwAAAAAAMDwCDgAAAAAAYHgEHAAAAAAAwPAIOAAAAAAAgOERcAAAAAAAAMMj4AAAAAAA
AIZHwAEAAAAAAAyPgAMAAAAAABgeAQcAAAAAADA8Ag4AAAAAAGB4BBwAAAAAAMDwCDgAAAAAAIDh
EXAAAAAAAADDI+AAAAAAAACGR8ABAAAAAAAMj4ADAAAAAAAYHgEHAAAAAAAwPAIOAAAAAABgeAQc
AAAAAADA8Ag4AAAAAACA4RFwAAAAAAAAwyPgAAAAAAAAhkfAAQAAAAAADI+AAwAAAAAAGB4BBwAA
AAAAMDwCDgAAAAAAYHgEHAAAAAAAwPAIOAAAAAAAgOERcAAAAAAAAMMj4AAAAAAAAIZHwAEAAAAA
AAyPgAMAAAAAABgeAQcAAAAAADA8Ag4AAAAAAGB4BBwAAAAAAMDwCDgAAAAAAIDhEXAAAAAAAADD
I+AAAAAAAACGR8ABAAAAAAAMj4ADAAAAAAAYHgEHAAAAAAAwPAIOAAAAAABgeAQcAAAAAADA8Ag4
AAAAAACA4RFwAAAAAAAAwyPgAAAAAAAAhkfAAQAAAAAADI+AAwAAAAAAGB4BBwAAAAAAMDwCDgAA
AAAAYHgEHAAAAAAAwPAIOAAAAAAAgOERcAAAAAAAAMMj4AAAAAAAAIZHwAEAAAAAAAyPgAMAAAAA
ABgeAQcAAAAAADA8Ag4AAAAAAGB4BBwAAAAAAMDwCDgAAAAAAIDhEXAAAAAAAADDI+AAAAAAAACG
R8ABAAAAAAAMj4ADAAAAAAAYHgEHAAAAAAAwPAIOAAAAAABgeAQcAAAAAADA8Ag4AAAAAACA4RFw
AAAAAAAAwyPgAAAAAAAAhkfAAQAAAAAADI+AAwAAAAAAGB4BBwAAAAAAMDwCDgAAAAAAYHgEHAAA
AAAAwPAIOAAAAAAAgOERcAAAAAAAAMMj4AAAAAAAAIZHwAEAAAAAAAyPgAMAAAAAABgeAQcAAAAA
ADA8Ag4AAAAAAGB4BBwAAAAAAMDwCDgAAAAAAIDhEXAAAAAAAADDI+AAAAAAAACGR8ABAAAAAAAM
j4ADAAAAAAAYHgEHAAAAAAAwPAIOAAAAAABgeAQcAAAAAADA8Ag4AAAAAACA4RFwAAAAAAAAwyPg
AAAAAAAAhkfAAQAAAAAADI+AAwAAAAAAGB4BBwAAAAAAMDwCDgAAAAAAYHgEHAAAAAAAwPAIOAAA
AAAAgOERcAAAAAAAAMMj4AAAAAAAAIZHwAEAAAAAAAyPgAMAAAAAABgeAQcAAAAAADA8Ag4AAAAA
AGB4BBwAAAAAAMDwQvu6AkBfWbRoka6//nr763Xr1ungwYN+vUd2drYWL15sf3306FG99957fr1H
f/N1bPPX1dy5czVjxgz769bWVq1YsUKVlZV9WKvuCcTvAwAAAPQuAg74hclk0pAhQ5SWlqbExERF
REQoLCxMTU1NamxsVFVVlcrKylRXV9fXVUU/YrFYlJubq4SEBJ05c0b5+fmyWq19XS14YfDgwZo2
bZr99dWrV/Xee+8ZMtwAAABAcCDgQI+YzWZNnz5dEydOVFxcnMfrz5w5o127dqmkpCQAtUN/d9tt
t2n06NGSpNGjR8tkMumLL77o41rBE7PZrNtvv11m87VZjjabTR988IFOnDjRxzUDAADA1xlrcKDb
kpOT9fjjjysvL8+rcEOSUlNTdc899+j2229XSEhIL9cQ/V1aWprD62HDhvVRTeCLWbNmadCgQfbX
W7Zs0aFDh/qwRgAAAAAjONBNgwcP1oMPPiiLxeJw3Gazqba2Vg0NDWptbVV4eLgGDBigqKgoh+tu
uOEGxcXF6a233mJKwtfY+fPnlZGRYX9dVVXVh7WBN5KTkx3W3di5c6cKCgr6sEYAAADANQQc8Fl4
eLjuvfdeh3Cjra1Nu3bt0r59+3TlyhWn9yQlJWnGjBkOi/ilp6dr4cKF2rBhQ0Dqjf5nw4YNmjt3
rgYMGKAzZ85ox44dfV0luGE2m3XbbbfZp6bs27dPn332WR/XCgAAALiGgAM+y83NVUxMjP21Nzsn
nD9/XuvWrdPp06e1YMEC+/Hx48frwIEDqqio6NU6o3+qq6vT2rVr+7oa8FJERIR27dolSbJarayl
AwAAgH6FNTjgE5PJpBtuuMHh2Geffeb1zgkFBQUqLi52ODZnzhy/1Q9A77ly5YqOHDmiI0eO6Nix
Y7LZbH1dJQAAAMCOgAM+SUhIcBi9YbVaVVhY6FMZnachpKWlKTIy0i/1AwAAAAB8PTFFBT6Jjo52
eN3Y2Kjm5mafyqipqVFdXZ3i4+MlXZvXn5KS4tUWk4MGDdKwYcM0cOBAWSwWmUwmNTc3q7q6WuXl
5Tp//rxPdemJlJQUjRw5UrGxsQoLC1NTU5Oqq6tVUlKiS5cu+eUeJpNJQ4cOVUZGhqKjoxUREaHm
5mZdvnxZp0+f1qlTpwK6SKu/2zxo0CCHn6nq6mo1NDR49d6wsDANHz5cQ4YMUXR0tMLDw9XS0qKG
hgadOXNGp06dUktLi1dldVzotKGhQdXV1Q51zMrKUmxsrCIjI9Xc3KxLly6ppKSkx4ui+vvzHTZs
mEwmkySpubnZYWRVeHi4srKylJycbA8p2+9z/Phxr+7T+fM6f/68w5o7FotFKSkp9tetra06c+aM
1/VPTExUbGys/XVtba3q6urcvsdsNisjI0NpaWmKj4+XyWRSY2Oj6uvrVVpa6vBZAgAAILgRcMAn
ra2tDq8tFovMZrPPD9nHjx9XUlKS/bWnoe5ZWVmaNWuWw8OTK5WVldq+fbvKysp8qo8vhg4dqltv
vdVhm8yOFixYoEOHDunjjz/u9j3MZrOmTJmiGTNmOO1A01FLS4u+/PJLffHFF7p69Wq37+dJb7V5
5syZDgvPrlu3TgcPHnT7npCQEM2ZM0eTJk1SeHh4l9e1tLRo//79+uyzz5x+bjtbsmSJfeHMkydP
atWqVRo8eLAWLFigoUOHunzPnDlzdO7cOW3cuNHrKVrteuvzXbJkiX375erqai1btkyhoaGaM2eO
Jk+erNBQ17/yGxoa9PHHHztNH+us8+e1Zs0aHT582OGae++9134fq9WqV155RU1NTR7rLkmLFi1y
+Du+cuXKLgMOk8mkSZMmaebMmQ6jyjqaP3++zp07py1btrDODwAAwNcAAQd8Ul9fL5vNZv+WODQ0
VFlZWTp69KhP5WzevNmr60wmk26++WZNnjzZq+tTUlJ0//33a9euXb2yu8OkSZO0YMECe/tdMZlM
uv7665WRkaG9e/f6fI+oqCgtWbJEgwcP9nhteHi4Zs+erbFjx+rtt99WTU2Nz/fzJBBt9lZMTIzu
v//+LoOWjsLDwzV16lSNGDFCb7/9turr6726R0REhMaMGaNFixbZQ4+uDB48WN/61re0fv16HTp0
yKvyA/X5hoWFKTo6Wg8++KAGDhzo9tro6Gjdfvvtio+P186dO72+R2fNzc0qLS3V6NGjJV0LckaP
Hu3VNLb4+HiHcKO+vl7l5eUur42IiNA999yjtLQ0j+UOHjxYS5cu1bZt27Rnzx4vWwIAAAAjYg0O
+KSxsVFnz551OLZgwQINGDCgV+536623OoUb7QsdFhQUaO/evU7D+E0mk3Jzc70ORbw1ZswYlw/6
V65cUUVFhU6cOKHq6mr7aJTo6GjNnj3bp3tER0fr4Ycfdnr4vXLlik6cOKHi4mKVlpY6TeNISEjQ
Qw89pMTExG60rGuBaLO3wsLC9MADDziFGxcvXtSRI0d04MABlZSUOG1TPHDgQC1ZskRhYWFe3WfQ
oEEO4UZLS4sqKytVWlqqyspKp5EUZrNZ3/zmN5Wenu6x7EB+vpGRkQ7hhtVq1blz53T8+HGVl5e7
HFUxe/Zspaamen0PVzqPAhkzZoxX78vOznZ4fejQIZcjuywWix566CGncKO2tlZHjhxRcXGxysvL
HT4nk8mkG2+80eu6AAAAwJgYwQGf7d69W3fddZf9dUxMjB599FFt375dhYWFflsT4rrrrtP48ePt
r61Wqz799FPl5+c73SM+Pl6LFi1ymE6Ql5en4uJin9cIcSUqKkoLFy50eNBvaGjQRx99pJKSEof6
JCQkaObMmQ5199aiRYscwqLm5mZt2bJFBw8edApxRo8erVtuucU+xSE6Olp33nmnli9f7pfPIFBt
9lZubq7DSITGxkatW7fOae0Ws9msqVOnKi8vzx5SDBw4ULNmzdL27ds93qd9ekVLS4s+/vhjFRUV
qa2tzX7eYrFo+vTpmj59ur38kJAQLVy4UH/729/c9n0gP9/w8HB7fxUWFurTTz91CE7MZrMmTJig
G2+80d5mk8mkadOm6f333/dYfldKSkrU2NhoXzh42LBhslgsHv8eto/6aFdUVOTyujvuuMMh5Gpo
aNDGjRudtqy1WCxasGCBfden9tFgpaWlXq/NAgAAAGNhBAd8dvToUach5xaLRQsXLtSTTz6p3Nxc
h4UCu2vmzJkOr7ds2aLdu3e7fLirq6vT6tWrHR7gLBaLRo4c2eN6SNfWW4iIiLC/bmpq0htvvKGj
R4861ae2tlYbNmzQ1q1bfbrHxIkTHRa7bG1t1YoVK1RUVOR0D5vNpiNHjujNN990eHBMTk5Wbm6u
T/ftSiDa7C2TyaRx48Y5HFu/fr3LhWmtVqt2796tTz75xOH4hAkTPE45aXflyhUtX75c+/btcwg3
pGuhxKeffqpNmzY5HB84cKDbgKcvPl+bzaZt27Zpw4YNTqNCrFar9u7d67RuSmZmptvpSJ5YrVYd
OXLE/jokJMQpvOgsKirKYeRIVVWVy8VBb7jhBo0YMcL++sqVK3rjjTecwg3p2uf0wQcfqLS01H4s
OjpaU6dO9ak9AAAAMA4CDnTLxo0b9dVXXzkdj4+P15w5c/S9731Pjz76qGbNmuXVegmdRUREOCxC
2tjYqH379rl9T3Nzs/bv3+9wzJs5+p6EhYU5LKwoSVu3bvW4u8OePXu8XpfBZDJp+vTpDse2b9/u
cZeOmpoapwftnJwcr6djdCUQbfZFZGSkw+4dDQ0NDg+uruTn5zusuxEREeH1z+IHH3ygixcvur2m
sLDQ6cG6cwjTrq8+38LCQuXn57u9Zt++fQ6LsIaHh/d4qlPn0ReepoaMGTPGIVRx9TNkMpk0a9Ys
h2ObNm1y+zNps9n08ccfO0x1GTduXI8CHAAAAPRfTFFBt9hsNm3ZskXHjx93uQaHyWRSSkqKUlJS
NHv2bFVXV6uwsFCFhYVeTRlpaWnR8uXL7a/b2to87rQiyemBsfO2tt2RlZXlsFtHXV2dx50+2h05
ckTXXXedx+syMzOVkJBgf11fX+8x0Gl36NAhzZgxQ8nJyZKujVwZO3Zsjxb7DESbfdH5gT40NFQm
k8ntz4TNZtOXX37pEGp4O3XHU3jSbseOHcrKyrK/Tk1NVUxMjC5fvuxwXV99vtu2bfN4jdVqVXV1
tYYMGWI/FhUVpQsXLnhVP1dOnz6tmpoa+++FjIwMt9NUOo7wsNlsLqenDB8+3OH3THV1tVeLG1dX
V6uiosK+Rkp8fLwGDx7s8843AAAA6P8YwYEeOXHihP76179q48aNLoeUtxs0aJBuvPFGPf3005oz
Z47Hb6CtVqsqKyvtf9yV3VHnufXuthH1VudtQo8dO+a3dUbaZWZmOrw+dOiQT/fo/EA4fPjwHtUn
EG32xaVLl5zWwehqtERHX331lTZt2mT/4+3PkbcqKytVW1vrcKxjUNCurz5fb9eaaGxsdHjdcWpS
d3VcbNTdNJWIiAiHBVpPnTrlFBBJcgiSJDltT+vOyZMnHV73dCFVAAAA9E8EHOgxq9Wq/fv3a9my
ZVqxYoX27dvnNN+/XVhYmHJzc/Wd73zH6SHaV2az2T51of2PPx7MOuu4daWkLreu7InOU2lcrS3h
Tufre9q3gWizLzqv6yBJCxcu1IIFC/y+c4yvOvdN+0iLjvrb59tZ57DF27VK3PF2N5XRo0c73K/z
+9p13nnm9OnTXtelc7DladtcAAAAGBNTVOBX5eXlKi8v10cffaS0tDRlZ2drzJgxTlNF4uLitHTp
Ur3//vs6duyYx3LNZrOGDRum7OxspaSkaODAgT1eZ8Jbnet+/vx5v9+j86Ks586d8+n9Fy5c0NWr
VxUSEiLp2hQDs9nc7VEXgWizrz7++GNlZGQoJiZG0rWficmTJ2vy5Mmqrq7WqVOndOrUKZ08edIv
O+d4q/NUjvZdTzrqb59vINTW1urMmTP20RIZGRkKDw93GlXScXvYtrY2pyCrXccpPpI0d+5cpzU5
umKxWBxe90YQCgAAgL5HwIFeYbPZ7GHHtm3blJWVpZkzZzqMDDCbzbrjjju0fPlyt1MHsrOzNW/e
PKcHnEDp/HDUeTi/P3R84LJarWpqavLp/TabTU1NTfZgwmQyKSoqyuVQf28Eos2+amho0PLly3XH
HXc4TGmQrk2BGjRokCZPniybzaYzZ87o4MGDKioq6vUtQa9cueLwunPfSf3v8w2U4uJie8DRPk2l
43Sb8PBwDRs2zP762LFjXX5enfu18ygjXxBwAAAABCcCDvQ6q9Wqo0eP6ujRo8rJydH8+fPtQ9JD
Q0M1f/58rV692ul9JpNJN910k6ZMmeJ0rrW1VTU1NWpubnZYmyEyMrJHDz6uhIY6/jXpuOOEP5hM
Jvs385L3C2F21nk7056McOntNnfX5cuXtWLFCmVlZSknJ0fDhg1z2hHDZDJp6NChGjp0qObOnasv
v/xSu3bt6rXRDp76vT9+voFy8OBB3Xjjjfb2Z2dnOwQcI0eOdPhZc7eQbeefyZ7wxxQcAAAA9D8E
HAioPXv2KCwsTHl5efZjmZmZioqKcvomfPr06Q7hhtVqVVFRkfbv36+zZ8+63EEjMzNTS5Ys8Wud
W1tbHR4mw8PD/TqiwWazOdwjJCTE4w4hrnReUNXXUQId9Xabe6qkpEQlJSWKiopSdna20tPTlZaW
5jQVJDw8XLNnz1ZWVpZWrVrVoz7pSuegoXMY1B8/30BpampSaWmpRo0aJena38+O01Q6rsvR2Njo
dveajlN0JOmLL77odlhUU1PTrfcBAACgfyPggNfMZrPDw5zNZuvW8P/du3drxowZ9gc2k8mk9PR0
h7n3FovFYX69zWbzer0Of2tsbHRYVyE6OtrvD/tNTU32vjWZTIqOjvZp+oHZbHYYwt8+paG7AtFm
f7hy5Yr27t1r3zI1Pj5eo0aN0rhx4xwW+0xJSdGiRYtcjhTqqc7rlbha/6O/fb6BVFxcbA84QkJC
NGrUKBUXFyskJMRhdxlPO8t0nKIjXQtLu1rMGAAAAF9PjNOF14YOHapnnnnG/uepp57qVjlWq9Vp
0cr2hSPbZWdnOwxJP3ToUJ+EG9K1LUo7SkpK8vs9On+j7Os0m+ShPnzTAAAgAElEQVTkZIdh93V1
dT6PEOgoEG3uDXV1ddqzZ49ee+017dy50+HciBEjXO5w0lODBg1yqkNn/e3zDaRjx445hD7tozZG
jhzpEJh2tXtKu85hRm98lgAAADA2Ag54rb6+3uF1ZGSk07B5b3X+prbzOgqdt4SsqKjo1n384cyZ
Mw6vhw8f7vd7dN5qNCsry6f3t39D3q6n/RWINvti0KBBSkpKsv/p/PPiyueff67KykqHYx1HDPiD
yWRSRkaGw7GzZ886XdffPt9A6rzF7/DhwxUeHu6we0pNTY3Tz1xnnbeFHTFihH8rCgAAAMMj4IDX
6urqHL5FNZlMuv76630ux2w2a+DAgQ7HOo8Y6LxjgrffVrvaorOnysrKHF6PGjXK6wUeO64Z4E7n
0SljxozxOjwym80aO3asw7GSkhKv3tuVQLTZF0uWLNHjjz9u/xMfH+/xPTabTSdOnHA45u/dMzIz
Mx2mTbS2tjqFKlL/+3wD7cCBA/b/Dg0NVXZ2tkaOHGk/5m5x0XYnT550eD1u3LhuB6wAAAAITgQc
8EnHHRAkac6cOU5rEHgyduxYhyDCarU6fcPdeR2DztuCuhIVFaX58+f7VBdvlJeXq7a21v46MjJS
U6dO9fi+0NBQh3VE3Dl37pzDN9QWi0Vz5szx6r3Tp09XXFyc/XVdXV2Pp/MEos2+6LyNcMeHY3c6
hzLerlsxfvx4j9eYTCbNnj3b4dixY8dc7jjT3z7fQKuoqHCYujN37lyHENPT9BTpWqjTsQyLxaKb
brrJ6zpMmTJFCxcuZAcVAACAIMa/9OCTL774wmEUR1RUlB555BGvAgjp2tD8BQsWOBw7fvy40w4q
nYejjxkzxu09kpKS9MgjjziFLf4YTWCz2ZSfn+9wLDc31+20jbCwMN11111KTEz0+j6ff/65w0iV
KVOmeBwhM3LkSKeH7J07d/Z4S9RAtdlbnYO1WbNmebxPfHy8brjhBodjnYO0rtx8880ep+Xk5eVp
yJAhDscKCgq6vL4/fb59oeMojY5/T8+ePevVriZWq1W7du1yODZ+/HjNnDnT43unT5+um266SRMn
TtRDDz3kcygLAAAAY2AXFfikqalJa9as0ZIlS+yLgMbFxWnp0qUqLy9XUVGRKioqVFNTY3+Yi4mJ
0dChQzV27FintQdaW1u1detWp/scO3ZMDQ0N9gcRs9msJUuW6Msvv9SRI0dUX1+vkJAQJSUlacyY
MRo7dqzLMMNfUxL27t2rcePG2ReHDAkJ0X333aeCggLt379fFy9elM1mU3R0tEaNGqWpU6dqwIAB
Pt3j5MmT2rt3ryZPnizp2giBRYsWKSMjQ3v27HFYmDUxMVFTpkzRpEmTHNajKCkpUWFhoR9aHJg2
e+vQoUOaOnWqvS6RkZH69re/rf3796uwsFDV1dX2n7fw8HCNGTNGeXl5ioyMtJdRWVnpcZ2HdmFh
YbrvvvvsO7RcuHDBfi4lJUUzZ87U6NGjnerYOZjrqL99voFWVFTkMozwZvRGu/3792vkyJEOa5Lk
5eUpPT1dO3fu1OnTp+0/B2azWSNGjNC0adMcwtHo6GjDLNAKAAAA3xBwwGfl5eV6++23dddddzk8
QKanp9sfJGw2m9ra2hQSEtLlkPCWlha98847LnedaG1t1ZYtW3THHXfYH/BCQ0OVm5ur3NzcLutW
V1fnsD6DN2s1eMNms2ndunV66KGH7NNrzGazcnJylJOTI5vNJqvV6hSy1NbWKiEhwev7bN26VXFx
cQ5B0Pjx4zV+/Hi1trbqypUrXS7uevbsWa1fv76bLXQWqDZ7W5c1a9bo4YcftodeYWFh9rpcvXpV
ly9fVmhoqKKiopwWIW1padGHH37o9f3a2toUGhqqKVOmaMqUKfa+j4qKcrkWSW1trbZs2eKx3P70
+QbaxYsXVVlZ6bCDjNVq9Wr9jY4++OADLVmyRKmpqfZjmZmZyszMVGtrqy5fvqyQkBDFxMQ4/e5p
aGjQO++84zRiDAAAAMGBKSrolvLyci1btkyHDh1y+W2oyWRSWFhYl+HG6dOn9cYbb7idMnD48GFt
2bLF6+H4R48e1fLlyx3qEx4e7rSNZ3ddvHhRq1atcloQVbrW3s4P+hUVFVq9erVP97BarXrvvfe0
f/9+p34NCwtTfHy8y4ffo0ePauXKlU5rl/RUINrsrdraWq1YscJpPQ7p2uiS+Ph4RUdHO4Ub7e/r
vDWxO2+//bYaGxvtr9v7vqtwY/Xq1V49NPe3zzfQOo/WOHnypEM/e6O5uVkrVqxwGYyEhYVpwIAB
iouLc/rdc/bsWb3++usuf34AAAAQHBjBgW5raGjQ2rVrtXPnTk2cOFFZWVluR0y0tbXpxIkTOnDg
gEpKSrwaJl5QUKAzZ84oLy9Pw4cPd7k9aGVlpXbt2qWjR49KuragY8dvibOysvz2UFNVVaW//vWv
mjt3rsaOHevyYbSmpkb5+fnat2+fTCaTbDabV9uatrNardq4caP27dunWbNmafjw4fbpQJ2vKy8v
1+7du512C/GnQLTZWxcvXtTrr7+uiRMnauLEiW7Dq5qaGh04cEBffvmlrl696tN9ysvL9Ze//EWz
Z8/WDTfc4LSrjyQ1NjaquLhYn376qcuFRbvS3z7fQDp48KDmz59vDx86r63iratXr2rdunUqKCjQ
zJkzlZGR4bIPpWs/BwUFBSooKDDk2iUAAADwnukXWX8O2snIr135j76uwtdOXFyckpKSFBsbq7Cw
MLW0tKipqUkXL17UhQsXevSAERERobS0NPvQ88uXL6uqqspht49AMpvNSk9PV1xcnMLDw3X58mVd
uHDB798Qh4aGKjU1VdHR0YqKilJTU5MaGhp09uzZgH+jH6g2eysqKkqpqamKjIyUxWJRa2urGhsb
de7cOZdTn7ryL//yLw7f+L/00kv2/zabzRoyZIji4+MVGRmppqYm1dfX6/Tp0355YO5Pn69RhYSE
KDU1VTExMYqKipLValVDQ4POnz/v1QKmAAAAXyePRb3Q11XoNYzggF/V19ervr6+V8puampSSUlJ
r5TdHVarVWVlZb1+n7a2Np06darX7+ONQLXZW1euXOn1nwmr1arTp0+7XUC0J/rT52tUV69e9XqH
HAAAAAQv1uAAAAAAAACGR8ABAAAAAAAMj4ADAAAAAAAYHgEHAAAAAAAwPAIOAAAAAABgeAQcAAAA
AADA8NgmFsDXXktLi8xm8l4AAADAyAg4AHzt/fGPf+zrKgAAAADoIb6yBAAAAAAAhkfAAQAAAAAA
DI8pKvBKWFhYX1cBAAAAwNdYa2trX1cB/RwjOAAAAAAAgOERcAAAAAAAAMMj4AAAAAAAAIZHwAEA
AAAAAAyPgAMAAAAAABgeAQcAAAAAADA8Ag4AAAAAAGB4BBwAAAAAAMDwCDgAAAAAAIDhEXAAAAAA
AADDI+AAAAAAAACGR8ABAAAAAAAMj4ADAAAAAAAYHgEHAAAAAAAwPAIOAAAAAABgeAQcAAAAAADA
8Ag4AAAAAACA4RFwAAAAAAAAwyPgAAAAAAAAhkfAAQAAAAAADI+AAwAAAAAAGB4BBwAAAAAAMDwC
DgAAAAAAYHgEHAAAAAAAwPAIOAAAAAAAgOERcAAAAAAAAMMj4AAAAAAAAIYX2tcVAILRI488ovnz
5zsdb2tr03e/+90+qBEAAAAABDcCDqAXDB06VGPHjnU6fvXq1T6oDQAAAAAEP6aoAAAAAAAAwyPg
AAAAAAAAhkfAAQAAAAAADI+AAwAAAAAAGB4BBwAAAAAAMDwCDgAAAAAAYHgEHAAAAAAAwPBC+7oC
QLAZPXq0kpOTXZ4zmUyaOnWqioqK1NjYGOCaAb1r6NChGjVqlFJTUxUZGanIyEi1tLSoqalJ58+f
V1lZmY4ePaq2tra+rmqXgqEN/hAM/RAMbQAAAL4h4ECP/fCHP1RqaqrfyrPZbLJarWptbVVzc7Nq
a2tVU1OjkydPqqioSA0NDX67lz+kpaXpjjvu0NSpUzVs2DDFxcV1ea3ZbNaf//xntbW16fjx49q/
f782bNigoqKiANa4d/znf/6nzOa+GxT26quvqqysrM/u70kw9o/FYtHChQuVl5en6667rstgr6OG
hgaVlpZqz5492rhxo0pLS/1aJ18FQxv8IRj6IRjaAAAAesb0i6w/2/q6Er3ltSv/0ddVCBphYWFd
nnvjjTc0ZsyYgNTDarXq9OnTOnTokL766itt2rSpzwKPGTNm6NFHH9WkSZMUEhLS7XJsNpsKCwv1
5ptvavv27f6rYACNGDFCq1at6tM6PPHEEyosLOzTOnQl2PonISFB3/rWt7Ro0SINGDCg2+VYrVZ9
8cUXevPNN5Wfn++XunkrGNrgD8HQD8HQBgCAd1pbW/u6CkHhsagX+roKvYYRHDAUs9ms9PR0paen
65ZbbtEPf/hD7dy5UytXrgzYKIjU1FQ9/fTTuvnmm/3yjbzJZNKECRM0fvx4ffLJJ3rppZdUXV3t
h5oGzpAhQ/q6Cv1aMPXP4sWL9dRTT2nQoEE9LstsNis3N1czZszQ5s2b9d///d8B+dkPhjb4QzD0
QzC0AQAA+A+LjMLQYmJidMstt2jZsmV66aWXlJ6e3qv3y8nJ0bJly3TLLbf4fbqByWTSvHnz9Npr
r2nChAl+Lbu3DR48uK+r0K8FQ/9YLBb9v//3//T888/75WGyI7PZrIULF2rZsmXKycnxa9kdBUMb
/CEY+iEY2gAAAPyPgANBwWw268Ybb9Ty5cu1ePHiXrnHzTffrN/+9rd+/8d0ZykpKfrd736nqVOn
9up9/Km3+8TojN4/0dHR+uMf/6jbb79dJpOp1+6Tmpqq3/3ud5o3b57fyw6GNvhDMPRDMLQBAAD0
DgIOBJXY2Fg9//zz+vGPf+zXcmfNmqVf/vKXiomJ8Wu5XUlISNCLL76oESNGBOR+PZWYmNjXVejX
jNw/oaGh+v3vf68pU6YE5H7R0dF68cUXNWPGDL+VGQxt8Idg6IdgaAMAAOg9rMGBoGMymbR06VKF
hYXpv/7rv3pcXnJysl544QVZLBavrrfZbKqsrFR5ebkaGhrU0NCg6OhoDRgwQOnp6Ro4cKBX5Qwa
NEg/+9nP9P3vf78n1Q8IIz/AB4KR++dnP/uZ1w+TFRUV2r17t4qLi1VWVqb6+npFREQoJSVFo0eP
1qRJk7xalDcyMlL/9m//pu985zs6c+YMbfCTYOiHYGgDAADoPQQc6HV79uzRP/7xD5/eY7FYFBcX
p5iYGA0YMECjRo3S8OHDFR8f73UZ9957ryoqKrRixQpfq+zgJz/5iVdTDKqrq7V+/XqtXbtW5eXl
XV43b9483XXXXcrNzfVY5tSpU3XvvffqnXfe8anOgebuAb65uTkgDwVNTU29fo/uMmr/zJo1S3ff
fbfH686dO6f/+7//09q1a12eP3z4sH2HoBEjRuj73/++8vLy3E4vSEpK0o9+9CM9++yzPte7o2Bo
gz8EQz8EQxsAAEDvYptYeKUn28Ru2bJFzz33nF/qMXfuXN1zzz2aPn26V4t8NjY26jvf+Y6OHj3a
rftNmjRJr776qsd7ffzxx/r3f/93n7asXbRokZ555hnFxcW5ve7ixYu69957denSJa/LDrS3335b
mZmZLs8dOHBAjz/+eIBr1L8YtX/efPNNZWdnu71m7969ev75533ebWLp0qX64Q9/qNDQrnN2m82m
Z555Rjt37vSp7I6CoQ3+EAz9EAxtAAD0DNvE+kcwbxPLGhwwlE8++UT//M//rCeffFKnTp3yeH1k
ZKSeeeaZbt/v/vvv9xhurFu3Tj//+c99Cjfa3/dv//ZvamxsdHtdYmKiFi1a5FPZgZaQkNDlObZZ
NGb/3HrrrR4fJouKivTjH/+4W21YsWKF/vCHP8hm6zpjN5lMevDBB30uu10wtMEfgqEfgqENAACg
9xFwwJD279+vJ554Qnv27PF4bU5OTrd2JImMjPS4sNyRI0f00ksv+Vx2ux07dugPf/iDx+sWLFjQ
7Xv0ttDQULdThy5evBjA2vQ/Ru2fO++80+352tpavfDCCz4Hex29/fbb+uCDD9xeM23aNI0ePbpb
5QdDG/whGPohGNoAAAB6HwEHDKu2tlbPPfecysrK3F5nMpl03333+Vx+Xl6eoqOj3V6zbNkyNTc3
+1x2R++9957HoOaGG27w+O1lX8nIyHA7yqWqqiqAtel/jNg/aWlpmjx5sttr3njjDZ0+fbrH93rl
lVdUU1PT5Xmz2axvfOMbPpcbDG3wh2Doh2BoAwAACAwCDhhabW2tXnzxRVmtVrfX5eTkKDIy0qey
x48f7/b88ePH9fHHH/tUZldeffVVj0OjZ86c6Zd7+dvQoUPdnu+PD/CBZMT+uemmm9yGMtXV1Vq1
apVf7nXx4kVt3LjR7TXTp0/3udxgaIM/BEM/BEMbAABAYBBwwPAKCwv1ySefuL0mNjbW43STzoYN
G+b2/IEDB3wqz539+/d7XAh11KhRfrufPyUnJ7s9X1lZGaCa9E9G7B9PU7o++eSTHo9c6ugf//iH
25AyKyvLY1DUWTC0wR+CoR+CoQ0AACAwCDgQFN566y2P13gakdHZwIED3Z4/dOiQT+V58umnn7o9
39UuHH3NUz+VlpYGqCb9kxH7x9MaA1u3bvXr/U6ePKljx451ed5kMvn8rXkwtMEfgqEfgqENAAAg
MAg4EBQKCgo8rpzvaURGZ57W37hw4YJP5Xmyd+9et+fT09P9ej9/cfcA39DQ0G8X0QwUo/XPyJEj
NWDAgC7P19bWKj8/3+/3LS4udnv++uuv97qsYGiDPwRDPwRDGwAAQOAQcCBoHD582O15T1MFOgsL
C3N7/tKlSz6V58nevXvV1NTU5fmIiAjFxcX59Z7+4O7hw91ifV8XRuufSZMmuT1/4sSJXrmvpylf
w4cP97qsYGiDPwRDPwRDGwAAQOAQcCBoeBrBERsb61N5bW1tbs+72/qzO9ra2jw+8A4aNMiv9/SH
xMTELs/1xwf4QDNa/6Slpbk972nXou46ePCg2/MpKSlelxUMbfCHYOiHYGgDAAAIHAIOBI36+nq3
5y0Wi0/lNTY2uj0/ZMgQn8rzRkNDg9vz7h6W+4q7oMdT6PR1YLT+8fTgVlFR0Sv3LS0t1ZUrV7o8
n5SU5PVOSMHQBn8Ihn4IhjYAAIDAIeBA0GhpafFreZ7WRvB10VJvFBYWav/+/V3+8TSqpC+4e4Dv
b+tL9AWj9c/gwYPdnj979myv3dvdiBaz2ez1OjrB0AZ/CIZ+CIY2AACAwAnt6woA/uJurQNJbr+N
c6WiokI5OTldnp8yZYri4uI8jhzxxW9+8xu/lRUIFovF7bogVVVVAaxN/2PE/vE0levcuXO9du+6
ujq322+mpKToyJEjHssJhjb4QzD0QzC0AQAABA4jOBA0PE3f8DT9ozNP28AmJCTo0Ucf9anMYJOR
kSGzuetfI/3xAT6QjNg/nnYP6s1pNZcvX3Z73tOWu+2CoQ3+EAz9EAxtAAAAgcMIDgSNsWPHuj1f
WVnpU3nbtm3TT37yE7drd9x///3as2ePdu3a5VPZwSI1NdXt+c59fv3112vq1KnKyspSenq6YmJi
FBUVpbCwMLW2tqqxsVHnz5/X2bNnVVxcrM8//9znz60/MWL/xMTEdHnOZrP16jfmnkZZebuLUDC0
wR+CoR+CoQ0AACBwCDgQFKZOnaqkpCS313jaRraz2tpaffXVV8rNze3yGovFol/+8pd64YUXlJ+f
71P5wcDT1rulpaVKTU3Vfffdp9zcXGVmZspkMrl9T/u89ttvv10//elPdeDAAa1fv15r1671W70D
xYj94y7Qs1qtvboOjKd1dLxdKDgY2uAPwdAPwdAGAAAQOAQcCAoPP/ywx2sKCgp8Lvftt9/WzJkz
3T50JiYm6uWXX9bf//53/eUvf/H5Hkbmboh2c3Ozvve972nhwoXd3m0gNDRUkyZN0qRJk7R06VK9
8sor2rFjR3erG3BG65/o6Gi3P+utra3dLtsbV69edXs+PDzcYxnB0AZ/CIZ+CIY2AACAwGINDhje
rFmzNHPmTLfXlJaWat++fT6XvWPHDq+mn0REROjJJ5/UW2+9pVtvvdXn+xiVu3VPLBaLFi9e7Let
FEeOHKmXX35Zzz77rF/KCwSj9Y+nb6RtNlu3y/aGpwdKb74xD4Y2+EMw9EMwtAEAAAQWAQcMLT09
XS+88ILHYf2bN2/u9j1efvllt9sFdjRy5Ej96le/0ooVK/TAAw8E/T+APS3s6m9ms1n33nuv/vSn
P3lcfLA/MFr/RERE9EKt/Mfdgq3tgqEN/hAM/RAMbQAAAIHF/51hWEOHDtVvfvMbDRo0yO11Fy5c
0DvvvNPt+5SVlenXv/61mpqavH7PqFGj9NOf/lRr167VL37xC40bN67b9+/PPG3N21umTZum3/3u
d/0+QDJa/wTDA1swtMEfgqEfgqENAAAgsPjXAwxpxowZ+stf/qLs7GyP1y5btky1tbU9ut/27dv1
4osv6tKlSz69LzExUYsXL9ayZcu0cuVKPf300xo6dGiP6tKfJCQk9Nm9c3Jy9Nxzz/XZ/b1B/wAA
AACBwyKjMJSpU6dq6dKlys3N9erbvd27d2v16tV+uffmzZt19uxZ/epXv1JaWppP7zWZTMrKylJW
VpYeeughFRQUaNOmTdqwYUOv7gLQ23zZJvHChQsqLi5WWVmZzp8/r8uXL6ulpUWJiYkaMGCAhgwZ
ookTJyolJcXrMm+77Tbt379f7733Xneq3+voHwAAACBwCDjQ68LDwzV69Gif3hMSEqLExETFxcUp
OTlZ119/vUaPHq2hQ4d6XG+j3YkTJ/TCCy90p8pdKioq0ne/+139/Oc/17x587yuS0dhYWGaPn26
pk+frieffFLvvvuuVq5cqebmZr/WtbdFRkZ69QB/7tw5vfbaa1qzZo1XYc7kyZP12GOPacaMGR6v
NZlMeuqpp/TZZ5+purraq3oHCv0DAAAABBYBB3pdXl6e8vLyAnrPc+fO6fnnn+/x1BRXqqur9fOf
/1w33XSTfvCDH/g8mqOjlJQUPf3001qyZIlWrVql5cuX+7GmvSs2NlbHjh3TyJEjFRIS4nTearXq
/fff1//8z//4NLWnoKBABQUFWrhwoX72s595nOYxcOBAPfbYY/rtb3/rcxt6E/0DAAAABBZrcCDo
HDlyRP/0T/+kkpKSXr3P1q1btXTpUr366qs6d+5cj8pKSkrSD37wA/3973/XhAkT/FTD3lVVVaWH
HnpIt956q371q19p/fr1Ki0tldVq1aVLl/Tiiy/qN7/5jc/rlrTbtGmTnn32Wa9Cqttuuy3gO5Z4
Qv8AAAAAgcUIDgQNq9WqDRs26Pe//323Hxp91djYqGXLlmn58uVasmSJ7rzzTo0YMaLb5V133XX6
3//9X7355pv685//7Mea9p7a2lqtXbtWa9eulSQlJycrKipKJ0+e7HHZBQUFev755/XHP/5RYWFh
XV4XExOjxYsX629/+1uP7+lv9A8AAAAQGIzgQFA4duyYfvKTn+iXv/xlwMKNjtra2rRixQrdf//9
+v73v6/169frwoUL3SorLCxMjz32mH7961/3+21QXamqqvLLw3u7/Px8rVq1yuN18+bN89s9exP9
AwAAAPQORnDA0Pbv36/Vq1dr06ZNfV0Vu/z8fOXn5ys0NFQ33XST5s+fr2nTpik2NtanchYsWKDk
5GT96Ec/UkNDQy/V1hj+9Kc/ae7cuUpPT+/ymuzsbCUnJ6uqqiqANesf6B8AAACAERwwuM2bN/er
cKOjtrY2bdq0Sf/6r/+qRYsW6eWXX9bhw4d9KmPChAl68cUXe6mGxtHW1qb169e7vcZsNmvOnDkB
qlH/8nXpH5vN1tdV6LFgaIM/BEM/BEMbAAAINozgQK+rqqrSiRMnuvXeUaNGuV0c8ZFHHtH69ev7
/QiHhoYGrVy5UitXrtS8efP0yCOPaNy4cV69Ny8vT0uXLtWKFSt6uZb92zvvvKOHH37Y7UiYUaNG
BbBG/Ys/+sebbWr7Umtrq8drgqEN/hAM/RAMbQAAAIFFwIFeV1hYqOeee65b77333nv17LPPdnk+
OTlZjz/+uF555ZXuVi/gtm/fru3bt+vuu+/WU0895dXuFt/+9rf14Ycf9sq2t0ZRX1+vQ4cOadq0
aV1eM2zYsADWqH/xR/94CgpdbXfrT2az+0GFV69e9VhGMLTBH4KhH4KhDQAAILCYooJ+7Z133tGx
/8/efYdXUSX+H//k3pCEkITQYhBCCS1IF0IHQcAAi6AsKmIBRHBZ1sLiylcW3V3rqqhrXcqiYlsU
RVFEVIpLCSBNikAooSOEIIFQEkjC7w+ezO+G5NbcNpf363l8nuBMzpyZO/dk5jNnztm1y+E6t956
qxITE/1UI++ZO3euRo0ape3btztdt0qVKho2bJgfahXcnL3iU61aNT/VJDiV9/jk5uY67Hbv6xvK
8HDHmbsrT8xDYR+8IRSOQyjsAwAA8C8CDgS9d9991+Hy2NhYPfDAA36qjXcdOnRIY8eOdWlsjl69
evmhRsHNWRgUHx/vp5oEJ28cnwsXLthdZrVaVbFiRbfr5SpHU91Kl6dldkUo7IM3hMJxCIV9AAAA
/kPAgaD3ww8/aNOmTQ7XSUtLU0pKip9q5F1nz57V448/ruzsbIfr1alTR02bNvVTrYKTs6l3o6Ki
/FST4OSN43Pu3DmHyxMSEtyqkzsqVarkcPmpU6dcKicU9sEbQuE4hMI+AAAA/yHggCnMmDHDYVfl
ChUqaOzYsX6skXcdOnRIH374odP1UlNT/VCb4HX8+HGHy509cQ113jg+p0+fdrjclTFjPOXshtLV
MWhCYR+8IRSOQyjsAwAA8B8CDpjCmjVrlJ6e7nCdTp06mdkRrVcAACAASURBVHoazI8++sjpDWpy
crKfahOc8vLyHC4PCwvzU02CkzeOT25ursPlvhzvxtkrNFlZWS6VEwr74A2hcBxCYR8AAID/MIsK
TGPatGnq0KGD3YHfwsLCNGbMGC1fvtzjbVx33XW66aab7C7Pysry6XStGzZsUFpamt3lvuyObQbO
Bsm82gf988bxcfaqlC9vKKtUqWJ3WVFRkfbs2eNSOaGwD94QCschFPYBAAD4DwEHTGP79u1avHix
wwAgJSVFQ4YM0WeffebRNpKSknTXXXfZXZ6RkeHTgGP37t0O9y82NtZn2zYDZ93Rr/ZB/7xxfI4c
OeJwua+m4k1OTlZ0dLTd5SdOnFB+fr5LZYXCPnhDKByHUNgHAADgPwQcMJUZM2aoe/fuDkfOv/fe
e/XNN994dLPr7ILV0QWvNzh7WhkMY0ykpqaqe/fudpfPnz9fGRkZPtn2Nddc43B5MLwTb/bjc+jQ
IYfLfXVD6WwA3WPHjrlcVijsgzeEwnEIhX0AAAD+Q8ABU9m/f7+++eYbDRkyxO46NWvW1PDhwzV1
6lS3y//tt98cLnfUZdkbnAUYhYWFPt2+KxISEjR06FC7y3Nzc312A+9sphxnY5j4g9mPz5YtWxwu
99U4MM2aNXO4fN++fS6XFQr74A2hcBxCYR8AAID/MMgoTGfmzJlOn0QPGTLEo/Eq9u7d63C2lpiY
GJ8O9OnsFYMLFy74bNuuyszMdLi8YcOGPtu2s7KD4abD7Mdnx44dOnnypN3lMTEx6ty5s7tVc8rZ
DeXOnTtdLisU9sEbQuE4hMI+AAAA/yHggOlkZ2friy++cLhO5cqVNXr0aLfLzs3NddqLo2PHjm6X
6ypn4YmzuvnD9u3bHU7d2Lx5c59sNyEhwWkPhW3btvlk2+4IheOze/duh8t79uzpcr1cce2116pJ
kyZ2l1+6dElr1651q8xQ2AdvCIXjEAr7AAAA/IOAA6Y0a9Ysp93t+/fvr8aNG7tdtrOn3L54Wlis
TZs2Dpf/+uuvPtu2O/bu3Wt3WY0aNdS7d2+vb3Pw4MGKjIy0uzw/P18rVqzw+nY9Yfbjs379eofL
u3bt6nBb7ho4cKCsVqvd5QcOHHB6k3ulUNgHbwiF4xAK+wAAAPyDgAOmdPbsWX300UcO14mIiNAf
/vAHt8t29pQ7NTVV1113ndvlOjNkyBDVqFHD4TrB0ENBktatW+dw+aBBg7y6vYoVK6pv374O19m6
davDnhP+ZPbj8/3336uoqMju8urVqzscB8cdkZGR6tevn8N1fv75Z7fLDYV98IZQOA6hsA8AAMA/
CDhgWh999JH279/vcJ2uXbu63eNiyZIlDpdbLBZNmDDBrTKdiY+P18iRIx2uk5+fr/T0dK9u11PO
bjg6dOjg1V4Kf/rTn1SrVi2H6yxatMhr2ysvsx+fgwcP6pdffnG4zt133+10zBhXDB8+XNdee63d
5ZcuXdKCBQvcLjcU9sEbQuE4hMI+AAAA/yDggKnNmjXL4fKwsDCNGTPGrTK3bt3qdJaLli1b6pln
nlF4ePknIqpUqZKmTJnidFDUDRs2BMU0qNLlgTQd9VIICwvT+PHjVbdu3XJv64YbbtCtt97qcJ3j
x4/rm2++Kdd2vNnFPRSOz1dffeVwefXq1TV58mS3yrxSy5YtdffddztcJyMjQxs2bPCofDPvQ1pa
miZMmGD3v5YtW7pclpmPQ7FQ2AcAAOB7BBwwta+//lrbt293uE6zZs3cfiVg/vz5TtdJS0vTjBkz
1KpVK7fKttWwYUO9+eabLpXhbGBVf5s9e7bDGWcSEhL04osvKikpyeNt9OjRQ0899ZTT6XM///xz
nT9/3q2yw8PD9eCDD+qLL77QmjVrtHz5ci1cuFBPPfWUwye4rjL78fnyyy916NAhh+t069bN45vK
hg0b6vnnn1fFihUdrjd37lyPypfMvQ+pqakaOnSo3f8aNWrkcllmPg7FQmEfAACA7xFwwPRmzpzp
8EZSkkaMGOHWE/rZs2e7NA1g8+bNNW3aND377LNuBR21a9fWww8/rBkzZrg0q8bPP/+spUuXuly+
PyxfvlyrVq1yuE5ycrJmzpypm2++2a2yK1asqAcffFBPP/20oqOjHa67b98+ffjhh26VL0kvvfSS
7r33XtWuXVsWi0VhYWGqVq2a+vXrp7ffftujaYZtmf34SNKMGTOcrjNo0CC9/vrrql27tsvlpqWl
uXSMt2/fXu5gLxT2wRtC4TiEwj4AAADfsnav+ru/B7oSvvLzxWWBrkLIcDSi/ODBg1W9enW7yzMz
M7V48WJfVEuStH//frVp08bhGARxcXG6ePGiW12LDx48qN69ezt9DcVisahBgwa6+eabdcMNN6hx
48aKj49X5cqVFRUVpcTERDVu3FitW7fWwIEDNWLECI0bN05t2rRRRESE03qcP39eTz75pLKyslyu
u79s3bpVaWlpDp96VqxYUTfccIN69+6tuLg45eXlKTs7u8x1mzdvrjvuuEN/+ctf1K1bN6fHvrCw
UM8++6wyMzPdqveQIUM0bNgwu8vj4uJUvXp1p+OxOGPW41Ns165datasmerUqeNwvaSkJP3ud79T
zZo1lZubq2PHjpVaJzY2Vn379tX48eN11113OX1Snp+fr3/84x86cuSIR3U3+z50797d4bS/K1as
cNp7zZZZj0Oo7QMAoHwcjXEG17Wp0D3QVfCZsL82fNvxo28Te/fcM4GuQshw1AX+gw8+cHghvmjR
Ij3++OO+qJahTZs2mjp1qiwW+52ScnJydMcdd+i3335zudw777xTjzzyiMNyfenSpUuaMmWKPv30
04Bs3xU9e/bUM88841JYUywnJ0cnT57U+fPnVVRUpNjYWMXFxalKlSpubfv999/XG2+84W6V9dZb
b6l9+/YO1zl9+rR69erldtlXMuPxsVW1alXNnDnTrSfiOTk5OnbsmPLy8mS1WhUXF6eaNWs6fZXG
1ptvvul0jB1XmXEfJk+e7PDVun/+85/6/PPP3SrTjMfhSqGwDwAAz128eDHQVQgJI6PLN25VMKMH
B1wSzD04JOno0aNq3Lix6tevb3edqKgoRUdHa8WKFS6Xu3XrVp07d07t2rVzeAx8oaioSNOmTfP4
9QJ/2bdvn06cOKGOHTu6fIyioqJUpUoV1ahRQwkJCYqPj3f6BPVKixYt0nPPPedJlTVy5EjFx8c7
XCcyMlLz5s3T2bNnPdpGMTMeH1vnz5/Xxo0b1bVrV8XExLj0O1FRUapevboSExOVkJCgypUru/X9
+fjjjzV16lRPq1yKGffB2z04JHMehyuFwj4AADxHDw7vCOUeHIzBgZAxffp0XbhwweE6AwYMUIMG
Ddwq9+OPP9aECRP82jX59OnTevLJJ/XOO+/4bZvlMW/ePP31r391q3dMefzwww964oknPP79/Px8
p+tcunTJ7YE57THb8bnSzp079cgjj3j8qourioqK9P777+vVV1/1etmhsA+2nI07ZE8oHIdQ2AcA
AOAbBBwIGbt379b333/vcJ3IyEg98MADbpe9atUqDR8+XIsXL/Z5crxt2zaNGzdO3333nU+3420/
/vij7rvvPqWnp3t88+VMXl6epk+frkmTJqmgoMDjclwZQHbv3r3Kzc31eBtXMtPxKcvu3bs1evRo
LV682Cf1P3nypJ5++ulyv1LjiJn2wdlrcXl5eR6XbabjYE8o7AMAAPA+XlGBS4L9FZViu3bt0s03
3+xwvIO6detq06ZNbvfIyMvL06JFi/Tzzz8rISFB1157rcLCwspbZUNmZqb+9a9/6aWXXrI7yGSw
y83N1cKFC7Vv3z7Vrl3b4XnhjqKiIq1evVpPPPGE0xDLFYcPH1a/fv3snieXLl3S1KlTtWPHjnJv
y5ZZjo89+fn5WrRokfbv36/69eu7PSZIWS5evKhFixZp4sSJ2rhxoxdq6ZhZ9uHmm29WvXr17C6f
N2+eDh486HH5ZjkOjoTCPgAA3MMrKt4Ryq+oMMgoXBLsg4zaGj9+vMMZMiQpPT1dDz/8cLm2k5qa
qn79+qljx46qUaOGR2WcOHFCa9eu1ZIlS4JuGlhv6NGjh/r166d27dopLi7O7d8/fvy41qxZo7lz
52rLli1erVuvXr00ceLEUjdFFy5c0Pvvv69p06Z5dXtlCebj44r+/furf//+Ls8IZCsrK0vLly/X
p59+6vNXDRwJ1n1455131KJFizKXXbp0SbfccotXX5sL1uPgjlDYBwCAYwwy6h2hPMgoAQdc4s5o
81ejzp07q3nz5qpbt64aNmyo5OTkMtfbvn27du/erczMTGVkZGjt2rV+rmlghIeHq3PnzmrZsqXq
1KmjGjVqKC4uTpGRkbJYLLpw4YLy8vJ08uRJHT9+XJmZmdq4caM2bdrk03rFx8crLS1NdevWldVq
1bFjx/Tjjz/6/QYnWI+Pq+Lj443vQK1atVS9enVFR0crMjJSBQUFys/PV25uro4ePaq9e/dq3bp1
Qfd0PNj24csvv7Q79fWJEyfUt29fn2w32I6DJ0JhHwAAZSPg8A4CDpMi4PAeAg7X9enTx+7sFRMm
TNCyZbw6BcC+unXras6cOXZfgfNGDzQAAMyIgMM7QjngYJBRAACCyA033OBwfJ+rpecXAACAuwg4
AAAIIu3atbO7LC8vz6cDyQIAAJgZAQcAAEEiOTlZqampdpevWrVKWVlZfqwRAACAeRBwAAAQJIYN
G6bw8PAyl126dElz5szxc40AAADMg4ADAIAgcO2116pXr152l69evZrxNwAAABwg4AAAIAg8/PDD
iomJKXNZfn6+ZsyY4ecaAQAAmEvZ/WABeKygoEDnz58vc1lhYaGfawPADHr16qWePXvaXf7JJ59o
y5YtfqwRAACA+RBwAF62dOlSLV26NNDVAGAizZs3t7ts48aN+ve//+3H2gAAAJgTr6gAABBgr732
mv7+97/rt99+K/H/9+/fr0mTJqmgoCBANQMAADAPAg4AAILAggULNHLkSKWnp0uSMjMzNX78eGVn
Zwe4ZgAAAObAKyoAAASJI0eO6OGHH9Ytt9yi9PR0ZWVlBbpKAAAApkHAAQBAkPnyyy8DXQUAAADT
4RUVAAAAAABgegQcAAAAAADA9Ag4AAAAAACA6RFwAAAAAAAA0yPgAAAAAAAApkfAAQAAAAAATI+A
AwAAAAAAmB4BBwAAAAAAMD0CDgAAAAAAYHoEHAAAAAAAwPTCA10BmMPFixcDXQUAAAAAAOyiBwcA
AAAAADA9Ag4AAAAAAGB6BBwAAAAAAMD0CDgAAAAAAIDpEXAAAAAAAADTI+AAAAAAAACmR8ABAAAA
AABMj4ADAAAAAACYHgEHAAAAAAAwPQIOAAAAAABgegQcAAAAAADA9Ag4AAAAAACA6RFwAAAAAAAA
0yPgAAAAAAAApkfAAQAAAAAATI+AAwAAAAAAmB4BBwAAAAAAMD0CDgAAAAAAYHoEHAAAAAAAwPQI
OAAAAAAAgOkRcAAAAAAAANMj4AAAAAAAAKZHwAEAAAAAAEyPgAMAAAAAAJgeAQcAAAAAADA9Ag4A
AAAAAGB6BBwAAAAAAMD0CDgAAAAAAIDpEXAAAAAAAADTI+AAAAAAAACmR8ABAAAAAABMj4ADAAAA
AACYHgEHAAAAAAAwPQIOAAAAAABgegQcAAAAAADA9Ag4AAAAAACA6RFwAAAAAAAA0yPgAAAAAAAA
pkfAAQAAAAAATI+AAwAAAAAAmB4BBwAAAAAAMD0CDgAAAAAAYHoEHAAAAAAAwPQIOAAAAAAAgOkR
cAAAAAAAANMj4AAAAAAAAKZHwAEAAAAAAEyPgAMAAAAAAJgeAQcAAAAAADA9Ag4AAAAAAGB6BBwA
AAAAAMD0CDgAAAAAAIDpEXAAAAAAAADTI+AAAAAAAACmR8ABAAAAAABMj4ADAAAAAACYHgEHAAAA
AAAwPQIOAAAAAABgegQcAAAAAADA9Ag4AAAAAACA6RFwAAAAAAAA0yPgAAAAAAAApkfAAQAAAAAA
TI+AAwAAAAAAmB4BBwAAAAAAMD0CDgAAAAAAYHoEHAAAAAAAwPQIOAAAAAAAgOkRcAAAAAAAANMj
4AAAAAAAAKZHwAEAAAAAAEyPgAMAAAAAAJgeAQcAAAAAADA9Ag4AAAAAAGB6BBwAAAAAAMD0CDgA
AAAAAIDpEXAAAAAAAADTI+AAAAAAAACmR8ABAAAAAABMj4ADAAAAAACYHgEHAAAAAAAwPQIOAAAA
AABgegQcAAAAAADA9Ag4AAAAAACA6RFwAAAAAAAA0yPgAAAAAAAApkfAAQAAAAAATI+AAwAAAAAA
mB4BBwAAAAAAMD0CDgAAAAAAYHoEHAAAAAAAwPQIOAAAAAAAgOkRcAAAAAAAANMj4AAAAAAAAKZH
wAEAAAAAAEyPgAMAAAAAAJgeAQcAAAAAADA9Ag4AAAAAAGB6BBwAAAAAAMD0CDgAAAAAAIDpEXAA
AAAAAADTI+AAAAAAAACmR8ABAAAAAABMj4ADAAAAAACYHgEHAAAAAAAwPQIOAAAAAABgegQcAAAA
AADA9Ag4AAAAAACA6RFwAAAAAAAA0yPgAAAAAAAApkfAAQAAAAAATI+AAwAAAAAAmB4BBwAAAAAA
MD0CDgAAAAAAYHoEHAAAAAAAwPQIOAAAAAAAgOkRcAAAAAAAANMj4AAAAAAAAKZHwAEAAAAAAEyP
gAMAAAAAAJgeAQcAAAAAADA9Ag4AAAAAAGB6BBwAAAAAAMD0CDgAAAAAAIDpEXAAAAAAAADTI+AA
AAAAAACmR8ABAAAAAABMj4ADAAAAAACYHgEHAAAAAAAwvfBAVyAQLBaLLBaLrFar8TMAAAAAAGZV
VFSkoqIiFRYWGj9fba6qgCMsLEzh4eEKDw8n1AAAAAAAhIzih/fh4eEqKipSQUGBCgoKdOnSpUBX
zW+umoDDYrGoQoUKCg+/anYZAAAAAHAVslgsioiIkMVi0cWLF6+a3hxXRTeG4g+XcAMAAAAAcLUI
Dw83go6rQcjvZVhYmCpUqCCr1RroqgAAAAAA4FdWq1UVKlRQWFhYoKvicyEfcBSPuQEAAAAAwNXo
arkvDumAo3iAFQAAAAAArmZXw2QbIb13TAELAAAAAMDVcX8c0nvHuBsAAAAAAFwW6vfIIR1whHo6
BQAAAACAq0L9Hjlk965IRSH/4QEAAAAA4KpQv0cO2b2zhO6uAQAAAACAK5ACAAAAAAAA0yPgAAAA
AAAApkfAAQAAAAAATI+AAwAAAAAAmB4BBwAAAAAAMD0CDgAAAAAAYHoEHAAAAAAAwPQIOAAAAAAA
gOkRcAAAAAAAANMj4AAAAAAAAKZHwAEAAAAAAEyPgAMAAAAAAJgeAQcAAAAAADA9Ag4AAAAAAGB6
BBwAAAAAAMD0CDgAAAAAAIDpEXAAAAAAAADTI+AAAAAAAACmR8ABAAAAAABMj4ADAAAAAACYHgEH
AAAAAAAwPQIOAAAAAABgegQcAAAAAADA9Ag4AAAAAACA6RFwAAAAAAAA0yPgAAAAAAAApkfAAQAA
AAAATI+AAwAAAAAAmB4BBwAAAAAAMD0CDgAAAAAAYHoEHAAAAAAAwPQIOAAAAAAAgOkRcAAAAAAA
ANMj4AAAAAAAAKZHwAEAAAAAAEyPgAMAAAAAAJgeAQcAAAAAADA9Ag4AAAAAAGB6BBwAAAAAAMD0
CDgAAAAAAIDpEXAAAAAAAADTI+AAAAAAAACmR8ABAAAAAABMj4ADAAAAAACYHgEHAAAAAAAwPQIO
AAAAAABgegQcAAAAAADA9Ag4AAAAAACA6RFwAAAAAAAA0yPgAAAAAAAApkfAAQAAAAAATI+AAwAA
AAAAmB4BBwAAAAAAMD0CDgAAAAAAYHoEHAAAAAAAwPQIOAAAAAAAgOkRcAAAAAAAANMj4AAAAAAA
AKZHwAEAAAAAAEyPgAMAAAAAAJgeAQcAAAAAADA9Ag4AAAAAAGB6BBwAAAAAAMD0CDgAAAAAAIDp
EXAAAAAAAADTI+AAAAAAAACmR8ABAAAAAABMj4ADAAAAAACYHgEHAAAAAAAwPQIOAAAAAABgegQc
AAAAAADA9Ag4AAAAAACA6RFwAAAAAAAA0yPgAAAAAAAApkfAAQAAAAAATI+AAwAAAAAAmB4BBwAA
AAAAMD0CDgAAAAAAYHrhga4AAACS1KBBAyUmJiovL0/r168PdHUAAABgMgQcAICg0L9/f/Xs2VPZ
2dkaM2ZMoKsDAAAAk+EVFSCIREZGqlq1aoqIiAh0VQAAAADAVOjBAQRYRESEbrvtNnXp0kXXXHON
wsLCVFRUpE8//VSffvppoKuHABo3bpzq1asnSfrggw+0efPmwFYIgFMPPvig6tSpI0maNWuWtm7d
GuAaXWbG9sSMdQb8cd7abiOY2hkgGBBwwCUJCQnq169fucu5cOGC/vvf/3qhRqEhKipKTz/9tBo0
aFDi/1ssdK7ytrp162rEiBGyWq366KOPlJGREegqOZWUlGScG7GxsQGrR926ddWjRw+7ywsLC3X+
/Hnl5OQoIyNDhw4dcqv8tm3bqmPHjmrZsqUkKS4uTuPHj9eGDRu0fPlyFRUVlaf6kqT27duradOm
Lq+fkZGh1atXl2ubVqtV3bt3V+vWrVWjRg1VqFBBubm5yszM1LJly3TgwAHTl4XS6tSpY3xvK1Wq
VK6yvNluBUt74o5gqDPXP97XqlUrXX/99UpKSlJMTIwk6cyZMzp06JA2btyojRs3BriG5eOP89Z2
G+VtZ7ylQ4cOGjRokHJycjR9+nTl5OQEukq4ShFwwCUJCQkaNGhQucs5f/48f+BtjBgxokS4sXXr
Vu3fv1+StHv37kBVKyQNGzZMrVq1kiQNHz5ckyZNCnCNzKNu3bpuff8PHjyohQsX6ttvv3W4Xs2a
NfXII4+oUaNGJf5/RESEunXrpm7dumnw4MF69dVXtW/fPk+qbujSpYu6devm8vqLFy8uV8DRrFkz
jRs3TomJiaWWtW7dWoMGDdLSpUs1bdo0FRYWmrIs+B7tVuBx/eM9TZo00ZgxY1S/fv0yl7du3VoD
BgxQZmampk+frp07d/q5hiiPUaNGqXr16pKk48eP69133w1wjXC1IuAAAsRqtZa44Zo1a5bmzZsX
wBqFtry8POPn/Pz8ANYk9CUlJWn06NFq27at/vnPf6qgoKDUOtWqVdNTTz2latWqGf/v3LlzOn36
tGJiYoyneklJSXryySc1adIkHT161OM6xcfHe/y77mrRooUef/xxRUVFSZIKCgq0d+9e5eXlKTEx
UTVq1JDValXv3r1VrVo1Pf3006YrC/5Bu4VQ0blzZz388MOqUKGC8f9yc3ONp/zx8fFGb4fk5GT9
4x//0Msvv6x169aVWd7dd99tPCD68ssvtWnTJh/vAZy5ePGi8bNt2wX4GwEHXLJ9+3aHsxo89NBD
at68uSRpzpw5+uGHH8pczxtdzUNFw4YNVbFiRUlSTk4O4YaPvfvuuzpz5oysVqu++OKLQFfHtLKy
sjR58uQS/89isSgmJkYNGjRQ9+7d1axZM0nS9ddfrz/84Q968803S5UzatQoI9wo7s5a3GPCYrGo
e/fuGjVqlCpVqqT4+Hjdd999eu655zyud3HAcenSpTLrc6XDhw97tB2r1aqxY8caIcK2bdv0r3/9
S9nZ2cY6PXv21JgxYxQZGak2bdpowIABmj9/vmnKgv/QbgUe1z/ll5iYqHHjxhnhxp49e8ocN6J5
8+a666671KRJE0VGRuqhhx7SY489Vma43aBBA6N304oVK3y/E3DqlVdeUd++fXXq1CnNnTs30NXB
VYyAAy4pLCwscSFc1vJi+fn5DtfFZbZPlE+cOBHAmlwdcnJyNGPGjEBXw/TstQVZWVnKzMzUDz/8
oJEjR+rmm2+WJN1www366quvSozrUKlSJaWmphr/njp1qn766Sfj30VFRfrxxx91/vx5TZw4UZLU
pk0bJSYmetyLo/jJ4JkzZ7R06VKPynBFp06djNc/srOz9cwzz5R6krV06VJVqlRJ9913nySpT58+
ZQYJwVoW/Id2K/C4/im/3//+98YDnYMHD2ry5Mll9kjaunWrJk+erKefflopKSmKiYnRvffeqxdf
fNHfVYYH9uzZo7feeivQ1QCYJhYIlPDw/58v2nbrA8xu1qxZRhBhtVrVuXPnEsubNm0qq9UqSTp2
7FiJcMPWmjVrlJmZaZTTunVrj+pjtVqNgOPkyZMeleEq231dvHix3W663377rdE1Oykpqcx30oO1
LABwR3GvPkmaP3++w9etCgsLNWvWLOPfbdq0UXR0tE/rByC00IMDAdOnTx9jMKLvv/9eubm5SktL
U8uWLRUTE6PNmzeXGpCratWq6tGjhxo1aqTY2FhZLBadOnVKu3fv1uLFix2O2Gy7va+++kpnz55V
[...]
Vcv2LFBRZa4ySlLlSLbJYrdosNetvrYBNZxtU83+OtWfao51dQEAAKJi5+MbVLGrZNzPRkIOafZH
ciy9v1Tb/2RtINwYMVfvhgKIjXDhxhvfOanql65GvR5GG8lBwBEFZ5+rmXT12qRsp97/o4eCfn7+
xat6/e+PR6we7h63qp69qKpnYzsEEwAAIFYs5okHLMci5Fj2YJnu/tgaWawhBlFPsKAfAIzl9fj0
xrdPqPrla7N2zqpnLkr+WwuPThBy+EJsLRsLBBwAAACIWy9/7bAkTbjT3GyGHOHCjYuv1emVW3UF
gFe+dljy+wMjJKRb4cbfn1D13tkLN0ZU/deY3VXGhBznXriqN74VuZv0M0XAAQAAgLgW65Bj+TsW
6u4/Wi0z4QaAaXjl60fkl7RkZ7G8bq9e//sTuvDq9ZjV5/aQ4/QvavTmP1fFrD4TIeAAAABA3ItV
yLH8nQt190cJNwDcmb1fPyKv26v6Uy26+Frswo0RIyGHM82ht35wJsa1CUbAAQAAgHlhtkOOFe9a
pLs+ulpmy8RraxBuAJiKSK7TGAkjIcdcRMARx9Lyk5W9KF3ODIfsTqtsiTaZLSZ5Bobk6RvSYN+Q
uup71FjdJq/bG+vqAgAARN1shRwrH16kbR8h3ACA2UTAESec6QlasClP+auylVWappRcpxzJ9im9
1+f1q7elX503e9RU3a7rxxrVcLYlyjUGAACIjWiHHCsfWaRt/y/hBgDMNgIOA0vLT1bF7hKVbMxT
5oLUkHM7wzFbTEpxJSrFlaiitbla974K9XcO6ubpFtXsu6Ga/XURrjkAAEBsRSvkWPXoYm398CrC
DQCIAQKOGBjocuvVp44F/bzjZnfY95ptFi1/qFSL7i6Sa2lmyA/PmXKmObTw7kItvLtQd7Wt0rWj
TTr7/GW1XGqPyvkAAABmW6RDjtW/tVhbPkS4AQCxQsARA163d9p7F5ttFlW+t1wr3lGmxExnlGo2
scRMp5bdv0AV95XoxskmHfn382p6u21W6wAAABANkQo51ry7XFs+NLx14kQINwAg+gg4DKCo0qXt
H1ujtMLkmNbDbDGpeL1LhWtydP7FazrwvVMsTgpA9mS7bAmWWFdjyvz+WNcAwFwz1ZAjlDXvKdeW
PyDcAIBYI+CY41Y9ulhbPrRSljtcXyMazFazVryzTLlL0vXC37yl3pb+WFcJQIwUrM7R/Z/drISU
qS1qPBcMDQzFugoA5qCphBzuXk/Qa+lFydryhytlMhFuAECszZ1vzQiy7MEybfvIqjkVboyVU56h
h57cKovdOHduAUSOEcMNSWpmLSEAIbz8tcO69NrEi6ubTKYJd6hzJNsJNwBgjpib35yh5JzE4Xmc
IT4w54rsRelhh20CiD9GDTc66np05UB9rKsBYA6bLOSYDsINAJh9BBxz1Kp3LZIjyRbrakzJkvtK
ZLYxigOYL4wabngGhrT/n07GuhoADGCmIQfhBgDEBgHHHJW7LDPWVZgyR5JNxZW5sa4GgFlg1HCj
p6lfL335sOpONMW6KgAM4k5DDsINAIgdFhmdo5xpjlhXYVoSs2Z361oAs89kMU8YbtQebVBP60CM
ajW5oUGvWq926eKr19n1CcC0Tbbw6EQINwAgtgg45qg5vvRGELPFYBUGMG1miyko3Dj3wlW98a3j
MaoRAETfVEMOwg0AiD2mqAAA7gjhBoD5Itx0FcINAJgbCDgAANNGuAFgvgkVchBuAMDcQcABAJgW
wg0A89XtIQfhBgDMLazBAQCYMsINAPPdyJocfolwAwDmGAKOOepnn35DZqtxFu4c6HLHugoAooxw
AwCGvUywAcBAfv3Fg7LYxk/e8Hp8MapNdBFwzFH9HXNzy0UA8xPhBgAAgDENdA7GugqzhjU4AACT
ItwAAACAERBwAABCItwAAACAURBwAAAmRLgBAAAAI2ENDgBAkOqXr6ulpj3W1QAAAACmjBEcAIAg
hBsAAAAwGgIOAAAAAABgeAQcAAAAAADA8Ag4AAAAAACA4RFwAAAAAAAAwyPgAAAAAAAAhkfAAQAA
AAAADI+AAwAAAAAAGB4BBwAAAAAAMDwCDgAAAAAAYHgEHAAAAAAAwPAIOAAAAAAAgOERcAAAAAAA
AMMj4AAAAAAAAIZHwAEAAAAAAAyPgAMAAAAAABgeAQcAAAAAADA8Ag4AAAAAAGB4BBwAAAAAAMDw
CDgAAAAAAIDhEXAAAAAAAADDI+AAAAAAAACGR8ABAAAAAAAMj4ADAAAAAAAYHgEHAAAAAAAwPAIO
AAAAAABgeAQcAAAAAADA8Ag4AAAAAACA4RFwAAAAAAAAwyPgAAAAAAAAhkfAAQAAAAAADI+AAwAA
AAAAGB4BBwAAAAAAMDwCDgAAAAAAYHgEHAAAAAAAwPAIOAAAAAAAgOERcAAAAAAAAMMj4AAAAAAA
AIZHwAEAAAAAAAyPgAMAAAAAABgeAQcAAAAAADA8Ag4AAAAAAGB4BBwAAAAAAMDwCDgAAAAAAIDh
EXAAAAAAAADDI+AAAAAAAACGR8ABAAAAAAAMj4ADAAAAAAAYHgEHAAAAAAAwPAIOAAAAAABgeAQc
AAAAAADA8Ag4AAAAAACA4RFwAAAAAAAAwyPgAAAAAAAAhkfAAQAAAAAADI+AAwAAAAAAGB4BBwAA
AAAAMDwCDgAAAAAAYHgEHAAAAAAAwPAIOAAAAAAAgOERcAAAAAAAAMMj4AAAAAAAAIZHwAEAAAAA
AAyPgAMAAAAAABgeAQcAAAAAADA8Ag4AAAAAAGB4BBwAAAAAAMDwCDgAAAAAAIDhEXAAAAAAAADD
I+AAAAAAAACGR8ABAAAAAAAMj4ADAAAAAAAYHgEHAAAAAAAwPAIOAAAAAABgeAQcAAAAAADA8Ag4
AAAAAACA4RFwAAAAAAAAwyPgAAAAAAAAhkfAAQAAAAAADM8a6wogdnY9vlFLdhVLkpprOvTMY3tj
XCMAAAAAAO4MAUeU3PXHa5WSkyBJarrQruM/qY5xjaYvxZWk3Z/ZqPTCZDWca9WLXzok35Av1tUC
AAAAACAIAUeUFK3NUUZxiiTJZDbFuDZ3ZsU7yuSqyJQkLdiUr/J7i1X98rUY1woAAAAAgGCswYGQ
PANDkz4HAAAAAGCuYAQHQjr18xqlFaQovShZN8+06PL+G7GuEgAAAAAAEyLgQEiePo/2PnUk1tUA
AAAAACAspqgAAAAAAADDYwRHDJltFlmswwuQeof88nm8gdfylmcpszRNjmSbBrrcunm6RR03uqd9
jsI1ucooSZHVblF/+6DqqprU29o/tfpZzbLYRjMwT//U1uBIynYqf3m2nBkOWaxm9bcP6sbpZvU0
9027/pmlaXItzZQj2Sa/16/etgHdqGpWf8dA+PqH+P1mlaXLtTxTjkSrGqvbVX+qedr1AgAAAADM
LQQcMXTPxytVsbtEknTlwA29+KVDWvpAmSrfU660wuTxB/ul+rMtOvDd02q51B627BXvWqTK9yxR
cq5z3M99Qz7dONmkQ//7fNgyyncUa+fj6wPP//W9v5g05Che59L6312q3CUZMlvHDw7y+/xqON+m
4z95W7XHGsOee81/K9eyB8qUXpQc9JpvyKf60806/G/n1fR2W8gyxv5+b1Q1a+9TR3XPY5UqXucK
7Gxz41QzAQcAAAAAxAECjjnCardoxyfWafmDpRMfYJIKVmbr4S/dpV/+1ZtquRg65LjnsXVa9sDE
5ZitZhVvyFNORaY6aqc/IiSU9b+7VOt/d5nMlom3xDWZTcpfkaUHn9yqI0+f08mfXpjwOJvTqgc+
t0VFlbkhz2W2mlVU6VLe8mzt+8cqVb90NWz9rA6LHvrrbcpemDb+BX/YtwIAAAAADICAY47IW5Gt
Yufw/4722m41nGvVYLdbSdmJKlqbLWd6giTJkWzX1g+t1C//ct+E5az/3aXjwo2hQa9unGxSR12P
ZDYpvTBJhWtylZBiV97yrIjUffk7FmrDf18mk2k43Bjoduva4Qa1X+uS3+9XRkmqSrfmKyHZLovV
rM0fXKH+jkFVv3wtqKw9T2waF2601HSo9niTupv6ZLWblVuRqbKtBbLYzLI6LNr+sTVqrelQy+WO
SevoqsiUbmUvXrdXfW2D8g75NNA1GJHfAQAAAAAgtgg45gib0yrfkE9HfnxeJ/5P9bjXEjMTtOeJ
zcpfMRxIFKzKVmpesroaesYdl1GcqrXvWRJ43t3Yp9985ZCaL7QHHbf7iY3KKr1tNMMdSMpyauPv
j4Yb7bXd+tUXDqi7sXfccan/kawHn9yizAWpMplN2vSB5bp8oF6ePk/gmPJ7S1SyIS/w/OiPz+vo
vwdPpSndUqA9T2wKhByr310efrcXk+Tz+nX6Z5dU9bOL6msLv4YHAAAAAMA42EVlDjn89LmgcEOS
+toGdOiHZwLPTSaTCtbkBB23/J0LZbs1CsTv8+vVbxwLCjckqb22Sy988a0pLdQZzqpHFsmZ5pAk
ufuH9NKXDweFG5LU1dCjV752VEODwwt9JmU5VX5v8bhjyrbmBx43X+qYMNyQpKtv1eva4ZuB566K
zCnV9fCPzurg908TbgAAAABAHCLgmCM66npCrkshaXjKSo878Dwp0xF0TOnG0dEPN6omXzyzu7FX
tcdnvrhm2bbCwOMrB+vVdq0z5LGtVzp08/ToOW+fInPuhat69aljevWpYzr4vdOTnrf50uiUlIR0
e9h6dtb36uQzoX+/AAAAAABjY4rKHOEZDL8Fq6ffK8etTUXsTtu415JzEpXiSgw8vzpmhEO0pOYl
Ky0/KfD82qHw57zwap36OoaDmrar48OQuhPhd1cZMTTm92W1hc/p3P2esMcAAAAAAIyLgMNA/L4x
W36Yx+9WklOeEVhEU5LqT7VEvT6upaMLd8ov1Z0MPyLk4mvXdfG161Mq35FiV3GlS5kLUuRIccjq
tMh064S3b38LAAAAAJjfCDjiRELq6DQNv88fNDoiKudMGz2nZ2BI7jFTaGYityJT699XocK1ubI6
LBEpEwAAAAAQ3wg44oQtYTQI8Hp8s3POMeHDkMcbkTJXPrxIWz+8SpYx0068Qz71tQ7I0z8kv394
FIs90TZuSg4AAAAAYH4j4IgTnsHRUMNsnZ21Yz2Do6GG1TbzkRbF613a9pHVMluGp6G0XunUqWcv
6dK+Onnd4wOUVY8u0l0fXTPjcwIAAAAA4gMBR5wY6Bzd+tRsMSlzQdqkO5pE5pyjU1JsCVY5Uuwa
7L7zaSpr37skEG40X2zXzz79RlCwAQAAAADARNgmNk40XWgPTN+QpPyV2VE/Z8P5VmnklCapaE1u
2PeYrWbZnFbZnFaZbxv14arIDDx++6XrhBsAAAAAgCkj4IgTvS396qrvDTwv3eQK+x6TKewhk+pu
7FVnfU/gecmmvLDvueexdfrwTx/Rh3/6iPZ8emPg50nZznELioZbsNRqZ/FRAAAAAMAoAo44cvXQ
zcDjwkqX8leEHsWRUZw6pUAinCsH6wOPy7blK6M4NeSxCWkOFVeOjvJovtQeeDzQ5R43AiV3WVbI
clJcSVrxzkV3WmUAAAAAQBwi4IgjZ567rMFbIx/MFpN2/cUG5SzJCDouZ0mGHnxyqxxJthmf89TP
L6m/Y3j9D7vTpt1PbFRaQUrQcck5iXrgc1uUmJkgServHNT5F68FXve6vWq/1h14vuz+BSrbVhBU
Ttm2Aj361R1KznEGfjZbi6oCAAAAAOYuFhmNI92NvTr+k2pt/fAqSVJKXqIe/coO3TzdrI76XpnM
JqUXJatgZXbEQoG+tgEdfvq8dnx8rUwmk7JK0/Tev9+p60cb1HWzV56BIaUXp2rBRpccyXZJks/r
11vfOxMIRkac/dUVbf+T4Z1RrA6L7v/sZjVVt6u7sU8Wm1lpRcnKLAkeIWIym5RWkKLO+u6g1wAA
AAAA8wMBR5yp+q+LSs5J1KpHhqdwWB0WFW/IU/Ftx/V3DeraoQYt3bNgxuc8/8IVOdMd2vB7y2S2
mGRzWrVoe9GEx3r6h3Tw+2dULl8twwAAIABJREFUvfda0Gtnn69R9uJ0Lbt/uE4mk0mupZlyLc0M
KuPMc5dV+dtLAj/LXZJBwAEAAAAA8xhj++PQm/9cpdf+/oQ6xyw6OsLr8enaoZv6xaf3qeli+wTv
vjPH/+Nt/eoLb+rmmRZ5Pb6Q5/35X+7TuV9dDlnO6988pgPfPaWe5v4Jy6g92qCff/oNHf3383L3
ewKvFa0Lv4MLAAAAACB+mT63+B/84Q8zprT8xFhXIeYKVuUovSRFVptZ/e2DqqtqDpoaEmmJmQnK
X54tZ6ZDZrNJfW2Dqj3RqMHuyXdGuV3+imxllqXJah+ue/2ZFvU090Wp1kBonTdn9++OtgtAJMxm
20W7BSAS6HNhppiiEufqTzer/nTzrJ6zr21ANfvrZlzOzbMtunm2JQI1AgAAAADEO6aoAAAAAAAA
wyPgAAAAAAAAhkfAAQAAAAAADI+AAwAAAAAAGB4BBwAAAAAAMDwCDgAAAAAAYHgEHAAAAAAAwPAI
OAAAAAAAgOERcAAAAAAAAMMj4AAAAAAAAIZHwAEAAAAAAAyPgAMAAAAAABgeAQcAAAAAADA8a6wr
AADAndj1+EYt2VUsSWqu6dAzj+2NcY0AAAAQSwQcCCvFlaTdn9mo9MJkNZxr1YtfOiTfkC/W1QIw
S5bsLFHJxjxlLUxTQrJN1gSrhgaG1N/lVsvlTl1766Zq9tfFupoA5iGb06r7Prkh5Otej0+DPR71
tQ/oxslm3TzbMou1m9/oPwLB0gtTtOVDKyJWXuuVLh35t3MRKy8eEHAgrBXvKJOrIlOStGBTvsrv
LVb1y9diXCsA0bZgc742f2CFMktTg16zOa1yZiQoc0Gqluws1tqL5Xr92yfVcqk9BjUFMF9Z7BaV
bimY0rEbfm+Zelv7Vf3ydZ34z2p5+oeiXLv5jf4jEMyRaptymzUVNqctYmXFCwIOhOUZGJr0OYD4
s+Jdi7TtI6tksY5Zqskvufs98vQNyeq0ypE0+qGaU56hh790l176yhHVnWiMQY0BILykLKfWva9C
S3aVaO/fHVX9qeZYVyluTbX/uHhHsZbev0CS5O716DdfPhT1ugGIXwQcCOvUz2uUVpCi9KJk3TzT
osv7b8S6SgCiqOK+Bbrro6tltpgkDXdKz79wVdUvX1frlY7AcdmLM7T8oTIt3bNAZotJjmS7dv3F
Oj37yTfU3dgbq+oDmMfOPn9F1481BJ5bbRY5MxzKXJCqglU5Si9KliQl5zj10JNb9fq3TujS67Wx
qm5cm2r/MTU/UUWVuZKk/q7B2awiMOvaa3v06y8enPSY+z61QfZbIzOq916f9LtXfyfXzO0IOBCW
p8+jvU8diXU1AMyCFFeStnx4ZSDc6O8Y0K+/+JaaqtuCjm251K43vtWu5ovtuufjlZJJSsx0atP7
l+uVr9NmAJh9va19unboZsjXVz6ySJvev1z2RJtsTqt2fHytOup71HKR6XWRRv8RCObucU/aRkmS
3+sPPO5vGwh7PMZjm1gAQMCG31smZ5pDkuT3+bX3745NGG6Mdf6FK7p8YPTuwsLthUpxJUW1ngBw
J878okYv/s0hufs8kiR7ok07/3RdjGsFAIgURnDMkszSNLmWZsqRbJPf61dv24BuVDWrv2Mg7HvN
Noss1uG7qd4hv3we7/DPrWYVrc1VakGSrDaLelsHVH+6Wb2t/ROWk5qXLFdFhpKynfIO+dTd0Kvr
x5sC5YU8v9Usi200C5vqolxFlblKL0qR1W4ZXr38VLN6W0brZnMO//n5vH553ZPXQRpeSKx4nUvJ
uU5Z7Rb1dwyqpaZz3JD56bDYLcO/v/xE2RxWDfYNqf1al+pPMx8X85Mjxa6ybfmB51cO1qv22NTW
0zj5Xxe18K5CSZLFalb5zmId/4+3J31PpK/pEWarWSXrXUrJS5TZalZfy4BqTzZpIMwwzlBtbVZZ
ulzLM+VItKqxuj3knP1otPNTPTeAqbtR1aSjPz6vbR9ZLUnKKktTxX0LVP3K1BbAtCXaVLLOpRRX
onxen/rbB3XjdLP62ia/1sdd5x5fYEcRs82iBRtcSs5NlNliUm/rgGqPN2qw2z3tf9tc6itN1n+0
2C2BkYIymca9b6R/KI3/PYVC2wvMzT6MJOUtz1JmaZocyTYNdLl183SLOm50T+vfNt12iIAjytb8
t3Ite6AsMOdzLN+QT/Wnm3X4386r6e3Qd0jve3y9Fm0vkiRder1Or3/7hDb83jJV7C5RQop93LFe
t1fXjzVq/z9VBcKE3IpMbfrAchWszJbZOn7QzmCPW2+/dF2Hfngm5AdI+Y5i7Xx8feD5v773F5OG
HKseXaw17y5Xco5zfN2GfKqvatbB759Rdlmadt3a1q31Sqf+8+OvhCwvNS9Zmz64XCUbXLIn3rZS
sF/quNGj07+s0dnnakKWMVZiZoI2/8FKlW3LD8xvG6u/Y0AXXqnVoafPhQ1/gHiyaEfRuGvs/G+m
vtp909tt6rrZq9T84ZEbuUsyQh4b6Wt6hM1p1Yb/vlxL95TIkTy+bRwa9Ora4Zs68L3T44LWse75
eKUqdpdIkm5UNWvvU0d1z2OVKl7nksk8/MF941RzUOcgEu38nZ4bwJ059bNLWv7QwsB1u+yh0rAB
R4orSRt+f5nKthbI7hzfhfZ6fLp5rkWHfnhWzRcmnu5y72PrtGRXsSTp3AtX9dYPzmjT+5erfGfx
uEWbpeE26+pbN3XwX0+HvHE11lzsK03Wf/zdf7k/qJ8oSc5Uhz7800cCz6uevaSD3zs1Yfm0vcCo
udKHuXLghl780iEtfaBMle8pV1rhbeX6pfqzLTrw3dNhd96703aIgCNKbE6rHvjclsCiSRMxW80q
qnQpb3m29v1jlapfuhq23IRUux79ynZlL0qf8HWL3aKyrQXKXpiuZz/5morX5+nuP1o9Lg0fy5Fs
15p3L1ZmSYqef/LNKf3bJrPz8Q2q2FUycd2sZhWvdymnIkOXXqubUnmlWwq08y/WB33wB5ik9KJk
bf/YGpVudOmFLx2adDRI9qIMPfj5LRN+qI5wpidozXvKVbAmR7/6woEpJZdAPBjZzk8a/tCoPdow
ydHBLr5Wq+xFaZKkroa+CY+J9DU9wmwx6Z3/827lLcuc8HWrw6JF24vkWpql5z//ptpruyYtz+qw
6KG/3qbshWnjXxidFhu1dn4q5wYwc5cP3NC636mQJOUsSpfNaQ15A6d4vUu7/mK9nOkJE75usZlV
tCZXeV/J0itfP6orByZfkD0p06FHv7JdWWVpE75udVi0+J4iuZZm6rnP7VfnzZ6QZc23vhJtLzC5
mPZh7Bbt+MQ6LX+wdOIDTFLBymw9/KW79Mu/ejPk+kczaYcIOKJkzxObxv3BtNR0qPZ4k7qb+mS1
m5VbkamyrQWy2MyyOiza/rE1aq3pUMvlyYcQjpQ5NOhV/almtdf1SH6/UvOSVLQuV7aE4f+lKa5E
7Xlis3IWp8vqsGiwx63ao03qauqVzWlTRlGyClbnBIYHFq93adWji3T659O7YzrWxt9fPi7cGBr0
6sbJJnXU9Uhmk9IKklS0NlcJyXatfOfCsOUVVebqvk9tCPybvB6f6o43quliu4YGvErOTVTJ+jyl
FQ7fMS7ekKcHP79Fz39+4qDGYrdoz2c2Bi4U35BP1440qPliuzwDQ0rOTFTJ5jxlFKdIknIWp+u+
T67Xc3818+AHMIKRv31Jw9ftNB35t3OTvh7pa3qsrNLRD/GmC+1qudypga5BJWYkqHB1jlJciZKG
d07Y/cRG/ef/CD1qTLoV9twaNe11e9XXNijvkE8DY1b4j1Y7P5VzA5i5m6dbpFsBh8VuUcn6PNXs
D74B41qWpT1PbAqMjPAMDOnaWw1qudwhk1lKL0lV2ZZ82RNtsjos2vnn69R+rWvSYdgLNg1PB/R5
/bp5pkVt17rkdQ+3g0XrhvtK0nB/bvdnNuqZP3t1wnKM2le68Mo12W/9GzOKU1S4JkfScN/x7ZdG
R9I0nGsJei9tLzC5WPZh8lZkq/jWjfX22m41nGvVYLdbSdmJKlqbHQiJHcl2bf3QSv3yL/cFlTHT
doiAIwrK7y1RyYa8wPOjPz6vo/9+Pui40i0F2vPEpsAfzup3l09ptemOuh795suH1Ha1c9zP0wtT
dP9nNyuzNFWSlL8iS5LUerVTv/7rg+ppHn9HtWBVju7/q82BD9Hye0vuOOBIL0zR6t9aHHje3din
33zlUNAwzfTCFO357KZxX0YmYnNatf1jawMf2P0dA3rpq0eChlUdtJ7Wjo9Xaume4f3Ti9e5tO53
KnT8/1QHlbny4YWjw6T80uvfPhmURB56+qx2f2qjFt49vJZAUaVLCzbl69phVi9G/Bs7rLmvPbJ3
46JxTd9uaNCrff9wUtUvjx9mbrZZtOvP12vxPcNT/bJK01T520t04j8vhC7MNPzF4/TPLqnqZxeD
5tZHtZ0Pc24AkXHjdIv8Pn9g+HZqQfDiyGarWff+6bpA+9jd0KcX/9chtdSM799Ulabp4b+5S86M
BNkTbdr0weX6zf86NOn5e5r7tffvjga1gymuJO3+zMbAqLqc8gytenSxTv/80rjjjNxXOvz0aCC+
7n0VgYDDMzik/f94MuT7aHuBKYhhH8bmtMo35NORH5/XidvamMTMBO15YnPgO2rBqmyl5iWrq2H8
TbWZtkPsohIFZVtHF+lrvtQx4R+MJF19q37ch8HY4eGhDA169fLXjgSFG5LUcaNbb/3gzLifeQaG
9Oo3jgeFG5JUf7pZ1S9dDzzPXJAatEbHVK1418LANBi/z69Xv3FswjmoHTe6h4cQhfnytPLhReP+
sN/49skJ5z/6hnx67RvHVH96NOFf9eiiCafk5C/PCjxuvtQ+4TAr35BPr37z+LihliUb84KOA+KR
PdESeOzuj+z6M9G4pm+3/59PBYUbkuTzeLX3/zs2blRKeYipdGMd/tFZHfz+6Qk7udFs58OdG0Bk
+DxeeQZGp6QkJNmDjln96OLAXUKvx6eXv344KNyQpLarnTr57MXA8wUb85SUHXpo9Uh/bqJ2sLux
Vy9/9Yj6x9xtrbgvuM2aj30l2l5gamLah3n6XFC4IUl9bQM69MPR76omk0kFt8LNsWbaDhFwRMG5
F67q1aeO6dWnjung905PemzzpdFhPgnpwR+st2u71jXpgizXjzbIPWb+aOP51kn3dm98uzXw2Oqw
KCkr9IfxZErWj36w3aiafDGm3pZ+XT0y+c4M5fcWBx7XVTXpysH6SY8//PS5wLwyZ3qClt5fGnSM
1TH65W1oMPSXN0+fR2efv6KafXWq2Venzmmu9AsYlWlMwOn3Tr5q/XRF45oeq+1al95+8UrI130e
r87/ZvT1zJJUZS8OvRBqZ32vTj4TeoRHNNv5cOcGEDlDA6P9AVty8BoW5TtH267rR26q8XzohfbO
/PJyIJSw2C1afGuB+Im013Wr4Wzw9IsR3Y29uvBKbeB59sJ0ZRSnjq/bPOwr0fYC4cWyD9NR16OT
Pw197oZzrRrsGd0hKinTEXTMTNshpqhEQd2JqW2rKElDg6NhhNUWmbzJ0+cJrO7dUhM80mOsgc7x
W5AlpNnV3dg7rfM50xOUmp8YeH7tyBQWJvSHXrEpKdupjJLRtQBq9k2+UJckNZxtUeu1zsDUl4KV
2UFDOTvqe1VUOfw4d2mmFu8o1qU3am8vSpJCJpkApi9a1/RY3jDbCErDu1Bt/uDKwNpDecszQwbG
7n7PpGVFs50Pd24AkRS6P5KckxiY9itJVw9N3r/xur1qu9qlwtXDdyRDLQg/VRf3Xtead9+a/muS
8lZkBRZInq99JdpeILxY9mE8g6F32gwc0++V49bgs4l2R5lpO0TAMQscKXYVV7qUuSBFjhSHrE6L
TLdWfknOvbMRE5Px+8Y+nnzp59tfD+xJPg05i9MD81cl6ebZ1kmODq9gRbZMI3ui+6XaY1O7CFtq
Rj+0M0pSg15/+4WrqthVIpvTKovVrPs+tUHLHirV9SMNun6kMeyuCsC8Ypp+WxBKtK7p6ept6Vdf
60Cg3U0rSAnzjqmb7XYeQGSYbaN3Cm/fWcRVkTnadkmyJ1lVsWvBpOWNHf2WNMnq/1PRcrlD/Z2D
cqYN3+FMH7PdIn2lYbS9wMzN/nfVMd8/zcH9zZm2QwQcUZRbkan176tQ4drccUNt4k1C6pjhSn5N
uD7ItMpLHx2q5B7wTLh+yER6xxznSAlOA1sud+j1b53Q9j9ZI0eyXSazSYWrc1S4OkdbP7RK3Y19
aqxu05UD9ROuog7Eu6F+r3SrvxvJNita1/Sd6O8aDHxY25Nm/hE4X9p5IF6NLNApadywaUlKzBo/
dPquj66ZXtlTWDsonP6O0YDDNmYh6PneV6LtBWZurl5HM22HCDiiZOXDi7T1w6tkGTOUxzvkU1/r
gDz9Q/LfmqJhT7QFti80KuuYD3DvkE++KQwVn8zYDoHXPfWyxi4UZrVPfJFeer1WjW+3qfJ3KrTw
7oLADjIySSl5iUrJS9Tie4q0qX6FTj5zQedfCD2nH4g3Y4c0JkQoUJCie01P19g7tLYZljmf2nkg
HmUvzhh3/fZ3jA84rI6ZdZMtd7hw+1hj55/bxnwBmc99JdpeYObm+nU0k3aIgCMKite7tO0jqwPT
PVqvdOrUs5d0aV9d0PDHVY8umvYdgbnGO2a3BYvVLLPVPKOQwzNmkVTLNNYlGXsXZmiS+V/djb16
41vHtf+fqrTorkIVrMlRzqI0ZZSkBs6XVpCkez5RKdfSTL32jWN38K8AjKevpT8wdDk1LznM0cEy
ilMDI7o8bm9ggeNoX9PTYRnzBcHjvvOdYuZbOw/Eo8JV2aNP/ApaIH1sX8br8enUmF1SpqI3Attt
j72r6hkTdszXvhJtLzBzRrmO7rQdIuCIgrXvXRL4g2m+2K6fffqNoD+WeNI3ZhszmaTMBWkTbqE2
VQMdo+XZnTYlZTvV29If9n1J2aPp4mBP+C9DPo9XF1+7rouvDW+Vm5DmUMWuEq16dLGSb82bXbpn
gRrOt026OwMQL5ovdaj41r7oqflJSstPVufNnjDvGrXzL9Yrd8nwziT1Z1r0i8+8IWn2rumpcKaO
Gdbde+dlzrd2HohHpVsLAo+7m/qC5nUPdI2O6LBYzTrxzEW5b5vGEm3OtNFpwJ7e0VF287WvRNsL
zJzRrqPptkNsExsFY/cIfvul63P6DyYSmqrb5POOLhaTt2JqeySHUn+2JTAsSiapZMPU9lbPXpQW
eHwni2ANdA6q6tmL+sUT+8btPb94R+G0ywKM6PqxxsCGAmaLSeW7iid/wxgJaQ5lLhhdsK79+uiW
gbG6pm+X4kpSUlZC4HlH7Z1vazjf2nkg3hSvcylv+eh1fOWtm0HHtF4Z0+6YpNKNU2u7IiWzNE3O
9NE2q6029u1qrPtKtL3AzBn9OgrXDhFwRFhStnPccMJwSX+k5pXH0mC3W531o3d5Szflh32P2RL6
T6+3pV/t10Y/xBfdHf5D07UsKzC0XpJunhm/t/ySXSX64I/foQ/++B36wNMPyTLJ772roUd1x5oC
z5OyWIUb80PDuVY1XRwdfbV0T+mk18pYyx8sHdf2XTkwumVhNK7p202lLS2/t2h0x6cJhqNP1Xxs
54F44kix664/WhPYhcTd71HVMxeCjmupaR83KqL83qJZq6MkVewsCTz2+/y6eXq0HZyPfSXaXmDm
5vp1FIl2iIAjwga63KOJuqTcZVkhj01xJWnFOxfNRrWi7tqh0TsfhWtyVHBrD/iJpBWkqHTL5Hca
Lrx6fbS8tTkq3Tx5aLLpA8t1azcj9XcO6vyLV8e93lHfI2d6gpzpCUrMdGrx3ZN3UsZuezt2nisQ
7878siYwiiM5x6kd/6My7HtSXEla9choW9ZS06G6E03jjon0NX27jOIUrXp0ccjXbU6rlt1fFnje
fKn9jkeFzNd2HogHyTmJetf/vEvpRaPrDB3/j2r1tk48vaPmzfrA46L1Li3ePnn/wZmeoHf9zd1a
EOZmT1pBsrLLM0K+npiZoCW7R0fRNVa3q6th/JTBeOkr+YZG21PzBFtGjqDtBWZurl9HkWiHCDgi
zOv2jkvUl92/QGXbCoKOK9tWoEe/uiMwb0iSzBFYbTtWzjx3WQO3EkCT2aSdf7ZeuRXBU1WyF2Xo
oS9slSPZHvTaWKd/UaOOuuEPcpPJpHseq1Thmtyg48w2i+79s/UqHBOonP75paAP2qa329RS0xF4
vvEDy5W3fOILunhDnhZsGg1gxt7RBuLdhb3XdXnM6IuK+0q08/EN47YnHCu7PEMPPbk1MIza5/Xr
yI/PBx0X6Wt6Ilv+cKVWPhL8QWxLtGn3pzcqJW907vm5F6+FLS+U+drOA0aWW5GprR9epd/+zn3K
GRMsXHq9Tid/Gjx6Y0TVMxfU3zG8WKjJZNKOxyq1KESHO3txht71pbtUVJmr+z+7WeX3lkx4nCTZ
nVbd/5lNyl0a3Fdypido92c2jZueMtFOJfHSVxocs7aII8murLL0CY+j7QVmbq5fR5Foh1hkNArO
/uqKtv/J8GqzVodF9392s5qq29Xd2CeLzay0omRllqQGvc9kNimtIEWd9Xc+LzxWepr7dPz/f1vb
PrJakpTiStQjX96um6eb1VHfK5PZpPTCZOWvyp7Stmlet1dvfOeEHnpyq2xOq5zpCXrHF7ep/lSz
Wi51yNM/pKTsRBWvdyl1zJeWuhNNOv6T6gnLfOsHZ/Xg57fI6rAoOcepR7+6Q41vt6npQrsGOgfl
SHUoe2GaClZlB9LAwR63Tj97KQK/IcA43vjOSSXnJA4vGGqSKnaVqGxLvupPt6i7qV8+t1f2FLsy
S1KUU54RWKhKkk7+9MK4EV0jonFNj+Xz+mWxmXX3H63R8gfK1FzToYHOQSVmJKhwTY4SM0e/KNw8
06Lzv748o9/RfGznASNY8Y6FWnzP6MgHq90ie4ptdIvBEX7p7K+vaN93TkxaXm9rv/b/4ynd96kN
MlvNsifatOeJTVpxdqEazrVqoHNQCakOZS9KU+Ga3MDK/t2Nfao72TRp2an5SXr0y9t1o6pZrVc6
5RkYUkpeshZscI1rs25UNav65eBQNl76Sg1nW4dHDpqG/3vnF7fq2tEm+YZ8aq/t0plf1ASOpe0F
Zm6uX0czbYcIOKLg7PM1yl6crmX3L5A0nKq7lmbKdVtK7+kf0pnnLqvyt5cEfpa7JMOwje+pn10a
N1Td6rCoeEOebl+msL9rUG1XulS4JvQ0Fml4fvzLf3tEOx9fr4RkuyxWs4rXuVS8zjXh8bXHGvWb
Lx8KWV7diUbt+4eTuvuP18jmtMpkNilveVbIVHCwx629Tx2b1i4SQDwY6BzUc59/U3s+tSGwq4o9
0Tbp8GffkE/Hf1Kto/8ePHpjRKSv6bGuHapXQqpD+SuzlVmaqszS4A9mSeqo69HLXzsypTInM1/b
eWCuS8p2Kil78vUg2q516eRPL+jC3uuTHjeiZn+dzBaTtn9irexOm2SSClZmq2Bl9oTHN11o1yt/
eyQw8mMinfW98vv8Si9KVsnGPJWEWMC0vbZbe586GrKceOgrtdd2qe5kk4oqh0efJGY6A21r9Svj
/x/R9gIzN9evo5m2QwQcUfL6N4+p/VqnVv9W+bihPdLwXur1VU069KNzaq/r1op3lQ1/YEoqWpcb
2ALHiN785yq1XetS5XuXKDU/adxrXo9PdScadehH57TqkUWBgMPv809UlCTp2uGbeuaxV7Xp/ctV
stEVPLXFL7XXdevMc5d19rmaiQsZo/rla2qv7da691WoaG3uuEV2Rrj7Pbp+uFFHnj5HuIF5y93j
1vNfOKDye0u04l0LlVOePuHoq8Eet25UNavq2YtqPN8WttxIX9Mj+rs8eulvj2rT7y9TxZ4FcqY5
xr3u6R/S5YP1OvAvpzTYHZltHudrOw8YidftlbvPo/4Ot5outqvuWKMu7aubdjkXX69V86UObfi9
ZSre6JIjKXjaXn/HgC68UqtDT5+TzzP5rgTufo9+9eQBbXz/ci3eUSj7bdMA3f1DunKgXge+G77N
ioe+0qvfOKadf75eRWtyA+uESBr/+BbaXmDm5vp1NJN2yPS5xf8Q+tulwaXlJ4Y/aBbkr8hWZlma
rHaz+tsHVX+mRT3NfbGuVtQVrMpRekmKbHaL+toHVXeyKXA3Y/enN2nxPcNzWOvPtOgXn3kjbHlm
m0VFa3KU7EqUzWHRQIdbzZc71Ha1847qZ7FbVFSZq+ScRNkSLPIMeNV5o0f1Z1rCdkwwv3TenN3r
da60XWMlZTnlWpapxMwEWaxmDfZ41HWzV/Wn72wnEiny1/RYxetdSs1PlsVqUm/LgGpPNoVdKXwm
5ms7j7ltNtuuudhuRYvZalbh2lyl5CbKnmiVp9+r9utdYdvDXY9v1JJb228313Tomcf2Dpdns6hk
Xa6SXYkym4fbrOvHG+Xp80xW3MR1M3hfKbdi+C7y8O+hX3WnmjXQORjyeNre+EOfa/bN9etouu0Q
AQdi4j3f3KWcxcOLSF16o04vf/VwjGsEhMaHLQAjIuCYW0IFHABG0efCTLGkMCImKcupbR9dE/a4
vBXZyl44ug97w/nWaFYLAAAAADAPsAYHIsLmtOr+z22WqyJTGYVJev3bJycc2pRRnKqdf7o+sOJt
f8eALuytne3qAgAAAADiDAEHIiKzNFVZpcOjMoo35Om939qla4ca1HC+Vf3tA3KkOpS/IksL7yoY
XUjLLx37SXVU58UDAAAAAOYHAg5EROP5Nr32zePa8fG1sifalJBiV8XuElXsLpnweJ/Xr5P/WT1u
b3MAAAAAAO4UAQci5tLrtWq93KnK91WoeH2unKmOCY9rutCu4z+p1tW36me5hgAAAACAeEXAgYhq
r+3S3q8fkSQVr3MpZ0lNNj6+AAAFIElEQVSGEjMS5PX41Nfar7qTzWq90hHjWgIAAMyuC3uvq/lS
mySpv53puQAQDQQciJra442qPd4Y62oAAADEXN2JRtWdoF8EANHENrEAAAAAAMDwCDgAAAAAAIDh
EXAAAAAAAADDI+AAAAAAAACGR8ABAAAAAAAMj4ADAAAAAAAYHgEHAAAAAAAwPAIOAAAAAABgeAQc
AAAAAADA8Ag4AAAAAACA4RFwAAAAAAAAwyPgAAAAAAAAhkfAAQAAAAAADI+AAwAAAAAAGB4BBwAA
AAAAMDwCDgAAAAAAYHgEHAAAAAAAwPAIOAAAAAAAgOERcAAAAAAAAMMj4AAAAAAAAIYX1wGH3+eP
dRUAAABmHX0gAEYTi3aLtjL+xHXA4fXwBwtgZobcvnlxTgDxZbb7QLRbAGYqFt/d+L4Yf+I74ODD
FsAMeQdnvx2JxTkBxJfZ7gPRbgGYqVh8d+P7YvyJ64DD4/bK7+OPFsCd8Xn98ri9s35ej9srn5c7
CgDujN/nm/W2i3YLwEzEot2S+L4Yj+I64PC6vRrsnf0LBUB8cPcNyRuDD1uv2yt339CsnxdAfBjs
9c5620W7BWAmYtFuSXxfjEdxHXBIw19Q3PzRApgmd69Xnv7YddY9/bRdAKbP3Ru7oIF2C8CdiGW7
JfF9Md5YY12BaPP7/Broccvns8qRZJHJHPeZDoAZ8Pv8Guwd0mCvR4rhaGuf16/+7kH5fDY5kqwy
mU2xqwyAOc/v82nw1peEWO0KQLsFYDrmQrs1XA++L8aTuA84pFtfWHo8GnL7ZLNbZLGbZbGZ+OAF
IGm4U+7z+uUdHJ7/GYshkhPya3zb5TDLbDHJbKHtAjDcv/F6/PK651DbRbsFYBJzst0S3xfjybwI
OEZ459BFBABTFWi7emJdEwCYGtotAEbE90XjY/wNAAAAAAAwPAIOAAAAAABgeAQcAAAAAADA8Ag4
AAAAAACA4RFwAAAAAAAAwyPgAAAAAAAAhkfAAQAAAAAADI+AAwAAAAAAGB4BBwAAAAAAMDwCDgAA
AAAAYHgEHAAAAAAAwPAIOAAAAAAAgOERcAAAAAAAAMMj4AAAAAAAAIZHwAEAAAAAAAyPgAMAAAAA
ABgeAQcAAAAAADA8Ag4AAAAAAGB4BBwAAAAAAMDwCDgAAAAAAIDhEXAAAAAAAADDI+AAAAAAAACG
R8ABAAAAAAAMj4ADAAAAAAAYHgEHAAAAAAAwPAIOAAAAAABgeAQcAAAAAADA8Ag4AAAAAACA4RFw
AAAAAAAAwyPgAAAAAAAAhkfAAQAAAAAADI+AAwAAAAAAGB4BBwAAAAAAMDwCDgAAAAAAYHgEHAAA
AAAAwPAIOAAAAAAAgOERcAAAAAAAAMMj4AAAAAAAAIZHwAEAAAAAAAyPgAMAAAAAABgeAQcAAAAA
ADA8Ag4AAAAAAGB4BBwAAAAAAMDwCDgAAAAAAIDhEXAAAAAAAADDI+AAAAAAAACGR8ABAAAAAAAM
j4ADAAAAAAAYHgEHAAAAAAAwPAIOAAAAAABgeAQcAAAAAADA8Ag4AAAAAACA4RFwAAAAAAAAwyPg
AAAAAAAAhkfAAQAAAAAADI+AAwAAAAAAGB4BBwAAAAAAMDwCDgAAAAAAYHgEHAAAAAAAwPAIOAAA
AAAAgOERcAAAAAAAAMMj4AAAAAAAAIZHwAEAAAAAAAyPgAMAAAAAABgeAQcAAAAAADA8Ag4AAAAA
AGB4BBwAAAAAAMDwCDgAAAAAAIDh/V/Qn2+fym4fMQAAAABJRU5ErkJggg==
" width="800px"&gt;</msg>
<status status="PASS" starttime="20240415 17:24:24.766" endtime="20240415 17:24:25.625"/>
</kw>
<kw name="Close Application" library="AppiumLibrary">
<doc>Closes the current application and also close webdriver session.</doc>
<status status="PASS" starttime="20240415 17:24:25.625" endtime="20240415 17:24:26.187"/>
</kw>
<status status="PASS" starttime="20240415 17:24:24.766" endtime="20240415 17:24:26.187"/>
</kw>
<tag>tela</tag>
<status status="PASS" starttime="20240415 17:24:01.315" endtime="20240415 17:24:26.188"/>
</test>
<status status="PASS" starttime="20240415 17:24:00.974" endtime="20240415 17:24:26.189"/>
</suite>
<statistics>
<total>
<stat pass="1" fail="0" skip="0">All Tests</stat>
</total>
<tag>
<stat pass="1" fail="0" skip="0">tela</stat>
</tag>
<suite>
<stat pass="1" fail="0" skip="0" id="s1" name="Suite Testes">Suite Testes</stat>
</suite>
</statistics>
<errors>
</errors>
</robot>
